[19:16:02.505] Log Level: 2
[19:16:02.513] SSH Resolver called for "ssh-remote+10.21.30.105", attempt 1
[19:16:02.513] "remote.SSH.useLocalServer": true
[19:16:02.514] "remote.SSH.path": undefined
[19:16:02.514] "remote.SSH.configFile": undefined
[19:16:02.514] "remote.SSH.useFlock": true
[19:16:02.514] "remote.SSH.lockfilesInTmp": false
[19:16:02.514] "remote.SSH.localServerDownload": auto
[19:16:02.514] "remote.SSH.remoteServerListenOnSocket": false
[19:16:02.515] "remote.SSH.showLoginTerminal": false
[19:16:02.515] "remote.SSH.defaultExtensions": []
[19:16:02.515] "remote.SSH.loglevel": 2
[19:16:02.515] "remote.SSH.enableDynamicForwarding": true
[19:16:02.515] "remote.SSH.enableRemoteCommand": false
[19:16:02.515] "remote.SSH.serverPickPortsFromRange": {}
[19:16:02.515] "remote.SSH.serverInstallPath": {}
[19:16:02.518] VS Code version: 1.75.1
[19:16:02.518] Remote-SSH version: remote-ssh@0.100.0
[19:16:02.518] linux x64
[19:16:02.519] SSH Resolver called for host: 10.21.30.105
[19:16:02.519] Setting up SSH remote "10.21.30.105"
[19:16:02.523] Acquiring local install lock: /tmp/vscode-remote-ssh-fc1a8d72-install.lock
[19:16:02.525] Looking for existing server data file at /home/wenjian.ma/.config/Code/User/globalStorage/ms-vscode-remote.remote-ssh/vscode-ssh-host-fc1a8d72-441438abd1ac652551dbe4d408dfcec8a499b8bf-0.100.0/data.json
[19:16:02.526] Using commit id "441438abd1ac652551dbe4d408dfcec8a499b8bf" and quality "stable" for server
[19:16:02.530] Install and start server if needed
[19:16:02.534] PATH: /LocalRun/wenjian.ma/vscode/VSCode-linux-x64/bin:/LocalRun/wenjian.ma/tmp/cmake-3.25.0-linux-x86_64/bin:/usr/local/cuda/bin:/home/wenjian.ma/.local/bin:/home/wenjian.ma/.vim/plugged/perl-5.20.2/bin:/home/wenjian.ma/.vim/plugged/tree-sitter/bin:/home/wenjian.ma/.vim/plugged/node-v16.13.0-linux-x64/bin:/home/wenjian.ma/.vim/plugged/fd/target/release:/home/wenjian.ma/.vim/plugged/ripgrep/target/release:/home/wenjian.ma/.vim/plugged/coc.nvim/bin:/home/wenjian.ma/.vim/plugged/nvim-linux64/bin:/home/wenjian.ma/.vim/plugged/coc_extensions_install/clangd_11.0.0/bin:/home/wenjian.ma/.cargo/bin:/usr/local/cuda/bin:/home/wenjian.ma/.local/bin:/home/wenjian.ma/.vim/plugged/perl-5.20.2/bin:/home/wenjian.ma/.vim/plugged/tree-sitter/bin:/home/wenjian.ma/.vim/plugged/node-v16.13.0-linux-x64/bin:/home/wenjian.ma/.vim/plugged/fd/target/release:/home/wenjian.ma/.vim/plugged/ripgrep/target/release:/home/wenjian.ma/.vim/plugged/coc.nvim/bin:/home/wenjian.ma/.vim/plugged/nvim-linux64/bin:/home/wenjian.ma/.vim/plugged/coc_extensions_install/clangd_11.0.0/bin:/usr/local/sbin:/usr/local/bin:/usr/sbin:/usr/bin:/sbin:/bin:/usr/games:/usr/local/games:/snap/bin
[19:16:02.534] Checking ssh with "ssh -V"
[19:16:02.541] > OpenSSH_7.2p2 Ubuntu-4ubuntu2.9, OpenSSL 1.0.2g  1 Mar 2016

[19:16:02.544] askpass server listening on /run/user/1016/vscode-ssh-askpass-424e317ed4b1531472487a69ddbf87488b5f67b5.sock
[19:16:02.544] Spawning local server with {"serverId":1,"ipcHandlePath":"/run/user/1016/vscode-ssh-askpass-d60bc5ae9d62fdbfaeed406eec8cb860fdbe2d3a.sock","sshCommand":"ssh","sshArgs":["-v","-T","-D","41395","-o","ConnectTimeout=15","10.21.30.105"],"serverDataFolderName":".vscode-server","dataFilePath":"/home/wenjian.ma/.config/Code/User/globalStorage/ms-vscode-remote.remote-ssh/vscode-ssh-host-fc1a8d72-441438abd1ac652551dbe4d408dfcec8a499b8bf-0.100.0/data.json"}
[19:16:02.544] Local server env: {"SSH_AUTH_SOCK":"/run/user/1016/keyring/ssh","SHELL":"/bin/bash","DISPLAY":":1.0","ELECTRON_RUN_AS_NODE":"1","SSH_ASKPASS":"/home/wenjian.ma/.vscode/extensions/ms-vscode-remote.remote-ssh-0.100.0/out/local-server/askpass.sh","VSCODE_SSH_ASKPASS_NODE":"/LocalRun/wenjian.ma/vscode/VSCode-linux-x64/code","VSCODE_SSH_ASKPASS_EXTRA_ARGS":"--ms-enable-electron-run-as-node","VSCODE_SSH_ASKPASS_MAIN":"/home/wenjian.ma/.vscode/extensions/ms-vscode-remote.remote-ssh-0.100.0/out/askpass-main.js","VSCODE_SSH_ASKPASS_HANDLE":"/run/user/1016/vscode-ssh-askpass-424e317ed4b1531472487a69ddbf87488b5f67b5.sock"}
[19:16:02.547] Spawned 15798
[19:16:02.664] > local-server-1> Running ssh connection command: "-v -T -D 41395 -o ConnectTimeout=15 10.21.30.105"
[19:16:02.668] > local-server-1> Spawned ssh, pid=15806
[19:16:02.671] stderr> OpenSSH_7.2p2 Ubuntu-4ubuntu2.9, OpenSSL 1.0.2g  1 Mar 2016
[19:16:02.728] stderr> debug1: Server host key: ecdsa-sha2-nistp256 SHA256:2dP/s8IbRWsnnx5gaC75JHDj4RuCvYMWXU6TWiv5tqo
[19:16:02.861] Got askpass request: {"request":"The authenticity of host '10.21.30.105 (10.21.30.105)' can't be established. ECDSA key fingerprint is SHA256:2dP/s8IbRWsnnx5gaC75JHDj4RuCvYMWXU6TWiv5tqo. Are you sure you want to continue connecting (yes/no)?"}
[19:16:02.861] Detected fingerprint confirmation message
[19:16:02.862] Showing fingerprint confirmation dialog
[19:16:02.863] Listening for interwindow password on /run/user/1016/vscode-ssh-askpass-3b428fd8f7ef9bff1d4ccd54b442706473fc41c2.sock
[19:16:02.863] Writing password prompt to globalState
[19:16:06.364] Got fingerprint response: yes
[19:16:06.364] Interactor gave response: yes
[19:16:06.366] Cleaning up other-window auth server
[19:16:06.391] stderr> Warning: Permanently added '10.21.30.105' (ECDSA) to the list of known hosts.
[19:16:06.554] Got askpass request: {"request":"wenjian.ma@10.21.30.105's password:"}
[19:16:06.555] Showing password prompt
[19:16:06.556] Listening for interwindow password on /run/user/1016/vscode-ssh-askpass-eeb6c4bf49e7e2b435a97bf5e1b39fcb2a5846fe.sock
[19:16:06.556] Writing password prompt to globalState
[19:16:13.331] Got password response
[19:16:13.332] Interactor gave response: *********
[19:16:13.332] Cleaning up other-window auth server
[19:16:15.113] stderr> Permission denied, please try again.
[19:16:15.237] Got askpass request: {"request":"wenjian.ma@10.21.30.105's password:"}
[19:16:15.238] Showing password prompt
[19:16:15.238] Listening for interwindow password on /run/user/1016/vscode-ssh-askpass-b602744150c6d9737305d24a168e91759c101db3.sock
[19:16:15.238] Writing password prompt to globalState
[19:16:30.205] Got password response
[19:16:30.206] Interactor gave response: *********
[19:16:30.207] Cleaning up other-window auth server
[19:16:32.995] stderr> Permission denied, please try again.
[19:16:33.085] Got askpass request: {"request":"wenjian.ma@10.21.30.105's password:"}
[19:16:33.085] Showing password prompt
[19:16:33.086] Listening for interwindow password on /run/user/1016/vscode-ssh-askpass-a1f692cc73a9577f882d186e9701726ca87af7ae.sock
[19:16:33.086] Writing password prompt to globalState
[19:16:50.243] Got password response
[19:16:50.243] Interactor gave response: *********
[19:16:50.244] Cleaning up other-window auth server
[19:16:52.461] stderr> Permission denied (publickey,password).
[19:16:52.463] > local-server-1> ssh child died, shutting down
[19:16:52.467] Local server exit: 0
[19:16:52.468] Received install output: local-server-1> Running ssh connection command: "-v -T -D 41395 -o ConnectTimeout=15 10.21.30.105"
local-server-1> Spawned ssh, pid=15806
OpenSSH_7.2p2 Ubuntu-4ubuntu2.9, OpenSSL 1.0.2g  1 Mar 2016
debug1: Server host key: ecdsa-sha2-nistp256 SHA256:2dP/s8IbRWsnnx5gaC75JHDj4RuCvYMWXU6TWiv5tqo
Warning: Permanently added '10.21.30.105' (ECDSA) to the list of known hosts.
Permission denied, please try again.
Permission denied, please try again.
Permission denied (publickey,password).
local-server-1> ssh child died, shutting down

[19:16:52.470] Resolver error: Error: Permission denied (publickey,password).
	at m.Create (/home/wenjian.ma/.vscode/extensions/ms-vscode-remote.remote-ssh-0.100.0/out/extension.js:1:584145)
	at /home/wenjian.ma/.vscode/extensions/ms-vscode-remote.remote-ssh-0.100.0/out/extension.js:1:582011
	at t.handleInstallOutput (/home/wenjian.ma/.vscode/extensions/ms-vscode-remote.remote-ssh-0.100.0/out/extension.js:1:582627)
	at Object.e [as tryInstallWithLocalServer] (/home/wenjian.ma/.vscode/extensions/ms-vscode-remote.remote-ssh-0.100.0/out/extension.js:1:623427)
	at process.processTicksAndRejections (node:internal/process/task_queues:96:5)
	at async /home/wenjian.ma/.vscode/extensions/ms-vscode-remote.remote-ssh-0.100.0/out/extension.js:1:643396
	at async t.withShowDetailsEvent (/home/wenjian.ma/.vscode/extensions/ms-vscode-remote.remote-ssh-0.100.0/out/extension.js:1:647116)
	at async /home/wenjian.ma/.vscode/extensions/ms-vscode-remote.remote-ssh-0.100.0/out/extension.js:1:621899
	at async C (/home/wenjian.ma/.vscode/extensions/ms-vscode-remote.remote-ssh-0.100.0/out/extension.js:1:618405)
	at async t.resolveWithLocalServer (/home/wenjian.ma/.vscode/extensions/ms-vscode-remote.remote-ssh-0.100.0/out/extension.js:1:621514)
	at async t.resolve (/home/wenjian.ma/.vscode/extensions/ms-vscode-remote.remote-ssh-0.100.0/out/extension.js:1:644724)
	at async /home/wenjian.ma/.vscode/extensions/ms-vscode-remote.remote-ssh-0.100.0/out/extension.js:1:720590
[19:16:52.475] ------




