2023-04-10 13:35:47.873 [info] Log level: Info
2023-04-10 13:35:47.873 [info] Validating found git in: "git"
2023-04-10 13:35:47.873 [info] Using git "2.22.0" from "git"
2023-04-10 13:35:47.897 [info] > git rev-parse --show-toplevel [55ms]
2023-04-10 13:35:48.082 [info] > git rev-parse --git-dir --git-common-dir [91ms]
2023-04-10 13:35:48.094 [info] Open repository: /LocalRun/wenjian.ma/tvm
2023-04-10 13:35:48.142 [info] > git rev-parse --show-toplevel [35ms]
2023-04-10 13:35:48.177 [info] > git rev-parse --show-toplevel [24ms]
2023-04-10 13:35:48.192 [info] > git config --get commit.template [50ms]
2023-04-10 13:35:48.195 [info] > git rev-parse --show-toplevel [4ms]
2023-04-10 13:35:48.230 [info] > git for-each-ref --format=%(refname)%00%(upstream:short)%00%(objectname)%00%(upstream:track)%00%(upstream:remotename)%00%(upstream:remoteref) refs/heads/fix_vm_scalar_args_testcase refs/remotes/fix_vm_scalar_args_testcase [6ms]
2023-04-10 13:35:48.258 [info] > git rev-parse --show-toplevel [50ms]
2023-04-10 13:35:48.273 [info] > git rev-parse --show-toplevel [3ms]
2023-04-10 13:35:48.285 [info] > git for-each-ref --sort -committerdate --format %(refname) %(objectname) %(*objectname) [27ms]
2023-04-10 13:35:48.287 [info] > git rev-parse --show-toplevel [3ms]
2023-04-10 13:35:48.301 [info] > git rev-parse --show-toplevel [5ms]
2023-04-10 13:35:48.313 [info] > git status -z -uall [71ms]
2023-04-10 13:35:48.313 [info] > git rev-parse --show-toplevel [5ms]
2023-04-10 13:35:48.430 [info] > git rev-parse --show-toplevel [108ms]
2023-04-10 13:35:48.803 [info] > git rev-parse --show-toplevel [359ms]
2023-04-10 13:35:48.815 [info] > git config --get commit.template [389ms]
2023-04-10 13:35:48.861 [info] > git rev-parse --show-toplevel [46ms]
2023-04-10 13:35:48.880 [info] > git check-ignore -v -z --stdin [45ms]
2023-04-10 13:35:48.883 [info] > git rev-parse --show-toplevel [14ms]
2023-04-10 13:35:48.896 [info] > git rev-parse --show-toplevel [4ms]
2023-04-10 13:35:48.910 [info] > git for-each-ref --format=%(refname)%00%(upstream:short)%00%(objectname)%00%(upstream:track)%00%(upstream:remotename)%00%(upstream:remoteref) refs/heads/fix_vm_scalar_args_testcase refs/remotes/fix_vm_scalar_args_testcase [30ms]
2023-04-10 13:35:48.947 [info] > git rev-parse --show-toplevel [38ms]
2023-04-10 13:35:49.097 [info] > git rev-parse --show-toplevel [134ms]
2023-04-10 13:35:49.107 [info] > git for-each-ref --sort -committerdate --format %(refname) %(objectname) %(*objectname) [168ms]
2023-04-10 13:35:49.274 [info] > git status -z -uall [349ms]
2023-04-10 13:35:49.274 [info] > git rev-parse --show-toplevel [168ms]
2023-04-10 13:35:49.371 [info] > git rev-parse --show-toplevel [83ms]
2023-04-10 13:35:49.821 [info] > git rev-parse --show-toplevel [435ms]
2023-04-10 13:35:49.933 [info] > git rev-parse --show-toplevel [101ms]
2023-04-10 13:35:49.979 [info] > git rev-parse --show-toplevel [38ms]
2023-04-10 13:35:50.013 [info] > git rev-parse --show-toplevel [26ms]
2023-04-10 13:35:50.036 [info] > git rev-parse --show-toplevel [8ms]
2023-04-10 13:35:50.051 [info] > git rev-parse --show-toplevel [4ms]
2023-04-10 13:35:50.069 [info] > git rev-parse --show-toplevel [7ms]
2023-04-10 13:35:50.090 [info] > git rev-parse --show-toplevel [5ms]
2023-04-10 13:35:50.152 [info] > git rev-parse --show-toplevel [51ms]
2023-04-10 13:35:50.172 [info] > git rev-parse --show-toplevel [4ms]
2023-04-10 13:35:50.264 [info] > git rev-parse --show-toplevel [77ms]
2023-04-10 13:35:50.297 [info] > git rev-parse --show-toplevel [21ms]
2023-04-10 13:35:50.317 [info] > git rev-parse --show-toplevel [11ms]
2023-04-10 13:35:50.354 [info] > git show --textconv :tests/python/relay/test_any.py [13ms]
2023-04-10 13:35:50.355 [info] > git ls-files --stage -- /LocalRun/wenjian.ma/tvm/tests/python/relay/test_any.py [4ms]
2023-04-10 13:35:50.365 [info] > git rev-parse --show-toplevel [40ms]
2023-04-10 13:35:50.380 [info] > git rev-parse --git-dir --git-common-dir [5ms]
2023-04-10 13:35:50.383 [info] Open repository: /LocalRun/wenjian.ma/tvm/3rdparty/dmlc-core
2023-04-10 13:35:50.393 [info] > git cat-file -s 279507f7db1a70f6cc6149de1485f095e7c67000 [29ms]
2023-04-10 13:35:50.421 [info] > git rev-parse --show-toplevel [28ms]
2023-04-10 13:35:50.447 [info] > git rev-parse --git-dir --git-common-dir [10ms]
2023-04-10 13:35:50.452 [info] Open repository: /LocalRun/wenjian.ma/tvm/3rdparty/dlpack
2023-04-10 13:35:50.471 [info] > git config --get commit.template [61ms]
2023-04-10 13:35:50.498 [info] > git rev-parse --show-toplevel [28ms]
2023-04-10 13:35:50.541 [info] > git rev-parse --git-dir --git-common-dir [29ms]
2023-04-10 13:35:50.545 [info] Open repository: /LocalRun/wenjian.ma/tvm/3rdparty/rang
2023-04-10 13:35:50.559 [info] > git config --get commit.template [66ms]
2023-04-10 13:35:50.585 [info] > git rev-parse --show-toplevel [27ms]
2023-04-10 13:35:50.597 [info] > git for-each-ref --format %(refname) %(objectname) %(*objectname) refs/tags [66ms]
2023-04-10 13:35:50.638 [info] > git status -z -uall [29ms]
2023-04-10 13:35:50.641 [info] > git for-each-ref --sort -committerdate --format %(refname) %(objectname) %(*objectname) [20ms]
2023-04-10 13:35:50.644 [info] > git rev-parse --git-dir --git-common-dir [47ms]
2023-04-10 13:35:50.647 [info] Open repository: /LocalRun/wenjian.ma/tvm/3rdparty/vta-hw
2023-04-10 13:35:50.659 [info] > git config --get commit.template [85ms]
2023-04-10 13:35:50.688 [info] > git rev-parse --show-toplevel [28ms]
2023-04-10 13:35:50.702 [info] > git for-each-ref --format %(refname) %(objectname) %(*objectname) refs/tags [67ms]
2023-04-10 13:35:50.743 [info] > git status -z -uall [26ms]
2023-04-10 13:35:50.746 [info] > git for-each-ref --sort -committerdate --format %(refname) %(objectname) %(*objectname) [17ms]
2023-04-10 13:35:50.748 [info] > git rev-parse --git-dir --git-common-dir [46ms]
2023-04-10 13:35:50.751 [info] Open repository: /LocalRun/wenjian.ma/tvm/3rdparty/libbacktrace
2023-04-10 13:35:50.763 [info] > git config --get commit.template [85ms]
2023-04-10 13:35:50.781 [info] > git rev-parse --show-toplevel [18ms]
2023-04-10 13:35:50.791 [info] > git for-each-ref --format %(refname) %(objectname) %(*objectname) refs/tags [50ms]
2023-04-10 13:35:50.835 [info] > git status -z -uall [36ms]
2023-04-10 13:35:50.837 [info] > git for-each-ref --sort -committerdate --format %(refname) %(objectname) %(*objectname) [24ms]
2023-04-10 13:35:50.841 [info] > git rev-parse --git-dir --git-common-dir [51ms]
2023-04-10 13:35:50.845 [info] Open repository: /LocalRun/wenjian.ma/tvm/3rdparty/cutlass
2023-04-10 13:35:50.846 [info] > git config --get commit.template [69ms]
2023-04-10 13:35:50.870 [info] > git for-each-ref --format %(refname) %(objectname) %(*objectname) refs/tags [40ms]
2023-04-10 13:35:50.918 [info] > git status -z -uall [32ms]
2023-04-10 13:35:50.918 [info] > git for-each-ref --sort -committerdate --format %(refname) %(objectname) %(*objectname) [16ms]
2023-04-10 13:35:50.921 [info] > git config --get commit.template [57ms]
2023-04-10 13:35:50.925 [info] > git for-each-ref --format %(refname) %(objectname) %(*objectname) refs/tags [8ms]
2023-04-10 13:35:50.970 [info] > git status -z -uall [36ms]
2023-04-10 13:35:50.971 [info] > git for-each-ref --sort -committerdate --format %(refname) %(objectname) %(*objectname) [23ms]
2023-04-10 13:35:50.975 [info] > git check-ignore -v -z --stdin [17ms]
2023-04-10 13:35:50.976 [info] > git for-each-ref --format %(refname) %(objectname) %(*objectname) refs/tags [7ms]
2023-04-10 13:35:51.002 [info] > git status -z -uall [17ms]
2023-04-10 13:35:51.003 [info] > git for-each-ref --sort -committerdate --format %(refname) %(objectname) %(*objectname) [6ms]
2023-04-10 13:41:48.085 [info] > git check-ignore -v -z --stdin [29ms]
2023-04-10 13:41:48.086 [info] > git check-ignore -v -z --stdin [21ms]
2023-04-10 13:41:48.086 [info] > git check-ignore -v -z --stdin [12ms]
2023-04-10 13:41:48.087 [info] > git check-ignore -v -z --stdin [4ms]
2023-04-10 13:41:50.118 [info] > git check-ignore -v -z --stdin [14ms]
2023-04-10 13:41:55.608 [info] > git check-ignore -v -z --stdin [10ms]
2023-04-10 13:43:00.255 [info] > git rev-parse --show-toplevel [2ms]
2023-04-10 13:43:00.255 [info] fatal: not a git repository (or any of the parent directories): .git
