2023-02-19 14:01:57.049 [info] Extension host with pid 4195 started
2023-02-19 14:01:57.049 [info] Skipping acquiring lock for /home/wenjian.ma/.config/Code/User/workspaceStorage/2a46eb47484222006e9612ce7f5c18c3.
2023-02-19 14:01:57.112 [info] ExtensionService#_doActivateExtension vscode.emmet, startup: false, activationEvent: 'onLanguage'
2023-02-19 14:01:57.119 [info] ExtensionService#_doActivateExtension vscode.github-authentication, startup: false, activationEvent: 'onAuthenticationRequest:github'
2023-02-19 14:01:57.141 [info] ExtensionService#_doActivateExtension vscode.git-base, startup: true, activationEvent: '*', root cause: vscode.git
2023-02-19 14:01:57.143 [info] ExtensionService#_doActivateExtension ms-python.python, startup: true, activationEvent: 'workspaceContains:pyproject.toml', root cause: ms-python.isort
2023-02-19 14:01:57.222 [info] ExtensionService#_doActivateExtension ms-vscode.cmake-tools, startup: true, activationEvent: 'workspaceContains:CMakeLists.txt'
2023-02-19 14:01:57.264 [info] ExtensionService#_doActivateExtension ms-vscode.cpptools, startup: true, activationEvent: 'workspaceContains:/.vscode/c_cpp_properties.json'
2023-02-19 14:01:57.423 [info] ExtensionService#_doActivateExtension vscode.git, startup: true, activationEvent: '*'
2023-02-19 14:01:57.457 [info] ExtensionService#_doActivateExtension vscode.github, startup: true, activationEvent: '*'
2023-02-19 14:01:57.534 [info] ExtensionService#_doActivateExtension vscode.microsoft-authentication, startup: false, activationEvent: 'onAuthenticationRequest:microsoft'
2023-02-19 14:01:57.946 [warning] [Decorations] CAPPING events from decorations provider vscode.git 2921
2023-02-19 14:01:58.429 [info] ExtensionService#_doActivateExtension vscode.configuration-editing, startup: false, activationEvent: 'onLanguage:json'
2023-02-19 14:01:58.464 [info] ExtensionService#_doActivateExtension vscode.extension-editing, startup: false, activationEvent: 'onLanguage:json'
2023-02-19 14:01:58.482 [info] ExtensionService#_doActivateExtension vscode.json-language-features, startup: false, activationEvent: 'onLanguage:json'
2023-02-19 14:01:58.555 [info] ExtensionService#_doActivateExtension vscode.npm, startup: false, activationEvent: 'onLanguage:json'
2023-02-19 14:01:58.628 [warning] [Decorations] CAPPING events from decorations provider vscode.git 2921
2023-02-19 14:01:58.637 [info] ExtensionService#_doActivateExtension vscode.typescript-language-features, startup: false, activationEvent: 'onLanguage:jsonc'
2023-02-19 14:02:07.098 [info] ExtensionService#_doActivateExtension vscode.debug-auto-launch, startup: false, activationEvent: 'onStartupFinished'
2023-02-19 14:02:07.099 [info] ExtensionService#_doActivateExtension vscode.merge-conflict, startup: false, activationEvent: 'onStartupFinished'
2023-02-19 14:04:07.663 [info] ExtensionService#_doActivateExtension ms-python.isort, startup: true, activationEvent: 'workspaceContains:pyproject.toml'
2023-02-19 14:04:07.680 [info] Eager extensions activated
2023-02-19 14:10:42.399 [info] Extension host terminating: renderer closed the MessagePort
2023-02-19 14:10:42.420 [error] Canceled: Canceled
	at new u (/LocalRun/wenjian.ma/vscode/VSCode-linux-x64/resources/app/out/vs/workbench/api/node/extensionHostProcess.js:96:88070)
	at l.O (/LocalRun/wenjian.ma/vscode/VSCode-linux-x64/resources/app/out/vs/workbench/api/node/extensionHostProcess.js:106:11276)
	at V.<computed>.M.charCodeAt.V.<computed> (/LocalRun/wenjian.ma/vscode/VSCode-linux-x64/resources/app/out/vs/workbench/api/node/extensionHostProcess.js:106:8557)
	at s.g (/LocalRun/wenjian.ma/vscode/VSCode-linux-x64/resources/app/out/vs/workbench/api/node/extensionHostProcess.js:96:107430)
	at s.executeCommand (/LocalRun/wenjian.ma/vscode/VSCode-linux-x64/resources/app/out/vs/workbench/api/node/extensionHostProcess.js:96:106806)
	at w.registerCommand.description (/LocalRun/wenjian.ma/vscode/VSCode-linux-x64/resources/app/out/vs/workbench/api/node/extensionHostProcess.js:96:106099)
	at s.h (/LocalRun/wenjian.ma/vscode/VSCode-linux-x64/resources/app/out/vs/workbench/api/node/extensionHostProcess.js:96:108016)
	at s.g (/LocalRun/wenjian.ma/vscode/VSCode-linux-x64/resources/app/out/vs/workbench/api/node/extensionHostProcess.js:96:106906)
	at s.executeCommand (/LocalRun/wenjian.ma/vscode/VSCode-linux-x64/resources/app/out/vs/workbench/api/node/extensionHostProcess.js:96:106806)
	at Object.executeCommand (/LocalRun/wenjian.ma/vscode/VSCode-linux-x64/resources/app/out/vs/workbench/api/node/extensionHostProcess.js:117:30778)
	at D (/LocalRun/wenjian.ma/vscode/VSCode-linux-x64/resources/app/extensions/git/dist/main.js:2:2055373)
	at f.invoke (/LocalRun/wenjian.ma/vscode/VSCode-linux-x64/resources/app/out/vs/workbench/api/node/extensionHostProcess.js:63:145)
	at g.deliver (/LocalRun/wenjian.ma/vscode/VSCode-linux-x64/resources/app/out/vs/workbench/api/node/extensionHostProcess.js:63:2029)
	at d.fire (/LocalRun/wenjian.ma/vscode/VSCode-linux-x64/resources/app/out/vs/workbench/api/node/extensionHostProcess.js:63:1667)
	at Object.h [as dispose] (/LocalRun/wenjian.ma/vscode/VSCode-linux-x64/resources/app/extensions/git/dist/main.js:2:2070210)
	at /LocalRun/wenjian.ma/vscode/VSCode-linux-x64/resources/app/extensions/git/dist/main.js:2:2074277
	at Array.forEach (<anonymous>)
	at g.dispose (/LocalRun/wenjian.ma/vscode/VSCode-linux-x64/resources/app/extensions/git/dist/main.js:2:2074263)
	at C.<anonymous> (/LocalRun/wenjian.ma/vscode/VSCode-linux-x64/resources/app/out/vs/workbench/api/node/extensionHostProcess.js:94:12431)
	at C.dispose (/LocalRun/wenjian.ma/vscode/VSCode-linux-x64/resources/app/out/vs/workbench/api/node/extensionHostProcess.js:94:12566)
	at C.<anonymous> (/LocalRun/wenjian.ma/vscode/VSCode-linux-x64/resources/app/extensions/git/dist/main.js:2:2057503)
	at C.dispose (/LocalRun/wenjian.ma/vscode/VSCode-linux-x64/resources/app/out/vs/workbench/api/node/extensionHostProcess.js:94:12566)
	at T (/LocalRun/wenjian.ma/vscode/VSCode-linux-x64/resources/app/out/vs/workbench/api/node/extensionHostProcess.js:10:12072)
	at f.X (/LocalRun/wenjian.ma/vscode/VSCode-linux-x64/resources/app/out/vs/workbench/api/node/extensionHostProcess.js:108:11242)
	at /LocalRun/wenjian.ma/vscode/VSCode-linux-x64/resources/app/out/vs/workbench/api/node/extensionHostProcess.js:108:9037
	at Array.map (<anonymous>)
	at f.Q (/LocalRun/wenjian.ma/vscode/VSCode-linux-x64/resources/app/out/vs/workbench/api/node/extensionHostProcess.js:108:9024)
	at f.terminate (/LocalRun/wenjian.ma/vscode/VSCode-linux-x64/resources/app/out/vs/workbench/api/node/extensionHostProcess.js:108:9298)
	at h.terminate (/LocalRun/wenjian.ma/vscode/VSCode-linux-x64/resources/app/out/vs/workbench/api/node/extensionHostProcess.js:112:1397)
	at p (/LocalRun/wenjian.ma/vscode/VSCode-linux-x64/resources/app/out/vs/workbench/api/node/extensionHostProcess.js:122:17851)
	at MessagePortMain.<anonymous> (/LocalRun/wenjian.ma/vscode/VSCode-linux-x64/resources/app/out/vs/workbench/api/node/extensionHostProcess.js:122:13990)
	at MessagePortMain.emit (node:events:526:28)
	at MessagePortMain._internalPort.emit (node:electron/js2c/utility_init:5:364) setContext undefined
2023-02-19 14:10:42.421 [error] Canceled: Canceled
	at new u (/LocalRun/wenjian.ma/vscode/VSCode-linux-x64/resources/app/out/vs/workbench/api/node/extensionHostProcess.js:96:88070)
	at l.O (/LocalRun/wenjian.ma/vscode/VSCode-linux-x64/resources/app/out/vs/workbench/api/node/extensionHostProcess.js:106:11276)
	at V.<computed>.M.charCodeAt.V.<computed> (/LocalRun/wenjian.ma/vscode/VSCode-linux-x64/resources/app/out/vs/workbench/api/node/extensionHostProcess.js:106:8557)
	at s.g (/LocalRun/wenjian.ma/vscode/VSCode-linux-x64/resources/app/out/vs/workbench/api/node/extensionHostProcess.js:96:107430)
	at s.executeCommand (/LocalRun/wenjian.ma/vscode/VSCode-linux-x64/resources/app/out/vs/workbench/api/node/extensionHostProcess.js:96:106806)
	at w.registerCommand.description (/LocalRun/wenjian.ma/vscode/VSCode-linux-x64/resources/app/out/vs/workbench/api/node/extensionHostProcess.js:96:106099)
	at s.h (/LocalRun/wenjian.ma/vscode/VSCode-linux-x64/resources/app/out/vs/workbench/api/node/extensionHostProcess.js:96:108016)
	at s.g (/LocalRun/wenjian.ma/vscode/VSCode-linux-x64/resources/app/out/vs/workbench/api/node/extensionHostProcess.js:96:106906)
	at s.executeCommand (/LocalRun/wenjian.ma/vscode/VSCode-linux-x64/resources/app/out/vs/workbench/api/node/extensionHostProcess.js:96:106806)
	at Object.executeCommand (/LocalRun/wenjian.ma/vscode/VSCode-linux-x64/resources/app/out/vs/workbench/api/node/extensionHostProcess.js:117:30778)
	at D (/LocalRun/wenjian.ma/vscode/VSCode-linux-x64/resources/app/extensions/git/dist/main.js:2:2055373)
	at f.invoke (/LocalRun/wenjian.ma/vscode/VSCode-linux-x64/resources/app/out/vs/workbench/api/node/extensionHostProcess.js:63:145)
	at g.deliver (/LocalRun/wenjian.ma/vscode/VSCode-linux-x64/resources/app/out/vs/workbench/api/node/extensionHostProcess.js:63:2029)
	at d.fire (/LocalRun/wenjian.ma/vscode/VSCode-linux-x64/resources/app/out/vs/workbench/api/node/extensionHostProcess.js:63:1667)
	at Object.h [as dispose] (/LocalRun/wenjian.ma/vscode/VSCode-linux-x64/resources/app/extensions/git/dist/main.js:2:2070210)
	at /LocalRun/wenjian.ma/vscode/VSCode-linux-x64/resources/app/extensions/git/dist/main.js:2:2074277
	at Array.forEach (<anonymous>)
	at g.dispose (/LocalRun/wenjian.ma/vscode/VSCode-linux-x64/resources/app/extensions/git/dist/main.js:2:2074263)
	at C.<anonymous> (/LocalRun/wenjian.ma/vscode/VSCode-linux-x64/resources/app/out/vs/workbench/api/node/extensionHostProcess.js:94:12431)
	at C.dispose (/LocalRun/wenjian.ma/vscode/VSCode-linux-x64/resources/app/out/vs/workbench/api/node/extensionHostProcess.js:94:12566)
	at C.<anonymous> (/LocalRun/wenjian.ma/vscode/VSCode-linux-x64/resources/app/extensions/git/dist/main.js:2:2057503)
	at C.dispose (/LocalRun/wenjian.ma/vscode/VSCode-linux-x64/resources/app/out/vs/workbench/api/node/extensionHostProcess.js:94:12566)
	at T (/LocalRun/wenjian.ma/vscode/VSCode-linux-x64/resources/app/out/vs/workbench/api/node/extensionHostProcess.js:10:12072)
	at f.X (/LocalRun/wenjian.ma/vscode/VSCode-linux-x64/resources/app/out/vs/workbench/api/node/extensionHostProcess.js:108:11242)
	at /LocalRun/wenjian.ma/vscode/VSCode-linux-x64/resources/app/out/vs/workbench/api/node/extensionHostProcess.js:108:9037
	at Array.map (<anonymous>)
	at f.Q (/LocalRun/wenjian.ma/vscode/VSCode-linux-x64/resources/app/out/vs/workbench/api/node/extensionHostProcess.js:108:9024)
	at f.terminate (/LocalRun/wenjian.ma/vscode/VSCode-linux-x64/resources/app/out/vs/workbench/api/node/extensionHostProcess.js:108:9298)
	at h.terminate (/LocalRun/wenjian.ma/vscode/VSCode-linux-x64/resources/app/out/vs/workbench/api/node/extensionHostProcess.js:112:1397)
	at p (/LocalRun/wenjian.ma/vscode/VSCode-linux-x64/resources/app/out/vs/workbench/api/node/extensionHostProcess.js:122:17851)
	at MessagePortMain.<anonymous> (/LocalRun/wenjian.ma/vscode/VSCode-linux-x64/resources/app/out/vs/workbench/api/node/extensionHostProcess.js:122:13990)
	at MessagePortMain.emit (node:events:526:28)
	at MessagePortMain._internalPort.emit (node:electron/js2c/utility_init:5:364) setContext undefined
2023-02-19 14:10:42.421 [error] Canceled: Canceled
	at new u (/LocalRun/wenjian.ma/vscode/VSCode-linux-x64/resources/app/out/vs/workbench/api/node/extensionHostProcess.js:96:88070)
	at l.O (/LocalRun/wenjian.ma/vscode/VSCode-linux-x64/resources/app/out/vs/workbench/api/node/extensionHostProcess.js:106:11276)
	at V.<computed>.M.charCodeAt.V.<computed> (/LocalRun/wenjian.ma/vscode/VSCode-linux-x64/resources/app/out/vs/workbench/api/node/extensionHostProcess.js:106:8557)
	at s.g (/LocalRun/wenjian.ma/vscode/VSCode-linux-x64/resources/app/out/vs/workbench/api/node/extensionHostProcess.js:96:107430)
	at s.executeCommand (/LocalRun/wenjian.ma/vscode/VSCode-linux-x64/resources/app/out/vs/workbench/api/node/extensionHostProcess.js:96:106806)
	at w.registerCommand.description (/LocalRun/wenjian.ma/vscode/VSCode-linux-x64/resources/app/out/vs/workbench/api/node/extensionHostProcess.js:96:106099)
	at s.h (/LocalRun/wenjian.ma/vscode/VSCode-linux-x64/resources/app/out/vs/workbench/api/node/extensionHostProcess.js:96:108016)
	at s.g (/LocalRun/wenjian.ma/vscode/VSCode-linux-x64/resources/app/out/vs/workbench/api/node/extensionHostProcess.js:96:106906)
	at s.executeCommand (/LocalRun/wenjian.ma/vscode/VSCode-linux-x64/resources/app/out/vs/workbench/api/node/extensionHostProcess.js:96:106806)
	at Object.executeCommand (/LocalRun/wenjian.ma/vscode/VSCode-linux-x64/resources/app/out/vs/workbench/api/node/extensionHostProcess.js:117:30778)
	at D (/LocalRun/wenjian.ma/vscode/VSCode-linux-x64/resources/app/extensions/git/dist/main.js:2:2055373)
	at f.invoke (/LocalRun/wenjian.ma/vscode/VSCode-linux-x64/resources/app/out/vs/workbench/api/node/extensionHostProcess.js:63:145)
	at g.deliver (/LocalRun/wenjian.ma/vscode/VSCode-linux-x64/resources/app/out/vs/workbench/api/node/extensionHostProcess.js:63:2029)
	at d.fire (/LocalRun/wenjian.ma/vscode/VSCode-linux-x64/resources/app/out/vs/workbench/api/node/extensionHostProcess.js:63:1667)
	at Object.h [as dispose] (/LocalRun/wenjian.ma/vscode/VSCode-linux-x64/resources/app/extensions/git/dist/main.js:2:2070210)
	at /LocalRun/wenjian.ma/vscode/VSCode-linux-x64/resources/app/extensions/git/dist/main.js:2:2074277
	at Array.forEach (<anonymous>)
	at g.dispose (/LocalRun/wenjian.ma/vscode/VSCode-linux-x64/resources/app/extensions/git/dist/main.js:2:2074263)
	at C.<anonymous> (/LocalRun/wenjian.ma/vscode/VSCode-linux-x64/resources/app/out/vs/workbench/api/node/extensionHostProcess.js:94:12431)
	at C.dispose (/LocalRun/wenjian.ma/vscode/VSCode-linux-x64/resources/app/out/vs/workbench/api/node/extensionHostProcess.js:94:12566)
	at C.<anonymous> (/LocalRun/wenjian.ma/vscode/VSCode-linux-x64/resources/app/extensions/git/dist/main.js:2:2057503)
	at C.dispose (/LocalRun/wenjian.ma/vscode/VSCode-linux-x64/resources/app/out/vs/workbench/api/node/extensionHostProcess.js:94:12566)
	at T (/LocalRun/wenjian.ma/vscode/VSCode-linux-x64/resources/app/out/vs/workbench/api/node/extensionHostProcess.js:10:12072)
	at f.X (/LocalRun/wenjian.ma/vscode/VSCode-linux-x64/resources/app/out/vs/workbench/api/node/extensionHostProcess.js:108:11242)
	at /LocalRun/wenjian.ma/vscode/VSCode-linux-x64/resources/app/out/vs/workbench/api/node/extensionHostProcess.js:108:9037
	at Array.map (<anonymous>)
	at f.Q (/LocalRun/wenjian.ma/vscode/VSCode-linux-x64/resources/app/out/vs/workbench/api/node/extensionHostProcess.js:108:9024)
	at f.terminate (/LocalRun/wenjian.ma/vscode/VSCode-linux-x64/resources/app/out/vs/workbench/api/node/extensionHostProcess.js:108:9298)
	at h.terminate (/LocalRun/wenjian.ma/vscode/VSCode-linux-x64/resources/app/out/vs/workbench/api/node/extensionHostProcess.js:112:1397)
	at p (/LocalRun/wenjian.ma/vscode/VSCode-linux-x64/resources/app/out/vs/workbench/api/node/extensionHostProcess.js:122:17851)
	at MessagePortMain.<anonymous> (/LocalRun/wenjian.ma/vscode/VSCode-linux-x64/resources/app/out/vs/workbench/api/node/extensionHostProcess.js:122:13990)
	at MessagePortMain.emit (node:events:526:28)
	at MessagePortMain._internalPort.emit (node:electron/js2c/utility_init:5:364) setContext undefined
2023-02-19 14:10:42.421 [error] Canceled: Canceled
	at new u (/LocalRun/wenjian.ma/vscode/VSCode-linux-x64/resources/app/out/vs/workbench/api/node/extensionHostProcess.js:96:88070)
	at l.O (/LocalRun/wenjian.ma/vscode/VSCode-linux-x64/resources/app/out/vs/workbench/api/node/extensionHostProcess.js:106:11276)
	at V.<computed>.M.charCodeAt.V.<computed> (/LocalRun/wenjian.ma/vscode/VSCode-linux-x64/resources/app/out/vs/workbench/api/node/extensionHostProcess.js:106:8557)
	at s.g (/LocalRun/wenjian.ma/vscode/VSCode-linux-x64/resources/app/out/vs/workbench/api/node/extensionHostProcess.js:96:107430)
	at s.executeCommand (/LocalRun/wenjian.ma/vscode/VSCode-linux-x64/resources/app/out/vs/workbench/api/node/extensionHostProcess.js:96:106806)
	at w.registerCommand.description (/LocalRun/wenjian.ma/vscode/VSCode-linux-x64/resources/app/out/vs/workbench/api/node/extensionHostProcess.js:96:106099)
	at s.h (/LocalRun/wenjian.ma/vscode/VSCode-linux-x64/resources/app/out/vs/workbench/api/node/extensionHostProcess.js:96:108016)
	at s.g (/LocalRun/wenjian.ma/vscode/VSCode-linux-x64/resources/app/out/vs/workbench/api/node/extensionHostProcess.js:96:106906)
	at s.executeCommand (/LocalRun/wenjian.ma/vscode/VSCode-linux-x64/resources/app/out/vs/workbench/api/node/extensionHostProcess.js:96:106806)
	at Object.executeCommand (/LocalRun/wenjian.ma/vscode/VSCode-linux-x64/resources/app/out/vs/workbench/api/node/extensionHostProcess.js:117:30778)
	at D (/LocalRun/wenjian.ma/vscode/VSCode-linux-x64/resources/app/extensions/git/dist/main.js:2:2055373)
	at f.invoke (/LocalRun/wenjian.ma/vscode/VSCode-linux-x64/resources/app/out/vs/workbench/api/node/extensionHostProcess.js:63:145)
	at g.deliver (/LocalRun/wenjian.ma/vscode/VSCode-linux-x64/resources/app/out/vs/workbench/api/node/extensionHostProcess.js:63:2029)
	at d.fire (/LocalRun/wenjian.ma/vscode/VSCode-linux-x64/resources/app/out/vs/workbench/api/node/extensionHostProcess.js:63:1667)
	at Object.h [as dispose] (/LocalRun/wenjian.ma/vscode/VSCode-linux-x64/resources/app/extensions/git/dist/main.js:2:2070210)
	at /LocalRun/wenjian.ma/vscode/VSCode-linux-x64/resources/app/extensions/git/dist/main.js:2:2074277
	at Array.forEach (<anonymous>)
	at g.dispose (/LocalRun/wenjian.ma/vscode/VSCode-linux-x64/resources/app/extensions/git/dist/main.js:2:2074263)
	at C.<anonymous> (/LocalRun/wenjian.ma/vscode/VSCode-linux-x64/resources/app/out/vs/workbench/api/node/extensionHostProcess.js:94:12431)
	at C.dispose (/LocalRun/wenjian.ma/vscode/VSCode-linux-x64/resources/app/out/vs/workbench/api/node/extensionHostProcess.js:94:12566)
	at C.<anonymous> (/LocalRun/wenjian.ma/vscode/VSCode-linux-x64/resources/app/extensions/git/dist/main.js:2:2057503)
	at C.dispose (/LocalRun/wenjian.ma/vscode/VSCode-linux-x64/resources/app/out/vs/workbench/api/node/extensionHostProcess.js:94:12566)
	at T (/LocalRun/wenjian.ma/vscode/VSCode-linux-x64/resources/app/out/vs/workbench/api/node/extensionHostProcess.js:10:12072)
	at f.X (/LocalRun/wenjian.ma/vscode/VSCode-linux-x64/resources/app/out/vs/workbench/api/node/extensionHostProcess.js:108:11242)
	at /LocalRun/wenjian.ma/vscode/VSCode-linux-x64/resources/app/out/vs/workbench/api/node/extensionHostProcess.js:108:9037
	at Array.map (<anonymous>)
	at f.Q (/LocalRun/wenjian.ma/vscode/VSCode-linux-x64/resources/app/out/vs/workbench/api/node/extensionHostProcess.js:108:9024)
	at f.terminate (/LocalRun/wenjian.ma/vscode/VSCode-linux-x64/resources/app/out/vs/workbench/api/node/extensionHostProcess.js:108:9298)
	at h.terminate (/LocalRun/wenjian.ma/vscode/VSCode-linux-x64/resources/app/out/vs/workbench/api/node/extensionHostProcess.js:112:1397)
	at p (/LocalRun/wenjian.ma/vscode/VSCode-linux-x64/resources/app/out/vs/workbench/api/node/extensionHostProcess.js:122:17851)
	at MessagePortMain.<anonymous> (/LocalRun/wenjian.ma/vscode/VSCode-linux-x64/resources/app/out/vs/workbench/api/node/extensionHostProcess.js:122:13990)
	at MessagePortMain.emit (node:events:526:28)
	at MessagePortMain._internalPort.emit (node:electron/js2c/utility_init:5:364) setContext undefined
2023-02-19 14:10:42.421 [error] Canceled: Canceled
	at new u (/LocalRun/wenjian.ma/vscode/VSCode-linux-x64/resources/app/out/vs/workbench/api/node/extensionHostProcess.js:96:88070)
	at l.O (/LocalRun/wenjian.ma/vscode/VSCode-linux-x64/resources/app/out/vs/workbench/api/node/extensionHostProcess.js:106:11276)
	at V.<computed>.M.charCodeAt.V.<computed> (/LocalRun/wenjian.ma/vscode/VSCode-linux-x64/resources/app/out/vs/workbench/api/node/extensionHostProcess.js:106:8557)
	at s.g (/LocalRun/wenjian.ma/vscode/VSCode-linux-x64/resources/app/out/vs/workbench/api/node/extensionHostProcess.js:96:107430)
	at s.executeCommand (/LocalRun/wenjian.ma/vscode/VSCode-linux-x64/resources/app/out/vs/workbench/api/node/extensionHostProcess.js:96:106806)
	at w.registerCommand.description (/LocalRun/wenjian.ma/vscode/VSCode-linux-x64/resources/app/out/vs/workbench/api/node/extensionHostProcess.js:96:106099)
	at s.h (/LocalRun/wenjian.ma/vscode/VSCode-linux-x64/resources/app/out/vs/workbench/api/node/extensionHostProcess.js:96:108016)
	at s.g (/LocalRun/wenjian.ma/vscode/VSCode-linux-x64/resources/app/out/vs/workbench/api/node/extensionHostProcess.js:96:106906)
	at s.executeCommand (/LocalRun/wenjian.ma/vscode/VSCode-linux-x64/resources/app/out/vs/workbench/api/node/extensionHostProcess.js:96:106806)
	at Object.executeCommand (/LocalRun/wenjian.ma/vscode/VSCode-linux-x64/resources/app/out/vs/workbench/api/node/extensionHostProcess.js:117:30778)
	at D (/LocalRun/wenjian.ma/vscode/VSCode-linux-x64/resources/app/extensions/git/dist/main.js:2:2055373)
	at f.invoke (/LocalRun/wenjian.ma/vscode/VSCode-linux-x64/resources/app/out/vs/workbench/api/node/extensionHostProcess.js:63:145)
	at g.deliver (/LocalRun/wenjian.ma/vscode/VSCode-linux-x64/resources/app/out/vs/workbench/api/node/extensionHostProcess.js:63:2029)
	at d.fire (/LocalRun/wenjian.ma/vscode/VSCode-linux-x64/resources/app/out/vs/workbench/api/node/extensionHostProcess.js:63:1667)
	at Object.h [as dispose] (/LocalRun/wenjian.ma/vscode/VSCode-linux-x64/resources/app/extensions/git/dist/main.js:2:2070210)
	at /LocalRun/wenjian.ma/vscode/VSCode-linux-x64/resources/app/extensions/git/dist/main.js:2:2074277
	at Array.forEach (<anonymous>)
	at g.dispose (/LocalRun/wenjian.ma/vscode/VSCode-linux-x64/resources/app/extensions/git/dist/main.js:2:2074263)
	at C.<anonymous> (/LocalRun/wenjian.ma/vscode/VSCode-linux-x64/resources/app/out/vs/workbench/api/node/extensionHostProcess.js:94:12431)
	at C.dispose (/LocalRun/wenjian.ma/vscode/VSCode-linux-x64/resources/app/out/vs/workbench/api/node/extensionHostProcess.js:94:12566)
	at C.<anonymous> (/LocalRun/wenjian.ma/vscode/VSCode-linux-x64/resources/app/extensions/git/dist/main.js:2:2057503)
	at C.dispose (/LocalRun/wenjian.ma/vscode/VSCode-linux-x64/resources/app/out/vs/workbench/api/node/extensionHostProcess.js:94:12566)
	at T (/LocalRun/wenjian.ma/vscode/VSCode-linux-x64/resources/app/out/vs/workbench/api/node/extensionHostProcess.js:10:12072)
	at f.X (/LocalRun/wenjian.ma/vscode/VSCode-linux-x64/resources/app/out/vs/workbench/api/node/extensionHostProcess.js:108:11242)
	at /LocalRun/wenjian.ma/vscode/VSCode-linux-x64/resources/app/out/vs/workbench/api/node/extensionHostProcess.js:108:9037
	at Array.map (<anonymous>)
	at f.Q (/LocalRun/wenjian.ma/vscode/VSCode-linux-x64/resources/app/out/vs/workbench/api/node/extensionHostProcess.js:108:9024)
	at f.terminate (/LocalRun/wenjian.ma/vscode/VSCode-linux-x64/resources/app/out/vs/workbench/api/node/extensionHostProcess.js:108:9298)
	at h.terminate (/LocalRun/wenjian.ma/vscode/VSCode-linux-x64/resources/app/out/vs/workbench/api/node/extensionHostProcess.js:112:1397)
	at p (/LocalRun/wenjian.ma/vscode/VSCode-linux-x64/resources/app/out/vs/workbench/api/node/extensionHostProcess.js:122:17851)
	at MessagePortMain.<anonymous> (/LocalRun/wenjian.ma/vscode/VSCode-linux-x64/resources/app/out/vs/workbench/api/node/extensionHostProcess.js:122:13990)
	at MessagePortMain.emit (node:events:526:28)
	at MessagePortMain._internalPort.emit (node:electron/js2c/utility_init:5:364) setContext undefined
2023-02-19 14:10:42.422 [error] Canceled: Canceled
	at new u (/LocalRun/wenjian.ma/vscode/VSCode-linux-x64/resources/app/out/vs/workbench/api/node/extensionHostProcess.js:96:88070)
	at l.O (/LocalRun/wenjian.ma/vscode/VSCode-linux-x64/resources/app/out/vs/workbench/api/node/extensionHostProcess.js:106:11276)
	at V.<computed>.M.charCodeAt.V.<computed> (/LocalRun/wenjian.ma/vscode/VSCode-linux-x64/resources/app/out/vs/workbench/api/node/extensionHostProcess.js:106:8557)
	at s.g (/LocalRun/wenjian.ma/vscode/VSCode-linux-x64/resources/app/out/vs/workbench/api/node/extensionHostProcess.js:96:107430)
	at s.executeCommand (/LocalRun/wenjian.ma/vscode/VSCode-linux-x64/resources/app/out/vs/workbench/api/node/extensionHostProcess.js:96:106806)
	at w.registerCommand.description (/LocalRun/wenjian.ma/vscode/VSCode-linux-x64/resources/app/out/vs/workbench/api/node/extensionHostProcess.js:96:106099)
	at s.h (/LocalRun/wenjian.ma/vscode/VSCode-linux-x64/resources/app/out/vs/workbench/api/node/extensionHostProcess.js:96:108016)
	at s.g (/LocalRun/wenjian.ma/vscode/VSCode-linux-x64/resources/app/out/vs/workbench/api/node/extensionHostProcess.js:96:106906)
	at s.executeCommand (/LocalRun/wenjian.ma/vscode/VSCode-linux-x64/resources/app/out/vs/workbench/api/node/extensionHostProcess.js:96:106806)
	at Object.executeCommand (/LocalRun/wenjian.ma/vscode/VSCode-linux-x64/resources/app/out/vs/workbench/api/node/extensionHostProcess.js:117:30778)
	at D (/LocalRun/wenjian.ma/vscode/VSCode-linux-x64/resources/app/extensions/git/dist/main.js:2:2055373)
	at f.invoke (/LocalRun/wenjian.ma/vscode/VSCode-linux-x64/resources/app/out/vs/workbench/api/node/extensionHostProcess.js:63:145)
	at g.deliver (/LocalRun/wenjian.ma/vscode/VSCode-linux-x64/resources/app/out/vs/workbench/api/node/extensionHostProcess.js:63:2029)
	at d.fire (/LocalRun/wenjian.ma/vscode/VSCode-linux-x64/resources/app/out/vs/workbench/api/node/extensionHostProcess.js:63:1667)
	at Object.h [as dispose] (/LocalRun/wenjian.ma/vscode/VSCode-linux-x64/resources/app/extensions/git/dist/main.js:2:2070210)
	at /LocalRun/wenjian.ma/vscode/VSCode-linux-x64/resources/app/extensions/git/dist/main.js:2:2074277
	at Array.forEach (<anonymous>)
	at g.dispose (/LocalRun/wenjian.ma/vscode/VSCode-linux-x64/resources/app/extensions/git/dist/main.js:2:2074263)
	at C.<anonymous> (/LocalRun/wenjian.ma/vscode/VSCode-linux-x64/resources/app/out/vs/workbench/api/node/extensionHostProcess.js:94:12431)
	at C.dispose (/LocalRun/wenjian.ma/vscode/VSCode-linux-x64/resources/app/out/vs/workbench/api/node/extensionHostProcess.js:94:12566)
	at C.<anonymous> (/LocalRun/wenjian.ma/vscode/VSCode-linux-x64/resources/app/extensions/git/dist/main.js:2:2057503)
	at C.dispose (/LocalRun/wenjian.ma/vscode/VSCode-linux-x64/resources/app/out/vs/workbench/api/node/extensionHostProcess.js:94:12566)
	at T (/LocalRun/wenjian.ma/vscode/VSCode-linux-x64/resources/app/out/vs/workbench/api/node/extensionHostProcess.js:10:12072)
	at f.X (/LocalRun/wenjian.ma/vscode/VSCode-linux-x64/resources/app/out/vs/workbench/api/node/extensionHostProcess.js:108:11242)
	at /LocalRun/wenjian.ma/vscode/VSCode-linux-x64/resources/app/out/vs/workbench/api/node/extensionHostProcess.js:108:9037
	at Array.map (<anonymous>)
	at f.Q (/LocalRun/wenjian.ma/vscode/VSCode-linux-x64/resources/app/out/vs/workbench/api/node/extensionHostProcess.js:108:9024)
	at f.terminate (/LocalRun/wenjian.ma/vscode/VSCode-linux-x64/resources/app/out/vs/workbench/api/node/extensionHostProcess.js:108:9298)
	at h.terminate (/LocalRun/wenjian.ma/vscode/VSCode-linux-x64/resources/app/out/vs/workbench/api/node/extensionHostProcess.js:112:1397)
	at p (/LocalRun/wenjian.ma/vscode/VSCode-linux-x64/resources/app/out/vs/workbench/api/node/extensionHostProcess.js:122:17851)
	at MessagePortMain.<anonymous> (/LocalRun/wenjian.ma/vscode/VSCode-linux-x64/resources/app/out/vs/workbench/api/node/extensionHostProcess.js:122:13990)
	at MessagePortMain.emit (node:events:526:28)
	at MessagePortMain._internalPort.emit (node:electron/js2c/utility_init:5:364) setContext undefined
2023-02-19 14:10:42.422 [error] Canceled: Canceled
	at new u (/LocalRun/wenjian.ma/vscode/VSCode-linux-x64/resources/app/out/vs/workbench/api/node/extensionHostProcess.js:96:88070)
	at l.O (/LocalRun/wenjian.ma/vscode/VSCode-linux-x64/resources/app/out/vs/workbench/api/node/extensionHostProcess.js:106:11276)
	at V.<computed>.M.charCodeAt.V.<computed> (/LocalRun/wenjian.ma/vscode/VSCode-linux-x64/resources/app/out/vs/workbench/api/node/extensionHostProcess.js:106:8557)
	at s.g (/LocalRun/wenjian.ma/vscode/VSCode-linux-x64/resources/app/out/vs/workbench/api/node/extensionHostProcess.js:96:107430)
	at s.executeCommand (/LocalRun/wenjian.ma/vscode/VSCode-linux-x64/resources/app/out/vs/workbench/api/node/extensionHostProcess.js:96:106806)
	at w.registerCommand.description (/LocalRun/wenjian.ma/vscode/VSCode-linux-x64/resources/app/out/vs/workbench/api/node/extensionHostProcess.js:96:106099)
	at s.h (/LocalRun/wenjian.ma/vscode/VSCode-linux-x64/resources/app/out/vs/workbench/api/node/extensionHostProcess.js:96:108016)
	at s.g (/LocalRun/wenjian.ma/vscode/VSCode-linux-x64/resources/app/out/vs/workbench/api/node/extensionHostProcess.js:96:106906)
	at s.executeCommand (/LocalRun/wenjian.ma/vscode/VSCode-linux-x64/resources/app/out/vs/workbench/api/node/extensionHostProcess.js:96:106806)
	at Object.executeCommand (/LocalRun/wenjian.ma/vscode/VSCode-linux-x64/resources/app/out/vs/workbench/api/node/extensionHostProcess.js:117:30778)
	at D (/LocalRun/wenjian.ma/vscode/VSCode-linux-x64/resources/app/extensions/git/dist/main.js:2:2055373)
	at f.invoke (/LocalRun/wenjian.ma/vscode/VSCode-linux-x64/resources/app/out/vs/workbench/api/node/extensionHostProcess.js:63:145)
	at g.deliver (/LocalRun/wenjian.ma/vscode/VSCode-linux-x64/resources/app/out/vs/workbench/api/node/extensionHostProcess.js:63:2029)
	at d.fire (/LocalRun/wenjian.ma/vscode/VSCode-linux-x64/resources/app/out/vs/workbench/api/node/extensionHostProcess.js:63:1667)
	at Object.h [as dispose] (/LocalRun/wenjian.ma/vscode/VSCode-linux-x64/resources/app/extensions/git/dist/main.js:2:2070210)
	at /LocalRun/wenjian.ma/vscode/VSCode-linux-x64/resources/app/extensions/git/dist/main.js:2:2074277
	at Array.forEach (<anonymous>)
	at g.dispose (/LocalRun/wenjian.ma/vscode/VSCode-linux-x64/resources/app/extensions/git/dist/main.js:2:2074263)
	at C.<anonymous> (/LocalRun/wenjian.ma/vscode/VSCode-linux-x64/resources/app/out/vs/workbench/api/node/extensionHostProcess.js:94:12431)
	at C.dispose (/LocalRun/wenjian.ma/vscode/VSCode-linux-x64/resources/app/out/vs/workbench/api/node/extensionHostProcess.js:94:12566)
	at C.<anonymous> (/LocalRun/wenjian.ma/vscode/VSCode-linux-x64/resources/app/extensions/git/dist/main.js:2:2057503)
	at C.dispose (/LocalRun/wenjian.ma/vscode/VSCode-linux-x64/resources/app/out/vs/workbench/api/node/extensionHostProcess.js:94:12566)
	at T (/LocalRun/wenjian.ma/vscode/VSCode-linux-x64/resources/app/out/vs/workbench/api/node/extensionHostProcess.js:10:12072)
	at f.X (/LocalRun/wenjian.ma/vscode/VSCode-linux-x64/resources/app/out/vs/workbench/api/node/extensionHostProcess.js:108:11242)
	at /LocalRun/wenjian.ma/vscode/VSCode-linux-x64/resources/app/out/vs/workbench/api/node/extensionHostProcess.js:108:9037
	at Array.map (<anonymous>)
	at f.Q (/LocalRun/wenjian.ma/vscode/VSCode-linux-x64/resources/app/out/vs/workbench/api/node/extensionHostProcess.js:108:9024)
	at f.terminate (/LocalRun/wenjian.ma/vscode/VSCode-linux-x64/resources/app/out/vs/workbench/api/node/extensionHostProcess.js:108:9298)
	at h.terminate (/LocalRun/wenjian.ma/vscode/VSCode-linux-x64/resources/app/out/vs/workbench/api/node/extensionHostProcess.js:112:1397)
	at p (/LocalRun/wenjian.ma/vscode/VSCode-linux-x64/resources/app/out/vs/workbench/api/node/extensionHostProcess.js:122:17851)
	at MessagePortMain.<anonymous> (/LocalRun/wenjian.ma/vscode/VSCode-linux-x64/resources/app/out/vs/workbench/api/node/extensionHostProcess.js:122:13990)
	at MessagePortMain.emit (node:events:526:28)
	at MessagePortMain._internalPort.emit (node:electron/js2c/utility_init:5:364) setContext undefined
2023-02-19 14:10:42.451 [info] Extension host with pid 4195 exiting with code 0
