Name: isort
Module: isort
Python extension loading
Waiting for interpreter from python extension.
Python extension loaded
CWD Server: /LocalRun/wenjian.ma/tvm
sys.path used to run Server:
   /home/wenjian.ma/.vscode/extensions/ms-python.isort-2022.8.0/bundled/libs
   /home/wenjian.ma/.vscode/extensions/ms-python.isort-2022.8.0/bundled/tool
   /LocalRun/wenjian.ma/tvm/python
   /LocalRun/wenjian.ma/tvm
   /usr/lib/python37.zip
   /usr/lib/python3.7
   /usr/lib/python3.7/lib-dynload
   /usr/local/lib/python3.7/dist-packages
   /usr/lib/python3/dist-packages
Settings used to run Server:
[
    {
        "check": false,
        "workspace": "file:///LocalRun/wenjian.ma/tvm",
        "logLevel": "error",
        "args": [],
        "severity": {
            "W": "Warning",
            "E": "Hint"
        },
        "path": [],
        "interpreter": [
            "/usr/bin/python3.7"
        ],
        "importStrategy": "useBundled",
        "showNotifications": "off"
    }
]

/usr/bin/python3.7 -m isort --version-number
CWD Linter: /LocalRun/wenjian.ma/tvm
Version info for isort running for /LocalRun/wenjian.ma/tvm:
5.10.1

SUPPORTED isort>=5.10.1
FOUND isort==5.10.1

CWD Server: /LocalRun/wenjian.ma/tvm
sys.path used to run Server:
   /home/wenjian.ma/.vscode/extensions/ms-python.isort-2022.8.0/bundled/libs
   /home/wenjian.ma/.vscode/extensions/ms-python.isort-2022.8.0/bundled/tool
   /LocalRun/wenjian.ma/tvm/python
   /LocalRun/wenjian.ma/tvm
   /usr/lib/python37.zip
   /usr/lib/python3.7
   /usr/lib/python3.7/lib-dynload
   /LocalRun/wenjian.ma/myenv/lib/python3.7/site-packages
Settings used to run Server:
[
    {
        "check": false,
        "workspace": "file:///LocalRun/wenjian.ma/tvm",
        "logLevel": "error",
        "args": [],
        "severity": {
            "W": "Warning",
            "E": "Hint"
        },
        "path": [],
        "interpreter": [
            "/LocalRun/wenjian.ma/myenv/bin/python"
        ],
        "importStrategy": "useBundled",
        "showNotifications": "off"
    }
]

/LocalRun/wenjian.ma/myenv/bin/python -m isort --version-number
CWD Linter: /LocalRun/wenjian.ma/tvm
Version info for isort running for /LocalRun/wenjian.ma/tvm:
5.10.1

SUPPORTED isort>=5.10.1
FOUND isort==5.10.1

