[Info  - 3:27:51 PM] (25736) Pylance language server 2023.4.20 (pyright 64a33975) starting
[Info  - 3:27:52 PM] (25736) Server root directory: /home/wenjian.ma/.vscode/extensions/ms-python.vscode-pylance-2023.4.20/dist
[Info  - 3:27:52 PM] (25736) Starting service instance "tvm"
[Info  - 3:27:52 PM] (25736) Auto-indent enabled
[Info  - 3:27:52 PM] (25736) Background analysis(1) root directory: /home/wenjian.ma/.vscode/extensions/ms-python.vscode-pylance-2023.4.20/dist
[Info  - 3:27:52 PM] (25736) Background analysis(1) started
[Info  - 3:27:52 PM] (25736) Setting pythonPath for service "tvm": "/LocalRun/wenjian.ma/myenv/bin/python"
[Info  - 3:27:52 PM] (25736) Loading pyproject.toml file at /LocalRun/wenjian.ma/tvm/pyproject.toml
[Error - 3:27:52 PM] (25736) Pyproject file "/LocalRun/wenjian.ma/tvm/pyproject.toml" is missing "[tool.pyright]" section.
[Warn  - 3:27:52 PM] (25736) stubPath /LocalRun/wenjian.ma/tvm/typings is not a valid directory.
[Info  - 3:27:52 PM] (25736) Assuming Python version 3.7
[Info  - 3:27:53 PM] (25736) Found 2007 source files
[Info  - 3:27:53 PM] (25736) Indexer background runner(2) root directory: /home/wenjian.ma/.vscode/extensions/ms-python.vscode-pylance-2023.4.20/dist (index)
[Info  - 3:27:53 PM] (25736) Indexing(2) started
[Info  - 3:27:57 PM] (25736) [IDX(2)] Long operation: scan packages /LocalRun/wenjian.ma/tvm (3428ms)
[Info  - 3:27:57 PM] (25736) scanned(2) 254 files over 1 exec env
[Info  - 3:28:04 PM] (25736) [BG(1)] Long operation: getSemanticTokens full at /LocalRun/wenjian.ma/tvm/tests/python/relay/test_any.py (10774ms)
[Info  - 3:28:16 PM] (25736) [IDX(2)] Long operation: indexing: /LocalRun/wenjian.ma/myenv/lib/python3.7/site-packages/sympy/__init__.py (10303ms)
[Info  - 3:28:18 PM] (25736) [IDX(2)] Long operation: index execution environment /LocalRun/wenjian.ma/tvm (21738ms)
[Info  - 3:28:18 PM] (25736) [IDX(2)] Long operation: index packages /LocalRun/wenjian.ma/tvm (21749ms)
[Info  - 3:28:18 PM] (25736) indexed(2) 178 files over 1 exec env
[Info  - 3:28:18 PM] (25736) Indexing finished(2).
[Warn  - 3:28:39 PM] (25736) Workspace indexing has hit its upper limit: 2000 files
[Info  - 12:49:38 PM] (25736) Found 2006 source files
[Info  - 1:32:03 PM] (25736) Found 2507 source files
[Info  - 1:32:05 PM] (25736) [BG(1)] Long operation: checking: /LocalRun/wenjian.ma/tvm/tests/python/relay/test_any.py (2073ms)
[Info  - 1:32:05 PM] (25736) [BG(1)] Long operation: analyzing: /LocalRun/wenjian.ma/tvm/tests/python/relay/test_any.py (2221ms)
[Info  - 1:36:45 PM] (25736) Found 2511 source files
[Info  - 1:36:48 PM] (25736) [BG(1)] Long operation: checking: /LocalRun/wenjian.ma/tvm/tests/python/relay/test_any.py (2465ms)
[Info  - 1:36:48 PM] (25736) [BG(1)] Long operation: analyzing: /LocalRun/wenjian.ma/tvm/tests/python/relay/test_any.py (2722ms)
