2023-04-13 19:16:02.473 [info] Extension host with pid 15768 started
2023-04-13 19:16:02.479 [info] [resolveAuthority(ssh-remote,1)][0ms] activating resolver...
2023-04-13 19:16:02.493 [info] ExtensionService#_doActivateExtension ms-vscode-remote.remote-ssh, startup: false, activationEvent: 'onResolveRemoteAuthority:ssh-remote'
2023-04-13 19:16:02.512 [info] [resolveAuthority(ssh-remote,1)][33ms] setting tunnel factory...
2023-04-13 19:16:02.512 [info] [resolveAuthority(ssh-remote,1)][33ms] invoking resolve()...
2023-04-13 19:16:03.513 [info] [resolveAuthority(ssh-remote,1)][1034ms] waiting...
2023-04-13 19:16:04.513 [info] [resolveAuthority(ssh-remote,1)][2034ms] waiting...
2023-04-13 19:16:05.513 [info] [resolveAuthority(ssh-remote,1)][3034ms] waiting...
2023-04-13 19:16:06.513 [info] [resolveAuthority(ssh-remote,1)][4034ms] waiting...
2023-04-13 19:16:07.513 [info] [resolveAuthority(ssh-remote,1)][5034ms] waiting...
2023-04-13 19:16:08.513 [info] [resolveAuthority(ssh-remote,1)][6034ms] waiting...
2023-04-13 19:16:09.513 [info] [resolveAuthority(ssh-remote,1)][7034ms] waiting...
2023-04-13 19:16:10.513 [info] [resolveAuthority(ssh-remote,1)][8034ms] waiting...
2023-04-13 19:16:11.514 [info] [resolveAuthority(ssh-remote,1)][9035ms] waiting...
2023-04-13 19:16:12.515 [info] [resolveAuthority(ssh-remote,1)][10036ms] waiting...
2023-04-13 19:16:13.516 [info] [resolveAuthority(ssh-remote,1)][11037ms] waiting...
2023-04-13 19:16:14.516 [info] [resolveAuthority(ssh-remote,1)][12037ms] waiting...
2023-04-13 19:16:15.517 [info] [resolveAuthority(ssh-remote,1)][13038ms] waiting...
2023-04-13 19:16:16.517 [info] [resolveAuthority(ssh-remote,1)][14038ms] waiting...
2023-04-13 19:16:17.517 [info] [resolveAuthority(ssh-remote,1)][15038ms] waiting...
2023-04-13 19:16:18.518 [info] [resolveAuthority(ssh-remote,1)][16039ms] waiting...
2023-04-13 19:16:19.518 [info] [resolveAuthority(ssh-remote,1)][17039ms] waiting...
2023-04-13 19:16:20.518 [info] [resolveAuthority(ssh-remote,1)][18039ms] waiting...
2023-04-13 19:16:21.518 [info] [resolveAuthority(ssh-remote,1)][19039ms] waiting...
2023-04-13 19:16:22.518 [info] [resolveAuthority(ssh-remote,1)][20039ms] waiting...
2023-04-13 19:16:23.519 [info] [resolveAuthority(ssh-remote,1)][21040ms] waiting...
2023-04-13 19:16:24.520 [info] [resolveAuthority(ssh-remote,1)][22041ms] waiting...
2023-04-13 19:16:25.521 [info] [resolveAuthority(ssh-remote,1)][23041ms] waiting...
2023-04-13 19:16:26.520 [info] [resolveAuthority(ssh-remote,1)][24041ms] waiting...
2023-04-13 19:16:27.520 [info] [resolveAuthority(ssh-remote,1)][25041ms] waiting...
2023-04-13 19:16:28.520 [info] [resolveAuthority(ssh-remote,1)][26041ms] waiting...
2023-04-13 19:16:29.520 [info] [resolveAuthority(ssh-remote,1)][27041ms] waiting...
2023-04-13 19:16:30.521 [info] [resolveAuthority(ssh-remote,1)][28042ms] waiting...
2023-04-13 19:16:31.522 [info] [resolveAuthority(ssh-remote,1)][29043ms] waiting...
2023-04-13 19:16:32.522 [info] [resolveAuthority(ssh-remote,1)][30043ms] waiting...
2023-04-13 19:16:33.523 [info] [resolveAuthority(ssh-remote,1)][31044ms] waiting...
2023-04-13 19:16:34.524 [info] [resolveAuthority(ssh-remote,1)][32045ms] waiting...
2023-04-13 19:16:35.524 [info] [resolveAuthority(ssh-remote,1)][33045ms] waiting...
2023-04-13 19:16:36.525 [info] [resolveAuthority(ssh-remote,1)][34046ms] waiting...
2023-04-13 19:16:37.525 [info] [resolveAuthority(ssh-remote,1)][35046ms] waiting...
2023-04-13 19:16:38.525 [info] [resolveAuthority(ssh-remote,1)][36046ms] waiting...
2023-04-13 19:16:39.525 [info] [resolveAuthority(ssh-remote,1)][37046ms] waiting...
2023-04-13 19:16:40.525 [info] [resolveAuthority(ssh-remote,1)][38046ms] waiting...
2023-04-13 19:16:41.526 [info] [resolveAuthority(ssh-remote,1)][39047ms] waiting...
2023-04-13 19:16:42.526 [info] [resolveAuthority(ssh-remote,1)][40047ms] waiting...
2023-04-13 19:16:43.526 [info] [resolveAuthority(ssh-remote,1)][41047ms] waiting...
2023-04-13 19:16:44.526 [info] [resolveAuthority(ssh-remote,1)][42047ms] waiting...
2023-04-13 19:16:45.526 [info] [resolveAuthority(ssh-remote,1)][43047ms] waiting...
2023-04-13 19:16:46.527 [info] [resolveAuthority(ssh-remote,1)][44048ms] waiting...
2023-04-13 19:16:47.528 [info] [resolveAuthority(ssh-remote,1)][45049ms] waiting...
2023-04-13 19:16:48.529 [info] [resolveAuthority(ssh-remote,1)][46050ms] waiting...
2023-04-13 19:16:49.530 [info] [resolveAuthority(ssh-remote,1)][47051ms] waiting...
2023-04-13 19:16:50.530 [info] [resolveAuthority(ssh-remote,1)][48051ms] waiting...
2023-04-13 19:16:51.531 [info] [resolveAuthority(ssh-remote,1)][49052ms] waiting...
2023-04-13 19:16:52.476 [error] [resolveAuthority(ssh-remote,1)][49997ms] returned an error {"_message":"Permission denied (publickey,password).","_code":"NotAvailable","_detail":true}
2023-04-13 19:16:52.615 [info] Eager extensions activated
2023-04-13 19:16:52.713 [info] ExtensionService#_doActivateExtension ms-vscode-remote.remote-containers, startup: false, activationEvent: 'onStartupFinished'
2023-04-13 19:16:52.741 [info] ExtensionService#_doActivateExtension ms-vscode-remote.remote-wsl, startup: false, activationEvent: 'onStartupFinished'
2023-04-13 19:16:52.847 [info] ExtensionService#_doActivateExtension vscode.github-authentication, startup: false, activationEvent: 'onAuthenticationRequest:github'
2023-04-13 19:16:53.079 [info] ExtensionService#_doActivateExtension vscode.microsoft-authentication, startup: false, activationEvent: 'onAuthenticationRequest:microsoft'
2023-04-13 19:17:52.458 [info] Extension host terminating: renderer closed the MessagePort
2023-04-13 19:17:52.465 [error] Canceled: Canceled
	at new u (/LocalRun/wenjian.ma/vscode/VSCode-linux-x64/resources/app/out/vs/workbench/api/node/extensionHostProcess.js:96:88070)
	at l.O (/LocalRun/wenjian.ma/vscode/VSCode-linux-x64/resources/app/out/vs/workbench/api/node/extensionHostProcess.js:106:11276)
	at V.<computed>.M.charCodeAt.V.<computed> (/LocalRun/wenjian.ma/vscode/VSCode-linux-x64/resources/app/out/vs/workbench/api/node/extensionHostProcess.js:106:8557)
	at s.g (/LocalRun/wenjian.ma/vscode/VSCode-linux-x64/resources/app/out/vs/workbench/api/node/extensionHostProcess.js:96:107430)
	at s.executeCommand (/LocalRun/wenjian.ma/vscode/VSCode-linux-x64/resources/app/out/vs/workbench/api/node/extensionHostProcess.js:96:106806)
	at w.registerCommand.description (/LocalRun/wenjian.ma/vscode/VSCode-linux-x64/resources/app/out/vs/workbench/api/node/extensionHostProcess.js:96:106099)
	at s.h (/LocalRun/wenjian.ma/vscode/VSCode-linux-x64/resources/app/out/vs/workbench/api/node/extensionHostProcess.js:96:108016)
	at s.g (/LocalRun/wenjian.ma/vscode/VSCode-linux-x64/resources/app/out/vs/workbench/api/node/extensionHostProcess.js:96:106906)
	at s.executeCommand (/LocalRun/wenjian.ma/vscode/VSCode-linux-x64/resources/app/out/vs/workbench/api/node/extensionHostProcess.js:96:106806)
	at Object.executeCommand (/LocalRun/wenjian.ma/vscode/VSCode-linux-x64/resources/app/out/vs/workbench/api/node/extensionHostProcess.js:117:30778)
	at t.shutdown (/home/wenjian.ma/.vscode/extensions/ms-vscode-remote.remote-ssh-0.100.0/out/extension.js:1:646617)
	at e.deactivate (/home/wenjian.ma/.vscode/extensions/ms-vscode-remote.remote-ssh-0.100.0/out/extension.js:1:723630)
	at f.X (/LocalRun/wenjian.ma/vscode/VSCode-linux-x64/resources/app/out/vs/workbench/api/node/extensionHostProcess.js:108:11042)
	at /LocalRun/wenjian.ma/vscode/VSCode-linux-x64/resources/app/out/vs/workbench/api/node/extensionHostProcess.js:108:9037
	at Array.map (<anonymous>)
	at f.Q (/LocalRun/wenjian.ma/vscode/VSCode-linux-x64/resources/app/out/vs/workbench/api/node/extensionHostProcess.js:108:9024)
	at f.terminate (/LocalRun/wenjian.ma/vscode/VSCode-linux-x64/resources/app/out/vs/workbench/api/node/extensionHostProcess.js:108:9298)
	at h.terminate (/LocalRun/wenjian.ma/vscode/VSCode-linux-x64/resources/app/out/vs/workbench/api/node/extensionHostProcess.js:112:1397)
	at p (/LocalRun/wenjian.ma/vscode/VSCode-linux-x64/resources/app/out/vs/workbench/api/node/extensionHostProcess.js:122:17851)
	at MessagePortMain.<anonymous> (/LocalRun/wenjian.ma/vscode/VSCode-linux-x64/resources/app/out/vs/workbench/api/node/extensionHostProcess.js:122:13990)
	at MessagePortMain.emit (node:events:526:28)
	at MessagePortMain._internalPort.emit (node:electron/js2c/utility_init:5:364) setContext undefined
2023-04-13 19:17:52.465 [info] Extension host with pid 15768 exiting with code 0
2023-04-13 19:17:53.408 [info] Extension host with pid 28280 started
2023-04-13 19:17:53.435 [info] [resolveAuthority(ssh-remote,1)][0ms] activating resolver...
2023-04-13 19:17:53.491 [info] ExtensionService#_doActivateExtension ms-vscode-remote.remote-ssh, startup: false, activationEvent: 'onResolveRemoteAuthority:ssh-remote'
2023-04-13 19:17:53.515 [info] [resolveAuthority(ssh-remote,1)][80ms] setting tunnel factory...
2023-04-13 19:17:53.516 [info] [resolveAuthority(ssh-remote,1)][81ms] invoking resolve()...
2023-04-13 19:17:54.516 [info] [resolveAuthority(ssh-remote,1)][1081ms] waiting...
2023-04-13 19:17:55.517 [info] [resolveAuthority(ssh-remote,1)][2082ms] waiting...
2023-04-13 19:17:56.517 [info] [resolveAuthority(ssh-remote,1)][3082ms] waiting...
2023-04-13 19:17:57.517 [info] [resolveAuthority(ssh-remote,1)][4082ms] waiting...
2023-04-13 19:17:58.518 [info] [resolveAuthority(ssh-remote,1)][5083ms] waiting...
2023-04-13 19:17:59.519 [info] [resolveAuthority(ssh-remote,1)][6084ms] waiting...
2023-04-13 19:18:00.519 [info] [resolveAuthority(ssh-remote,1)][7084ms] waiting...
2023-04-13 19:18:01.518 [info] [resolveAuthority(ssh-remote,1)][8083ms] waiting...
2023-04-13 19:18:02.518 [info] [resolveAuthority(ssh-remote,1)][9083ms] waiting...
2023-04-13 19:18:03.519 [info] [resolveAuthority(ssh-remote,1)][10084ms] waiting...
2023-04-13 19:18:04.520 [info] [resolveAuthority(ssh-remote,1)][11085ms] waiting...
2023-04-13 19:18:05.521 [info] [resolveAuthority(ssh-remote,1)][12086ms] waiting...
2023-04-13 19:18:06.521 [info] [resolveAuthority(ssh-remote,1)][13086ms] waiting...
2023-04-13 19:18:07.521 [info] [resolveAuthority(ssh-remote,1)][14086ms] waiting...
2023-04-13 19:18:08.521 [info] [resolveAuthority(ssh-remote,1)][15086ms] waiting...
2023-04-13 19:18:09.521 [info] [resolveAuthority(ssh-remote,1)][16086ms] waiting...
2023-04-13 19:18:10.522 [info] [resolveAuthority(ssh-remote,1)][17087ms] waiting...
2023-04-13 19:18:11.523 [info] [resolveAuthority(ssh-remote,1)][18088ms] waiting...
2023-04-13 19:18:12.522 [info] [resolveAuthority(ssh-remote,1)][19087ms] waiting...
2023-04-13 19:18:13.523 [info] [resolveAuthority(ssh-remote,1)][20088ms] waiting...
2023-04-13 19:18:14.523 [info] [resolveAuthority(ssh-remote,1)][21088ms] waiting...
2023-04-13 19:18:15.523 [info] [resolveAuthority(ssh-remote,1)][22088ms] waiting...
2023-04-13 19:18:16.523 [info] [resolveAuthority(ssh-remote,1)][23088ms] waiting...
2023-04-13 19:18:17.523 [info] [resolveAuthority(ssh-remote,1)][24088ms] waiting...
2023-04-13 19:18:18.524 [info] [resolveAuthority(ssh-remote,1)][25089ms] waiting...
2023-04-13 19:18:19.525 [info] [resolveAuthority(ssh-remote,1)][26090ms] waiting...
2023-04-13 19:18:20.526 [info] [resolveAuthority(ssh-remote,1)][27091ms] waiting...
2023-04-13 19:18:21.526 [info] [resolveAuthority(ssh-remote,1)][28091ms] waiting...
2023-04-13 19:18:22.527 [info] [resolveAuthority(ssh-remote,1)][29092ms] waiting...
2023-04-13 19:18:23.528 [info] [resolveAuthority(ssh-remote,1)][30093ms] waiting...
2023-04-13 19:18:24.529 [info] [resolveAuthority(ssh-remote,1)][31094ms] waiting...
2023-04-13 19:18:25.530 [info] [resolveAuthority(ssh-remote,1)][32095ms] waiting...
2023-04-13 19:18:26.530 [info] [resolveAuthority(ssh-remote,1)][33095ms] waiting...
2023-04-13 19:18:27.530 [info] [resolveAuthority(ssh-remote,1)][34095ms] waiting...
2023-04-13 19:18:28.531 [info] [resolveAuthority(ssh-remote,1)][35096ms] waiting...
2023-04-13 19:18:29.531 [info] [resolveAuthority(ssh-remote,1)][36096ms] waiting...
2023-04-13 19:18:30.530 [info] [resolveAuthority(ssh-remote,1)][37095ms] waiting...
2023-04-13 19:18:31.530 [info] [resolveAuthority(ssh-remote,1)][38095ms] waiting...
2023-04-13 19:18:32.530 [info] [resolveAuthority(ssh-remote,1)][39095ms] waiting...
2023-04-13 19:18:33.530 [info] [resolveAuthority(ssh-remote,1)][40095ms] waiting...
2023-04-13 19:18:34.530 [info] [resolveAuthority(ssh-remote,1)][41095ms] waiting...
2023-04-13 19:18:35.530 [info] [resolveAuthority(ssh-remote,1)][42095ms] waiting...
2023-04-13 19:18:36.531 [info] [resolveAuthority(ssh-remote,1)][43096ms] waiting...
2023-04-13 19:18:37.532 [info] [resolveAuthority(ssh-remote,1)][44097ms] waiting...
2023-04-13 19:18:38.533 [info] [resolveAuthority(ssh-remote,1)][45098ms] waiting...
2023-04-13 19:18:39.533 [info] [resolveAuthority(ssh-remote,1)][46098ms] waiting...
2023-04-13 19:18:40.533 [info] [resolveAuthority(ssh-remote,1)][47098ms] waiting...
2023-04-13 19:18:41.533 [info] [resolveAuthority(ssh-remote,1)][48098ms] waiting...
2023-04-13 19:18:42.534 [info] [resolveAuthority(ssh-remote,1)][49099ms] waiting...
2023-04-13 19:18:43.534 [info] [resolveAuthority(ssh-remote,1)][50099ms] waiting...
2023-04-13 19:18:44.534 [info] [resolveAuthority(ssh-remote,1)][51099ms] waiting...
2023-04-13 19:18:45.535 [info] [resolveAuthority(ssh-remote,1)][52100ms] waiting...
2023-04-13 19:18:46.535 [info] [resolveAuthority(ssh-remote,1)][53100ms] waiting...
2023-04-13 19:18:47.535 [info] [resolveAuthority(ssh-remote,1)][54100ms] waiting...
2023-04-13 19:18:48.536 [info] [resolveAuthority(ssh-remote,1)][55101ms] waiting...
2023-04-13 19:18:49.537 [info] [resolveAuthority(ssh-remote,1)][56102ms] waiting...
2023-04-13 19:18:50.536 [info] [resolveAuthority(ssh-remote,1)][57101ms] waiting...
2023-04-13 19:18:51.536 [info] [resolveAuthority(ssh-remote,1)][58101ms] waiting...
2023-04-13 19:18:52.536 [info] [resolveAuthority(ssh-remote,1)][59101ms] waiting...
2023-04-13 19:18:53.537 [info] [resolveAuthority(ssh-remote,1)][60102ms] waiting...
2023-04-13 19:18:54.538 [info] [resolveAuthority(ssh-remote,1)][61103ms] waiting...
2023-04-13 19:18:55.539 [info] [resolveAuthority(ssh-remote,1)][62104ms] waiting...
2023-04-13 19:18:56.538 [info] [resolveAuthority(ssh-remote,1)][63103ms] waiting...
2023-04-13 19:18:57.538 [info] [resolveAuthority(ssh-remote,1)][64103ms] waiting...
2023-04-13 19:18:58.538 [info] [resolveAuthority(ssh-remote,1)][65103ms] waiting...
2023-04-13 19:18:59.539 [info] [resolveAuthority(ssh-remote,1)][66104ms] waiting...
2023-04-13 19:19:00.539 [info] [resolveAuthority(ssh-remote,1)][67104ms] waiting...
2023-04-13 19:19:01.540 [info] [resolveAuthority(ssh-remote,1)][68105ms] waiting...
2023-04-13 19:19:02.541 [info] [resolveAuthority(ssh-remote,1)][69106ms] waiting...
2023-04-13 19:19:03.541 [info] [resolveAuthority(ssh-remote,1)][70106ms] waiting...
2023-04-13 19:19:04.542 [info] [resolveAuthority(ssh-remote,1)][71106ms] waiting...
2023-04-13 19:19:05.542 [info] [resolveAuthority(ssh-remote,1)][72106ms] waiting...
2023-04-13 19:19:06.542 [info] [resolveAuthority(ssh-remote,1)][73107ms] waiting...
2023-04-13 19:19:07.543 [info] [resolveAuthority(ssh-remote,1)][74108ms] waiting...
2023-04-13 19:19:08.544 [info] [resolveAuthority(ssh-remote,1)][75109ms] waiting...
2023-04-13 19:19:09.545 [info] [resolveAuthority(ssh-remote,1)][76110ms] waiting...
2023-04-13 19:19:10.546 [info] [resolveAuthority(ssh-remote,1)][77111ms] waiting...
2023-04-13 19:19:11.547 [info] [resolveAuthority(ssh-remote,1)][78112ms] waiting...
2023-04-13 19:19:12.548 [info] [resolveAuthority(ssh-remote,1)][79113ms] waiting...
2023-04-13 19:19:13.549 [info] [resolveAuthority(ssh-remote,1)][80114ms] waiting...
2023-04-13 19:19:14.549 [info] [resolveAuthority(ssh-remote,1)][81114ms] waiting...
2023-04-13 19:19:15.549 [info] [resolveAuthority(ssh-remote,1)][82114ms] waiting...
2023-04-13 19:19:16.549 [info] [resolveAuthority(ssh-remote,1)][83114ms] waiting...
2023-04-13 19:19:17.549 [info] [resolveAuthority(ssh-remote,1)][84114ms] waiting...
2023-04-13 19:19:18.549 [info] [resolveAuthority(ssh-remote,1)][85114ms] waiting...
2023-04-13 19:19:19.549 [info] [resolveAuthority(ssh-remote,1)][86114ms] waiting...
2023-04-13 19:19:20.550 [info] [resolveAuthority(ssh-remote,1)][87115ms] waiting...
2023-04-13 19:19:21.550 [info] [resolveAuthority(ssh-remote,1)][88115ms] waiting...
2023-04-13 19:19:22.550 [info] [resolveAuthority(ssh-remote,1)][89115ms] waiting...
2023-04-13 19:19:23.551 [info] [resolveAuthority(ssh-remote,1)][90116ms] waiting...
2023-04-13 19:19:24.551 [info] [resolveAuthority(ssh-remote,1)][91116ms] waiting...
2023-04-13 19:19:25.550 [info] [resolveAuthority(ssh-remote,1)][92115ms] waiting...
2023-04-13 19:19:26.550 [info] [resolveAuthority(ssh-remote,1)][93115ms] waiting...
2023-04-13 19:19:27.550 [info] [resolveAuthority(ssh-remote,1)][94115ms] waiting...
2023-04-13 19:19:28.551 [info] [resolveAuthority(ssh-remote,1)][95116ms] waiting...
2023-04-13 19:19:29.552 [info] [resolveAuthority(ssh-remote,1)][96117ms] waiting...
2023-04-13 19:19:30.551 [info] [resolveAuthority(ssh-remote,1)][97116ms] waiting...
2023-04-13 19:19:31.551 [info] [resolveAuthority(ssh-remote,1)][98116ms] waiting...
2023-04-13 19:19:32.551 [info] [resolveAuthority(ssh-remote,1)][99116ms] waiting...
2023-04-13 19:19:33.552 [info] [resolveAuthority(ssh-remote,1)][100117ms] waiting...
2023-04-13 19:19:34.553 [info] [resolveAuthority(ssh-remote,1)][101118ms] waiting...
2023-04-13 19:19:35.554 [info] [resolveAuthority(ssh-remote,1)][102119ms] waiting...
2023-04-13 19:19:36.554 [info] [resolveAuthority(ssh-remote,1)][103119ms] waiting...
2023-04-13 19:19:37.554 [info] [resolveAuthority(ssh-remote,1)][104119ms] waiting...
2023-04-13 19:19:38.555 [info] [resolveAuthority(ssh-remote,1)][105120ms] waiting...
2023-04-13 19:19:39.556 [info] [resolveAuthority(ssh-remote,1)][106121ms] waiting...
2023-04-13 19:19:40.556 [info] [resolveAuthority(ssh-remote,1)][107121ms] waiting...
2023-04-13 19:19:41.556 [info] [resolveAuthority(ssh-remote,1)][108121ms] waiting...
2023-04-13 19:19:42.557 [info] [resolveAuthority(ssh-remote,1)][109122ms] waiting...
2023-04-13 19:19:43.557 [info] [resolveAuthority(ssh-remote,1)][110122ms] waiting...
2023-04-13 19:19:44.557 [info] [resolveAuthority(ssh-remote,1)][111122ms] waiting...
2023-04-13 19:19:45.557 [info] [resolveAuthority(ssh-remote,1)][112122ms] waiting...
2023-04-13 19:19:46.557 [info] [resolveAuthority(ssh-remote,1)][113122ms] waiting...
2023-04-13 19:19:47.557 [info] [resolveAuthority(ssh-remote,1)][114122ms] waiting...
2023-04-13 19:19:48.557 [info] [resolveAuthority(ssh-remote,1)][115122ms] waiting...
2023-04-13 19:19:49.558 [info] [resolveAuthority(ssh-remote,1)][116123ms] waiting...
2023-04-13 19:19:50.558 [info] [resolveAuthority(ssh-remote,1)][117123ms] waiting...
2023-04-13 19:19:51.559 [info] [resolveAuthority(ssh-remote,1)][118124ms] waiting...
2023-04-13 19:19:52.559 [info] [resolveAuthority(ssh-remote,1)][119124ms] waiting...
2023-04-13 19:19:53.560 [info] [resolveAuthority(ssh-remote,1)][120125ms] waiting...
2023-04-13 19:19:54.560 [info] [resolveAuthority(ssh-remote,1)][121125ms] waiting...
2023-04-13 19:19:55.560 [info] [resolveAuthority(ssh-remote,1)][122125ms] waiting...
2023-04-13 19:19:56.561 [info] [resolveAuthority(ssh-remote,1)][123126ms] waiting...
2023-04-13 19:19:57.562 [info] [resolveAuthority(ssh-remote,1)][124127ms] waiting...
2023-04-13 19:19:58.563 [info] [resolveAuthority(ssh-remote,1)][125127ms] waiting...
2023-04-13 19:19:59.562 [info] [resolveAuthority(ssh-remote,1)][126127ms] waiting...
2023-04-13 19:20:00.562 [info] [resolveAuthority(ssh-remote,1)][127127ms] waiting...
2023-04-13 19:20:01.563 [info] [resolveAuthority(ssh-remote,1)][128127ms] waiting...
2023-04-13 19:20:02.563 [info] [resolveAuthority(ssh-remote,1)][129128ms] waiting...
2023-04-13 19:20:03.563 [info] [resolveAuthority(ssh-remote,1)][130128ms] waiting...
2023-04-13 19:20:04.564 [info] [resolveAuthority(ssh-remote,1)][131129ms] waiting...
2023-04-13 19:20:05.564 [info] [resolveAuthority(ssh-remote,1)][132129ms] waiting...
2023-04-13 19:20:06.565 [info] [resolveAuthority(ssh-remote,1)][133130ms] waiting...
2023-04-13 19:20:07.566 [info] [resolveAuthority(ssh-remote,1)][134131ms] waiting...
2023-04-13 19:20:08.567 [info] [resolveAuthority(ssh-remote,1)][135132ms] waiting...
2023-04-13 19:20:09.567 [info] [resolveAuthority(ssh-remote,1)][136132ms] waiting...
2023-04-13 19:20:10.568 [info] [resolveAuthority(ssh-remote,1)][137133ms] waiting...
2023-04-13 19:20:11.569 [info] [resolveAuthority(ssh-remote,1)][138134ms] waiting...
2023-04-13 19:20:12.570 [info] [resolveAuthority(ssh-remote,1)][139135ms] waiting...
2023-04-13 19:20:13.336 [info] Extension host terminating: renderer closed the MessagePort
2023-04-13 19:20:13.338 [info] Extension host with pid 28280 exiting with code 0
