2023-05-05 15:27:45.990 [info] Log level: Info
2023-05-05 15:27:45.990 [info] Validating found git in: "git"
2023-05-05 15:27:45.990 [info] Using git "2.22.0" from "git"
2023-05-05 15:27:46.366 [info] > git rev-parse --show-toplevel [455ms]
2023-05-05 15:27:46.404 [info] > git rev-parse --git-dir --git-common-dir [15ms]
2023-05-05 15:27:46.412 [info] Open repository: /LocalRun/wenjian.ma/tvm
2023-05-05 15:27:46.429 [info] > git rev-parse --show-toplevel [9ms]
2023-05-05 15:27:46.443 [info] > git rev-parse --show-toplevel [8ms]
2023-05-05 15:27:46.449 [info] > git config --get commit.template [20ms]
2023-05-05 15:27:46.451 [info] > git rev-parse --show-toplevel [3ms]
2023-05-05 15:27:46.472 [info] > git rev-parse --show-toplevel [15ms]
2023-05-05 15:27:46.488 [info] > git rev-parse --show-toplevel [9ms]
2023-05-05 15:27:46.498 [info] > git rev-parse --show-toplevel [3ms]
2023-05-05 15:27:46.511 [info] > git rev-parse --show-toplevel [6ms]
2023-05-05 15:27:46.526 [info] > git rev-parse --show-toplevel [9ms]
2023-05-05 15:27:46.535 [info] > git rev-parse --show-toplevel [3ms]
2023-05-05 15:27:46.544 [info] > git rev-parse --show-toplevel [2ms]
2023-05-05 15:27:46.552 [info] > git rev-parse --show-toplevel [2ms]
2023-05-05 15:27:46.563 [info] > git rev-parse --show-toplevel [5ms]
2023-05-05 15:27:46.573 [info] > git rev-parse --show-toplevel [5ms]
2023-05-05 15:27:46.580 [info] > git rev-parse --show-toplevel [2ms]
2023-05-05 15:27:46.602 [info] > git rev-parse --show-toplevel [17ms]
2023-05-05 15:27:46.608 [info] > git rev-parse --show-toplevel [1ms]
2023-05-05 15:27:46.618 [info] > git rev-parse --show-toplevel [4ms]
2023-05-05 15:27:46.631 [info] > git rev-parse --show-toplevel [8ms]
2023-05-05 15:27:46.745 [info] > git rev-parse --show-toplevel [107ms]
2023-05-05 15:27:48.257 [info] > git rev-parse --show-toplevel [1504ms]
2023-05-05 15:27:48.492 [info] > git rev-parse --show-toplevel [228ms]
2023-05-05 15:27:48.499 [info] > git for-each-ref --format=%(refname)%00%(upstream:short)%00%(objectname)%00%(upstream:track)%00%(upstream:remotename)%00%(upstream:remoteref) refs/heads/fix_vm_scalar_args_testcase refs/remotes/fix_vm_scalar_args_testcase [2032ms]
2023-05-05 15:27:48.553 [info] > git rev-parse --show-toplevel [55ms]
2023-05-05 15:27:48.568 [info] > git rev-parse --show-toplevel [10ms]
2023-05-05 15:27:48.651 [info] > git rev-parse --show-toplevel [78ms]
2023-05-05 15:27:48.676 [info] > git rev-parse --show-toplevel [19ms]
2023-05-05 15:27:48.687 [info] > git rev-parse --show-toplevel [5ms]
2023-05-05 15:27:48.701 [info] > git rev-parse --show-toplevel [7ms]
2023-05-05 15:27:48.734 [info] > git rev-parse --show-toplevel [26ms]
2023-05-05 15:27:48.755 [info] > git rev-parse --show-toplevel [13ms]
2023-05-05 15:27:48.780 [info] > git rev-parse --show-toplevel [14ms]
2023-05-05 15:27:49.448 [info] > git ls-files --stage -- /LocalRun/wenjian.ma/tvm/tests/python/relay/test_any.py [652ms]
2023-05-05 15:27:49.456 [info] > git check-ignore -v -z --stdin [1209ms]
2023-05-05 15:27:49.833 [info] > git cat-file -s 279507f7db1a70f6cc6149de1485f095e7c67000 [378ms]
2023-05-05 15:27:49.839 [info] > git show --textconv :tests/python/relay/test_any.py [1050ms]
2023-05-05 15:27:50.675 [info] > git for-each-ref --sort -committerdate --format %(refname) %(objectname) %(*objectname) [2161ms]
2023-05-05 15:27:59.268 [info] > git status -z -uall [10763ms]
2023-05-05 15:27:59.954 [info] > git config --get commit.template [565ms]
2023-05-05 15:27:59.994 [info] > git rev-parse --show-toplevel [17ms]
2023-05-05 15:28:00.017 [info] > git for-each-ref --format=%(refname)%00%(upstream:short)%00%(objectname)%00%(upstream:track)%00%(upstream:remotename)%00%(upstream:remoteref) refs/heads/fix_vm_scalar_args_testcase refs/remotes/fix_vm_scalar_args_testcase [25ms]
2023-05-05 15:28:00.059 [info] > git rev-parse --git-dir --git-common-dir [43ms]
2023-05-05 15:28:00.068 [info] Open repository: /LocalRun/wenjian.ma/tvm/3rdparty/dmlc-core
2023-05-05 15:28:00.087 [info] > git for-each-ref --sort -committerdate --format %(refname) %(objectname) %(*objectname) [29ms]
2023-05-05 15:28:00.090 [info] > git config --get commit.template [3ms]
2023-05-05 15:28:00.090 [info] > git rev-parse --show-toplevel [13ms]
2023-05-05 15:28:00.103 [info] > git rev-parse --git-dir --git-common-dir [5ms]
2023-05-05 15:28:00.107 [info] Open repository: /LocalRun/wenjian.ma/tvm/3rdparty/dlpack
2023-05-05 15:28:00.132 [info] > git rev-parse --show-toplevel [17ms]
2023-05-05 15:28:00.143 [info] > git rev-parse --git-dir --git-common-dir [4ms]
2023-05-05 15:28:00.147 [info] Open repository: /LocalRun/wenjian.ma/tvm/3rdparty/rang
2023-05-05 15:28:00.157 [info] > git config --get commit.template [26ms]
2023-05-05 15:28:00.169 [info] > git status -z -uall [122ms]
2023-05-05 15:28:00.170 [info] > git rev-parse --show-toplevel [12ms]
2023-05-05 15:28:00.245 [info] > git rev-parse --git-dir --git-common-dir [68ms]
2023-05-05 15:28:00.249 [info] Open repository: /LocalRun/wenjian.ma/tvm/3rdparty/vta-hw
2023-05-05 15:28:00.259 [info] > git config --get commit.template [91ms]
2023-05-05 15:28:00.271 [info] > git rev-parse --show-toplevel [13ms]
2023-05-05 15:28:00.749 [info] > git rev-parse --git-dir --git-common-dir [469ms]
2023-05-05 15:28:00.754 [info] Open repository: /LocalRun/wenjian.ma/tvm/3rdparty/libbacktrace
2023-05-05 15:28:00.766 [info] > git config --get commit.template [495ms]
2023-05-05 15:28:00.767 [info] > git for-each-ref --format %(refname) %(objectname) %(*objectname) refs/tags [522ms]
2023-05-05 15:28:00.791 [info] > git for-each-ref --format %(refname) %(objectname) %(*objectname) refs/tags [666ms]
2023-05-05 15:28:00.841 [info] > git status -z -uall [63ms]
2023-05-05 15:28:00.841 [info] > git status -z -uall [40ms]
2023-05-05 15:28:00.842 [info] > git rev-parse --show-toplevel [76ms]
2023-05-05 15:28:00.864 [info] > git check-ignore -v -z --stdin [37ms]
2023-05-05 15:28:00.877 [info] > git rev-parse --git-dir --git-common-dir [26ms]
2023-05-05 15:28:00.881 [info] Open repository: /LocalRun/wenjian.ma/tvm/3rdparty/cutlass
2023-05-05 15:28:00.881 [info] > git config --get commit.template [42ms]
2023-05-05 15:28:00.895 [info] > git for-each-ref --format %(refname) %(objectname) %(*objectname) refs/tags [32ms]
2023-05-05 15:28:00.920 [info] > git status -z -uall [17ms]
2023-05-05 15:28:00.921 [info] > git config --get commit.template [26ms]
2023-05-05 15:28:00.923 [info] > git for-each-ref --format %(refname) %(objectname) %(*objectname) refs/tags [3ms]
2023-05-05 15:28:00.943 [info] > git status -z -uall [13ms]
2023-05-05 15:28:01.189 [info] > git for-each-ref --format %(refname) %(objectname) %(*objectname) refs/tags [441ms]
2023-05-05 15:28:01.266 [info] > git status -z -uall [53ms]
2023-05-05 15:28:01.268 [info] > git for-each-ref --sort -committerdate --format %(refname) %(objectname) %(*objectname) [356ms]
2023-05-05 15:28:01.288 [info] > git for-each-ref --sort -committerdate --format %(refname) %(objectname) %(*objectname) [352ms]
2023-05-05 15:28:01.332 [info] > git for-each-ref --sort -committerdate --format %(refname) %(objectname) %(*objectname) [520ms]
2023-05-05 15:28:01.335 [info] > git for-each-ref --sort -committerdate --format %(refname) %(objectname) %(*objectname) [545ms]
2023-05-05 15:28:01.395 [info] > git check-ignore -v -z --stdin [3ms]
2023-05-05 15:28:01.807 [info] > git for-each-ref --sort -committerdate --format %(refname) %(objectname) %(*objectname) [544ms]
2023-05-05 15:28:02.347 [info] > git for-each-ref --format %(refname) %(objectname) %(*objectname) refs/tags [1403ms]
2023-05-05 15:28:02.389 [info] > git status -z -uall [31ms]
2023-05-05 15:28:03.547 [info] > git for-each-ref --sort -committerdate --format %(refname) %(objectname) %(*objectname) [1164ms]
2023-05-05 15:28:29.910 [info] > git check-ignore -v -z --stdin [38ms]
2023-05-05 15:28:29.911 [info] > git check-ignore -v -z --stdin [20ms]
2023-05-05 15:28:29.912 [info] > git check-ignore -v -z --stdin [10ms]
2023-05-05 15:28:29.912 [info] > git check-ignore -v -z --stdin [3ms]
2023-05-05 15:34:08.639 [info] > git check-ignore -v -z --stdin [2ms]
2023-05-15 12:45:50.488 [info] > git config --get commit.template [1ms]
2023-05-15 12:45:50.517 [info] > git for-each-ref --format %(refname) %(objectname) %(*objectname) refs/tags [2ms]
2023-05-15 12:45:50.574 [info] > git status -z -uall [30ms]
2023-05-15 12:45:50.575 [info] > git for-each-ref --sort -committerdate --format %(refname) %(objectname) %(*objectname) [2ms]
2023-05-15 12:46:37.597 [info] > git config --get commit.template [1ms]
2023-05-15 12:46:37.626 [info] > git for-each-ref --format=%(refname)%00%(upstream:short)%00%(objectname)%00%(upstream:track)%00%(upstream:remotename)%00%(upstream:remoteref) refs/heads/fix_vm_scalar_args_testcase refs/remotes/fix_vm_scalar_args_testcase [1ms]
2023-05-15 12:46:37.692 [info] > git for-each-ref --sort -committerdate --format %(refname) %(objectname) %(*objectname) [2ms]
2023-05-15 12:46:37.733 [info] > git status -z -uall [79ms]
2023-05-15 12:46:37.733 [info] > git ls-files --stage -- /LocalRun/wenjian.ma/tvm/tests/python/relay/test_any.py [4ms]
2023-05-15 12:46:37.849 [info] > git cat-file -s 279507f7db1a70f6cc6149de1485f095e7c67000 [88ms]
2023-05-15 12:46:38.924 [info] > git show --textconv :tests/python/relay/test_any.py [1041ms]
2023-05-15 12:47:23.326 [info] > git config --get commit.template [2ms]
2023-05-15 12:47:23.343 [info] > git for-each-ref --format=%(refname)%00%(upstream:short)%00%(objectname)%00%(upstream:track)%00%(upstream:remotename)%00%(upstream:remoteref) refs/heads/fix_vm_scalar_args_testcase refs/remotes/fix_vm_scalar_args_testcase [1ms]
2023-05-15 12:47:23.373 [info] > git for-each-ref --sort -committerdate --format %(refname) %(objectname) %(*objectname) [2ms]
2023-05-15 12:47:23.412 [info] > git status -z -uall [57ms]
2023-05-15 12:49:39.073 [info] > git config --get commit.template [1ms]
2023-05-15 12:49:39.090 [info] > git for-each-ref --format=%(refname)%00%(upstream:short)%00%(objectname)%00%(upstream:track)%00%(upstream:remotename)%00%(upstream:remoteref) refs/heads/fix_vm_scalar_args_testcase refs/remotes/fix_vm_scalar_args_testcase [2ms]
2023-05-15 12:49:39.121 [info] > git for-each-ref --sort -committerdate --format %(refname) %(objectname) %(*objectname) [4ms]
2023-05-15 12:49:39.162 [info] > git status -z -uall [59ms]
2023-05-15 12:49:42.803 [info] > git ls-files --stage -- /LocalRun/wenjian.ma/tvm/tests/python/relay/test_any.py [2ms]
2023-05-15 12:49:42.822 [info] > git cat-file -s 279507f7db1a70f6cc6149de1485f095e7c67000 [2ms]
2023-05-15 12:49:42.845 [info] > git show --textconv :tests/python/relay/test_any.py [3ms]
2023-05-15 12:49:44.253 [info] > git config --get commit.template [1ms]
2023-05-15 12:49:44.276 [info] > git for-each-ref --format=%(refname)%00%(upstream:short)%00%(objectname)%00%(upstream:track)%00%(upstream:remotename)%00%(upstream:remoteref) refs/heads/fix_vm_scalar_args_testcase refs/remotes/fix_vm_scalar_args_testcase [1ms]
2023-05-15 12:49:44.313 [info] > git for-each-ref --sort -committerdate --format %(refname) %(objectname) %(*objectname) [3ms]
2023-05-15 12:49:44.351 [info] > git status -z -uall [60ms]
2023-05-15 12:49:50.697 [info] > git config --get commit.template [2ms]
2023-05-15 12:49:50.713 [info] > git for-each-ref --format=%(refname)%00%(upstream:short)%00%(objectname)%00%(upstream:track)%00%(upstream:remotename)%00%(upstream:remoteref) refs/heads/fix_vm_scalar_args_testcase refs/remotes/fix_vm_scalar_args_testcase [1ms]
2023-05-15 12:49:50.749 [info] > git for-each-ref --sort -committerdate --format %(refname) %(objectname) %(*objectname) [2ms]
2023-05-15 12:49:50.799 [info] > git status -z -uall [71ms]
2023-05-15 12:49:50.800 [info] > git ls-files --stage -- /LocalRun/wenjian.ma/tvm/tests/python/relay/test_any.py [2ms]
2023-05-15 12:49:50.880 [info] > git cat-file -s 279507f7db1a70f6cc6149de1485f095e7c67000 [65ms]
2023-05-15 12:49:50.904 [info] > git show --textconv :tests/python/relay/test_any.py [4ms]
2023-05-15 12:50:27.394 [info] > git config --get commit.template [1ms]
2023-05-15 12:50:27.407 [info] > git for-each-ref --format %(refname) %(objectname) %(*objectname) refs/tags [1ms]
2023-05-15 12:50:27.432 [info] > git status -z -uall [15ms]
2023-05-15 12:50:27.433 [info] > git for-each-ref --sort -committerdate --format %(refname) %(objectname) %(*objectname) [2ms]
2023-05-15 12:50:38.329 [info] > git config --get commit.template [0ms]
2023-05-15 12:50:38.343 [info] > git for-each-ref --format %(refname) %(objectname) %(*objectname) refs/tags [2ms]
2023-05-15 12:50:38.367 [info] > git status -z -uall [13ms]
2023-05-15 12:50:38.369 [info] > git for-each-ref --sort -committerdate --format %(refname) %(objectname) %(*objectname) [2ms]
2023-05-15 12:50:50.705 [info] > git config --get commit.template [1ms]
2023-05-15 12:50:50.717 [info] > git for-each-ref --format=%(refname)%00%(upstream:short)%00%(objectname)%00%(upstream:track)%00%(upstream:remotename)%00%(upstream:remoteref) refs/heads/fix_vm_scalar_args_testcase refs/remotes/fix_vm_scalar_args_testcase [1ms]
2023-05-15 12:50:50.744 [info] > git for-each-ref --sort -committerdate --format %(refname) %(objectname) %(*objectname) [2ms]
2023-05-15 12:50:50.778 [info] > git status -z -uall [49ms]
2023-05-15 12:50:50.861 [info] > git ls-files --stage -- /LocalRun/wenjian.ma/tvm/tests/python/relay/test_any.py [3ms]
2023-05-15 12:50:50.873 [info] > git cat-file -s 279507f7db1a70f6cc6149de1485f095e7c67000 [1ms]
2023-05-15 12:50:50.888 [info] > git show --textconv :tests/python/relay/test_any.py [2ms]
2023-05-15 13:30:40.340 [info] > git config --get commit.template [4ms]
2023-05-15 13:30:40.375 [info] > git for-each-ref --format %(refname) %(objectname) %(*objectname) refs/tags [4ms]
2023-05-15 13:30:40.419 [info] > git status -z -uall [22ms]
2023-05-15 13:30:40.421 [info] > git for-each-ref --sort -committerdate --format %(refname) %(objectname) %(*objectname) [2ms]
2023-05-15 13:31:57.768 [info] > git config --get commit.template [2ms]
2023-05-15 13:31:57.785 [info] > git for-each-ref --format=%(refname)%00%(upstream:short)%00%(objectname)%00%(upstream:track)%00%(upstream:remotename)%00%(upstream:remoteref) refs/heads/main refs/remotes/main [2ms]
2023-05-15 13:31:57.817 [info] > git for-each-ref --sort -committerdate --format %(refname) %(objectname) %(*objectname) [2ms]
2023-05-15 13:31:57.870 [info] > git ls-files --stage -- /LocalRun/wenjian.ma/tvm/tests/python/relay/test_any.py [2ms]
2023-05-15 13:31:57.886 [info] > git cat-file -s 443637276e248deb0bb4c91b9c30d62a01f6f76e [1ms]
2023-05-15 13:31:57.907 [info] > git status -z -uall [108ms]
2023-05-15 13:31:57.971 [info] > git show --textconv :tests/python/relay/test_any.py [67ms]
2023-05-15 13:31:58.442 [info] > git rev-parse --show-toplevel [1ms]
2023-05-15 13:31:58.459 [info] > git rev-parse --show-toplevel [1ms]
2023-05-15 13:32:16.104 [info] > git config --get commit.template [1ms]
2023-05-15 13:32:16.120 [info] > git for-each-ref --format=%(refname)%00%(upstream:short)%00%(objectname)%00%(upstream:track)%00%(upstream:remotename)%00%(upstream:remoteref) refs/heads/main refs/remotes/main [2ms]
2023-05-15 13:32:16.154 [info] > git for-each-ref --sort -committerdate --format %(refname) %(objectname) %(*objectname) [2ms]
2023-05-15 13:32:16.210 [info] > git status -z -uall [76ms]
2023-05-15 13:32:16.210 [info] > git ls-files --stage -- /LocalRun/wenjian.ma/tvm/tests/python/relay/test_any.py [7ms]
2023-05-15 13:32:16.295 [info] > git cat-file -s 443637276e248deb0bb4c91b9c30d62a01f6f76e [70ms]
2023-05-15 13:32:16.318 [info] > git show --textconv :tests/python/relay/test_any.py [5ms]
2023-05-15 13:32:16.788 [info] > git rev-parse --show-toplevel [13ms]
2023-05-15 13:32:16.807 [info] > git rev-parse --show-toplevel [2ms]
2023-05-15 13:32:31.310 [info] > git config --get commit.template [1ms]
2023-05-15 13:32:31.324 [info] > git for-each-ref --format=%(refname)%00%(upstream:short)%00%(objectname)%00%(upstream:track)%00%(upstream:remotename)%00%(upstream:remoteref) refs/heads/main refs/remotes/main [1ms]
2023-05-15 13:32:31.359 [info] > git for-each-ref --sort -committerdate --format %(refname) %(objectname) %(*objectname) [4ms]
2023-05-15 13:32:31.412 [info] > git status -z -uall [74ms]
2023-05-15 13:32:31.412 [info] > git ls-files --stage -- /LocalRun/wenjian.ma/tvm/tests/python/relay/test_any.py [4ms]
2023-05-15 13:32:31.494 [info] > git cat-file -s 443637276e248deb0bb4c91b9c30d62a01f6f76e [69ms]
2023-05-15 13:32:31.519 [info] > git show --textconv :tests/python/relay/test_any.py [5ms]
2023-05-15 13:32:31.980 [info] > git rev-parse --show-toplevel [4ms]
2023-05-15 13:32:32.002 [info] > git rev-parse --show-toplevel [1ms]
2023-05-15 13:36:01.791 [info] > git config --get commit.template [1ms]
2023-05-15 13:36:01.805 [info] > git for-each-ref --format=%(refname)%00%(upstream:short)%00%(objectname)%00%(upstream:track)%00%(upstream:remotename)%00%(upstream:remoteref) refs/heads/main refs/remotes/main [1ms]
2023-05-15 13:36:01.834 [info] > git for-each-ref --sort -committerdate --format %(refname) %(objectname) %(*objectname) [3ms]
2023-05-15 13:36:01.896 [info] > git status -z -uall [80ms]
2023-05-15 13:36:01.897 [info] > git ls-files --stage -- /LocalRun/wenjian.ma/tvm/tests/python/relay/test_any.py [3ms]
2023-05-15 13:36:01.981 [info] > git cat-file -s 443637276e248deb0bb4c91b9c30d62a01f6f76e [71ms]
2023-05-15 13:36:02.000 [info] > git show --textconv :tests/python/relay/test_any.py [4ms]
2023-05-15 13:36:02.459 [info] > git rev-parse --show-toplevel [2ms]
2023-05-15 13:36:02.480 [info] > git rev-parse --show-toplevel [1ms]
2023-05-15 13:36:46.151 [info] > git config --get commit.template [1ms]
2023-05-15 13:36:46.171 [info] > git for-each-ref --format=%(refname)%00%(upstream:short)%00%(objectname)%00%(upstream:track)%00%(upstream:remotename)%00%(upstream:remoteref) refs/heads/main refs/remotes/main [2ms]
2023-05-15 13:36:46.211 [info] > git for-each-ref --sort -committerdate --format %(refname) %(objectname) %(*objectname) [3ms]
2023-05-15 13:36:46.259 [info] > git ls-files --stage -- /LocalRun/wenjian.ma/tvm/tests/python/relay/test_any.py [2ms]
2023-05-15 13:36:46.274 [info] > git cat-file -s 443637276e248deb0bb4c91b9c30d62a01f6f76e [1ms]
2023-05-15 13:36:46.301 [info] > git show --textconv :tests/python/relay/test_any.py [6ms]
2023-05-15 13:36:46.361 [info] > git status -z -uall [172ms]
2023-05-15 13:36:46.957 [info] > git rev-parse --show-toplevel [1ms]
2023-05-15 13:36:47.008 [info] > git rev-parse --show-toplevel [25ms]
2023-05-26 17:43:54.075 [info] > git config --get commit.template [33ms]
2023-05-26 17:43:54.077 [info] > git for-each-ref --format %(refname) %(objectname) %(*objectname) refs/tags [2ms]
2023-05-26 17:43:54.136 [info] > git status -z -uall [28ms]
2023-05-26 17:43:54.137 [info] > git for-each-ref --sort -committerdate --format %(refname) %(objectname) %(*objectname) [2ms]
2023-05-30 15:30:22.951 [info] > git config --get commit.template [1ms]
2023-05-30 15:30:22.970 [info] > git for-each-ref --format=%(refname)%00%(upstream:short)%00%(objectname)%00%(upstream:track)%00%(upstream:remotename)%00%(upstream:remoteref) refs/heads/main refs/remotes/main [2ms]
2023-05-30 15:30:23.010 [info] > git for-each-ref --sort -committerdate --format %(refname) %(objectname) %(*objectname) [2ms]
2023-05-30 15:30:23.050 [info] > git status -z -uall [63ms]
2023-05-30 15:30:23.050 [info] > git ls-files --stage -- /LocalRun/wenjian.ma/tvm/tests/python/relay/test_any.py [3ms]
2023-05-30 15:30:23.127 [info] > git cat-file -s 443637276e248deb0bb4c91b9c30d62a01f6f76e [60ms]
2023-05-30 15:30:23.160 [info] > git show --textconv :tests/python/relay/test_any.py [6ms]
2023-05-30 15:30:23.729 [info] > git rev-parse --show-toplevel [1ms]
2023-05-30 15:30:23.750 [info] > git rev-parse --show-toplevel [1ms]
2023-07-11 17:18:20.648 [info] > git config --get commit.template [3ms]
2023-07-11 17:18:20.648 [info] > git config --get commit.template [25ms]
2023-07-11 17:18:20.648 [info] > git config --get commit.template [48ms]
2023-07-11 17:18:20.648 [info] > git config --get commit.template [71ms]
2023-07-11 17:18:20.648 [info] > git config --get commit.template [95ms]
2023-07-11 17:18:20.765 [info] > git for-each-ref --format %(refname) %(objectname) %(*objectname) refs/tags [48ms]
2023-07-11 17:18:20.811 [info] > git for-each-ref --format %(refname) %(objectname) %(*objectname) refs/tags [117ms]
2023-07-11 17:18:20.859 [info] > git status -z -uall [72ms]
2023-07-11 17:18:20.859 [info] > git status -z -uall [25ms]
2023-07-11 17:18:20.859 [info] > git for-each-ref --sort -committerdate --format %(refname) %(objectname) %(*objectname) [48ms]
2023-07-11 17:18:20.861 [info] > git for-each-ref --format %(refname) %(objectname) %(*objectname) refs/tags [190ms]
2023-07-11 17:18:20.909 [info] > git for-each-ref --format %(refname) %(objectname) %(*objectname) refs/tags [170ms]
2023-07-11 17:18:20.957 [info] > git for-each-ref --format %(refname) %(objectname) %(*objectname) refs/tags [193ms]
2023-07-11 17:18:21.008 [info] > git status -z -uall [124ms]
2023-07-11 17:18:21.008 [info] > git status -z -uall [76ms]
2023-07-11 17:18:21.008 [info] > git status -z -uall [27ms]
2023-07-11 17:18:21.008 [info] > git for-each-ref --sort -committerdate --format %(refname) %(objectname) %(*objectname) [4ms]
2023-07-11 17:18:21.010 [info] > git for-each-ref --sort -committerdate --format %(refname) %(objectname) %(*objectname) [53ms]
2023-07-11 17:18:21.011 [info] > git for-each-ref --sort -committerdate --format %(refname) %(objectname) %(*objectname) [103ms]
2023-07-11 17:18:21.013 [info] > git for-each-ref --sort -committerdate --format %(refname) %(objectname) %(*objectname) [155ms]
2023-07-11 17:18:26.042 [info] > git config --get commit.template [1ms]
2023-07-11 17:18:26.066 [info] > git for-each-ref --format %(refname) %(objectname) %(*objectname) refs/tags [2ms]
2023-07-11 17:18:26.112 [info] > git status -z -uall [24ms]
2023-07-11 17:18:26.114 [info] > git for-each-ref --sort -committerdate --format %(refname) %(objectname) %(*objectname) [1ms]
2023-07-12 15:13:18.438 [info] > git config --get commit.template [1ms]
2023-07-12 15:13:18.539 [info] > git for-each-ref --format=%(refname)%00%(upstream:short)%00%(objectname)%00%(upstream:track)%00%(upstream:remotename)%00%(upstream:remoteref) refs/heads/main refs/remotes/main [81ms]
2023-07-12 15:13:18.667 [info] > git status -z -uall [77ms]
2023-07-12 15:13:18.909 [info] > git for-each-ref --sort -committerdate --format %(refname) %(objectname) %(*objectname) [278ms]
2023-07-12 15:13:19.638 [info] > git rev-parse --show-toplevel [0ms]
2023-07-12 15:13:19.661 [info] > git rev-parse --show-toplevel [0ms]
2023-07-12 15:13:24.012 [info] > git config --get commit.template [1ms]
2023-07-12 15:13:24.026 [info] > git for-each-ref --format=%(refname)%00%(upstream:short)%00%(objectname)%00%(upstream:track)%00%(upstream:remotename)%00%(upstream:remoteref) refs/heads/main refs/remotes/main [1ms]
2023-07-12 15:13:24.059 [info] > git for-each-ref --sort -committerdate --format %(refname) %(objectname) %(*objectname) [2ms]
2023-07-12 15:13:24.091 [info] > git status -z -uall [51ms]
2023-07-12 15:13:24.621 [info] > git rev-parse --show-toplevel [1ms]
2023-07-12 15:13:24.637 [info] > git rev-parse --show-toplevel [1ms]
2023-07-12 15:14:47.851 [info] > git check-ignore -v -z --stdin [16ms]
2023-07-12 15:14:50.510 [info] > git check-ignore -v -z --stdin [5ms]
2023-07-12 15:14:54.515 [info] > git check-ignore -v -z --stdin [2ms]
