2023-04-10 13:29:32.114 [info] Deleted from disk ms-toolsai.jupyter-keymap /home/wenjian.ma/.vscode/extensions/ms-toolsai.jupyter-keymap-1.0.0
2023-04-10 13:29:32.196 [info] Deleted from disk ms-toolsai.vscode-jupyter-cell-tags /home/wenjian.ma/.vscode/extensions/ms-toolsai.vscode-jupyter-cell-tags-0.1.6
2023-04-10 13:29:32.278 [info] Deleted from disk ms-vscode-remote.remote-ssh /home/wenjian.ma/.vscode/extensions/ms-vscode-remote.remote-ssh-0.96.0
2023-04-10 13:29:32.279 [info] Deleted from disk ms-vscode.cpptools /home/wenjian.ma/.vscode/extensions/ms-vscode.cpptools-1.14.4-linux-x64
2023-04-10 13:29:32.279 [info] Deleted from disk ms-vscode.cpptools /home/wenjian.ma/.vscode/extensions/ms-vscode.cpptools-1.14.3-linux-x64
2023-04-10 13:29:32.589 [info] Deleted from disk ms-python.vscode-pylance /home/wenjian.ma/.vscode/extensions/ms-python.vscode-pylance-2023.2.30
2023-04-10 13:29:32.589 [info] Deleted from disk ms-python.vscode-pylance /home/wenjian.ma/.vscode/extensions/ms-python.vscode-pylance-2023.3.20
2023-04-10 13:29:32.635 [info] Deleted from disk ms-python.python /home/wenjian.ma/.vscode/extensions/ms-python.python-2023.2.0
2023-04-10 13:29:32.722 [info] Starting worker process with pid 23799 (type: fileWatcher, window: 1).
2023-04-10 13:29:46.159 [info] Getting Manifest... ms-python.vscode-pylance
2023-04-10 13:29:46.160 [info] Getting Manifest... ms-vscode-remote.remote-containers
2023-04-10 13:29:46.162 [info] Getting Manifest... ms-vscode.remote-explorer
2023-04-10 13:29:47.182 [info] Installing extension: ms-vscode-remote.remote-containers
2023-04-10 13:29:47.206 [info] Installing extension: ms-python.vscode-pylance
2023-04-10 13:29:48.623 [info] Getting Manifest... ms-python.python
2023-04-10 13:29:48.909 [info] Installing extension: ms-vscode.remote-explorer
2023-04-10 13:29:56.065 [info] Extension signature verification: ms-vscode-remote.remote-containers. Verification status: Verified.
2023-04-10 13:29:56.197 [info] Extracted extension to /home/wenjian.ma/.vscode/extensions/.4ac54f6b-b312-46d1-92ee-a356acfda548: ms-vscode-remote.remote-containers
2023-04-10 13:29:56.204 [info] Renamed to /home/wenjian.ma/.vscode/extensions/ms-vscode-remote.remote-containers-0.288.0
2023-04-10 13:29:56.205 [info] Extracting completed. ms-vscode-remote.remote-containers
2023-04-10 13:29:56.217 [info] Extension installed successfully: ms-vscode-remote.remote-containers
2023-04-10 13:29:56.248 [info] Marked extension as uninstalled ms-vscode-remote.remote-containers-0.282.0
2023-04-10 13:29:56.625 [info] Extension signature verification: ms-vscode.remote-explorer. Verification status: Verified.
2023-04-10 13:29:56.662 [info] Extracted extension to /home/wenjian.ma/.vscode/extensions/.bed6c279-2067-4d4f-ab14-018d072e7adb: ms-vscode.remote-explorer
2023-04-10 13:29:56.668 [info] Renamed to /home/wenjian.ma/.vscode/extensions/ms-vscode.remote-explorer-0.4.0
2023-04-10 13:29:56.670 [info] Extracting completed. ms-vscode.remote-explorer
2023-04-10 13:29:56.680 [info] Extension installed successfully: ms-vscode.remote-explorer
2023-04-10 13:29:56.719 [info] Marked extension as uninstalled ms-vscode.remote-explorer-0.2.0
2023-04-10 13:30:13.507 [info] Extension signature verification: ms-python.vscode-pylance. Verification status: Verified.
2023-04-10 13:30:16.079 [info] Extracted extension to /home/wenjian.ma/.vscode/extensions/.32b28e9d-02f5-4842-9a57-c83e4ee9d375: ms-python.vscode-pylance
2023-04-10 13:30:16.116 [info] Renamed to /home/wenjian.ma/.vscode/extensions/ms-python.vscode-pylance-2023.4.10
2023-04-10 13:30:16.118 [info] Extracting completed. ms-python.vscode-pylance
2023-04-10 13:30:16.129 [info] Extension installed successfully: ms-python.vscode-pylance
2023-04-10 13:30:16.176 [info] Marked extension as uninstalled ms-python.vscode-pylance-2023.3.30
2023-04-10 13:32:58.902 [info] Worker process with pid 23799 terminated normally (type: fileWatcher, window: 1).
2023-04-10 13:32:59.828 [info] Starting worker process with pid 15038 (type: fileWatcher, window: 1).
