[Info  - 2:04:08 PM] (22822) Pylance language server 2023.2.30 (pyright dec6aa20) starting
[Info  - 2:04:08 PM] (22822) Server root directory: /home/wenjian.ma/.vscode/extensions/ms-python.vscode-pylance-2023.2.30/dist
[Info  - 2:04:08 PM] (22822) Starting service instance "tvm"
[Info  - 2:04:08 PM] (22822) Starting service instance "<default>"
[Info  - 2:04:08 PM] (22822) No configuration file found.
[Info  - 2:04:08 PM] (22822) pyproject.toml file found at /LocalRun/wenjian.ma/tvm.
[Info  - 2:04:08 PM] (22822) Setting pythonPath for service "tvm": "/usr/bin/python3.7"
[Info  - 2:04:08 PM] (22822) Loading pyproject.toml file at /LocalRun/wenjian.ma/tvm/pyproject.toml
[Error - 2:04:08 PM] (22822) Pyproject file "/LocalRun/wenjian.ma/tvm/pyproject.toml" is missing "[tool.pyright]" section.
[Warn  - 2:04:08 PM] (22822) stubPath /LocalRun/wenjian.ma/tvm/typings is not a valid directory.
[Info  - 2:04:08 PM] (22822) Assuming Python version 3.7
[Info  - 2:04:08 PM] (22822) Assuming Python platform Linux
[Info  - 2:04:08 PM] (22822) Searching for source files
[Info  - 2:04:08 PM] (22822) Found 1915 source files
[Info  - 2:04:08 PM] (22822) Background analysis(1) root directory: /home/wenjian.ma/.vscode/extensions/ms-python.vscode-pylance-2023.2.30/dist
[Info  - 2:04:08 PM] (22822) Background analysis(1) started
[Info  - 2:04:08 PM] (22822) Background analysis(2) root directory: /home/wenjian.ma/.vscode/extensions/ms-python.vscode-pylance-2023.2.30/dist
[Info  - 2:04:08 PM] (22822) Background analysis(2) started
[Info  - 2:04:08 PM] (22822) No pyproject.toml file found.
[Info  - 2:04:08 PM] (22822) Setting pythonPath for service "<default>": "/usr/bin/python3.7"
[Warn  - 2:04:08 PM] (22822) stubPath typings is not a valid directory.
[Info  - 2:04:08 PM] (22822) Assuming Python version 3.7
[Info  - 2:04:08 PM] (22822) Assuming Python platform Linux
[Info  - 2:04:08 PM] (22822) Searching for source files
[Info  - 2:04:08 PM] (22822) No source files found.
