2023-04-10 13:29:35.301 [info] Log level: Info
2023-04-10 13:29:35.301 [info] Validating found git in: "git"
2023-04-10 13:29:35.301 [info] Using git "2.22.0" from "git"
2023-04-10 13:29:35.319 [info] > git rev-parse --show-toplevel [130ms]
2023-04-10 13:29:35.417 [info] > git rev-parse --git-dir --git-common-dir [24ms]
2023-04-10 13:29:35.425 [info] Open repository: /LocalRun/wenjian.ma/tvm
2023-04-10 13:29:35.514 [info] > git rev-parse --show-toplevel [81ms]
2023-04-10 13:29:35.530 [info] > git rev-parse --show-toplevel [7ms]
2023-04-10 13:29:35.540 [info] > git config --get commit.template [26ms]
2023-04-10 13:29:35.561 [info] > git rev-parse --show-toplevel [21ms]
2023-04-10 13:29:35.590 [info] > git rev-parse --show-toplevel [20ms]
2023-04-10 13:29:35.601 [info] > git rev-parse --show-toplevel [2ms]
2023-04-10 13:29:35.611 [info] > git rev-parse --show-toplevel [3ms]
2023-04-10 13:29:35.622 [info] > git rev-parse --show-toplevel [2ms]
2023-04-10 13:29:35.632 [info] > git rev-parse --show-toplevel [1ms]
2023-04-10 13:29:35.643 [info] > git rev-parse --show-toplevel [2ms]
2023-04-10 13:29:35.652 [info] > git rev-parse --show-toplevel [1ms]
2023-04-10 13:29:35.664 [info] > git rev-parse --show-toplevel [3ms]
2023-04-10 13:29:35.677 [info] > git rev-parse --show-toplevel [4ms]
2023-04-10 13:29:35.872 [info] > git for-each-ref --format=%(refname)%00%(upstream:short)%00%(objectname)%00%(upstream:track)%00%(upstream:remotename)%00%(upstream:remoteref) refs/heads/fix_vm_scalar_args_testcase refs/remotes/fix_vm_scalar_args_testcase [291ms]
2023-04-10 13:29:35.889 [info] > git rev-parse --show-toplevel [200ms]
2023-04-10 13:29:36.900 [info] > git rev-parse --show-toplevel [1004ms]
2023-04-10 13:29:37.196 [info] > git check-ignore -v -z --stdin [315ms]
2023-04-10 13:29:37.199 [info] > git rev-parse --show-toplevel [292ms]
2023-04-10 13:29:37.293 [info] > git rev-parse --show-toplevel [86ms]
2023-04-10 13:29:37.314 [info] > git rev-parse --show-toplevel [13ms]
2023-04-10 13:29:37.404 [info] > git rev-parse --show-toplevel [80ms]
2023-04-10 13:29:37.442 [info] > git rev-parse --show-toplevel [31ms]
2023-04-10 13:29:37.465 [info] > git rev-parse --show-toplevel [8ms]
2023-04-10 13:29:37.477 [info] > git for-each-ref --sort -committerdate --format %(refname) %(objectname) %(*objectname) [1588ms]
2023-04-10 13:29:37.487 [info] > git rev-parse --show-toplevel [11ms]
2023-04-10 13:29:37.545 [info] > git rev-parse --show-toplevel [48ms]
2023-04-10 13:29:37.559 [info] > git rev-parse --show-toplevel [6ms]
2023-04-10 13:29:37.607 [info] > git rev-parse --show-toplevel [37ms]
2023-04-10 13:29:37.626 [info] > git rev-parse --show-toplevel [6ms]
2023-04-10 13:29:37.659 [info] > git rev-parse --show-toplevel [24ms]
2023-04-10 13:29:37.680 [info] > git rev-parse --show-toplevel [10ms]
2023-04-10 13:29:37.813 [info] > git rev-parse --show-toplevel [122ms]
2023-04-10 13:29:37.835 [info] > git rev-parse --show-toplevel [11ms]
2023-04-10 13:29:37.854 [info] > git rev-parse --show-toplevel [10ms]
2023-04-10 13:29:37.881 [info] > git ls-files --stage -- /LocalRun/wenjian.ma/tvm/tests/python/relay/test_any.py [4ms]
2023-04-10 13:29:37.944 [info] > git show --textconv :tests/python/relay/test_any.py [79ms]
2023-04-10 13:29:37.944 [info] > git cat-file -s 279507f7db1a70f6cc6149de1485f095e7c67000 [55ms]
2023-04-10 13:29:38.008 [info] > git status -z -uall [2128ms]
2023-04-10 13:29:38.117 [info] > git config --get commit.template [12ms]
2023-04-10 13:29:38.443 [info] > git for-each-ref --format=%(refname)%00%(upstream:short)%00%(objectname)%00%(upstream:track)%00%(upstream:remotename)%00%(upstream:remoteref) refs/heads/fix_vm_scalar_args_testcase refs/remotes/fix_vm_scalar_args_testcase [9ms]
2023-04-10 13:29:38.486 [info] > git for-each-ref --sort -committerdate --format %(refname) %(objectname) %(*objectname) [4ms]
2023-04-10 13:29:38.563 [info] > git status -z -uall [110ms]
2023-04-10 13:29:38.563 [info] > git rev-parse --show-toplevel [8ms]
2023-04-10 13:29:38.633 [info] > git rev-parse --git-dir --git-common-dir [62ms]
2023-04-10 13:29:38.636 [info] Open repository: /LocalRun/wenjian.ma/tvm/3rdparty/dmlc-core
2023-04-10 13:29:38.658 [info] > git rev-parse --show-toplevel [13ms]
2023-04-10 13:29:38.675 [info] > git rev-parse --git-dir --git-common-dir [7ms]
2023-04-10 13:29:38.680 [info] Open repository: /LocalRun/wenjian.ma/tvm/3rdparty/dlpack
2023-04-10 13:29:38.693 [info] > git config --get commit.template [35ms]
2023-04-10 13:29:39.179 [info] > git rev-parse --show-toplevel [487ms]
2023-04-10 13:29:39.208 [info] > git rev-parse --git-dir --git-common-dir [20ms]
2023-04-10 13:29:39.211 [info] Open repository: /LocalRun/wenjian.ma/tvm/3rdparty/rang
2023-04-10 13:29:39.220 [info] > git config --get commit.template [43ms]
2023-04-10 13:29:39.253 [info] > git rev-parse --show-toplevel [32ms]
2023-04-10 13:29:39.292 [info] > git check-ignore -v -z --stdin [60ms]
2023-04-10 13:29:39.294 [info] > git config --get commit.template [41ms]
2023-04-10 13:29:39.294 [info] > git for-each-ref --format %(refname) %(objectname) %(*objectname) refs/tags [88ms]
2023-04-10 13:29:39.329 [info] > git status -z -uall [19ms]
2023-04-10 13:29:39.332 [info] > git rev-parse --git-dir --git-common-dir [56ms]
2023-04-10 13:29:39.336 [info] Open repository: /LocalRun/wenjian.ma/tvm/3rdparty/vta-hw
2023-04-10 13:29:39.384 [info] > git rev-parse --show-toplevel [36ms]
2023-04-10 13:29:39.396 [info] > git for-each-ref --sort -committerdate --format %(refname) %(objectname) %(*objectname) [71ms]
2023-04-10 13:29:39.405 [info] > git rev-parse --git-dir --git-common-dir [9ms]
2023-04-10 13:29:39.408 [info] Open repository: /LocalRun/wenjian.ma/tvm/3rdparty/libbacktrace
2023-04-10 13:29:39.421 [info] > git config --get commit.template [43ms]
2023-04-10 13:29:39.438 [info] > git rev-parse --show-toplevel [18ms]
2023-04-10 13:29:39.476 [info] > git rev-parse --git-dir --git-common-dir [29ms]
2023-04-10 13:29:39.479 [info] Open repository: /LocalRun/wenjian.ma/tvm/3rdparty/cutlass
2023-04-10 13:29:39.480 [info] > git config --get commit.template [45ms]
2023-04-10 13:29:39.480 [info] > git for-each-ref --format %(refname) %(objectname) %(*objectname) refs/tags [117ms]
2023-04-10 13:29:39.500 [info] > git for-each-ref --format %(refname) %(objectname) %(*objectname) refs/tags [210ms]
2023-04-10 13:29:39.532 [info] > git status -z -uall [43ms]
2023-04-10 13:29:39.532 [info] > git status -z -uall [23ms]
2023-04-10 13:29:39.536 [info] > git for-each-ref --sort -committerdate --format %(refname) %(objectname) %(*objectname) [37ms]
2023-04-10 13:29:39.538 [info] > git for-each-ref --format %(refname) %(objectname) %(*objectname) refs/tags [67ms]
2023-04-10 13:29:39.576 [info] > git status -z -uall [28ms]
2023-04-10 13:29:39.579 [info] > git config --get commit.template [50ms]
2023-04-10 13:29:39.579 [info] > git for-each-ref --sort -committerdate --format %(refname) %(objectname) %(*objectname) [61ms]
2023-04-10 13:29:39.587 [info] > git for-each-ref --format %(refname) %(objectname) %(*objectname) refs/tags [16ms]
2023-04-10 13:29:39.608 [info] > git for-each-ref --sort -committerdate --format %(refname) %(objectname) %(*objectname) [48ms]
2023-04-10 13:29:39.630 [info] > git status -z -uall [32ms]
2023-04-10 13:29:39.633 [info] > git for-each-ref --sort -committerdate --format %(refname) %(objectname) %(*objectname) [25ms]
2023-04-10 13:29:39.914 [info] > git for-each-ref --format %(refname) %(objectname) %(*objectname) refs/tags [288ms]
2023-04-10 13:29:39.937 [info] > git status -z -uall [14ms]
2023-04-10 13:29:39.938 [info] > git for-each-ref --sort -committerdate --format %(refname) %(objectname) %(*objectname) [3ms]
2023-04-10 13:29:40.186 [info] > git check-ignore -v -z --stdin [7ms]
2023-04-10 13:32:13.162 [info] > git show --textconv :run.sh [9ms]
2023-04-10 13:32:13.163 [info] > git ls-files --stage -- /LocalRun/wenjian.ma/tvm/run.sh [2ms]
2023-04-10 13:32:22.514 [info] > git check-ignore -v -z --stdin [6ms]
2023-04-10 13:32:26.983 [info] > git check-ignore -v -z --stdin [1ms]
2023-04-10 13:32:38.010 [info] > git ls-files --stage -- /LocalRun/wenjian.ma/tvm/python/tvm/topi/nn/batch_norm.py [2ms]
2023-04-10 13:32:38.039 [info] > git show --textconv :python/tvm/topi/nn/batch_norm.py [39ms]
2023-04-10 13:32:38.039 [info] > git cat-file -s 1b4fad7625685c7bf692e5e6961eb4d583b3f4fc [20ms]
2023-04-10 13:32:38.274 [info] > git check-ignore -v -z --stdin [2ms]
2023-04-10 13:32:40.480 [info] > git show --textconv :python/tvm/topi/x86/batch_matmul.py [18ms]
2023-04-10 13:32:40.481 [info] > git ls-files --stage -- /LocalRun/wenjian.ma/tvm/python/tvm/topi/x86/batch_matmul.py [3ms]
2023-04-10 13:32:40.496 [info] > git cat-file -s 55453df95e7a2e1bf7a35a4a8ee4214bd25345f1 [3ms]
2023-04-10 13:32:40.681 [info] > git check-ignore -v -z --stdin [2ms]
2023-04-10 13:32:42.584 [info] > git ls-files --stage -- /LocalRun/wenjian.ma/tvm/python/tvm/topi/x86/conv2d_transpose.py [2ms]
2023-04-10 13:32:42.593 [info] > git show --textconv :python/tvm/topi/x86/conv2d_transpose.py [20ms]
2023-04-10 13:32:42.594 [info] > git cat-file -s 865b62bb3e87bec24e9984d05a4a06ad4cdb75c7 [1ms]
2023-04-10 13:33:01.944 [info] Log level: Info
2023-04-10 13:33:01.944 [info] Validating found git in: "git"
2023-04-10 13:33:01.944 [info] Using git "2.22.0" from "git"
2023-04-10 13:33:01.960 [info] > git rev-parse --show-toplevel [32ms]
2023-04-10 13:33:02.053 [info] > git rev-parse --git-dir --git-common-dir [79ms]
2023-04-10 13:33:02.065 [info] Open repository: /LocalRun/wenjian.ma/tvm
2023-04-10 13:33:02.093 [info] > git rev-parse --show-toplevel [14ms]
2023-04-10 13:33:02.125 [info] > git rev-parse --show-toplevel [18ms]
2023-04-10 13:33:02.140 [info] > git config --get commit.template [45ms]
2023-04-10 13:33:02.147 [info] > git rev-parse --show-toplevel [9ms]
2023-04-10 13:33:02.199 [info] > git rev-parse --show-toplevel [39ms]
2023-04-10 13:33:02.224 [info] > git rev-parse --show-toplevel [11ms]
2023-04-10 13:33:02.234 [info] > git for-each-ref --format=%(refname)%00%(upstream:short)%00%(objectname)%00%(upstream:track)%00%(upstream:remotename)%00%(upstream:remoteref) refs/heads/fix_vm_scalar_args_testcase refs/remotes/fix_vm_scalar_args_testcase [37ms]
2023-04-10 13:33:02.388 [info] > git for-each-ref --sort -committerdate --format %(refname) %(objectname) %(*objectname) [130ms]
2023-04-10 13:33:02.390 [info] > git rev-parse --show-toplevel [157ms]
2023-04-10 13:33:02.428 [info] > git status -z -uall [183ms]
2023-04-10 13:33:02.429 [info] > git rev-parse --show-toplevel [30ms]
2023-04-10 13:33:02.562 [info] > git rev-parse --show-toplevel [121ms]
2023-04-10 13:33:02.916 [info] > git rev-parse --show-toplevel [344ms]
2023-04-10 13:33:02.930 [info] > git config --get commit.template [372ms]
2023-04-10 13:33:02.947 [info] > git rev-parse --show-toplevel [18ms]
2023-04-10 13:33:02.985 [info] > git check-ignore -v -z --stdin [40ms]
2023-04-10 13:33:02.986 [info] > git rev-parse --show-toplevel [24ms]
2023-04-10 13:33:02.999 [info] > git rev-parse --show-toplevel [2ms]
2023-04-10 13:33:03.012 [info] > git for-each-ref --format=%(refname)%00%(upstream:short)%00%(objectname)%00%(upstream:track)%00%(upstream:remotename)%00%(upstream:remoteref) refs/heads/fix_vm_scalar_args_testcase refs/remotes/fix_vm_scalar_args_testcase [28ms]
2023-04-10 13:33:03.087 [info] > git rev-parse --show-toplevel [74ms]
2023-04-10 13:33:03.101 [info] > git rev-parse --show-toplevel [5ms]
2023-04-10 13:33:03.111 [info] > git for-each-ref --sort -committerdate --format %(refname) %(objectname) %(*objectname) [71ms]
2023-04-10 13:33:03.115 [info] > git rev-parse --show-toplevel [5ms]
2023-04-10 13:33:03.132 [info] > git status -z -uall [106ms]
2023-04-10 13:33:03.132 [info] > git rev-parse --show-toplevel [8ms]
2023-04-10 13:33:03.215 [info] > git rev-parse --show-toplevel [71ms]
2023-04-10 13:33:03.232 [info] > git rev-parse --show-toplevel [6ms]
2023-04-10 13:33:03.248 [info] > git rev-parse --show-toplevel [4ms]
2023-04-10 13:33:03.714 [info] > git rev-parse --show-toplevel [456ms]
2023-04-10 13:33:03.911 [info] > git rev-parse --show-toplevel [165ms]
2023-04-10 13:33:04.039 [info] > git rev-parse --show-toplevel [112ms]
2023-04-10 13:33:04.071 [info] > git rev-parse --show-toplevel [20ms]
2023-04-10 13:33:04.258 [info] > git rev-parse --show-toplevel [170ms]
2023-04-10 13:33:04.291 [info] > git rev-parse --show-toplevel [24ms]
2023-04-10 13:33:04.377 [info] > git rev-parse --show-toplevel [76ms]
2023-04-10 13:33:04.406 [info] > git rev-parse --show-toplevel [17ms]
2023-04-10 13:33:04.444 [info] > git rev-parse --show-toplevel [27ms]
2023-04-10 13:33:04.471 [info] > git rev-parse --show-toplevel [17ms]
2023-04-10 13:33:04.502 [info] > git rev-parse --show-toplevel [7ms]
2023-04-10 13:33:04.593 [info] > git show --textconv :tests/python/relay/test_any.py [51ms]
2023-04-10 13:33:04.595 [info] > git rev-parse --show-toplevel [75ms]
2023-04-10 13:33:04.632 [info] > git rev-parse --git-dir --git-common-dir [22ms]
2023-04-10 13:33:04.638 [info] Open repository: /LocalRun/wenjian.ma/tvm/3rdparty/dmlc-core
2023-04-10 13:33:04.672 [info] > git ls-files --stage -- /LocalRun/wenjian.ma/tvm/tests/python/relay/test_any.py [116ms]
2023-04-10 13:33:04.720 [info] > git cat-file -s 279507f7db1a70f6cc6149de1485f095e7c67000 [38ms]
2023-04-10 13:33:04.721 [info] > git rev-parse --show-toplevel [49ms]
2023-04-10 13:33:04.745 [info] > git rev-parse --git-dir --git-common-dir [10ms]
2023-04-10 13:33:04.750 [info] Open repository: /LocalRun/wenjian.ma/tvm/3rdparty/dlpack
2023-04-10 13:33:04.763 [info] > git config --get commit.template [52ms]
2023-04-10 13:33:04.792 [info] > git rev-parse --show-toplevel [30ms]
2023-04-10 13:33:04.840 [info] > git rev-parse --git-dir --git-common-dir [33ms]
2023-04-10 13:33:04.845 [info] Open repository: /LocalRun/wenjian.ma/tvm/3rdparty/rang
2023-04-10 13:33:04.862 [info] > git config --get commit.template [70ms]
2023-04-10 13:33:04.895 [info] > git rev-parse --show-toplevel [34ms]
2023-04-10 13:33:04.907 [info] > git for-each-ref --format %(refname) %(objectname) %(*objectname) refs/tags [73ms]
2023-04-10 13:33:04.977 [info] > git status -z -uall [57ms]
2023-04-10 13:33:04.982 [info] > git for-each-ref --sort -committerdate --format %(refname) %(objectname) %(*objectname) [49ms]
2023-04-10 13:33:04.986 [info] > git rev-parse --git-dir --git-common-dir [79ms]
2023-04-10 13:33:04.990 [info] Open repository: /LocalRun/wenjian.ma/tvm/3rdparty/vta-hw
2023-04-10 13:33:05.003 [info] > git config --get commit.template [122ms]
2023-04-10 13:33:05.026 [info] > git rev-parse --show-toplevel [23ms]
2023-04-10 13:33:05.038 [info] > git for-each-ref --format %(refname) %(objectname) %(*objectname) refs/tags [65ms]
2023-04-10 13:33:05.086 [info] > git status -z -uall [33ms]
2023-04-10 13:33:05.089 [info] > git for-each-ref --sort -committerdate --format %(refname) %(objectname) %(*objectname) [20ms]
2023-04-10 13:33:05.091 [info] > git rev-parse --git-dir --git-common-dir [53ms]
2023-04-10 13:33:05.095 [info] Open repository: /LocalRun/wenjian.ma/tvm/3rdparty/libbacktrace
2023-04-10 13:33:05.106 [info] > git config --get commit.template [86ms]
2023-04-10 13:33:05.129 [info] > git rev-parse --show-toplevel [24ms]
2023-04-10 13:33:05.144 [info] > git for-each-ref --format %(refname) %(objectname) %(*objectname) refs/tags [62ms]
2023-04-10 13:33:05.204 [info] > git status -z -uall [48ms]
2023-04-10 13:33:05.207 [info] > git for-each-ref --sort -committerdate --format %(refname) %(objectname) %(*objectname) [25ms]
2023-04-10 13:33:05.211 [info] > git rev-parse --git-dir --git-common-dir [67ms]
2023-04-10 13:33:05.216 [info] Open repository: /LocalRun/wenjian.ma/tvm/3rdparty/cutlass
2023-04-10 13:33:05.216 [info] > git config --get commit.template [95ms]
2023-04-10 13:33:05.242 [info] > git for-each-ref --format %(refname) %(objectname) %(*objectname) refs/tags [42ms]
2023-04-10 13:33:05.313 [info] > git status -z -uall [54ms]
2023-04-10 13:33:05.316 [info] > git for-each-ref --sort -committerdate --format %(refname) %(objectname) %(*objectname) [43ms]
2023-04-10 13:33:05.320 [info] > git config --get commit.template [82ms]
2023-04-10 13:33:05.327 [info] > git check-ignore -v -z --stdin [37ms]
2023-04-10 13:33:05.329 [info] > git for-each-ref --format %(refname) %(objectname) %(*objectname) refs/tags [21ms]
2023-04-10 13:33:05.379 [info] > git status -z -uall [37ms]
2023-04-10 13:33:05.379 [info] > git for-each-ref --sort -committerdate --format %(refname) %(objectname) %(*objectname) [23ms]
2023-04-10 13:33:05.387 [info] > git for-each-ref --format %(refname) %(objectname) %(*objectname) refs/tags [10ms]
2023-04-10 13:33:05.423 [info] > git status -z -uall [23ms]
2023-04-10 13:33:05.424 [info] > git for-each-ref --sort -committerdate --format %(refname) %(objectname) %(*objectname) [5ms]
2023-04-10 13:33:05.841 [info] > git check-ignore -v -z --stdin [3ms]
2023-04-10 13:33:06.406 [info] > git check-ignore -v -z --stdin [47ms]
2023-04-10 13:33:06.407 [info] > git check-ignore -v -z --stdin [33ms]
2023-04-10 13:33:06.407 [info] > git check-ignore -v -z --stdin [16ms]
2023-04-10 13:33:06.407 [info] > git check-ignore -v -z --stdin [2ms]
2023-04-10 13:34:35.269 [info] > git for-each-ref --sort -committerdate --format %(refname) %(objectname) %(*objectname) [3ms]
