2023-04-13 19:15:18.109 [info] Log level: Info
2023-04-13 19:15:18.109 [info] Validating found git in: "git"
2023-04-13 19:15:18.109 [info] Using git "2.22.0" from "git"
2023-04-13 19:15:18.134 [info] > git rev-parse --show-toplevel [46ms]
2023-04-13 19:15:18.317 [info] > git rev-parse --git-dir --git-common-dir [92ms]
2023-04-13 19:15:18.326 [info] Open repository: /LocalRun/wenjian.ma/tvm
2023-04-13 19:15:18.350 [info] > git rev-parse --show-toplevel [14ms]
2023-04-13 19:15:18.365 [info] > git rev-parse --show-toplevel [8ms]
2023-04-13 19:15:18.374 [info] > git config --get commit.template [25ms]
2023-04-13 19:15:18.384 [info] > git rev-parse --show-toplevel [11ms]
2023-04-13 19:15:18.411 [info] > git rev-parse --show-toplevel [17ms]
2023-04-13 19:15:18.422 [info] > git rev-parse --show-toplevel [3ms]
2023-04-13 19:15:18.431 [info] > git for-each-ref --format=%(refname)%00%(upstream:short)%00%(objectname)%00%(upstream:track)%00%(upstream:remotename)%00%(upstream:remoteref) refs/heads/fix_vm_scalar_args_testcase refs/remotes/fix_vm_scalar_args_testcase [23ms]
2023-04-13 19:15:18.460 [info] > git rev-parse --show-toplevel [30ms]
2023-04-13 19:15:18.476 [info] > git rev-parse --show-toplevel [5ms]
2023-04-13 19:15:18.486 [info] > git for-each-ref --sort -committerdate --format %(refname) %(objectname) %(*objectname) [33ms]
2023-04-13 19:15:18.489 [info] > git rev-parse --show-toplevel [4ms]
2023-04-13 19:15:18.500 [info] > git rev-parse --show-toplevel [1ms]
2023-04-13 19:15:18.516 [info] > git status -z -uall [75ms]
2023-04-13 19:15:18.516 [info] > git rev-parse --show-toplevel [7ms]
2023-04-13 19:15:18.650 [info] > git rev-parse --show-toplevel [126ms]
2023-04-13 19:15:18.989 [info] > git rev-parse --show-toplevel [331ms]
2023-04-13 19:15:18.997 [info] > git config --get commit.template [353ms]
2023-04-13 19:15:19.039 [info] > git rev-parse --show-toplevel [43ms]
2023-04-13 19:15:19.056 [info] > git check-ignore -v -z --stdin [47ms]
2023-04-13 19:15:19.058 [info] > git rev-parse --show-toplevel [11ms]
2023-04-13 19:15:19.071 [info] > git rev-parse --show-toplevel [6ms]
2023-04-13 19:15:19.078 [info] > git for-each-ref --format=%(refname)%00%(upstream:short)%00%(objectname)%00%(upstream:track)%00%(upstream:remotename)%00%(upstream:remoteref) refs/heads/fix_vm_scalar_args_testcase refs/remotes/fix_vm_scalar_args_testcase [23ms]
2023-04-13 19:15:19.100 [info] > git rev-parse --show-toplevel [22ms]
2023-04-13 19:15:19.121 [info] > git rev-parse --show-toplevel [13ms]
2023-04-13 19:15:19.129 [info] > git for-each-ref --sort -committerdate --format %(refname) %(objectname) %(*objectname) [34ms]
2023-04-13 19:15:19.135 [info] > git rev-parse --show-toplevel [6ms]
2023-04-13 19:15:19.265 [info] > git status -z -uall [180ms]
2023-04-13 19:15:19.267 [info] > git rev-parse --show-toplevel [121ms]
2023-04-13 19:15:20.125 [info] > git rev-parse --show-toplevel [848ms]
2023-04-13 19:15:20.317 [info] > git rev-parse --show-toplevel [182ms]
2023-04-13 19:15:20.354 [info] > git rev-parse --show-toplevel [29ms]
2023-04-13 19:15:20.371 [info] > git rev-parse --show-toplevel [8ms]
2023-04-13 19:15:20.443 [info] > git rev-parse --show-toplevel [64ms]
2023-04-13 19:15:20.488 [info] > git rev-parse --show-toplevel [34ms]
2023-04-13 19:15:20.514 [info] > git rev-parse --show-toplevel [10ms]
2023-04-13 19:15:20.628 [info] > git rev-parse --show-toplevel [104ms]
2023-04-13 19:15:20.707 [info] > git rev-parse --show-toplevel [69ms]
2023-04-13 19:15:20.727 [info] > git rev-parse --show-toplevel [10ms]
2023-04-13 19:15:20.769 [info] > git show --textconv :tests/python/relay/test_any.py [20ms]
2023-04-13 19:15:20.770 [info] > git ls-files --stage -- /LocalRun/wenjian.ma/tvm/tests/python/relay/test_any.py [11ms]
2023-04-13 19:15:20.781 [info] > git rev-parse --show-toplevel [43ms]
2023-04-13 19:15:20.813 [info] > git rev-parse --git-dir --git-common-dir [22ms]
2023-04-13 19:15:20.817 [info] Open repository: /LocalRun/wenjian.ma/tvm/3rdparty/dmlc-core
2023-04-13 19:15:20.828 [info] > git cat-file -s 279507f7db1a70f6cc6149de1485f095e7c67000 [48ms]
2023-04-13 19:15:20.848 [info] > git rev-parse --show-toplevel [20ms]
2023-04-13 19:15:20.873 [info] > git rev-parse --git-dir --git-common-dir [14ms]
2023-04-13 19:15:20.878 [info] Open repository: /LocalRun/wenjian.ma/tvm/3rdparty/dlpack
2023-04-13 19:15:20.892 [info] > git config --get commit.template [50ms]
2023-04-13 19:15:20.926 [info] > git rev-parse --show-toplevel [34ms]
2023-04-13 19:15:20.959 [info] > git rev-parse --git-dir --git-common-dir [20ms]
2023-04-13 19:15:20.962 [info] Open repository: /LocalRun/wenjian.ma/tvm/3rdparty/rang
2023-04-13 19:15:20.973 [info] > git config --get commit.template [62ms]
2023-04-13 19:15:20.991 [info] > git rev-parse --show-toplevel [18ms]
2023-04-13 19:15:21.003 [info] > git for-each-ref --format %(refname) %(objectname) %(*objectname) refs/tags [49ms]
2023-04-13 19:15:21.045 [info] > git status -z -uall [30ms]
2023-04-13 19:15:21.048 [info] > git for-each-ref --sort -committerdate --format %(refname) %(objectname) %(*objectname) [21ms]
2023-04-13 19:15:21.051 [info] > git rev-parse --git-dir --git-common-dir [48ms]
2023-04-13 19:15:21.055 [info] Open repository: /LocalRun/wenjian.ma/tvm/3rdparty/vta-hw
2023-04-13 19:15:21.068 [info] > git config --get commit.template [81ms]
2023-04-13 19:15:21.088 [info] > git rev-parse --show-toplevel [20ms]
2023-04-13 19:15:21.098 [info] > git for-each-ref --format %(refname) %(objectname) %(*objectname) refs/tags [56ms]
2023-04-13 19:15:21.143 [info] > git status -z -uall [35ms]
2023-04-13 19:15:21.147 [info] > git for-each-ref --sort -committerdate --format %(refname) %(objectname) %(*objectname) [28ms]
2023-04-13 19:15:21.149 [info] > git rev-parse --git-dir --git-common-dir [51ms]
2023-04-13 19:15:21.154 [info] Open repository: /LocalRun/wenjian.ma/tvm/3rdparty/libbacktrace
2023-04-13 19:15:21.167 [info] > git config --get commit.template [85ms]
2023-04-13 19:15:21.184 [info] > git rev-parse --show-toplevel [17ms]
2023-04-13 19:15:21.194 [info] > git for-each-ref --format %(refname) %(objectname) %(*objectname) refs/tags [58ms]
2023-04-13 19:15:21.233 [info] > git status -z -uall [30ms]
2023-04-13 19:15:21.235 [info] > git for-each-ref --sort -committerdate --format %(refname) %(objectname) %(*objectname) [21ms]
2023-04-13 19:15:21.238 [info] > git rev-parse --git-dir --git-common-dir [44ms]
2023-04-13 19:15:21.241 [info] Open repository: /LocalRun/wenjian.ma/tvm/3rdparty/cutlass
2023-04-13 19:15:21.242 [info] > git config --get commit.template [61ms]
2023-04-13 19:15:21.258 [info] > git for-each-ref --format %(refname) %(objectname) %(*objectname) refs/tags [27ms]
2023-04-13 19:15:21.295 [info] > git status -z -uall [26ms]
2023-04-13 19:15:21.296 [info] > git for-each-ref --sort -committerdate --format %(refname) %(objectname) %(*objectname) [15ms]
2023-04-13 19:15:21.298 [info] > git config --get commit.template [41ms]
2023-04-13 19:15:21.303 [info] > git for-each-ref --format %(refname) %(objectname) %(*objectname) refs/tags [8ms]
2023-04-13 19:15:21.341 [info] > git status -z -uall [28ms]
2023-04-13 19:15:21.342 [info] > git for-each-ref --sort -committerdate --format %(refname) %(objectname) %(*objectname) [17ms]
2023-04-13 19:15:21.349 [info] > git for-each-ref --format %(refname) %(objectname) %(*objectname) refs/tags [9ms]
2023-04-13 19:15:21.394 [info] > git status -z -uall [32ms]
2023-04-13 19:15:21.395 [info] > git for-each-ref --sort -committerdate --format %(refname) %(objectname) %(*objectname) [19ms]
2023-04-13 19:15:21.399 [info] > git check-ignore -v -z --stdin [10ms]
