2023-04-13 21:40:56.742 [info] Starting worker process with pid 17172 (type: fileWatcher, window: 1).
2023-04-13 23:12:58.748 [error] RequestService#request (browser) - error https://az764295.vo.msecnd.net/extensions/marketplace.json {}
2023-04-13 23:18:46.526 [error] RequestService#request (browser) - error https://az764295.vo.msecnd.net/extensions/marketplace.json {}
2023-04-14 09:41:28.959 [info] Getting Manifest... ms-python.vscode-pylance
2023-04-14 09:41:28.960 [info] Getting Manifest... ms-vscode-remote.remote-containers
2023-04-14 09:41:29.337 [info] Installing extension: ms-vscode-remote.remote-containers
2023-04-14 09:41:30.148 [info] Installing extension: ms-python.vscode-pylance
2023-04-14 09:41:31.057 [info] Getting Manifest... ms-python.python
2023-04-14 09:41:35.179 [info] Extension signature verification: ms-vscode-remote.remote-containers. Verification status: Verified.
2023-04-14 09:41:35.312 [info] Extracted extension to /home/wenjian.ma/.vscode/extensions/.ea25e76c-72ca-431f-ab28-d823a9ec1262: ms-vscode-remote.remote-containers
2023-04-14 09:41:35.320 [info] Renamed to /home/wenjian.ma/.vscode/extensions/ms-vscode-remote.remote-containers-0.288.1
2023-04-14 09:41:35.322 [info] Extracting completed. ms-vscode-remote.remote-containers
2023-04-14 09:41:35.336 [info] Extension installed successfully: ms-vscode-remote.remote-containers
2023-04-14 09:41:35.384 [info] Marked extension as uninstalled ms-vscode-remote.remote-containers-0.288.0
2023-04-14 09:41:35.976 [info] Extension signature verification: ms-python.vscode-pylance. Verification status: Verified.
2023-04-14 09:41:38.487 [info] Extracted extension to /home/wenjian.ma/.vscode/extensions/.83dc99cd-af85-48f0-a9d2-3c8ebacb09b9: ms-python.vscode-pylance
2023-04-14 09:41:38.503 [info] Renamed to /home/wenjian.ma/.vscode/extensions/ms-python.vscode-pylance-2023.4.20
2023-04-14 09:41:38.505 [info] Extracting completed. ms-python.vscode-pylance
2023-04-14 09:41:38.516 [info] Extension installed successfully: ms-python.vscode-pylance
2023-04-14 09:41:38.551 [info] Marked extension as uninstalled ms-python.vscode-pylance-2023.4.10
2023-04-14 13:36:03.569 [info] Worker process with pid 17172 terminated normally (type: fileWatcher, window: 1).
2023-04-14 13:36:04.389 [info] Starting worker process with pid 21563 (type: fileWatcher, window: 1).
