2023-04-10 13:35:45.792 [info] Added views:workbench.panel.markers.view in workbench.panel.markers
2023-04-10 13:35:45.792 [info] Added views:workbench.panel.output in workbench.panel.output
2023-04-10 13:35:45.792 [info] Added views:terminal in terminal
2023-04-10 13:35:45.792 [info] Added views:outline in workbench.view.explorer
2023-04-10 13:35:45.792 [info] Added views:workbench.scm in workbench.view.scm
2023-04-10 13:35:45.792 [info] Added views:workbench.view.search in workbench.view.search
2023-04-10 13:35:45.792 [info] Added views:timeline in workbench.view.explorer
2023-04-10 13:35:45.792 [info] Added views:workbench.explorer.fileView in workbench.view.explorer
2023-04-10 13:35:46.028 [info] Added views:dockerContainers,dockerImages,dockerRegistries,dockerNetworks,dockerVolumes,vscode-docker.views.dockerContexts,vscode-docker.views.help in workbench.view.extension.dockerView
2023-04-10 13:35:46.029 [info] Added views:targetsContainers,devVolumes in workbench.view.remote
2023-04-10 13:35:46.162 [info] Added views:workbench.debug.welcome in workbench.view.debug
2023-04-10 13:35:46.451 [info] Added views:workbench.panel.repl.view in workbench.panel.repl
2023-04-10 13:35:47.582 [info] Added views:workbench.view.testing in workbench.view.extension.test
2023-04-10 13:35:50.084 [info] Added views:cmake.outline in workbench.view.extension.cmake__viewContainer
2023-04-10 13:37:02.787 [info] Added views:workbench.views.extensions.installed,workbench.views.extensions.popular,extensions.recommendedList in workbench.view.extensions
2023-04-10 13:37:02.789 [info] Removed views:workbench.views.extensions.popular from workbench.view.extensions
2023-04-10 13:37:03.377 [info] Removed views:extensions.recommendedList,workbench.views.extensions.installed from workbench.view.extensions
2023-04-10 13:37:03.402 [info] Added views:workbench.views.extensions.marketplace in workbench.view.extensions
2023-04-10 13:38:27.495 [info] Added views:remoteHub.views.workspaceRepositories in workbench.view.remote
2023-04-10 13:41:06.775 [info] Added views:sshfs-configs,sshfs-connections in workbench.view.extension.sshfs
2023-04-10 13:41:40.235 [info] Added views:~remote.helpPanel in workbench.view.remote
2023-04-10 13:41:40.252 [info] Removed views:remoteHub.views.workspaceRepositories from workbench.view.remote
2023-04-10 13:42:28.366 [info] Removed views:targetsContainers from workbench.view.remote
2023-04-10 13:42:28.373 [info] Removed views:devVolumes from workbench.view.remote
2023-04-10 13:42:28.374 [info] Added views:remoteTargets in workbench.view.remote
2023-04-11 19:35:28.499 [info] Removed views:workbench.view.testing from workbench.view.extension.test
