2023-04-10 13:29:32.512 [info] Extension host with pid 23517 started
2023-04-10 13:29:32.513 [info] Skipping acquiring lock for /home/wenjian.ma/.config/Code/User/workspaceStorage/2a46eb47484222006e9612ce7f5c18c3.
2023-04-10 13:29:32.664 [info] ExtensionService#_doActivateExtension vscode.emmet, startup: false, activationEvent: 'onLanguage'
2023-04-10 13:29:32.763 [info] ExtensionService#_doActivateExtension ms-python.python, startup: false, activationEvent: 'onLanguage:python', root cause: ms-python.isort
2023-04-10 13:29:32.988 [info] ExtensionService#_doActivateExtension ms-toolsai.jupyter, startup: false, activationEvent: 'onLanguage:python'
2023-04-10 13:29:33.372 [info] ExtensionService#_doActivateExtension vscode.git-base, startup: true, activationEvent: '*', root cause: vscode.git
2023-04-10 13:29:33.703 [info] ExtensionService#_doActivateExtension vscode.github-authentication, startup: false, activationEvent: 'onAuthenticationRequest:github'
2023-04-10 13:29:33.959 [info] ExtensionService#_doActivateExtension ms-vscode.cmake-tools, startup: true, activationEvent: 'workspaceContains:CMakeLists.txt'
2023-04-10 13:29:34.058 [info] ExtensionService#_doActivateExtension ms-vscode.cpptools, startup: true, activationEvent: 'workspaceContains:/.vscode/c_cpp_properties.json'
2023-04-10 13:29:34.712 [info] ExtensionService#_doActivateExtension ms-toolsai.jupyter-renderers, startup: false, activationEvent: 'api', root cause: ms-toolsai.jupyter
2023-04-10 13:29:34.722 [info] ExtensionService#_doActivateExtension vscode.git, startup: true, activationEvent: '*'
2023-04-10 13:29:34.807 [info] ExtensionService#_doActivateExtension vscode.github, startup: true, activationEvent: '*'
2023-04-10 13:29:34.863 [info] ExtensionService#_doActivateExtension ms-python.isort, startup: false, activationEvent: 'onLanguage:python'
2023-04-10 13:29:34.892 [info] ExtensionService#_doActivateExtension ms-python.vscode-pylance, startup: false, activationEvent: 'onLanguage:python'
2023-04-10 13:29:35.194 [info] ExtensionService#_doActivateExtension vscode.microsoft-authentication, startup: false, activationEvent: 'onAuthenticationRequest:microsoft'
2023-04-10 13:29:35.896 [info] ExtensionService#_doActivateExtension vscode.configuration-editing, startup: false, activationEvent: 'onLanguage:json'
2023-04-10 13:29:36.213 [info] ExtensionService#_doActivateExtension vscode.extension-editing, startup: false, activationEvent: 'onLanguage:json'
2023-04-10 13:29:36.389 [info] ExtensionService#_doActivateExtension vscode.json-language-features, startup: false, activationEvent: 'onLanguage:json'
2023-04-10 13:29:36.777 [info] ExtensionService#_doActivateExtension vscode.npm, startup: false, activationEvent: 'onLanguage:json'
2023-04-10 13:29:36.887 [error] Error: Module 'pip' not installed.
	at Xa.execModule (/home/wenjian.ma/.vscode/extensions/ms-toolsai.jupyter-2023.1.2010391206/out/extension.node.js:2:1806741)
	at async xl.getPackageInformation (/home/wenjian.ma/.vscode/extensions/ms-toolsai.jupyter-2023.1.2010391206/out/extension.node.js:17:38262)
2023-04-10 13:29:36.914 [info] ExtensionService#_doActivateExtension vscode.typescript-language-features, startup: false, activationEvent: 'onLanguage:jsonc'
2023-04-10 13:29:37.086 [info] ExtensionService#_doActivateExtension ms-vscode-remote.remote-containers, startup: false, activationEvent: 'onLanguage:jsonc'
2023-04-10 13:29:37.652 [info] Eager extensions activated
2023-04-10 13:29:37.692 [info] ExtensionService#_doActivateExtension vscode.debug-auto-launch, startup: false, activationEvent: 'onStartupFinished'
2023-04-10 13:29:37.735 [info] ExtensionService#_doActivateExtension vscode.merge-conflict, startup: false, activationEvent: 'onStartupFinished'
2023-04-10 13:29:38.081 [warning] [Decorations] CAPPING events from decorations provider vscode.git 2922
2023-04-10 13:29:38.624 [warning] [Decorations] CAPPING events from decorations provider vscode.git 2922
2023-04-10 13:32:58.805 [info] Extension host terminating: renderer closed the MessagePort
2023-04-10 13:32:58.862 [error] Canceled: Canceled
	at new u (/LocalRun/wenjian.ma/vscode/VSCode-linux-x64/resources/app/out/vs/workbench/api/node/extensionHostProcess.js:96:88070)
	at l.O (/LocalRun/wenjian.ma/vscode/VSCode-linux-x64/resources/app/out/vs/workbench/api/node/extensionHostProcess.js:106:11276)
	at V.<computed>.M.charCodeAt.V.<computed> (/LocalRun/wenjian.ma/vscode/VSCode-linux-x64/resources/app/out/vs/workbench/api/node/extensionHostProcess.js:106:8557)
	at s.g (/LocalRun/wenjian.ma/vscode/VSCode-linux-x64/resources/app/out/vs/workbench/api/node/extensionHostProcess.js:96:107430)
	at s.executeCommand (/LocalRun/wenjian.ma/vscode/VSCode-linux-x64/resources/app/out/vs/workbench/api/node/extensionHostProcess.js:96:106806)
	at w.registerCommand.description (/LocalRun/wenjian.ma/vscode/VSCode-linux-x64/resources/app/out/vs/workbench/api/node/extensionHostProcess.js:96:106099)
	at s.h (/LocalRun/wenjian.ma/vscode/VSCode-linux-x64/resources/app/out/vs/workbench/api/node/extensionHostProcess.js:96:108016)
	at s.g (/LocalRun/wenjian.ma/vscode/VSCode-linux-x64/resources/app/out/vs/workbench/api/node/extensionHostProcess.js:96:106906)
	at s.executeCommand (/LocalRun/wenjian.ma/vscode/VSCode-linux-x64/resources/app/out/vs/workbench/api/node/extensionHostProcess.js:96:106806)
	at Object.executeCommand (/LocalRun/wenjian.ma/vscode/VSCode-linux-x64/resources/app/out/vs/workbench/api/node/extensionHostProcess.js:117:30778)
	at D (/LocalRun/wenjian.ma/vscode/VSCode-linux-x64/resources/app/extensions/git/dist/main.js:2:2055373)
	at f.invoke (/LocalRun/wenjian.ma/vscode/VSCode-linux-x64/resources/app/out/vs/workbench/api/node/extensionHostProcess.js:63:145)
	at g.deliver (/LocalRun/wenjian.ma/vscode/VSCode-linux-x64/resources/app/out/vs/workbench/api/node/extensionHostProcess.js:63:2029)
	at d.fire (/LocalRun/wenjian.ma/vscode/VSCode-linux-x64/resources/app/out/vs/workbench/api/node/extensionHostProcess.js:63:1667)
	at Object.h [as dispose] (/LocalRun/wenjian.ma/vscode/VSCode-linux-x64/resources/app/extensions/git/dist/main.js:2:2070210)
	at /LocalRun/wenjian.ma/vscode/VSCode-linux-x64/resources/app/extensions/git/dist/main.js:2:2074277
	at Array.forEach (<anonymous>)
	at g.dispose (/LocalRun/wenjian.ma/vscode/VSCode-linux-x64/resources/app/extensions/git/dist/main.js:2:2074263)
	at C.<anonymous> (/LocalRun/wenjian.ma/vscode/VSCode-linux-x64/resources/app/out/vs/workbench/api/node/extensionHostProcess.js:94:12431)
	at C.dispose (/LocalRun/wenjian.ma/vscode/VSCode-linux-x64/resources/app/out/vs/workbench/api/node/extensionHostProcess.js:94:12566)
	at C.<anonymous> (/LocalRun/wenjian.ma/vscode/VSCode-linux-x64/resources/app/extensions/git/dist/main.js:2:2057503)
	at C.dispose (/LocalRun/wenjian.ma/vscode/VSCode-linux-x64/resources/app/out/vs/workbench/api/node/extensionHostProcess.js:94:12566)
	at T (/LocalRun/wenjian.ma/vscode/VSCode-linux-x64/resources/app/out/vs/workbench/api/node/extensionHostProcess.js:10:12072)
	at f.X (/LocalRun/wenjian.ma/vscode/VSCode-linux-x64/resources/app/out/vs/workbench/api/node/extensionHostProcess.js:108:11242)
	at /LocalRun/wenjian.ma/vscode/VSCode-linux-x64/resources/app/out/vs/workbench/api/node/extensionHostProcess.js:108:9037
	at Array.map (<anonymous>)
	at f.Q (/LocalRun/wenjian.ma/vscode/VSCode-linux-x64/resources/app/out/vs/workbench/api/node/extensionHostProcess.js:108:9024)
	at f.terminate (/LocalRun/wenjian.ma/vscode/VSCode-linux-x64/resources/app/out/vs/workbench/api/node/extensionHostProcess.js:108:9298)
	at h.terminate (/LocalRun/wenjian.ma/vscode/VSCode-linux-x64/resources/app/out/vs/workbench/api/node/extensionHostProcess.js:112:1397)
	at p (/LocalRun/wenjian.ma/vscode/VSCode-linux-x64/resources/app/out/vs/workbench/api/node/extensionHostProcess.js:122:17851)
	at MessagePortMain.<anonymous> (/LocalRun/wenjian.ma/vscode/VSCode-linux-x64/resources/app/out/vs/workbench/api/node/extensionHostProcess.js:122:13990)
	at MessagePortMain.emit (node:events:526:28)
	at MessagePortMain._internalPort.emit (node:electron/js2c/utility_init:5:364) setContext undefined
2023-04-10 13:32:58.862 [error] Canceled: Canceled
	at new u (/LocalRun/wenjian.ma/vscode/VSCode-linux-x64/resources/app/out/vs/workbench/api/node/extensionHostProcess.js:96:88070)
	at l.O (/LocalRun/wenjian.ma/vscode/VSCode-linux-x64/resources/app/out/vs/workbench/api/node/extensionHostProcess.js:106:11276)
	at V.<computed>.M.charCodeAt.V.<computed> (/LocalRun/wenjian.ma/vscode/VSCode-linux-x64/resources/app/out/vs/workbench/api/node/extensionHostProcess.js:106:8557)
	at s.g (/LocalRun/wenjian.ma/vscode/VSCode-linux-x64/resources/app/out/vs/workbench/api/node/extensionHostProcess.js:96:107430)
	at s.executeCommand (/LocalRun/wenjian.ma/vscode/VSCode-linux-x64/resources/app/out/vs/workbench/api/node/extensionHostProcess.js:96:106806)
	at w.registerCommand.description (/LocalRun/wenjian.ma/vscode/VSCode-linux-x64/resources/app/out/vs/workbench/api/node/extensionHostProcess.js:96:106099)
	at s.h (/LocalRun/wenjian.ma/vscode/VSCode-linux-x64/resources/app/out/vs/workbench/api/node/extensionHostProcess.js:96:108016)
	at s.g (/LocalRun/wenjian.ma/vscode/VSCode-linux-x64/resources/app/out/vs/workbench/api/node/extensionHostProcess.js:96:106906)
	at s.executeCommand (/LocalRun/wenjian.ma/vscode/VSCode-linux-x64/resources/app/out/vs/workbench/api/node/extensionHostProcess.js:96:106806)
	at Object.executeCommand (/LocalRun/wenjian.ma/vscode/VSCode-linux-x64/resources/app/out/vs/workbench/api/node/extensionHostProcess.js:117:30778)
	at D (/LocalRun/wenjian.ma/vscode/VSCode-linux-x64/resources/app/extensions/git/dist/main.js:2:2055373)
	at f.invoke (/LocalRun/wenjian.ma/vscode/VSCode-linux-x64/resources/app/out/vs/workbench/api/node/extensionHostProcess.js:63:145)
	at g.deliver (/LocalRun/wenjian.ma/vscode/VSCode-linux-x64/resources/app/out/vs/workbench/api/node/extensionHostProcess.js:63:2029)
	at d.fire (/LocalRun/wenjian.ma/vscode/VSCode-linux-x64/resources/app/out/vs/workbench/api/node/extensionHostProcess.js:63:1667)
	at Object.h [as dispose] (/LocalRun/wenjian.ma/vscode/VSCode-linux-x64/resources/app/extensions/git/dist/main.js:2:2070210)
	at /LocalRun/wenjian.ma/vscode/VSCode-linux-x64/resources/app/extensions/git/dist/main.js:2:2074277
	at Array.forEach (<anonymous>)
	at g.dispose (/LocalRun/wenjian.ma/vscode/VSCode-linux-x64/resources/app/extensions/git/dist/main.js:2:2074263)
	at C.<anonymous> (/LocalRun/wenjian.ma/vscode/VSCode-linux-x64/resources/app/out/vs/workbench/api/node/extensionHostProcess.js:94:12431)
	at C.dispose (/LocalRun/wenjian.ma/vscode/VSCode-linux-x64/resources/app/out/vs/workbench/api/node/extensionHostProcess.js:94:12566)
	at C.<anonymous> (/LocalRun/wenjian.ma/vscode/VSCode-linux-x64/resources/app/extensions/git/dist/main.js:2:2057503)
	at C.dispose (/LocalRun/wenjian.ma/vscode/VSCode-linux-x64/resources/app/out/vs/workbench/api/node/extensionHostProcess.js:94:12566)
	at T (/LocalRun/wenjian.ma/vscode/VSCode-linux-x64/resources/app/out/vs/workbench/api/node/extensionHostProcess.js:10:12072)
	at f.X (/LocalRun/wenjian.ma/vscode/VSCode-linux-x64/resources/app/out/vs/workbench/api/node/extensionHostProcess.js:108:11242)
	at /LocalRun/wenjian.ma/vscode/VSCode-linux-x64/resources/app/out/vs/workbench/api/node/extensionHostProcess.js:108:9037
	at Array.map (<anonymous>)
	at f.Q (/LocalRun/wenjian.ma/vscode/VSCode-linux-x64/resources/app/out/vs/workbench/api/node/extensionHostProcess.js:108:9024)
	at f.terminate (/LocalRun/wenjian.ma/vscode/VSCode-linux-x64/resources/app/out/vs/workbench/api/node/extensionHostProcess.js:108:9298)
	at h.terminate (/LocalRun/wenjian.ma/vscode/VSCode-linux-x64/resources/app/out/vs/workbench/api/node/extensionHostProcess.js:112:1397)
	at p (/LocalRun/wenjian.ma/vscode/VSCode-linux-x64/resources/app/out/vs/workbench/api/node/extensionHostProcess.js:122:17851)
	at MessagePortMain.<anonymous> (/LocalRun/wenjian.ma/vscode/VSCode-linux-x64/resources/app/out/vs/workbench/api/node/extensionHostProcess.js:122:13990)
	at MessagePortMain.emit (node:events:526:28)
	at MessagePortMain._internalPort.emit (node:electron/js2c/utility_init:5:364) setContext undefined
2023-04-10 13:32:58.862 [error] Canceled: Canceled
	at new u (/LocalRun/wenjian.ma/vscode/VSCode-linux-x64/resources/app/out/vs/workbench/api/node/extensionHostProcess.js:96:88070)
	at l.O (/LocalRun/wenjian.ma/vscode/VSCode-linux-x64/resources/app/out/vs/workbench/api/node/extensionHostProcess.js:106:11276)
	at V.<computed>.M.charCodeAt.V.<computed> (/LocalRun/wenjian.ma/vscode/VSCode-linux-x64/resources/app/out/vs/workbench/api/node/extensionHostProcess.js:106:8557)
	at s.g (/LocalRun/wenjian.ma/vscode/VSCode-linux-x64/resources/app/out/vs/workbench/api/node/extensionHostProcess.js:96:107430)
	at s.executeCommand (/LocalRun/wenjian.ma/vscode/VSCode-linux-x64/resources/app/out/vs/workbench/api/node/extensionHostProcess.js:96:106806)
	at w.registerCommand.description (/LocalRun/wenjian.ma/vscode/VSCode-linux-x64/resources/app/out/vs/workbench/api/node/extensionHostProcess.js:96:106099)
	at s.h (/LocalRun/wenjian.ma/vscode/VSCode-linux-x64/resources/app/out/vs/workbench/api/node/extensionHostProcess.js:96:108016)
	at s.g (/LocalRun/wenjian.ma/vscode/VSCode-linux-x64/resources/app/out/vs/workbench/api/node/extensionHostProcess.js:96:106906)
	at s.executeCommand (/LocalRun/wenjian.ma/vscode/VSCode-linux-x64/resources/app/out/vs/workbench/api/node/extensionHostProcess.js:96:106806)
	at Object.executeCommand (/LocalRun/wenjian.ma/vscode/VSCode-linux-x64/resources/app/out/vs/workbench/api/node/extensionHostProcess.js:117:30778)
	at D (/LocalRun/wenjian.ma/vscode/VSCode-linux-x64/resources/app/extensions/git/dist/main.js:2:2055373)
	at f.invoke (/LocalRun/wenjian.ma/vscode/VSCode-linux-x64/resources/app/out/vs/workbench/api/node/extensionHostProcess.js:63:145)
	at g.deliver (/LocalRun/wenjian.ma/vscode/VSCode-linux-x64/resources/app/out/vs/workbench/api/node/extensionHostProcess.js:63:2029)
	at d.fire (/LocalRun/wenjian.ma/vscode/VSCode-linux-x64/resources/app/out/vs/workbench/api/node/extensionHostProcess.js:63:1667)
	at Object.h [as dispose] (/LocalRun/wenjian.ma/vscode/VSCode-linux-x64/resources/app/extensions/git/dist/main.js:2:2070210)
	at /LocalRun/wenjian.ma/vscode/VSCode-linux-x64/resources/app/extensions/git/dist/main.js:2:2074277
	at Array.forEach (<anonymous>)
	at g.dispose (/LocalRun/wenjian.ma/vscode/VSCode-linux-x64/resources/app/extensions/git/dist/main.js:2:2074263)
	at C.<anonymous> (/LocalRun/wenjian.ma/vscode/VSCode-linux-x64/resources/app/out/vs/workbench/api/node/extensionHostProcess.js:94:12431)
	at C.dispose (/LocalRun/wenjian.ma/vscode/VSCode-linux-x64/resources/app/out/vs/workbench/api/node/extensionHostProcess.js:94:12566)
	at C.<anonymous> (/LocalRun/wenjian.ma/vscode/VSCode-linux-x64/resources/app/extensions/git/dist/main.js:2:2057503)
	at C.dispose (/LocalRun/wenjian.ma/vscode/VSCode-linux-x64/resources/app/out/vs/workbench/api/node/extensionHostProcess.js:94:12566)
	at T (/LocalRun/wenjian.ma/vscode/VSCode-linux-x64/resources/app/out/vs/workbench/api/node/extensionHostProcess.js:10:12072)
	at f.X (/LocalRun/wenjian.ma/vscode/VSCode-linux-x64/resources/app/out/vs/workbench/api/node/extensionHostProcess.js:108:11242)
	at /LocalRun/wenjian.ma/vscode/VSCode-linux-x64/resources/app/out/vs/workbench/api/node/extensionHostProcess.js:108:9037
	at Array.map (<anonymous>)
	at f.Q (/LocalRun/wenjian.ma/vscode/VSCode-linux-x64/resources/app/out/vs/workbench/api/node/extensionHostProcess.js:108:9024)
	at f.terminate (/LocalRun/wenjian.ma/vscode/VSCode-linux-x64/resources/app/out/vs/workbench/api/node/extensionHostProcess.js:108:9298)
	at h.terminate (/LocalRun/wenjian.ma/vscode/VSCode-linux-x64/resources/app/out/vs/workbench/api/node/extensionHostProcess.js:112:1397)
	at p (/LocalRun/wenjian.ma/vscode/VSCode-linux-x64/resources/app/out/vs/workbench/api/node/extensionHostProcess.js:122:17851)
	at MessagePortMain.<anonymous> (/LocalRun/wenjian.ma/vscode/VSCode-linux-x64/resources/app/out/vs/workbench/api/node/extensionHostProcess.js:122:13990)
	at MessagePortMain.emit (node:events:526:28)
	at MessagePortMain._internalPort.emit (node:electron/js2c/utility_init:5:364) setContext undefined
2023-04-10 13:32:58.863 [error] Canceled: Canceled
	at new u (/LocalRun/wenjian.ma/vscode/VSCode-linux-x64/resources/app/out/vs/workbench/api/node/extensionHostProcess.js:96:88070)
	at l.O (/LocalRun/wenjian.ma/vscode/VSCode-linux-x64/resources/app/out/vs/workbench/api/node/extensionHostProcess.js:106:11276)
	at V.<computed>.M.charCodeAt.V.<computed> (/LocalRun/wenjian.ma/vscode/VSCode-linux-x64/resources/app/out/vs/workbench/api/node/extensionHostProcess.js:106:8557)
	at s.g (/LocalRun/wenjian.ma/vscode/VSCode-linux-x64/resources/app/out/vs/workbench/api/node/extensionHostProcess.js:96:107430)
	at s.executeCommand (/LocalRun/wenjian.ma/vscode/VSCode-linux-x64/resources/app/out/vs/workbench/api/node/extensionHostProcess.js:96:106806)
	at w.registerCommand.description (/LocalRun/wenjian.ma/vscode/VSCode-linux-x64/resources/app/out/vs/workbench/api/node/extensionHostProcess.js:96:106099)
	at s.h (/LocalRun/wenjian.ma/vscode/VSCode-linux-x64/resources/app/out/vs/workbench/api/node/extensionHostProcess.js:96:108016)
	at s.g (/LocalRun/wenjian.ma/vscode/VSCode-linux-x64/resources/app/out/vs/workbench/api/node/extensionHostProcess.js:96:106906)
	at s.executeCommand (/LocalRun/wenjian.ma/vscode/VSCode-linux-x64/resources/app/out/vs/workbench/api/node/extensionHostProcess.js:96:106806)
	at Object.executeCommand (/LocalRun/wenjian.ma/vscode/VSCode-linux-x64/resources/app/out/vs/workbench/api/node/extensionHostProcess.js:117:30778)
	at D (/LocalRun/wenjian.ma/vscode/VSCode-linux-x64/resources/app/extensions/git/dist/main.js:2:2055373)
	at f.invoke (/LocalRun/wenjian.ma/vscode/VSCode-linux-x64/resources/app/out/vs/workbench/api/node/extensionHostProcess.js:63:145)
	at g.deliver (/LocalRun/wenjian.ma/vscode/VSCode-linux-x64/resources/app/out/vs/workbench/api/node/extensionHostProcess.js:63:2029)
	at d.fire (/LocalRun/wenjian.ma/vscode/VSCode-linux-x64/resources/app/out/vs/workbench/api/node/extensionHostProcess.js:63:1667)
	at Object.h [as dispose] (/LocalRun/wenjian.ma/vscode/VSCode-linux-x64/resources/app/extensions/git/dist/main.js:2:2070210)
	at /LocalRun/wenjian.ma/vscode/VSCode-linux-x64/resources/app/extensions/git/dist/main.js:2:2074277
	at Array.forEach (<anonymous>)
	at g.dispose (/LocalRun/wenjian.ma/vscode/VSCode-linux-x64/resources/app/extensions/git/dist/main.js:2:2074263)
	at C.<anonymous> (/LocalRun/wenjian.ma/vscode/VSCode-linux-x64/resources/app/out/vs/workbench/api/node/extensionHostProcess.js:94:12431)
	at C.dispose (/LocalRun/wenjian.ma/vscode/VSCode-linux-x64/resources/app/out/vs/workbench/api/node/extensionHostProcess.js:94:12566)
	at C.<anonymous> (/LocalRun/wenjian.ma/vscode/VSCode-linux-x64/resources/app/extensions/git/dist/main.js:2:2057503)
	at C.dispose (/LocalRun/wenjian.ma/vscode/VSCode-linux-x64/resources/app/out/vs/workbench/api/node/extensionHostProcess.js:94:12566)
	at T (/LocalRun/wenjian.ma/vscode/VSCode-linux-x64/resources/app/out/vs/workbench/api/node/extensionHostProcess.js:10:12072)
	at f.X (/LocalRun/wenjian.ma/vscode/VSCode-linux-x64/resources/app/out/vs/workbench/api/node/extensionHostProcess.js:108:11242)
	at /LocalRun/wenjian.ma/vscode/VSCode-linux-x64/resources/app/out/vs/workbench/api/node/extensionHostProcess.js:108:9037
	at Array.map (<anonymous>)
	at f.Q (/LocalRun/wenjian.ma/vscode/VSCode-linux-x64/resources/app/out/vs/workbench/api/node/extensionHostProcess.js:108:9024)
	at f.terminate (/LocalRun/wenjian.ma/vscode/VSCode-linux-x64/resources/app/out/vs/workbench/api/node/extensionHostProcess.js:108:9298)
	at h.terminate (/LocalRun/wenjian.ma/vscode/VSCode-linux-x64/resources/app/out/vs/workbench/api/node/extensionHostProcess.js:112:1397)
	at p (/LocalRun/wenjian.ma/vscode/VSCode-linux-x64/resources/app/out/vs/workbench/api/node/extensionHostProcess.js:122:17851)
	at MessagePortMain.<anonymous> (/LocalRun/wenjian.ma/vscode/VSCode-linux-x64/resources/app/out/vs/workbench/api/node/extensionHostProcess.js:122:13990)
	at MessagePortMain.emit (node:events:526:28)
	at MessagePortMain._internalPort.emit (node:electron/js2c/utility_init:5:364) setContext undefined
2023-04-10 13:32:58.863 [error] Canceled: Canceled
	at new u (/LocalRun/wenjian.ma/vscode/VSCode-linux-x64/resources/app/out/vs/workbench/api/node/extensionHostProcess.js:96:88070)
	at l.O (/LocalRun/wenjian.ma/vscode/VSCode-linux-x64/resources/app/out/vs/workbench/api/node/extensionHostProcess.js:106:11276)
	at V.<computed>.M.charCodeAt.V.<computed> (/LocalRun/wenjian.ma/vscode/VSCode-linux-x64/resources/app/out/vs/workbench/api/node/extensionHostProcess.js:106:8557)
	at s.g (/LocalRun/wenjian.ma/vscode/VSCode-linux-x64/resources/app/out/vs/workbench/api/node/extensionHostProcess.js:96:107430)
	at s.executeCommand (/LocalRun/wenjian.ma/vscode/VSCode-linux-x64/resources/app/out/vs/workbench/api/node/extensionHostProcess.js:96:106806)
	at w.registerCommand.description (/LocalRun/wenjian.ma/vscode/VSCode-linux-x64/resources/app/out/vs/workbench/api/node/extensionHostProcess.js:96:106099)
	at s.h (/LocalRun/wenjian.ma/vscode/VSCode-linux-x64/resources/app/out/vs/workbench/api/node/extensionHostProcess.js:96:108016)
	at s.g (/LocalRun/wenjian.ma/vscode/VSCode-linux-x64/resources/app/out/vs/workbench/api/node/extensionHostProcess.js:96:106906)
	at s.executeCommand (/LocalRun/wenjian.ma/vscode/VSCode-linux-x64/resources/app/out/vs/workbench/api/node/extensionHostProcess.js:96:106806)
	at Object.executeCommand (/LocalRun/wenjian.ma/vscode/VSCode-linux-x64/resources/app/out/vs/workbench/api/node/extensionHostProcess.js:117:30778)
	at D (/LocalRun/wenjian.ma/vscode/VSCode-linux-x64/resources/app/extensions/git/dist/main.js:2:2055373)
	at f.invoke (/LocalRun/wenjian.ma/vscode/VSCode-linux-x64/resources/app/out/vs/workbench/api/node/extensionHostProcess.js:63:145)
	at g.deliver (/LocalRun/wenjian.ma/vscode/VSCode-linux-x64/resources/app/out/vs/workbench/api/node/extensionHostProcess.js:63:2029)
	at d.fire (/LocalRun/wenjian.ma/vscode/VSCode-linux-x64/resources/app/out/vs/workbench/api/node/extensionHostProcess.js:63:1667)
	at Object.h [as dispose] (/LocalRun/wenjian.ma/vscode/VSCode-linux-x64/resources/app/extensions/git/dist/main.js:2:2070210)
	at /LocalRun/wenjian.ma/vscode/VSCode-linux-x64/resources/app/extensions/git/dist/main.js:2:2074277
	at Array.forEach (<anonymous>)
	at g.dispose (/LocalRun/wenjian.ma/vscode/VSCode-linux-x64/resources/app/extensions/git/dist/main.js:2:2074263)
	at C.<anonymous> (/LocalRun/wenjian.ma/vscode/VSCode-linux-x64/resources/app/out/vs/workbench/api/node/extensionHostProcess.js:94:12431)
	at C.dispose (/LocalRun/wenjian.ma/vscode/VSCode-linux-x64/resources/app/out/vs/workbench/api/node/extensionHostProcess.js:94:12566)
	at C.<anonymous> (/LocalRun/wenjian.ma/vscode/VSCode-linux-x64/resources/app/extensions/git/dist/main.js:2:2057503)
	at C.dispose (/LocalRun/wenjian.ma/vscode/VSCode-linux-x64/resources/app/out/vs/workbench/api/node/extensionHostProcess.js:94:12566)
	at T (/LocalRun/wenjian.ma/vscode/VSCode-linux-x64/resources/app/out/vs/workbench/api/node/extensionHostProcess.js:10:12072)
	at f.X (/LocalRun/wenjian.ma/vscode/VSCode-linux-x64/resources/app/out/vs/workbench/api/node/extensionHostProcess.js:108:11242)
	at /LocalRun/wenjian.ma/vscode/VSCode-linux-x64/resources/app/out/vs/workbench/api/node/extensionHostProcess.js:108:9037
	at Array.map (<anonymous>)
	at f.Q (/LocalRun/wenjian.ma/vscode/VSCode-linux-x64/resources/app/out/vs/workbench/api/node/extensionHostProcess.js:108:9024)
	at f.terminate (/LocalRun/wenjian.ma/vscode/VSCode-linux-x64/resources/app/out/vs/workbench/api/node/extensionHostProcess.js:108:9298)
	at h.terminate (/LocalRun/wenjian.ma/vscode/VSCode-linux-x64/resources/app/out/vs/workbench/api/node/extensionHostProcess.js:112:1397)
	at p (/LocalRun/wenjian.ma/vscode/VSCode-linux-x64/resources/app/out/vs/workbench/api/node/extensionHostProcess.js:122:17851)
	at MessagePortMain.<anonymous> (/LocalRun/wenjian.ma/vscode/VSCode-linux-x64/resources/app/out/vs/workbench/api/node/extensionHostProcess.js:122:13990)
	at MessagePortMain.emit (node:events:526:28)
	at MessagePortMain._internalPort.emit (node:electron/js2c/utility_init:5:364) setContext undefined
2023-04-10 13:32:58.863 [error] Canceled: Canceled
	at new u (/LocalRun/wenjian.ma/vscode/VSCode-linux-x64/resources/app/out/vs/workbench/api/node/extensionHostProcess.js:96:88070)
	at l.O (/LocalRun/wenjian.ma/vscode/VSCode-linux-x64/resources/app/out/vs/workbench/api/node/extensionHostProcess.js:106:11276)
	at V.<computed>.M.charCodeAt.V.<computed> (/LocalRun/wenjian.ma/vscode/VSCode-linux-x64/resources/app/out/vs/workbench/api/node/extensionHostProcess.js:106:8557)
	at s.g (/LocalRun/wenjian.ma/vscode/VSCode-linux-x64/resources/app/out/vs/workbench/api/node/extensionHostProcess.js:96:107430)
	at s.executeCommand (/LocalRun/wenjian.ma/vscode/VSCode-linux-x64/resources/app/out/vs/workbench/api/node/extensionHostProcess.js:96:106806)
	at w.registerCommand.description (/LocalRun/wenjian.ma/vscode/VSCode-linux-x64/resources/app/out/vs/workbench/api/node/extensionHostProcess.js:96:106099)
	at s.h (/LocalRun/wenjian.ma/vscode/VSCode-linux-x64/resources/app/out/vs/workbench/api/node/extensionHostProcess.js:96:108016)
	at s.g (/LocalRun/wenjian.ma/vscode/VSCode-linux-x64/resources/app/out/vs/workbench/api/node/extensionHostProcess.js:96:106906)
	at s.executeCommand (/LocalRun/wenjian.ma/vscode/VSCode-linux-x64/resources/app/out/vs/workbench/api/node/extensionHostProcess.js:96:106806)
	at Object.executeCommand (/LocalRun/wenjian.ma/vscode/VSCode-linux-x64/resources/app/out/vs/workbench/api/node/extensionHostProcess.js:117:30778)
	at D (/LocalRun/wenjian.ma/vscode/VSCode-linux-x64/resources/app/extensions/git/dist/main.js:2:2055373)
	at f.invoke (/LocalRun/wenjian.ma/vscode/VSCode-linux-x64/resources/app/out/vs/workbench/api/node/extensionHostProcess.js:63:145)
	at g.deliver (/LocalRun/wenjian.ma/vscode/VSCode-linux-x64/resources/app/out/vs/workbench/api/node/extensionHostProcess.js:63:2029)
	at d.fire (/LocalRun/wenjian.ma/vscode/VSCode-linux-x64/resources/app/out/vs/workbench/api/node/extensionHostProcess.js:63:1667)
	at Object.h [as dispose] (/LocalRun/wenjian.ma/vscode/VSCode-linux-x64/resources/app/extensions/git/dist/main.js:2:2070210)
	at /LocalRun/wenjian.ma/vscode/VSCode-linux-x64/resources/app/extensions/git/dist/main.js:2:2074277
	at Array.forEach (<anonymous>)
	at g.dispose (/LocalRun/wenjian.ma/vscode/VSCode-linux-x64/resources/app/extensions/git/dist/main.js:2:2074263)
	at C.<anonymous> (/LocalRun/wenjian.ma/vscode/VSCode-linux-x64/resources/app/out/vs/workbench/api/node/extensionHostProcess.js:94:12431)
	at C.dispose (/LocalRun/wenjian.ma/vscode/VSCode-linux-x64/resources/app/out/vs/workbench/api/node/extensionHostProcess.js:94:12566)
	at C.<anonymous> (/LocalRun/wenjian.ma/vscode/VSCode-linux-x64/resources/app/extensions/git/dist/main.js:2:2057503)
	at C.dispose (/LocalRun/wenjian.ma/vscode/VSCode-linux-x64/resources/app/out/vs/workbench/api/node/extensionHostProcess.js:94:12566)
	at T (/LocalRun/wenjian.ma/vscode/VSCode-linux-x64/resources/app/out/vs/workbench/api/node/extensionHostProcess.js:10:12072)
	at f.X (/LocalRun/wenjian.ma/vscode/VSCode-linux-x64/resources/app/out/vs/workbench/api/node/extensionHostProcess.js:108:11242)
	at /LocalRun/wenjian.ma/vscode/VSCode-linux-x64/resources/app/out/vs/workbench/api/node/extensionHostProcess.js:108:9037
	at Array.map (<anonymous>)
	at f.Q (/LocalRun/wenjian.ma/vscode/VSCode-linux-x64/resources/app/out/vs/workbench/api/node/extensionHostProcess.js:108:9024)
	at f.terminate (/LocalRun/wenjian.ma/vscode/VSCode-linux-x64/resources/app/out/vs/workbench/api/node/extensionHostProcess.js:108:9298)
	at h.terminate (/LocalRun/wenjian.ma/vscode/VSCode-linux-x64/resources/app/out/vs/workbench/api/node/extensionHostProcess.js:112:1397)
	at p (/LocalRun/wenjian.ma/vscode/VSCode-linux-x64/resources/app/out/vs/workbench/api/node/extensionHostProcess.js:122:17851)
	at MessagePortMain.<anonymous> (/LocalRun/wenjian.ma/vscode/VSCode-linux-x64/resources/app/out/vs/workbench/api/node/extensionHostProcess.js:122:13990)
	at MessagePortMain.emit (node:events:526:28)
	at MessagePortMain._internalPort.emit (node:electron/js2c/utility_init:5:364) setContext undefined
2023-04-10 13:32:58.863 [error] Canceled: Canceled
	at new u (/LocalRun/wenjian.ma/vscode/VSCode-linux-x64/resources/app/out/vs/workbench/api/node/extensionHostProcess.js:96:88070)
	at l.O (/LocalRun/wenjian.ma/vscode/VSCode-linux-x64/resources/app/out/vs/workbench/api/node/extensionHostProcess.js:106:11276)
	at V.<computed>.M.charCodeAt.V.<computed> (/LocalRun/wenjian.ma/vscode/VSCode-linux-x64/resources/app/out/vs/workbench/api/node/extensionHostProcess.js:106:8557)
	at s.g (/LocalRun/wenjian.ma/vscode/VSCode-linux-x64/resources/app/out/vs/workbench/api/node/extensionHostProcess.js:96:107430)
	at s.executeCommand (/LocalRun/wenjian.ma/vscode/VSCode-linux-x64/resources/app/out/vs/workbench/api/node/extensionHostProcess.js:96:106806)
	at w.registerCommand.description (/LocalRun/wenjian.ma/vscode/VSCode-linux-x64/resources/app/out/vs/workbench/api/node/extensionHostProcess.js:96:106099)
	at s.h (/LocalRun/wenjian.ma/vscode/VSCode-linux-x64/resources/app/out/vs/workbench/api/node/extensionHostProcess.js:96:108016)
	at s.g (/LocalRun/wenjian.ma/vscode/VSCode-linux-x64/resources/app/out/vs/workbench/api/node/extensionHostProcess.js:96:106906)
	at s.executeCommand (/LocalRun/wenjian.ma/vscode/VSCode-linux-x64/resources/app/out/vs/workbench/api/node/extensionHostProcess.js:96:106806)
	at Object.executeCommand (/LocalRun/wenjian.ma/vscode/VSCode-linux-x64/resources/app/out/vs/workbench/api/node/extensionHostProcess.js:117:30778)
	at D (/LocalRun/wenjian.ma/vscode/VSCode-linux-x64/resources/app/extensions/git/dist/main.js:2:2055373)
	at f.invoke (/LocalRun/wenjian.ma/vscode/VSCode-linux-x64/resources/app/out/vs/workbench/api/node/extensionHostProcess.js:63:145)
	at g.deliver (/LocalRun/wenjian.ma/vscode/VSCode-linux-x64/resources/app/out/vs/workbench/api/node/extensionHostProcess.js:63:2029)
	at d.fire (/LocalRun/wenjian.ma/vscode/VSCode-linux-x64/resources/app/out/vs/workbench/api/node/extensionHostProcess.js:63:1667)
	at Object.h [as dispose] (/LocalRun/wenjian.ma/vscode/VSCode-linux-x64/resources/app/extensions/git/dist/main.js:2:2070210)
	at /LocalRun/wenjian.ma/vscode/VSCode-linux-x64/resources/app/extensions/git/dist/main.js:2:2074277
	at Array.forEach (<anonymous>)
	at g.dispose (/LocalRun/wenjian.ma/vscode/VSCode-linux-x64/resources/app/extensions/git/dist/main.js:2:2074263)
	at C.<anonymous> (/LocalRun/wenjian.ma/vscode/VSCode-linux-x64/resources/app/out/vs/workbench/api/node/extensionHostProcess.js:94:12431)
	at C.dispose (/LocalRun/wenjian.ma/vscode/VSCode-linux-x64/resources/app/out/vs/workbench/api/node/extensionHostProcess.js:94:12566)
	at C.<anonymous> (/LocalRun/wenjian.ma/vscode/VSCode-linux-x64/resources/app/extensions/git/dist/main.js:2:2057503)
	at C.dispose (/LocalRun/wenjian.ma/vscode/VSCode-linux-x64/resources/app/out/vs/workbench/api/node/extensionHostProcess.js:94:12566)
	at T (/LocalRun/wenjian.ma/vscode/VSCode-linux-x64/resources/app/out/vs/workbench/api/node/extensionHostProcess.js:10:12072)
	at f.X (/LocalRun/wenjian.ma/vscode/VSCode-linux-x64/resources/app/out/vs/workbench/api/node/extensionHostProcess.js:108:11242)
	at /LocalRun/wenjian.ma/vscode/VSCode-linux-x64/resources/app/out/vs/workbench/api/node/extensionHostProcess.js:108:9037
	at Array.map (<anonymous>)
	at f.Q (/LocalRun/wenjian.ma/vscode/VSCode-linux-x64/resources/app/out/vs/workbench/api/node/extensionHostProcess.js:108:9024)
	at f.terminate (/LocalRun/wenjian.ma/vscode/VSCode-linux-x64/resources/app/out/vs/workbench/api/node/extensionHostProcess.js:108:9298)
	at h.terminate (/LocalRun/wenjian.ma/vscode/VSCode-linux-x64/resources/app/out/vs/workbench/api/node/extensionHostProcess.js:112:1397)
	at p (/LocalRun/wenjian.ma/vscode/VSCode-linux-x64/resources/app/out/vs/workbench/api/node/extensionHostProcess.js:122:17851)
	at MessagePortMain.<anonymous> (/LocalRun/wenjian.ma/vscode/VSCode-linux-x64/resources/app/out/vs/workbench/api/node/extensionHostProcess.js:122:13990)
	at MessagePortMain.emit (node:events:526:28)
	at MessagePortMain._internalPort.emit (node:electron/js2c/utility_init:5:364) setContext undefined
2023-04-10 13:32:58.909 [info] Extension host with pid 23517 exiting with code 0
2023-04-10 13:33:00.373 [info] Extension host with pid 15037 started
2023-04-10 13:33:00.373 [info] Skipping acquiring lock for /home/wenjian.ma/.config/Code/User/workspaceStorage/2a46eb47484222006e9612ce7f5c18c3.
2023-04-10 13:33:00.614 [info] ExtensionService#_doActivateExtension vscode.emmet, startup: false, activationEvent: 'onLanguage'
2023-04-10 13:33:00.622 [info] ExtensionService#_doActivateExtension ms-python.python, startup: false, activationEvent: 'onLanguage:python', root cause: ms-python.isort
2023-04-10 13:33:00.897 [info] ExtensionService#_doActivateExtension ms-toolsai.jupyter, startup: false, activationEvent: 'onLanguage:python'
2023-04-10 13:33:00.958 [info] ExtensionService#_doActivateExtension vscode.git-base, startup: true, activationEvent: '*', root cause: vscode.git
2023-04-10 13:33:00.960 [info] ExtensionService#_doActivateExtension ms-vscode.cmake-tools, startup: true, activationEvent: 'workspaceContains:CMakeLists.txt'
2023-04-10 13:33:01.007 [info] ExtensionService#_doActivateExtension ms-vscode.cpptools, startup: true, activationEvent: 'workspaceContains:/.vscode/c_cpp_properties.json'
2023-04-10 13:33:01.491 [info] ExtensionService#_doActivateExtension ms-toolsai.jupyter-renderers, startup: false, activationEvent: 'api', root cause: ms-toolsai.jupyter
2023-04-10 13:33:01.493 [info] ExtensionService#_doActivateExtension vscode.git, startup: true, activationEvent: '*'
2023-04-10 13:33:01.516 [info] ExtensionService#_doActivateExtension vscode.github, startup: true, activationEvent: '*'
2023-04-10 13:33:01.520 [info] ExtensionService#_doActivateExtension vscode.github-authentication, startup: false, activationEvent: 'onAuthenticationRequest:github'
2023-04-10 13:33:01.562 [info] ExtensionService#_doActivateExtension ms-python.isort, startup: false, activationEvent: 'onLanguage:python'
2023-04-10 13:33:01.571 [info] ExtensionService#_doActivateExtension ms-python.vscode-pylance, startup: false, activationEvent: 'onLanguage:python'
2023-04-10 13:33:02.356 [info] ExtensionService#_doActivateExtension vscode.microsoft-authentication, startup: false, activationEvent: 'onAuthenticationRequest:microsoft'
2023-04-10 13:33:02.526 [warning] [Decorations] CAPPING events from decorations provider vscode.git 2922
2023-04-10 13:33:03.210 [warning] [Decorations] CAPPING events from decorations provider vscode.git 2922
2023-04-10 13:33:03.887 [error] Error: Module 'pip' not installed.
	at Xa.execModule (/home/wenjian.ma/.vscode/extensions/ms-toolsai.jupyter-2023.1.2010391206/out/extension.node.js:2:1806741)
	at async xl.getPackageInformation (/home/wenjian.ma/.vscode/extensions/ms-toolsai.jupyter-2023.1.2010391206/out/extension.node.js:17:38262)
2023-04-10 13:33:03.931 [info] ExtensionService#_doActivateExtension vscode.configuration-editing, startup: false, activationEvent: 'onLanguage:json'
2023-04-10 13:33:03.941 [info] ExtensionService#_doActivateExtension vscode.extension-editing, startup: false, activationEvent: 'onLanguage:json'
2023-04-10 13:33:03.954 [info] ExtensionService#_doActivateExtension vscode.json-language-features, startup: false, activationEvent: 'onLanguage:json'
2023-04-10 13:33:04.027 [info] ExtensionService#_doActivateExtension vscode.npm, startup: false, activationEvent: 'onLanguage:json'
2023-04-10 13:33:04.090 [info] ExtensionService#_doActivateExtension vscode.typescript-language-features, startup: false, activationEvent: 'onLanguage:jsonc'
2023-04-10 13:33:04.127 [info] ExtensionService#_doActivateExtension ms-vscode-remote.remote-containers, startup: false, activationEvent: 'onLanguage:jsonc'
2023-04-10 13:33:04.311 [info] Eager extensions activated
2023-04-10 13:33:04.425 [info] ExtensionService#_doActivateExtension vscode.debug-auto-launch, startup: false, activationEvent: 'onStartupFinished'
2023-04-10 13:33:04.427 [info] ExtensionService#_doActivateExtension vscode.merge-conflict, startup: false, activationEvent: 'onStartupFinished'
2023-04-10 13:34:57.000 [info] Extension host terminating: renderer closed the MessagePort
2023-04-10 13:34:57.029 [error] Canceled: Canceled
	at new u (/LocalRun/wenjian.ma/vscode/VSCode-linux-x64/resources/app/out/vs/workbench/api/node/extensionHostProcess.js:96:88070)
	at l.O (/LocalRun/wenjian.ma/vscode/VSCode-linux-x64/resources/app/out/vs/workbench/api/node/extensionHostProcess.js:106:11276)
	at V.<computed>.M.charCodeAt.V.<computed> (/LocalRun/wenjian.ma/vscode/VSCode-linux-x64/resources/app/out/vs/workbench/api/node/extensionHostProcess.js:106:8557)
	at s.g (/LocalRun/wenjian.ma/vscode/VSCode-linux-x64/resources/app/out/vs/workbench/api/node/extensionHostProcess.js:96:107430)
	at s.executeCommand (/LocalRun/wenjian.ma/vscode/VSCode-linux-x64/resources/app/out/vs/workbench/api/node/extensionHostProcess.js:96:106806)
	at w.registerCommand.description (/LocalRun/wenjian.ma/vscode/VSCode-linux-x64/resources/app/out/vs/workbench/api/node/extensionHostProcess.js:96:106099)
	at s.h (/LocalRun/wenjian.ma/vscode/VSCode-linux-x64/resources/app/out/vs/workbench/api/node/extensionHostProcess.js:96:108016)
	at s.g (/LocalRun/wenjian.ma/vscode/VSCode-linux-x64/resources/app/out/vs/workbench/api/node/extensionHostProcess.js:96:106906)
	at s.executeCommand (/LocalRun/wenjian.ma/vscode/VSCode-linux-x64/resources/app/out/vs/workbench/api/node/extensionHostProcess.js:96:106806)
	at Object.executeCommand (/LocalRun/wenjian.ma/vscode/VSCode-linux-x64/resources/app/out/vs/workbench/api/node/extensionHostProcess.js:117:30778)
	at D (/LocalRun/wenjian.ma/vscode/VSCode-linux-x64/resources/app/extensions/git/dist/main.js:2:2055373)
	at f.invoke (/LocalRun/wenjian.ma/vscode/VSCode-linux-x64/resources/app/out/vs/workbench/api/node/extensionHostProcess.js:63:145)
	at g.deliver (/LocalRun/wenjian.ma/vscode/VSCode-linux-x64/resources/app/out/vs/workbench/api/node/extensionHostProcess.js:63:2029)
	at d.fire (/LocalRun/wenjian.ma/vscode/VSCode-linux-x64/resources/app/out/vs/workbench/api/node/extensionHostProcess.js:63:1667)
	at Object.h [as dispose] (/LocalRun/wenjian.ma/vscode/VSCode-linux-x64/resources/app/extensions/git/dist/main.js:2:2070210)
	at /LocalRun/wenjian.ma/vscode/VSCode-linux-x64/resources/app/extensions/git/dist/main.js:2:2074277
	at Array.forEach (<anonymous>)
	at g.dispose (/LocalRun/wenjian.ma/vscode/VSCode-linux-x64/resources/app/extensions/git/dist/main.js:2:2074263)
	at C.<anonymous> (/LocalRun/wenjian.ma/vscode/VSCode-linux-x64/resources/app/out/vs/workbench/api/node/extensionHostProcess.js:94:12431)
	at C.dispose (/LocalRun/wenjian.ma/vscode/VSCode-linux-x64/resources/app/out/vs/workbench/api/node/extensionHostProcess.js:94:12566)
	at C.<anonymous> (/LocalRun/wenjian.ma/vscode/VSCode-linux-x64/resources/app/extensions/git/dist/main.js:2:2057503)
	at C.dispose (/LocalRun/wenjian.ma/vscode/VSCode-linux-x64/resources/app/out/vs/workbench/api/node/extensionHostProcess.js:94:12566)
	at T (/LocalRun/wenjian.ma/vscode/VSCode-linux-x64/resources/app/out/vs/workbench/api/node/extensionHostProcess.js:10:12072)
	at f.X (/LocalRun/wenjian.ma/vscode/VSCode-linux-x64/resources/app/out/vs/workbench/api/node/extensionHostProcess.js:108:11242)
	at /LocalRun/wenjian.ma/vscode/VSCode-linux-x64/resources/app/out/vs/workbench/api/node/extensionHostProcess.js:108:9037
	at Array.map (<anonymous>)
	at f.Q (/LocalRun/wenjian.ma/vscode/VSCode-linux-x64/resources/app/out/vs/workbench/api/node/extensionHostProcess.js:108:9024)
	at f.terminate (/LocalRun/wenjian.ma/vscode/VSCode-linux-x64/resources/app/out/vs/workbench/api/node/extensionHostProcess.js:108:9298)
	at h.terminate (/LocalRun/wenjian.ma/vscode/VSCode-linux-x64/resources/app/out/vs/workbench/api/node/extensionHostProcess.js:112:1397)
	at p (/LocalRun/wenjian.ma/vscode/VSCode-linux-x64/resources/app/out/vs/workbench/api/node/extensionHostProcess.js:122:17851)
	at MessagePortMain.<anonymous> (/LocalRun/wenjian.ma/vscode/VSCode-linux-x64/resources/app/out/vs/workbench/api/node/extensionHostProcess.js:122:13990)
	at MessagePortMain.emit (node:events:526:28)
	at MessagePortMain._internalPort.emit (node:electron/js2c/utility_init:5:364) setContext undefined
2023-04-10 13:34:57.029 [error] Canceled: Canceled
	at new u (/LocalRun/wenjian.ma/vscode/VSCode-linux-x64/resources/app/out/vs/workbench/api/node/extensionHostProcess.js:96:88070)
	at l.O (/LocalRun/wenjian.ma/vscode/VSCode-linux-x64/resources/app/out/vs/workbench/api/node/extensionHostProcess.js:106:11276)
	at V.<computed>.M.charCodeAt.V.<computed> (/LocalRun/wenjian.ma/vscode/VSCode-linux-x64/resources/app/out/vs/workbench/api/node/extensionHostProcess.js:106:8557)
	at s.g (/LocalRun/wenjian.ma/vscode/VSCode-linux-x64/resources/app/out/vs/workbench/api/node/extensionHostProcess.js:96:107430)
	at s.executeCommand (/LocalRun/wenjian.ma/vscode/VSCode-linux-x64/resources/app/out/vs/workbench/api/node/extensionHostProcess.js:96:106806)
	at w.registerCommand.description (/LocalRun/wenjian.ma/vscode/VSCode-linux-x64/resources/app/out/vs/workbench/api/node/extensionHostProcess.js:96:106099)
	at s.h (/LocalRun/wenjian.ma/vscode/VSCode-linux-x64/resources/app/out/vs/workbench/api/node/extensionHostProcess.js:96:108016)
	at s.g (/LocalRun/wenjian.ma/vscode/VSCode-linux-x64/resources/app/out/vs/workbench/api/node/extensionHostProcess.js:96:106906)
	at s.executeCommand (/LocalRun/wenjian.ma/vscode/VSCode-linux-x64/resources/app/out/vs/workbench/api/node/extensionHostProcess.js:96:106806)
	at Object.executeCommand (/LocalRun/wenjian.ma/vscode/VSCode-linux-x64/resources/app/out/vs/workbench/api/node/extensionHostProcess.js:117:30778)
	at D (/LocalRun/wenjian.ma/vscode/VSCode-linux-x64/resources/app/extensions/git/dist/main.js:2:2055373)
	at f.invoke (/LocalRun/wenjian.ma/vscode/VSCode-linux-x64/resources/app/out/vs/workbench/api/node/extensionHostProcess.js:63:145)
	at g.deliver (/LocalRun/wenjian.ma/vscode/VSCode-linux-x64/resources/app/out/vs/workbench/api/node/extensionHostProcess.js:63:2029)
	at d.fire (/LocalRun/wenjian.ma/vscode/VSCode-linux-x64/resources/app/out/vs/workbench/api/node/extensionHostProcess.js:63:1667)
	at Object.h [as dispose] (/LocalRun/wenjian.ma/vscode/VSCode-linux-x64/resources/app/extensions/git/dist/main.js:2:2070210)
	at /LocalRun/wenjian.ma/vscode/VSCode-linux-x64/resources/app/extensions/git/dist/main.js:2:2074277
	at Array.forEach (<anonymous>)
	at g.dispose (/LocalRun/wenjian.ma/vscode/VSCode-linux-x64/resources/app/extensions/git/dist/main.js:2:2074263)
	at C.<anonymous> (/LocalRun/wenjian.ma/vscode/VSCode-linux-x64/resources/app/out/vs/workbench/api/node/extensionHostProcess.js:94:12431)
	at C.dispose (/LocalRun/wenjian.ma/vscode/VSCode-linux-x64/resources/app/out/vs/workbench/api/node/extensionHostProcess.js:94:12566)
	at C.<anonymous> (/LocalRun/wenjian.ma/vscode/VSCode-linux-x64/resources/app/extensions/git/dist/main.js:2:2057503)
	at C.dispose (/LocalRun/wenjian.ma/vscode/VSCode-linux-x64/resources/app/out/vs/workbench/api/node/extensionHostProcess.js:94:12566)
	at T (/LocalRun/wenjian.ma/vscode/VSCode-linux-x64/resources/app/out/vs/workbench/api/node/extensionHostProcess.js:10:12072)
	at f.X (/LocalRun/wenjian.ma/vscode/VSCode-linux-x64/resources/app/out/vs/workbench/api/node/extensionHostProcess.js:108:11242)
	at /LocalRun/wenjian.ma/vscode/VSCode-linux-x64/resources/app/out/vs/workbench/api/node/extensionHostProcess.js:108:9037
	at Array.map (<anonymous>)
	at f.Q (/LocalRun/wenjian.ma/vscode/VSCode-linux-x64/resources/app/out/vs/workbench/api/node/extensionHostProcess.js:108:9024)
	at f.terminate (/LocalRun/wenjian.ma/vscode/VSCode-linux-x64/resources/app/out/vs/workbench/api/node/extensionHostProcess.js:108:9298)
	at h.terminate (/LocalRun/wenjian.ma/vscode/VSCode-linux-x64/resources/app/out/vs/workbench/api/node/extensionHostProcess.js:112:1397)
	at p (/LocalRun/wenjian.ma/vscode/VSCode-linux-x64/resources/app/out/vs/workbench/api/node/extensionHostProcess.js:122:17851)
	at MessagePortMain.<anonymous> (/LocalRun/wenjian.ma/vscode/VSCode-linux-x64/resources/app/out/vs/workbench/api/node/extensionHostProcess.js:122:13990)
	at MessagePortMain.emit (node:events:526:28)
	at MessagePortMain._internalPort.emit (node:electron/js2c/utility_init:5:364) setContext undefined
2023-04-10 13:34:57.029 [error] Canceled: Canceled
	at new u (/LocalRun/wenjian.ma/vscode/VSCode-linux-x64/resources/app/out/vs/workbench/api/node/extensionHostProcess.js:96:88070)
	at l.O (/LocalRun/wenjian.ma/vscode/VSCode-linux-x64/resources/app/out/vs/workbench/api/node/extensionHostProcess.js:106:11276)
	at V.<computed>.M.charCodeAt.V.<computed> (/LocalRun/wenjian.ma/vscode/VSCode-linux-x64/resources/app/out/vs/workbench/api/node/extensionHostProcess.js:106:8557)
	at s.g (/LocalRun/wenjian.ma/vscode/VSCode-linux-x64/resources/app/out/vs/workbench/api/node/extensionHostProcess.js:96:107430)
	at s.executeCommand (/LocalRun/wenjian.ma/vscode/VSCode-linux-x64/resources/app/out/vs/workbench/api/node/extensionHostProcess.js:96:106806)
	at w.registerCommand.description (/LocalRun/wenjian.ma/vscode/VSCode-linux-x64/resources/app/out/vs/workbench/api/node/extensionHostProcess.js:96:106099)
	at s.h (/LocalRun/wenjian.ma/vscode/VSCode-linux-x64/resources/app/out/vs/workbench/api/node/extensionHostProcess.js:96:108016)
	at s.g (/LocalRun/wenjian.ma/vscode/VSCode-linux-x64/resources/app/out/vs/workbench/api/node/extensionHostProcess.js:96:106906)
	at s.executeCommand (/LocalRun/wenjian.ma/vscode/VSCode-linux-x64/resources/app/out/vs/workbench/api/node/extensionHostProcess.js:96:106806)
	at Object.executeCommand (/LocalRun/wenjian.ma/vscode/VSCode-linux-x64/resources/app/out/vs/workbench/api/node/extensionHostProcess.js:117:30778)
	at D (/LocalRun/wenjian.ma/vscode/VSCode-linux-x64/resources/app/extensions/git/dist/main.js:2:2055373)
	at f.invoke (/LocalRun/wenjian.ma/vscode/VSCode-linux-x64/resources/app/out/vs/workbench/api/node/extensionHostProcess.js:63:145)
	at g.deliver (/LocalRun/wenjian.ma/vscode/VSCode-linux-x64/resources/app/out/vs/workbench/api/node/extensionHostProcess.js:63:2029)
	at d.fire (/LocalRun/wenjian.ma/vscode/VSCode-linux-x64/resources/app/out/vs/workbench/api/node/extensionHostProcess.js:63:1667)
	at Object.h [as dispose] (/LocalRun/wenjian.ma/vscode/VSCode-linux-x64/resources/app/extensions/git/dist/main.js:2:2070210)
	at /LocalRun/wenjian.ma/vscode/VSCode-linux-x64/resources/app/extensions/git/dist/main.js:2:2074277
	at Array.forEach (<anonymous>)
	at g.dispose (/LocalRun/wenjian.ma/vscode/VSCode-linux-x64/resources/app/extensions/git/dist/main.js:2:2074263)
	at C.<anonymous> (/LocalRun/wenjian.ma/vscode/VSCode-linux-x64/resources/app/out/vs/workbench/api/node/extensionHostProcess.js:94:12431)
	at C.dispose (/LocalRun/wenjian.ma/vscode/VSCode-linux-x64/resources/app/out/vs/workbench/api/node/extensionHostProcess.js:94:12566)
	at C.<anonymous> (/LocalRun/wenjian.ma/vscode/VSCode-linux-x64/resources/app/extensions/git/dist/main.js:2:2057503)
	at C.dispose (/LocalRun/wenjian.ma/vscode/VSCode-linux-x64/resources/app/out/vs/workbench/api/node/extensionHostProcess.js:94:12566)
	at T (/LocalRun/wenjian.ma/vscode/VSCode-linux-x64/resources/app/out/vs/workbench/api/node/extensionHostProcess.js:10:12072)
	at f.X (/LocalRun/wenjian.ma/vscode/VSCode-linux-x64/resources/app/out/vs/workbench/api/node/extensionHostProcess.js:108:11242)
	at /LocalRun/wenjian.ma/vscode/VSCode-linux-x64/resources/app/out/vs/workbench/api/node/extensionHostProcess.js:108:9037
	at Array.map (<anonymous>)
	at f.Q (/LocalRun/wenjian.ma/vscode/VSCode-linux-x64/resources/app/out/vs/workbench/api/node/extensionHostProcess.js:108:9024)
	at f.terminate (/LocalRun/wenjian.ma/vscode/VSCode-linux-x64/resources/app/out/vs/workbench/api/node/extensionHostProcess.js:108:9298)
	at h.terminate (/LocalRun/wenjian.ma/vscode/VSCode-linux-x64/resources/app/out/vs/workbench/api/node/extensionHostProcess.js:112:1397)
	at p (/LocalRun/wenjian.ma/vscode/VSCode-linux-x64/resources/app/out/vs/workbench/api/node/extensionHostProcess.js:122:17851)
	at MessagePortMain.<anonymous> (/LocalRun/wenjian.ma/vscode/VSCode-linux-x64/resources/app/out/vs/workbench/api/node/extensionHostProcess.js:122:13990)
	at MessagePortMain.emit (node:events:526:28)
	at MessagePortMain._internalPort.emit (node:electron/js2c/utility_init:5:364) setContext undefined
2023-04-10 13:34:57.029 [error] Canceled: Canceled
	at new u (/LocalRun/wenjian.ma/vscode/VSCode-linux-x64/resources/app/out/vs/workbench/api/node/extensionHostProcess.js:96:88070)
	at l.O (/LocalRun/wenjian.ma/vscode/VSCode-linux-x64/resources/app/out/vs/workbench/api/node/extensionHostProcess.js:106:11276)
	at V.<computed>.M.charCodeAt.V.<computed> (/LocalRun/wenjian.ma/vscode/VSCode-linux-x64/resources/app/out/vs/workbench/api/node/extensionHostProcess.js:106:8557)
	at s.g (/LocalRun/wenjian.ma/vscode/VSCode-linux-x64/resources/app/out/vs/workbench/api/node/extensionHostProcess.js:96:107430)
	at s.executeCommand (/LocalRun/wenjian.ma/vscode/VSCode-linux-x64/resources/app/out/vs/workbench/api/node/extensionHostProcess.js:96:106806)
	at w.registerCommand.description (/LocalRun/wenjian.ma/vscode/VSCode-linux-x64/resources/app/out/vs/workbench/api/node/extensionHostProcess.js:96:106099)
	at s.h (/LocalRun/wenjian.ma/vscode/VSCode-linux-x64/resources/app/out/vs/workbench/api/node/extensionHostProcess.js:96:108016)
	at s.g (/LocalRun/wenjian.ma/vscode/VSCode-linux-x64/resources/app/out/vs/workbench/api/node/extensionHostProcess.js:96:106906)
	at s.executeCommand (/LocalRun/wenjian.ma/vscode/VSCode-linux-x64/resources/app/out/vs/workbench/api/node/extensionHostProcess.js:96:106806)
	at Object.executeCommand (/LocalRun/wenjian.ma/vscode/VSCode-linux-x64/resources/app/out/vs/workbench/api/node/extensionHostProcess.js:117:30778)
	at D (/LocalRun/wenjian.ma/vscode/VSCode-linux-x64/resources/app/extensions/git/dist/main.js:2:2055373)
	at f.invoke (/LocalRun/wenjian.ma/vscode/VSCode-linux-x64/resources/app/out/vs/workbench/api/node/extensionHostProcess.js:63:145)
	at g.deliver (/LocalRun/wenjian.ma/vscode/VSCode-linux-x64/resources/app/out/vs/workbench/api/node/extensionHostProcess.js:63:2029)
	at d.fire (/LocalRun/wenjian.ma/vscode/VSCode-linux-x64/resources/app/out/vs/workbench/api/node/extensionHostProcess.js:63:1667)
	at Object.h [as dispose] (/LocalRun/wenjian.ma/vscode/VSCode-linux-x64/resources/app/extensions/git/dist/main.js:2:2070210)
	at /LocalRun/wenjian.ma/vscode/VSCode-linux-x64/resources/app/extensions/git/dist/main.js:2:2074277
	at Array.forEach (<anonymous>)
	at g.dispose (/LocalRun/wenjian.ma/vscode/VSCode-linux-x64/resources/app/extensions/git/dist/main.js:2:2074263)
	at C.<anonymous> (/LocalRun/wenjian.ma/vscode/VSCode-linux-x64/resources/app/out/vs/workbench/api/node/extensionHostProcess.js:94:12431)
	at C.dispose (/LocalRun/wenjian.ma/vscode/VSCode-linux-x64/resources/app/out/vs/workbench/api/node/extensionHostProcess.js:94:12566)
	at C.<anonymous> (/LocalRun/wenjian.ma/vscode/VSCode-linux-x64/resources/app/extensions/git/dist/main.js:2:2057503)
	at C.dispose (/LocalRun/wenjian.ma/vscode/VSCode-linux-x64/resources/app/out/vs/workbench/api/node/extensionHostProcess.js:94:12566)
	at T (/LocalRun/wenjian.ma/vscode/VSCode-linux-x64/resources/app/out/vs/workbench/api/node/extensionHostProcess.js:10:12072)
	at f.X (/LocalRun/wenjian.ma/vscode/VSCode-linux-x64/resources/app/out/vs/workbench/api/node/extensionHostProcess.js:108:11242)
	at /LocalRun/wenjian.ma/vscode/VSCode-linux-x64/resources/app/out/vs/workbench/api/node/extensionHostProcess.js:108:9037
	at Array.map (<anonymous>)
	at f.Q (/LocalRun/wenjian.ma/vscode/VSCode-linux-x64/resources/app/out/vs/workbench/api/node/extensionHostProcess.js:108:9024)
	at f.terminate (/LocalRun/wenjian.ma/vscode/VSCode-linux-x64/resources/app/out/vs/workbench/api/node/extensionHostProcess.js:108:9298)
	at h.terminate (/LocalRun/wenjian.ma/vscode/VSCode-linux-x64/resources/app/out/vs/workbench/api/node/extensionHostProcess.js:112:1397)
	at p (/LocalRun/wenjian.ma/vscode/VSCode-linux-x64/resources/app/out/vs/workbench/api/node/extensionHostProcess.js:122:17851)
	at MessagePortMain.<anonymous> (/LocalRun/wenjian.ma/vscode/VSCode-linux-x64/resources/app/out/vs/workbench/api/node/extensionHostProcess.js:122:13990)
	at MessagePortMain.emit (node:events:526:28)
	at MessagePortMain._internalPort.emit (node:electron/js2c/utility_init:5:364) setContext undefined
2023-04-10 13:34:57.029 [error] Canceled: Canceled
	at new u (/LocalRun/wenjian.ma/vscode/VSCode-linux-x64/resources/app/out/vs/workbench/api/node/extensionHostProcess.js:96:88070)
	at l.O (/LocalRun/wenjian.ma/vscode/VSCode-linux-x64/resources/app/out/vs/workbench/api/node/extensionHostProcess.js:106:11276)
	at V.<computed>.M.charCodeAt.V.<computed> (/LocalRun/wenjian.ma/vscode/VSCode-linux-x64/resources/app/out/vs/workbench/api/node/extensionHostProcess.js:106:8557)
	at s.g (/LocalRun/wenjian.ma/vscode/VSCode-linux-x64/resources/app/out/vs/workbench/api/node/extensionHostProcess.js:96:107430)
	at s.executeCommand (/LocalRun/wenjian.ma/vscode/VSCode-linux-x64/resources/app/out/vs/workbench/api/node/extensionHostProcess.js:96:106806)
	at w.registerCommand.description (/LocalRun/wenjian.ma/vscode/VSCode-linux-x64/resources/app/out/vs/workbench/api/node/extensionHostProcess.js:96:106099)
	at s.h (/LocalRun/wenjian.ma/vscode/VSCode-linux-x64/resources/app/out/vs/workbench/api/node/extensionHostProcess.js:96:108016)
	at s.g (/LocalRun/wenjian.ma/vscode/VSCode-linux-x64/resources/app/out/vs/workbench/api/node/extensionHostProcess.js:96:106906)
	at s.executeCommand (/LocalRun/wenjian.ma/vscode/VSCode-linux-x64/resources/app/out/vs/workbench/api/node/extensionHostProcess.js:96:106806)
	at Object.executeCommand (/LocalRun/wenjian.ma/vscode/VSCode-linux-x64/resources/app/out/vs/workbench/api/node/extensionHostProcess.js:117:30778)
	at D (/LocalRun/wenjian.ma/vscode/VSCode-linux-x64/resources/app/extensions/git/dist/main.js:2:2055373)
	at f.invoke (/LocalRun/wenjian.ma/vscode/VSCode-linux-x64/resources/app/out/vs/workbench/api/node/extensionHostProcess.js:63:145)
	at g.deliver (/LocalRun/wenjian.ma/vscode/VSCode-linux-x64/resources/app/out/vs/workbench/api/node/extensionHostProcess.js:63:2029)
	at d.fire (/LocalRun/wenjian.ma/vscode/VSCode-linux-x64/resources/app/out/vs/workbench/api/node/extensionHostProcess.js:63:1667)
	at Object.h [as dispose] (/LocalRun/wenjian.ma/vscode/VSCode-linux-x64/resources/app/extensions/git/dist/main.js:2:2070210)
	at /LocalRun/wenjian.ma/vscode/VSCode-linux-x64/resources/app/extensions/git/dist/main.js:2:2074277
	at Array.forEach (<anonymous>)
	at g.dispose (/LocalRun/wenjian.ma/vscode/VSCode-linux-x64/resources/app/extensions/git/dist/main.js:2:2074263)
	at C.<anonymous> (/LocalRun/wenjian.ma/vscode/VSCode-linux-x64/resources/app/out/vs/workbench/api/node/extensionHostProcess.js:94:12431)
	at C.dispose (/LocalRun/wenjian.ma/vscode/VSCode-linux-x64/resources/app/out/vs/workbench/api/node/extensionHostProcess.js:94:12566)
	at C.<anonymous> (/LocalRun/wenjian.ma/vscode/VSCode-linux-x64/resources/app/extensions/git/dist/main.js:2:2057503)
	at C.dispose (/LocalRun/wenjian.ma/vscode/VSCode-linux-x64/resources/app/out/vs/workbench/api/node/extensionHostProcess.js:94:12566)
	at T (/LocalRun/wenjian.ma/vscode/VSCode-linux-x64/resources/app/out/vs/workbench/api/node/extensionHostProcess.js:10:12072)
	at f.X (/LocalRun/wenjian.ma/vscode/VSCode-linux-x64/resources/app/out/vs/workbench/api/node/extensionHostProcess.js:108:11242)
	at /LocalRun/wenjian.ma/vscode/VSCode-linux-x64/resources/app/out/vs/workbench/api/node/extensionHostProcess.js:108:9037
	at Array.map (<anonymous>)
	at f.Q (/LocalRun/wenjian.ma/vscode/VSCode-linux-x64/resources/app/out/vs/workbench/api/node/extensionHostProcess.js:108:9024)
	at f.terminate (/LocalRun/wenjian.ma/vscode/VSCode-linux-x64/resources/app/out/vs/workbench/api/node/extensionHostProcess.js:108:9298)
	at h.terminate (/LocalRun/wenjian.ma/vscode/VSCode-linux-x64/resources/app/out/vs/workbench/api/node/extensionHostProcess.js:112:1397)
	at p (/LocalRun/wenjian.ma/vscode/VSCode-linux-x64/resources/app/out/vs/workbench/api/node/extensionHostProcess.js:122:17851)
	at MessagePortMain.<anonymous> (/LocalRun/wenjian.ma/vscode/VSCode-linux-x64/resources/app/out/vs/workbench/api/node/extensionHostProcess.js:122:13990)
	at MessagePortMain.emit (node:events:526:28)
	at MessagePortMain._internalPort.emit (node:electron/js2c/utility_init:5:364) setContext undefined
2023-04-10 13:34:57.029 [error] Canceled: Canceled
	at new u (/LocalRun/wenjian.ma/vscode/VSCode-linux-x64/resources/app/out/vs/workbench/api/node/extensionHostProcess.js:96:88070)
	at l.O (/LocalRun/wenjian.ma/vscode/VSCode-linux-x64/resources/app/out/vs/workbench/api/node/extensionHostProcess.js:106:11276)
	at V.<computed>.M.charCodeAt.V.<computed> (/LocalRun/wenjian.ma/vscode/VSCode-linux-x64/resources/app/out/vs/workbench/api/node/extensionHostProcess.js:106:8557)
	at s.g (/LocalRun/wenjian.ma/vscode/VSCode-linux-x64/resources/app/out/vs/workbench/api/node/extensionHostProcess.js:96:107430)
	at s.executeCommand (/LocalRun/wenjian.ma/vscode/VSCode-linux-x64/resources/app/out/vs/workbench/api/node/extensionHostProcess.js:96:106806)
	at w.registerCommand.description (/LocalRun/wenjian.ma/vscode/VSCode-linux-x64/resources/app/out/vs/workbench/api/node/extensionHostProcess.js:96:106099)
	at s.h (/LocalRun/wenjian.ma/vscode/VSCode-linux-x64/resources/app/out/vs/workbench/api/node/extensionHostProcess.js:96:108016)
	at s.g (/LocalRun/wenjian.ma/vscode/VSCode-linux-x64/resources/app/out/vs/workbench/api/node/extensionHostProcess.js:96:106906)
	at s.executeCommand (/LocalRun/wenjian.ma/vscode/VSCode-linux-x64/resources/app/out/vs/workbench/api/node/extensionHostProcess.js:96:106806)
	at Object.executeCommand (/LocalRun/wenjian.ma/vscode/VSCode-linux-x64/resources/app/out/vs/workbench/api/node/extensionHostProcess.js:117:30778)
	at D (/LocalRun/wenjian.ma/vscode/VSCode-linux-x64/resources/app/extensions/git/dist/main.js:2:2055373)
	at f.invoke (/LocalRun/wenjian.ma/vscode/VSCode-linux-x64/resources/app/out/vs/workbench/api/node/extensionHostProcess.js:63:145)
	at g.deliver (/LocalRun/wenjian.ma/vscode/VSCode-linux-x64/resources/app/out/vs/workbench/api/node/extensionHostProcess.js:63:2029)
	at d.fire (/LocalRun/wenjian.ma/vscode/VSCode-linux-x64/resources/app/out/vs/workbench/api/node/extensionHostProcess.js:63:1667)
	at Object.h [as dispose] (/LocalRun/wenjian.ma/vscode/VSCode-linux-x64/resources/app/extensions/git/dist/main.js:2:2070210)
	at /LocalRun/wenjian.ma/vscode/VSCode-linux-x64/resources/app/extensions/git/dist/main.js:2:2074277
	at Array.forEach (<anonymous>)
	at g.dispose (/LocalRun/wenjian.ma/vscode/VSCode-linux-x64/resources/app/extensions/git/dist/main.js:2:2074263)
	at C.<anonymous> (/LocalRun/wenjian.ma/vscode/VSCode-linux-x64/resources/app/out/vs/workbench/api/node/extensionHostProcess.js:94:12431)
	at C.dispose (/LocalRun/wenjian.ma/vscode/VSCode-linux-x64/resources/app/out/vs/workbench/api/node/extensionHostProcess.js:94:12566)
	at C.<anonymous> (/LocalRun/wenjian.ma/vscode/VSCode-linux-x64/resources/app/extensions/git/dist/main.js:2:2057503)
	at C.dispose (/LocalRun/wenjian.ma/vscode/VSCode-linux-x64/resources/app/out/vs/workbench/api/node/extensionHostProcess.js:94:12566)
	at T (/LocalRun/wenjian.ma/vscode/VSCode-linux-x64/resources/app/out/vs/workbench/api/node/extensionHostProcess.js:10:12072)
	at f.X (/LocalRun/wenjian.ma/vscode/VSCode-linux-x64/resources/app/out/vs/workbench/api/node/extensionHostProcess.js:108:11242)
	at /LocalRun/wenjian.ma/vscode/VSCode-linux-x64/resources/app/out/vs/workbench/api/node/extensionHostProcess.js:108:9037
	at Array.map (<anonymous>)
	at f.Q (/LocalRun/wenjian.ma/vscode/VSCode-linux-x64/resources/app/out/vs/workbench/api/node/extensionHostProcess.js:108:9024)
	at f.terminate (/LocalRun/wenjian.ma/vscode/VSCode-linux-x64/resources/app/out/vs/workbench/api/node/extensionHostProcess.js:108:9298)
	at h.terminate (/LocalRun/wenjian.ma/vscode/VSCode-linux-x64/resources/app/out/vs/workbench/api/node/extensionHostProcess.js:112:1397)
	at p (/LocalRun/wenjian.ma/vscode/VSCode-linux-x64/resources/app/out/vs/workbench/api/node/extensionHostProcess.js:122:17851)
	at MessagePortMain.<anonymous> (/LocalRun/wenjian.ma/vscode/VSCode-linux-x64/resources/app/out/vs/workbench/api/node/extensionHostProcess.js:122:13990)
	at MessagePortMain.emit (node:events:526:28)
	at MessagePortMain._internalPort.emit (node:electron/js2c/utility_init:5:364) setContext undefined
2023-04-10 13:34:57.029 [error] Canceled: Canceled
	at new u (/LocalRun/wenjian.ma/vscode/VSCode-linux-x64/resources/app/out/vs/workbench/api/node/extensionHostProcess.js:96:88070)
	at l.O (/LocalRun/wenjian.ma/vscode/VSCode-linux-x64/resources/app/out/vs/workbench/api/node/extensionHostProcess.js:106:11276)
	at V.<computed>.M.charCodeAt.V.<computed> (/LocalRun/wenjian.ma/vscode/VSCode-linux-x64/resources/app/out/vs/workbench/api/node/extensionHostProcess.js:106:8557)
	at s.g (/LocalRun/wenjian.ma/vscode/VSCode-linux-x64/resources/app/out/vs/workbench/api/node/extensionHostProcess.js:96:107430)
	at s.executeCommand (/LocalRun/wenjian.ma/vscode/VSCode-linux-x64/resources/app/out/vs/workbench/api/node/extensionHostProcess.js:96:106806)
	at w.registerCommand.description (/LocalRun/wenjian.ma/vscode/VSCode-linux-x64/resources/app/out/vs/workbench/api/node/extensionHostProcess.js:96:106099)
	at s.h (/LocalRun/wenjian.ma/vscode/VSCode-linux-x64/resources/app/out/vs/workbench/api/node/extensionHostProcess.js:96:108016)
	at s.g (/LocalRun/wenjian.ma/vscode/VSCode-linux-x64/resources/app/out/vs/workbench/api/node/extensionHostProcess.js:96:106906)
	at s.executeCommand (/LocalRun/wenjian.ma/vscode/VSCode-linux-x64/resources/app/out/vs/workbench/api/node/extensionHostProcess.js:96:106806)
	at Object.executeCommand (/LocalRun/wenjian.ma/vscode/VSCode-linux-x64/resources/app/out/vs/workbench/api/node/extensionHostProcess.js:117:30778)
	at D (/LocalRun/wenjian.ma/vscode/VSCode-linux-x64/resources/app/extensions/git/dist/main.js:2:2055373)
	at f.invoke (/LocalRun/wenjian.ma/vscode/VSCode-linux-x64/resources/app/out/vs/workbench/api/node/extensionHostProcess.js:63:145)
	at g.deliver (/LocalRun/wenjian.ma/vscode/VSCode-linux-x64/resources/app/out/vs/workbench/api/node/extensionHostProcess.js:63:2029)
	at d.fire (/LocalRun/wenjian.ma/vscode/VSCode-linux-x64/resources/app/out/vs/workbench/api/node/extensionHostProcess.js:63:1667)
	at Object.h [as dispose] (/LocalRun/wenjian.ma/vscode/VSCode-linux-x64/resources/app/extensions/git/dist/main.js:2:2070210)
	at /LocalRun/wenjian.ma/vscode/VSCode-linux-x64/resources/app/extensions/git/dist/main.js:2:2074277
	at Array.forEach (<anonymous>)
	at g.dispose (/LocalRun/wenjian.ma/vscode/VSCode-linux-x64/resources/app/extensions/git/dist/main.js:2:2074263)
	at C.<anonymous> (/LocalRun/wenjian.ma/vscode/VSCode-linux-x64/resources/app/out/vs/workbench/api/node/extensionHostProcess.js:94:12431)
	at C.dispose (/LocalRun/wenjian.ma/vscode/VSCode-linux-x64/resources/app/out/vs/workbench/api/node/extensionHostProcess.js:94:12566)
	at C.<anonymous> (/LocalRun/wenjian.ma/vscode/VSCode-linux-x64/resources/app/extensions/git/dist/main.js:2:2057503)
	at C.dispose (/LocalRun/wenjian.ma/vscode/VSCode-linux-x64/resources/app/out/vs/workbench/api/node/extensionHostProcess.js:94:12566)
	at T (/LocalRun/wenjian.ma/vscode/VSCode-linux-x64/resources/app/out/vs/workbench/api/node/extensionHostProcess.js:10:12072)
	at f.X (/LocalRun/wenjian.ma/vscode/VSCode-linux-x64/resources/app/out/vs/workbench/api/node/extensionHostProcess.js:108:11242)
	at /LocalRun/wenjian.ma/vscode/VSCode-linux-x64/resources/app/out/vs/workbench/api/node/extensionHostProcess.js:108:9037
	at Array.map (<anonymous>)
	at f.Q (/LocalRun/wenjian.ma/vscode/VSCode-linux-x64/resources/app/out/vs/workbench/api/node/extensionHostProcess.js:108:9024)
	at f.terminate (/LocalRun/wenjian.ma/vscode/VSCode-linux-x64/resources/app/out/vs/workbench/api/node/extensionHostProcess.js:108:9298)
	at h.terminate (/LocalRun/wenjian.ma/vscode/VSCode-linux-x64/resources/app/out/vs/workbench/api/node/extensionHostProcess.js:112:1397)
	at p (/LocalRun/wenjian.ma/vscode/VSCode-linux-x64/resources/app/out/vs/workbench/api/node/extensionHostProcess.js:122:17851)
	at MessagePortMain.<anonymous> (/LocalRun/wenjian.ma/vscode/VSCode-linux-x64/resources/app/out/vs/workbench/api/node/extensionHostProcess.js:122:13990)
	at MessagePortMain.emit (node:events:526:28)
	at MessagePortMain._internalPort.emit (node:electron/js2c/utility_init:5:364) setContext undefined
2023-04-10 13:34:57.054 [info] Extension host with pid 15037 exiting with code 0
