[Info  - 1:36:12 PM] (22337) Pylance language server 2023.4.20 (pyright 64a33975) starting
[Info  - 1:36:12 PM] (22337) Server root directory: /home/wenjian.ma/.vscode/extensions/ms-python.vscode-pylance-2023.4.20/dist
[Info  - 1:36:12 PM] (22337) Starting service instance "tvm"
[Info  - 1:36:12 PM] (22337) Auto-indent enabled
[Info  - 1:36:12 PM] (22337) Setting pythonPath for service "tvm": "/usr/bin/python3.7"
[Info  - 1:36:12 PM] (22337) Loading pyproject.toml file at /LocalRun/wenjian.ma/tvm/pyproject.toml
[Error - 1:36:12 PM] (22337) Pyproject file "/LocalRun/wenjian.ma/tvm/pyproject.toml" is missing "[tool.pyright]" section.
[Warn  - 1:36:12 PM] (22337) stubPath /LocalRun/wenjian.ma/tvm/typings is not a valid directory.
[Info  - 1:36:12 PM] (22337) Assuming Python version 3.7
[Info  - 1:36:13 PM] (22337) Found 2007 source files
[Info  - 1:36:13 PM] (22337) Background analysis(1) root directory: /home/wenjian.ma/.vscode/extensions/ms-python.vscode-pylance-2023.4.20/dist
[Info  - 1:36:13 PM] (22337) Background analysis(1) started
[Info  - 1:36:13 PM] (22337) Indexer background runner(2) root directory: /home/wenjian.ma/.vscode/extensions/ms-python.vscode-pylance-2023.4.20/dist (index)
[Info  - 1:36:13 PM] (22337) Indexing(2) started
[Info  - 1:36:14 PM] (22337) scanned(2) 98 files over 1 exec env
[Info  - 1:36:15 PM] (22337) indexed(2) 45 files over 1 exec env
[Info  - 1:36:15 PM] (22337) Indexing finished(2).
[Info  - 1:36:16 PM] (22337) [BG(1)] Long operation: checking: /LocalRun/wenjian.ma/tvm/tests/python/relay/test_any.py (2103ms)
[Info  - 1:36:16 PM] (22337) [BG(1)] Long operation: analyzing: /LocalRun/wenjian.ma/tvm/tests/python/relay/test_any.py (2619ms)
[Info  - 1:36:21 PM] (22337) Indexer background runner(3) root directory: /home/wenjian.ma/.vscode/extensions/ms-python.vscode-pylance-2023.4.20/dist (refresh)
[Info  - 1:36:21 PM] (22337) Indexing(3) started
[Info  - 1:36:22 PM] (22337) scanned(3) 98 files over 1 exec env
[Info  - 1:36:23 PM] (22337) indexed(3) 45 files over 1 exec env
[Info  - 1:36:23 PM] (22337) Indexing finished(3).
