[Info  - 1:33:08 PM] (16207) Pylance language server 2023.4.10 (pyright d7616109) starting
[Info  - 1:33:08 PM] (16207) Server root directory: /home/wenjian.ma/.vscode/extensions/ms-python.vscode-pylance-2023.4.10/dist
[Info  - 1:33:08 PM] (16207) Starting service instance "tvm"
[Info  - 1:33:08 PM] (16207) Auto-indent enabled
[Info  - 1:33:08 PM] (16207) Setting pythonPath for service "tvm": "/usr/bin/python3.7"
[Info  - 1:33:08 PM] (16207) Loading pyproject.toml file at /LocalRun/wenjian.ma/tvm/pyproject.toml
[Error - 1:33:08 PM] (16207) Pyproject file "/LocalRun/wenjian.ma/tvm/pyproject.toml" is missing "[tool.pyright]" section.
[Warn  - 1:33:08 PM] (16207) stubPath /LocalRun/wenjian.ma/tvm/typings is not a valid directory.
[Info  - 1:33:08 PM] (16207) Assuming Python version 3.7
[Info  - 1:33:08 PM] (16207) Found 2007 source files
[Info  - 1:33:09 PM] (16207) Background analysis(1) root directory: /home/wenjian.ma/.vscode/extensions/ms-python.vscode-pylance-2023.4.10/dist
[Info  - 1:33:09 PM] (16207) Background analysis(1) started
[Info  - 1:33:09 PM] (16207) Indexer background runner(2) root directory: /home/wenjian.ma/.vscode/extensions/ms-python.vscode-pylance-2023.4.10/dist (index)
[Info  - 1:33:09 PM] (16207) Indexing(2) started
[Info  - 1:33:09 PM] (16207) scanned(2) 98 files over 1 exec env
[Info  - 1:33:11 PM] (16207) indexed(2) 45 files over 1 exec env
[Info  - 1:33:11 PM] (16207) Indexing finished(2).
[Info  - 1:33:11 PM] (16207) [BG(1)] Long operation: analyzing: /LocalRun/wenjian.ma/tvm/tests/python/relay/test_any.py (2337ms)
[Info  - 1:33:16 PM] (16207) Indexer background runner(3) root directory: /home/wenjian.ma/.vscode/extensions/ms-python.vscode-pylance-2023.4.10/dist (refresh)
[Info  - 1:33:16 PM] (16207) Indexing(3) started
[Info  - 1:33:17 PM] (16207) scanned(3) 98 files over 1 exec env
[Info  - 1:33:18 PM] (16207) indexed(3) 45 files over 1 exec env
[Info  - 1:33:18 PM] (16207) Indexing finished(3).
