2023-04-13 21:40:57.833 [info] Log level: Info
2023-04-13 21:40:57.833 [info] Validating found git in: "git"
2023-04-13 21:40:57.833 [info] Using git "2.22.0" from "git"
2023-04-13 21:40:57.833 [info] > git rev-parse --show-toplevel [45ms]
2023-04-13 21:40:57.884 [info] > git rev-parse --git-dir --git-common-dir [41ms]
2023-04-13 21:40:57.894 [info] Open repository: /LocalRun/wenjian.ma/tvm
2023-04-13 21:40:57.992 [info] > git rev-parse --show-toplevel [89ms]
2023-04-13 21:40:58.008 [info] > git rev-parse --show-toplevel [7ms]
2023-04-13 21:40:58.019 [info] > git config --get commit.template [32ms]
2023-04-13 21:40:58.037 [info] > git rev-parse --show-toplevel [19ms]
2023-04-13 21:40:58.059 [info] > git rev-parse --show-toplevel [13ms]
2023-04-13 21:40:58.073 [info] > git rev-parse --show-toplevel [6ms]
2023-04-13 21:40:58.083 [info] > git for-each-ref --format=%(refname)%00%(upstream:short)%00%(objectname)%00%(upstream:track)%00%(upstream:remotename)%00%(upstream:remoteref) refs/heads/fix_vm_scalar_args_testcase refs/remotes/fix_vm_scalar_args_testcase [25ms]
2023-04-13 21:40:58.111 [info] > git rev-parse --show-toplevel [28ms]
2023-04-13 21:40:58.123 [info] > git rev-parse --show-toplevel [4ms]
2023-04-13 21:40:58.133 [info] > git for-each-ref --sort -committerdate --format %(refname) %(objectname) %(*objectname) [28ms]
2023-04-13 21:40:58.136 [info] > git rev-parse --show-toplevel [4ms]
2023-04-13 21:40:58.152 [info] > git rev-parse --show-toplevel [7ms]
2023-04-13 21:40:58.164 [info] > git rev-parse --show-toplevel [3ms]
2023-04-13 21:40:58.179 [info] > git rev-parse --show-toplevel [7ms]
2023-04-13 21:40:58.189 [info] > git status -z -uall [96ms]
2023-04-13 21:40:58.308 [info] > git rev-parse --show-toplevel [121ms]
2023-04-13 21:40:58.678 [info] > git rev-parse --show-toplevel [362ms]
2023-04-13 21:40:58.689 [info] > git config --get commit.template [385ms]
2023-04-13 21:40:58.753 [info] > git rev-parse --show-toplevel [65ms]
2023-04-13 21:40:58.779 [info] > git check-ignore -v -z --stdin [69ms]
2023-04-13 21:40:58.783 [info] > git rev-parse --show-toplevel [17ms]
2023-04-13 21:40:58.801 [info] > git rev-parse --show-toplevel [5ms]
2023-04-13 21:40:58.813 [info] > git for-each-ref --format=%(refname)%00%(upstream:short)%00%(objectname)%00%(upstream:track)%00%(upstream:remotename)%00%(upstream:remoteref) refs/heads/fix_vm_scalar_args_testcase refs/remotes/fix_vm_scalar_args_testcase [34ms]
2023-04-13 21:40:58.844 [info] > git rev-parse --show-toplevel [31ms]
2023-04-13 21:40:58.857 [info] > git rev-parse --show-toplevel [3ms]
2023-04-13 21:40:58.870 [info] > git for-each-ref --sort -committerdate --format %(refname) %(objectname) %(*objectname) [32ms]
2023-04-13 21:40:58.872 [info] > git rev-parse --show-toplevel [3ms]
2023-04-13 21:40:58.990 [info] > git status -z -uall [166ms]
2023-04-13 21:40:58.991 [info] > git rev-parse --show-toplevel [107ms]
2023-04-13 21:40:59.167 [info] > git rev-parse --show-toplevel [166ms]
2023-04-13 21:40:59.783 [info] > git rev-parse --show-toplevel [605ms]
2023-04-13 21:40:59.917 [info] > git rev-parse --show-toplevel [93ms]
2023-04-13 21:40:59.939 [info] > git rev-parse --show-toplevel [14ms]
2023-04-13 21:41:00.016 [info] > git rev-parse --show-toplevel [68ms]
2023-04-13 21:41:00.043 [info] > git rev-parse --show-toplevel [19ms]
2023-04-13 21:41:00.058 [info] > git rev-parse --show-toplevel [5ms]
2023-04-13 21:41:00.088 [info] > git rev-parse --show-toplevel [16ms]
2023-04-13 21:41:00.143 [info] > git rev-parse --show-toplevel [39ms]
2023-04-13 21:41:00.188 [info] > git rev-parse --show-toplevel [26ms]
2023-04-13 21:41:00.317 [info] > git show --textconv :tests/python/relay/test_any.py [101ms]
2023-04-13 21:41:00.325 [info] > git ls-files --stage -- /LocalRun/wenjian.ma/tvm/tests/python/relay/test_any.py [95ms]
2023-04-13 21:41:00.338 [info] > git rev-parse --show-toplevel [137ms]
2023-04-13 21:41:00.372 [info] > git rev-parse --git-dir --git-common-dir [24ms]
2023-04-13 21:41:00.377 [info] Open repository: /LocalRun/wenjian.ma/tvm/3rdparty/dmlc-core
2023-04-13 21:41:00.390 [info] > git cat-file -s 279507f7db1a70f6cc6149de1485f095e7c67000 [54ms]
2023-04-13 21:41:00.419 [info] > git rev-parse --show-toplevel [29ms]
2023-04-13 21:41:00.440 [info] > git rev-parse --git-dir --git-common-dir [13ms]
2023-04-13 21:41:00.443 [info] Open repository: /LocalRun/wenjian.ma/tvm/3rdparty/dlpack
2023-04-13 21:41:00.455 [info] > git config --get commit.template [40ms]
2023-04-13 21:41:00.477 [info] > git rev-parse --show-toplevel [22ms]
2023-04-13 21:41:00.510 [info] > git rev-parse --git-dir --git-common-dir [22ms]
2023-04-13 21:41:00.514 [info] Open repository: /LocalRun/wenjian.ma/tvm/3rdparty/rang
2023-04-13 21:41:00.524 [info] > git config --get commit.template [54ms]
2023-04-13 21:41:00.550 [info] > git rev-parse --show-toplevel [27ms]
2023-04-13 21:41:00.559 [info] > git for-each-ref --format %(refname) %(objectname) %(*objectname) refs/tags [56ms]
2023-04-13 21:41:00.599 [info] > git status -z -uall [30ms]
2023-04-13 21:41:00.603 [info] > git for-each-ref --sort -committerdate --format %(refname) %(objectname) %(*objectname) [23ms]
2023-04-13 21:41:00.606 [info] > git rev-parse --git-dir --git-common-dir [47ms]
2023-04-13 21:41:00.609 [info] Open repository: /LocalRun/wenjian.ma/tvm/3rdparty/vta-hw
2023-04-13 21:41:00.620 [info] > git config --get commit.template [79ms]
2023-04-13 21:41:00.644 [info] > git rev-parse --show-toplevel [24ms]
2023-04-13 21:41:00.655 [info] > git for-each-ref --format %(refname) %(objectname) %(*objectname) refs/tags [60ms]
2023-04-13 21:41:00.698 [info] > git status -z -uall [32ms]
2023-04-13 21:41:00.704 [info] > git for-each-ref --sort -committerdate --format %(refname) %(objectname) %(*objectname) [26ms]
2023-04-13 21:41:00.707 [info] > git rev-parse --git-dir --git-common-dir [53ms]
2023-04-13 21:41:00.711 [info] Open repository: /LocalRun/wenjian.ma/tvm/3rdparty/libbacktrace
2023-04-13 21:41:00.723 [info] > git config --get commit.template [87ms]
2023-04-13 21:41:00.747 [info] > git rev-parse --show-toplevel [25ms]
2023-04-13 21:41:00.761 [info] > git for-each-ref --format %(refname) %(objectname) %(*objectname) refs/tags [66ms]
2023-04-13 21:41:00.812 [info] > git status -z -uall [39ms]
2023-04-13 21:41:00.816 [info] > git for-each-ref --sort -committerdate --format %(refname) %(objectname) %(*objectname) [31ms]
2023-04-13 21:41:00.820 [info] > git rev-parse --git-dir --git-common-dir [59ms]
2023-04-13 21:41:00.824 [info] Open repository: /LocalRun/wenjian.ma/tvm/3rdparty/cutlass
2023-04-13 21:41:00.825 [info] > git config --get commit.template [85ms]
2023-04-13 21:41:00.844 [info] > git for-each-ref --format %(refname) %(objectname) %(*objectname) refs/tags [39ms]
2023-04-13 21:41:00.887 [info] > git status -z -uall [29ms]
2023-04-13 21:41:00.889 [info] > git for-each-ref --sort -committerdate --format %(refname) %(objectname) %(*objectname) [19ms]
2023-04-13 21:41:00.892 [info] > git config --get commit.template [51ms]
2023-04-13 21:41:00.898 [info] > git for-each-ref --format %(refname) %(objectname) %(*objectname) refs/tags [12ms]
2023-04-13 21:41:00.934 [info] > git status -z -uall [27ms]
2023-04-13 21:41:00.935 [info] > git for-each-ref --sort -committerdate --format %(refname) %(objectname) %(*objectname) [14ms]
2023-04-13 21:41:00.957 [info] > git for-each-ref --format %(refname) %(objectname) %(*objectname) refs/tags [24ms]
2023-04-13 21:41:00.987 [info] > git check-ignore -v -z --stdin [34ms]
2023-04-13 21:41:00.991 [info] > git status -z -uall [20ms]
2023-04-13 21:41:00.991 [info] > git for-each-ref --sort -committerdate --format %(refname) %(objectname) %(*objectname) [7ms]
2023-04-14 13:36:06.481 [info] Log level: Info
2023-04-14 13:36:06.481 [info] Validating found git in: "git"
2023-04-14 13:36:06.481 [info] Using git "2.22.0" from "git"
2023-04-14 13:36:06.503 [info] > git rev-parse --show-toplevel [39ms]
2023-04-14 13:36:06.612 [info] > git rev-parse --git-dir --git-common-dir [22ms]
2023-04-14 13:36:06.621 [info] Open repository: /LocalRun/wenjian.ma/tvm
2023-04-14 13:36:06.709 [info] > git rev-parse --show-toplevel [78ms]
2023-04-14 13:36:06.725 [info] > git rev-parse --show-toplevel [8ms]
2023-04-14 13:36:06.734 [info] > git config --get commit.template [26ms]
2023-04-14 13:36:06.745 [info] > git rev-parse --show-toplevel [12ms]
2023-04-14 13:36:06.773 [info] > git rev-parse --show-toplevel [17ms]
2023-04-14 13:36:06.790 [info] > git rev-parse --show-toplevel [8ms]
2023-04-14 13:36:06.801 [info] > git for-each-ref --format=%(refname)%00%(upstream:short)%00%(objectname)%00%(upstream:track)%00%(upstream:remotename)%00%(upstream:remoteref) refs/heads/fix_vm_scalar_args_testcase refs/remotes/fix_vm_scalar_args_testcase [33ms]
2023-04-14 13:36:06.839 [info] > git for-each-ref --sort -committerdate --format %(refname) %(objectname) %(*objectname) [9ms]
2023-04-14 13:36:06.843 [info] > git rev-parse --show-toplevel [43ms]
2023-04-14 13:36:06.859 [info] > git rev-parse --show-toplevel [5ms]
2023-04-14 13:36:06.869 [info] > git rev-parse --show-toplevel [2ms]
2023-04-14 13:36:06.886 [info] > git rev-parse --show-toplevel [7ms]
2023-04-14 13:36:06.905 [info] > git rev-parse --show-toplevel [9ms]
2023-04-14 13:36:06.915 [info] > git status -z -uall [102ms]
2023-04-14 13:36:07.019 [info] > git rev-parse --show-toplevel [106ms]
2023-04-14 13:36:07.031 [info] > git rev-parse --show-toplevel [4ms]
2023-04-14 13:36:07.040 [info] > git config --get commit.template [28ms]
2023-04-14 13:36:07.397 [info] > git rev-parse --show-toplevel [358ms]
2023-04-14 13:36:07.434 [info] > git rev-parse --show-toplevel [25ms]
2023-04-14 13:36:07.448 [info] > git check-ignore -v -z --stdin [26ms]
2023-04-14 13:36:07.449 [info] > git rev-parse --show-toplevel [3ms]
2023-04-14 13:36:07.461 [info] > git for-each-ref --format=%(refname)%00%(upstream:short)%00%(objectname)%00%(upstream:track)%00%(upstream:remotename)%00%(upstream:remoteref) refs/heads/fix_vm_scalar_args_testcase refs/remotes/fix_vm_scalar_args_testcase [28ms]
2023-04-14 13:36:07.490 [info] > git rev-parse --show-toplevel [30ms]
2023-04-14 13:36:07.504 [info] > git rev-parse --show-toplevel [4ms]
2023-04-14 13:36:07.518 [info] > git for-each-ref --sort -committerdate --format %(refname) %(objectname) %(*objectname) [32ms]
2023-04-14 13:36:07.521 [info] > git rev-parse --show-toplevel [3ms]
2023-04-14 13:36:07.550 [info] > git rev-parse --show-toplevel [3ms]
2023-04-14 13:36:07.581 [info] > git status -z -uall [108ms]
2023-04-14 13:36:07.581 [info] > git rev-parse --show-toplevel [11ms]
2023-04-14 13:36:07.696 [info] > git rev-parse --show-toplevel [101ms]
2023-04-14 13:36:08.299 [info] > git rev-parse --show-toplevel [594ms]
2023-04-14 13:36:08.430 [info] > git rev-parse --show-toplevel [120ms]
2023-04-14 13:36:08.552 [info] > git rev-parse --show-toplevel [111ms]
2023-04-14 13:36:08.601 [info] > git rev-parse --show-toplevel [38ms]
2023-04-14 13:36:08.622 [info] > git rev-parse --show-toplevel [9ms]
2023-04-14 13:36:08.701 [info] > git rev-parse --show-toplevel [68ms]
2023-04-14 13:36:08.739 [info] > git rev-parse --show-toplevel [27ms]
2023-04-14 13:36:08.790 [info] > git rev-parse --show-toplevel [40ms]
2023-04-14 13:36:08.847 [info] > git rev-parse --show-toplevel [43ms]
2023-04-14 13:36:08.903 [info] > git show --textconv :tests/python/relay/test_any.py [22ms]
2023-04-14 13:36:08.903 [info] > git ls-files --stage -- /LocalRun/wenjian.ma/tvm/tests/python/relay/test_any.py [9ms]
2023-04-14 13:36:08.915 [info] > git rev-parse --show-toplevel [49ms]
2023-04-14 13:36:08.992 [info] > git rev-parse --git-dir --git-common-dir [67ms]
2023-04-14 13:36:08.997 [info] Open repository: /LocalRun/wenjian.ma/tvm/3rdparty/dmlc-core
2023-04-14 13:36:09.010 [info] > git cat-file -s 279507f7db1a70f6cc6149de1485f095e7c67000 [96ms]
2023-04-14 13:36:09.044 [info] > git rev-parse --show-toplevel [34ms]
2023-04-14 13:36:09.070 [info] > git rev-parse --git-dir --git-common-dir [15ms]
2023-04-14 13:36:09.073 [info] Open repository: /LocalRun/wenjian.ma/tvm/3rdparty/dlpack
2023-04-14 13:36:09.085 [info] > git config --get commit.template [55ms]
2023-04-14 13:36:09.109 [info] > git rev-parse --show-toplevel [25ms]
2023-04-14 13:36:09.145 [info] > git rev-parse --git-dir --git-common-dir [20ms]
2023-04-14 13:36:09.148 [info] Open repository: /LocalRun/wenjian.ma/tvm/3rdparty/rang
2023-04-14 13:36:09.162 [info] > git config --get commit.template [53ms]
2023-04-14 13:36:09.180 [info] > git rev-parse --show-toplevel [19ms]
2023-04-14 13:36:09.190 [info] > git for-each-ref --format %(refname) %(objectname) %(*objectname) refs/tags [49ms]
2023-04-14 13:36:09.238 [info] > git status -z -uall [38ms]
2023-04-14 13:36:09.243 [info] > git for-each-ref --sort -committerdate --format %(refname) %(objectname) %(*objectname) [31ms]
2023-04-14 13:36:09.248 [info] > git rev-parse --git-dir --git-common-dir [58ms]
2023-04-14 13:36:09.252 [info] Open repository: /LocalRun/wenjian.ma/tvm/3rdparty/vta-hw
2023-04-14 13:36:09.267 [info] > git config --get commit.template [92ms]
2023-04-14 13:36:09.291 [info] > git rev-parse --show-toplevel [24ms]
2023-04-14 13:36:09.303 [info] > git for-each-ref --format %(refname) %(objectname) %(*objectname) refs/tags [72ms]
2023-04-14 13:36:09.387 [info] > git status -z -uall [73ms]
2023-04-14 13:36:09.390 [info] > git for-each-ref --sort -committerdate --format %(refname) %(objectname) %(*objectname) [63ms]
2023-04-14 13:36:09.410 [info] > git rev-parse --git-dir --git-common-dir [107ms]
2023-04-14 13:36:09.414 [info] Open repository: /LocalRun/wenjian.ma/tvm/3rdparty/libbacktrace
2023-04-14 13:36:09.428 [info] > git config --get commit.template [144ms]
2023-04-14 13:36:09.468 [info] > git rev-parse --show-toplevel [40ms]
2023-04-14 13:36:09.479 [info] > git for-each-ref --format %(refname) %(objectname) %(*objectname) refs/tags [101ms]
2023-04-14 13:36:09.520 [info] > git status -z -uall [30ms]
2023-04-14 13:36:09.526 [info] > git rev-parse --git-dir --git-common-dir [47ms]
2023-04-14 13:36:09.531 [info] Open repository: /LocalRun/wenjian.ma/tvm/3rdparty/cutlass
2023-04-14 13:36:09.531 [info] > git config --get commit.template [72ms]
2023-04-14 13:36:09.561 [info] > git for-each-ref --format %(refname) %(objectname) %(*objectname) refs/tags [46ms]
2023-04-14 13:36:09.592 [info] > git for-each-ref --sort -committerdate --format %(refname) %(objectname) %(*objectname) [89ms]
2023-04-14 13:36:09.625 [info] > git status -z -uall [48ms]
2023-04-14 13:36:09.627 [info] > git for-each-ref --sort -committerdate --format %(refname) %(objectname) %(*objectname) [36ms]
2023-04-14 13:36:09.630 [info] > git config --get commit.template [75ms]
2023-04-14 13:36:09.641 [info] > git check-ignore -v -z --stdin [31ms]
2023-04-14 13:36:09.644 [info] > git for-each-ref --format %(refname) %(objectname) %(*objectname) refs/tags [22ms]
2023-04-14 13:36:09.685 [info] > git status -z -uall [30ms]
2023-04-14 13:36:09.687 [info] > git for-each-ref --sort -committerdate --format %(refname) %(objectname) %(*objectname) [18ms]
2023-04-14 13:36:09.693 [info] > git for-each-ref --format %(refname) %(objectname) %(*objectname) refs/tags [10ms]
2023-04-14 13:36:09.724 [info] > git status -z -uall [21ms]
2023-04-14 13:36:09.725 [info] > git for-each-ref --sort -committerdate --format %(refname) %(objectname) %(*objectname) [10ms]
2023-04-14 13:36:10.145 [info] > git check-ignore -v -z --stdin [2ms]
