2023-04-13 21:40:56.394 [info] Extension host with pid 16997 started
2023-04-13 21:40:56.394 [info] Skipping acquiring lock for /home/wenjian.ma/.config/Code/User/workspaceStorage/2a46eb47484222006e9612ce7f5c18c3.
2023-04-13 21:40:56.514 [info] ExtensionService#_doActivateExtension vscode.emmet, startup: false, activationEvent: 'onLanguage'
2023-04-13 21:40:56.524 [info] ExtensionService#_doActivateExtension ms-python.python, startup: false, activationEvent: 'onLanguage:python', root cause: ms-python.isort
2023-04-13 21:40:56.814 [info] ExtensionService#_doActivateExtension ms-toolsai.jupyter, startup: false, activationEvent: 'onLanguage:python'
2023-04-13 21:40:56.875 [info] ExtensionService#_doActivateExtension vscode.git-base, startup: true, activationEvent: '*', root cause: vscode.git
2023-04-13 21:40:56.878 [info] ExtensionService#_doActivateExtension ms-vscode.cmake-tools, startup: true, activationEvent: 'workspaceContains:CMakeLists.txt'
2023-04-13 21:40:56.937 [info] ExtensionService#_doActivateExtension ms-vscode.cpptools, startup: true, activationEvent: 'workspaceContains:/.vscode/c_cpp_properties.json'
2023-04-13 21:40:57.461 [info] ExtensionService#_doActivateExtension ms-toolsai.jupyter-renderers, startup: false, activationEvent: 'api', root cause: ms-toolsai.jupyter
2023-04-13 21:40:57.464 [info] ExtensionService#_doActivateExtension vscode.git, startup: true, activationEvent: '*'
2023-04-13 21:40:57.488 [info] ExtensionService#_doActivateExtension vscode.github, startup: true, activationEvent: '*'
2023-04-13 21:40:57.522 [info] ExtensionService#_doActivateExtension ms-python.isort, startup: false, activationEvent: 'onLanguage:python'
2023-04-13 21:40:57.532 [info] ExtensionService#_doActivateExtension ms-python.vscode-pylance, startup: false, activationEvent: 'onLanguage:python'
2023-04-13 21:40:57.624 [info] ExtensionService#_doActivateExtension vscode.github-authentication, startup: false, activationEvent: 'onAuthenticationRequest:github'
2023-04-13 21:40:57.904 [info] ExtensionService#_doActivateExtension vscode.microsoft-authentication, startup: false, activationEvent: 'onAuthenticationRequest:microsoft'
2023-04-13 21:40:58.279 [warning] [Decorations] CAPPING events from decorations provider vscode.git 2922
2023-04-13 21:40:58.975 [error] Error: Module 'pip' not installed.
	at Xa.execModule (/home/wenjian.ma/.vscode/extensions/ms-toolsai.jupyter-2023.1.2010391206/out/extension.node.js:2:1806741)
	at async xl.getPackageInformation (/home/wenjian.ma/.vscode/extensions/ms-toolsai.jupyter-2023.1.2010391206/out/extension.node.js:17:38262)
2023-04-13 21:40:59.002 [info] ExtensionService#_doActivateExtension vscode.configuration-editing, startup: false, activationEvent: 'onLanguage:json'
2023-04-13 21:40:59.016 [info] ExtensionService#_doActivateExtension vscode.extension-editing, startup: false, activationEvent: 'onLanguage:json'
2023-04-13 21:40:59.035 [info] ExtensionService#_doActivateExtension vscode.json-language-features, startup: false, activationEvent: 'onLanguage:json'
2023-04-13 21:40:59.145 [info] ExtensionService#_doActivateExtension vscode.npm, startup: false, activationEvent: 'onLanguage:json'
2023-04-13 21:40:59.267 [warning] [Decorations] CAPPING events from decorations provider vscode.git 2922
2023-04-13 21:40:59.287 [info] ExtensionService#_doActivateExtension vscode.typescript-language-features, startup: false, activationEvent: 'onLanguage:jsonc'
2023-04-13 21:40:59.308 [info] ExtensionService#_doActivateExtension ms-vscode-remote.remote-containers, startup: false, activationEvent: 'onLanguage:jsonc'
2023-04-13 21:41:00.084 [info] Eager extensions activated
2023-04-13 21:41:00.238 [info] ExtensionService#_doActivateExtension vscode.debug-auto-launch, startup: false, activationEvent: 'onStartupFinished'
2023-04-13 21:41:00.240 [info] ExtensionService#_doActivateExtension vscode.merge-conflict, startup: false, activationEvent: 'onStartupFinished'
2023-04-13 21:41:00.253 [info] ExtensionService#_doActivateExtension ms-vscode-remote.remote-wsl, startup: false, activationEvent: 'onStartupFinished'
2023-04-14 13:36:03.473 [info] Extension host terminating: renderer closed the MessagePort
2023-04-14 13:36:03.502 [error] Canceled: Canceled
	at new u (/LocalRun/wenjian.ma/vscode/VSCode-linux-x64/resources/app/out/vs/workbench/api/node/extensionHostProcess.js:96:88070)
	at l.O (/LocalRun/wenjian.ma/vscode/VSCode-linux-x64/resources/app/out/vs/workbench/api/node/extensionHostProcess.js:106:11276)
	at V.<computed>.M.charCodeAt.V.<computed> (/LocalRun/wenjian.ma/vscode/VSCode-linux-x64/resources/app/out/vs/workbench/api/node/extensionHostProcess.js:106:8557)
	at s.g (/LocalRun/wenjian.ma/vscode/VSCode-linux-x64/resources/app/out/vs/workbench/api/node/extensionHostProcess.js:96:107430)
	at s.executeCommand (/LocalRun/wenjian.ma/vscode/VSCode-linux-x64/resources/app/out/vs/workbench/api/node/extensionHostProcess.js:96:106806)
	at w.registerCommand.description (/LocalRun/wenjian.ma/vscode/VSCode-linux-x64/resources/app/out/vs/workbench/api/node/extensionHostProcess.js:96:106099)
	at s.h (/LocalRun/wenjian.ma/vscode/VSCode-linux-x64/resources/app/out/vs/workbench/api/node/extensionHostProcess.js:96:108016)
	at s.g (/LocalRun/wenjian.ma/vscode/VSCode-linux-x64/resources/app/out/vs/workbench/api/node/extensionHostProcess.js:96:106906)
	at s.executeCommand (/LocalRun/wenjian.ma/vscode/VSCode-linux-x64/resources/app/out/vs/workbench/api/node/extensionHostProcess.js:96:106806)
	at Object.executeCommand (/LocalRun/wenjian.ma/vscode/VSCode-linux-x64/resources/app/out/vs/workbench/api/node/extensionHostProcess.js:117:30778)
	at D (/LocalRun/wenjian.ma/vscode/VSCode-linux-x64/resources/app/extensions/git/dist/main.js:2:2055373)
	at f.invoke (/LocalRun/wenjian.ma/vscode/VSCode-linux-x64/resources/app/out/vs/workbench/api/node/extensionHostProcess.js:63:145)
	at g.deliver (/LocalRun/wenjian.ma/vscode/VSCode-linux-x64/resources/app/out/vs/workbench/api/node/extensionHostProcess.js:63:2029)
	at d.fire (/LocalRun/wenjian.ma/vscode/VSCode-linux-x64/resources/app/out/vs/workbench/api/node/extensionHostProcess.js:63:1667)
	at Object.h [as dispose] (/LocalRun/wenjian.ma/vscode/VSCode-linux-x64/resources/app/extensions/git/dist/main.js:2:2070210)
	at /LocalRun/wenjian.ma/vscode/VSCode-linux-x64/resources/app/extensions/git/dist/main.js:2:2074277
	at Array.forEach (<anonymous>)
	at g.dispose (/LocalRun/wenjian.ma/vscode/VSCode-linux-x64/resources/app/extensions/git/dist/main.js:2:2074263)
	at C.<anonymous> (/LocalRun/wenjian.ma/vscode/VSCode-linux-x64/resources/app/out/vs/workbench/api/node/extensionHostProcess.js:94:12431)
	at C.dispose (/LocalRun/wenjian.ma/vscode/VSCode-linux-x64/resources/app/out/vs/workbench/api/node/extensionHostProcess.js:94:12566)
	at C.<anonymous> (/LocalRun/wenjian.ma/vscode/VSCode-linux-x64/resources/app/extensions/git/dist/main.js:2:2057503)
	at C.dispose (/LocalRun/wenjian.ma/vscode/VSCode-linux-x64/resources/app/out/vs/workbench/api/node/extensionHostProcess.js:94:12566)
	at T (/LocalRun/wenjian.ma/vscode/VSCode-linux-x64/resources/app/out/vs/workbench/api/node/extensionHostProcess.js:10:12072)
	at f.X (/LocalRun/wenjian.ma/vscode/VSCode-linux-x64/resources/app/out/vs/workbench/api/node/extensionHostProcess.js:108:11242)
	at /LocalRun/wenjian.ma/vscode/VSCode-linux-x64/resources/app/out/vs/workbench/api/node/extensionHostProcess.js:108:9037
	at Array.map (<anonymous>)
	at f.Q (/LocalRun/wenjian.ma/vscode/VSCode-linux-x64/resources/app/out/vs/workbench/api/node/extensionHostProcess.js:108:9024)
	at f.terminate (/LocalRun/wenjian.ma/vscode/VSCode-linux-x64/resources/app/out/vs/workbench/api/node/extensionHostProcess.js:108:9298)
	at h.terminate (/LocalRun/wenjian.ma/vscode/VSCode-linux-x64/resources/app/out/vs/workbench/api/node/extensionHostProcess.js:112:1397)
	at p (/LocalRun/wenjian.ma/vscode/VSCode-linux-x64/resources/app/out/vs/workbench/api/node/extensionHostProcess.js:122:17851)
	at MessagePortMain.<anonymous> (/LocalRun/wenjian.ma/vscode/VSCode-linux-x64/resources/app/out/vs/workbench/api/node/extensionHostProcess.js:122:13990)
	at MessagePortMain.emit (node:events:526:28)
	at MessagePortMain._internalPort.emit (node:electron/js2c/utility_init:5:364) setContext undefined
2023-04-14 13:36:03.502 [error] Canceled: Canceled
	at new u (/LocalRun/wenjian.ma/vscode/VSCode-linux-x64/resources/app/out/vs/workbench/api/node/extensionHostProcess.js:96:88070)
	at l.O (/LocalRun/wenjian.ma/vscode/VSCode-linux-x64/resources/app/out/vs/workbench/api/node/extensionHostProcess.js:106:11276)
	at V.<computed>.M.charCodeAt.V.<computed> (/LocalRun/wenjian.ma/vscode/VSCode-linux-x64/resources/app/out/vs/workbench/api/node/extensionHostProcess.js:106:8557)
	at s.g (/LocalRun/wenjian.ma/vscode/VSCode-linux-x64/resources/app/out/vs/workbench/api/node/extensionHostProcess.js:96:107430)
	at s.executeCommand (/LocalRun/wenjian.ma/vscode/VSCode-linux-x64/resources/app/out/vs/workbench/api/node/extensionHostProcess.js:96:106806)
	at w.registerCommand.description (/LocalRun/wenjian.ma/vscode/VSCode-linux-x64/resources/app/out/vs/workbench/api/node/extensionHostProcess.js:96:106099)
	at s.h (/LocalRun/wenjian.ma/vscode/VSCode-linux-x64/resources/app/out/vs/workbench/api/node/extensionHostProcess.js:96:108016)
	at s.g (/LocalRun/wenjian.ma/vscode/VSCode-linux-x64/resources/app/out/vs/workbench/api/node/extensionHostProcess.js:96:106906)
	at s.executeCommand (/LocalRun/wenjian.ma/vscode/VSCode-linux-x64/resources/app/out/vs/workbench/api/node/extensionHostProcess.js:96:106806)
	at Object.executeCommand (/LocalRun/wenjian.ma/vscode/VSCode-linux-x64/resources/app/out/vs/workbench/api/node/extensionHostProcess.js:117:30778)
	at D (/LocalRun/wenjian.ma/vscode/VSCode-linux-x64/resources/app/extensions/git/dist/main.js:2:2055373)
	at f.invoke (/LocalRun/wenjian.ma/vscode/VSCode-linux-x64/resources/app/out/vs/workbench/api/node/extensionHostProcess.js:63:145)
	at g.deliver (/LocalRun/wenjian.ma/vscode/VSCode-linux-x64/resources/app/out/vs/workbench/api/node/extensionHostProcess.js:63:2029)
	at d.fire (/LocalRun/wenjian.ma/vscode/VSCode-linux-x64/resources/app/out/vs/workbench/api/node/extensionHostProcess.js:63:1667)
	at Object.h [as dispose] (/LocalRun/wenjian.ma/vscode/VSCode-linux-x64/resources/app/extensions/git/dist/main.js:2:2070210)
	at /LocalRun/wenjian.ma/vscode/VSCode-linux-x64/resources/app/extensions/git/dist/main.js:2:2074277
	at Array.forEach (<anonymous>)
	at g.dispose (/LocalRun/wenjian.ma/vscode/VSCode-linux-x64/resources/app/extensions/git/dist/main.js:2:2074263)
	at C.<anonymous> (/LocalRun/wenjian.ma/vscode/VSCode-linux-x64/resources/app/out/vs/workbench/api/node/extensionHostProcess.js:94:12431)
	at C.dispose (/LocalRun/wenjian.ma/vscode/VSCode-linux-x64/resources/app/out/vs/workbench/api/node/extensionHostProcess.js:94:12566)
	at C.<anonymous> (/LocalRun/wenjian.ma/vscode/VSCode-linux-x64/resources/app/extensions/git/dist/main.js:2:2057503)
	at C.dispose (/LocalRun/wenjian.ma/vscode/VSCode-linux-x64/resources/app/out/vs/workbench/api/node/extensionHostProcess.js:94:12566)
	at T (/LocalRun/wenjian.ma/vscode/VSCode-linux-x64/resources/app/out/vs/workbench/api/node/extensionHostProcess.js:10:12072)
	at f.X (/LocalRun/wenjian.ma/vscode/VSCode-linux-x64/resources/app/out/vs/workbench/api/node/extensionHostProcess.js:108:11242)
	at /LocalRun/wenjian.ma/vscode/VSCode-linux-x64/resources/app/out/vs/workbench/api/node/extensionHostProcess.js:108:9037
	at Array.map (<anonymous>)
	at f.Q (/LocalRun/wenjian.ma/vscode/VSCode-linux-x64/resources/app/out/vs/workbench/api/node/extensionHostProcess.js:108:9024)
	at f.terminate (/LocalRun/wenjian.ma/vscode/VSCode-linux-x64/resources/app/out/vs/workbench/api/node/extensionHostProcess.js:108:9298)
	at h.terminate (/LocalRun/wenjian.ma/vscode/VSCode-linux-x64/resources/app/out/vs/workbench/api/node/extensionHostProcess.js:112:1397)
	at p (/LocalRun/wenjian.ma/vscode/VSCode-linux-x64/resources/app/out/vs/workbench/api/node/extensionHostProcess.js:122:17851)
	at MessagePortMain.<anonymous> (/LocalRun/wenjian.ma/vscode/VSCode-linux-x64/resources/app/out/vs/workbench/api/node/extensionHostProcess.js:122:13990)
	at MessagePortMain.emit (node:events:526:28)
	at MessagePortMain._internalPort.emit (node:electron/js2c/utility_init:5:364) setContext undefined
2023-04-14 13:36:03.502 [error] Canceled: Canceled
	at new u (/LocalRun/wenjian.ma/vscode/VSCode-linux-x64/resources/app/out/vs/workbench/api/node/extensionHostProcess.js:96:88070)
	at l.O (/LocalRun/wenjian.ma/vscode/VSCode-linux-x64/resources/app/out/vs/workbench/api/node/extensionHostProcess.js:106:11276)
	at V.<computed>.M.charCodeAt.V.<computed> (/LocalRun/wenjian.ma/vscode/VSCode-linux-x64/resources/app/out/vs/workbench/api/node/extensionHostProcess.js:106:8557)
	at s.g (/LocalRun/wenjian.ma/vscode/VSCode-linux-x64/resources/app/out/vs/workbench/api/node/extensionHostProcess.js:96:107430)
	at s.executeCommand (/LocalRun/wenjian.ma/vscode/VSCode-linux-x64/resources/app/out/vs/workbench/api/node/extensionHostProcess.js:96:106806)
	at w.registerCommand.description (/LocalRun/wenjian.ma/vscode/VSCode-linux-x64/resources/app/out/vs/workbench/api/node/extensionHostProcess.js:96:106099)
	at s.h (/LocalRun/wenjian.ma/vscode/VSCode-linux-x64/resources/app/out/vs/workbench/api/node/extensionHostProcess.js:96:108016)
	at s.g (/LocalRun/wenjian.ma/vscode/VSCode-linux-x64/resources/app/out/vs/workbench/api/node/extensionHostProcess.js:96:106906)
	at s.executeCommand (/LocalRun/wenjian.ma/vscode/VSCode-linux-x64/resources/app/out/vs/workbench/api/node/extensionHostProcess.js:96:106806)
	at Object.executeCommand (/LocalRun/wenjian.ma/vscode/VSCode-linux-x64/resources/app/out/vs/workbench/api/node/extensionHostProcess.js:117:30778)
	at D (/LocalRun/wenjian.ma/vscode/VSCode-linux-x64/resources/app/extensions/git/dist/main.js:2:2055373)
	at f.invoke (/LocalRun/wenjian.ma/vscode/VSCode-linux-x64/resources/app/out/vs/workbench/api/node/extensionHostProcess.js:63:145)
	at g.deliver (/LocalRun/wenjian.ma/vscode/VSCode-linux-x64/resources/app/out/vs/workbench/api/node/extensionHostProcess.js:63:2029)
	at d.fire (/LocalRun/wenjian.ma/vscode/VSCode-linux-x64/resources/app/out/vs/workbench/api/node/extensionHostProcess.js:63:1667)
	at Object.h [as dispose] (/LocalRun/wenjian.ma/vscode/VSCode-linux-x64/resources/app/extensions/git/dist/main.js:2:2070210)
	at /LocalRun/wenjian.ma/vscode/VSCode-linux-x64/resources/app/extensions/git/dist/main.js:2:2074277
	at Array.forEach (<anonymous>)
	at g.dispose (/LocalRun/wenjian.ma/vscode/VSCode-linux-x64/resources/app/extensions/git/dist/main.js:2:2074263)
	at C.<anonymous> (/LocalRun/wenjian.ma/vscode/VSCode-linux-x64/resources/app/out/vs/workbench/api/node/extensionHostProcess.js:94:12431)
	at C.dispose (/LocalRun/wenjian.ma/vscode/VSCode-linux-x64/resources/app/out/vs/workbench/api/node/extensionHostProcess.js:94:12566)
	at C.<anonymous> (/LocalRun/wenjian.ma/vscode/VSCode-linux-x64/resources/app/extensions/git/dist/main.js:2:2057503)
	at C.dispose (/LocalRun/wenjian.ma/vscode/VSCode-linux-x64/resources/app/out/vs/workbench/api/node/extensionHostProcess.js:94:12566)
	at T (/LocalRun/wenjian.ma/vscode/VSCode-linux-x64/resources/app/out/vs/workbench/api/node/extensionHostProcess.js:10:12072)
	at f.X (/LocalRun/wenjian.ma/vscode/VSCode-linux-x64/resources/app/out/vs/workbench/api/node/extensionHostProcess.js:108:11242)
	at /LocalRun/wenjian.ma/vscode/VSCode-linux-x64/resources/app/out/vs/workbench/api/node/extensionHostProcess.js:108:9037
	at Array.map (<anonymous>)
	at f.Q (/LocalRun/wenjian.ma/vscode/VSCode-linux-x64/resources/app/out/vs/workbench/api/node/extensionHostProcess.js:108:9024)
	at f.terminate (/LocalRun/wenjian.ma/vscode/VSCode-linux-x64/resources/app/out/vs/workbench/api/node/extensionHostProcess.js:108:9298)
	at h.terminate (/LocalRun/wenjian.ma/vscode/VSCode-linux-x64/resources/app/out/vs/workbench/api/node/extensionHostProcess.js:112:1397)
	at p (/LocalRun/wenjian.ma/vscode/VSCode-linux-x64/resources/app/out/vs/workbench/api/node/extensionHostProcess.js:122:17851)
	at MessagePortMain.<anonymous> (/LocalRun/wenjian.ma/vscode/VSCode-linux-x64/resources/app/out/vs/workbench/api/node/extensionHostProcess.js:122:13990)
	at MessagePortMain.emit (node:events:526:28)
	at MessagePortMain._internalPort.emit (node:electron/js2c/utility_init:5:364) setContext undefined
2023-04-14 13:36:03.502 [error] Canceled: Canceled
	at new u (/LocalRun/wenjian.ma/vscode/VSCode-linux-x64/resources/app/out/vs/workbench/api/node/extensionHostProcess.js:96:88070)
	at l.O (/LocalRun/wenjian.ma/vscode/VSCode-linux-x64/resources/app/out/vs/workbench/api/node/extensionHostProcess.js:106:11276)
	at V.<computed>.M.charCodeAt.V.<computed> (/LocalRun/wenjian.ma/vscode/VSCode-linux-x64/resources/app/out/vs/workbench/api/node/extensionHostProcess.js:106:8557)
	at s.g (/LocalRun/wenjian.ma/vscode/VSCode-linux-x64/resources/app/out/vs/workbench/api/node/extensionHostProcess.js:96:107430)
	at s.executeCommand (/LocalRun/wenjian.ma/vscode/VSCode-linux-x64/resources/app/out/vs/workbench/api/node/extensionHostProcess.js:96:106806)
	at w.registerCommand.description (/LocalRun/wenjian.ma/vscode/VSCode-linux-x64/resources/app/out/vs/workbench/api/node/extensionHostProcess.js:96:106099)
	at s.h (/LocalRun/wenjian.ma/vscode/VSCode-linux-x64/resources/app/out/vs/workbench/api/node/extensionHostProcess.js:96:108016)
	at s.g (/LocalRun/wenjian.ma/vscode/VSCode-linux-x64/resources/app/out/vs/workbench/api/node/extensionHostProcess.js:96:106906)
	at s.executeCommand (/LocalRun/wenjian.ma/vscode/VSCode-linux-x64/resources/app/out/vs/workbench/api/node/extensionHostProcess.js:96:106806)
	at Object.executeCommand (/LocalRun/wenjian.ma/vscode/VSCode-linux-x64/resources/app/out/vs/workbench/api/node/extensionHostProcess.js:117:30778)
	at D (/LocalRun/wenjian.ma/vscode/VSCode-linux-x64/resources/app/extensions/git/dist/main.js:2:2055373)
	at f.invoke (/LocalRun/wenjian.ma/vscode/VSCode-linux-x64/resources/app/out/vs/workbench/api/node/extensionHostProcess.js:63:145)
	at g.deliver (/LocalRun/wenjian.ma/vscode/VSCode-linux-x64/resources/app/out/vs/workbench/api/node/extensionHostProcess.js:63:2029)
	at d.fire (/LocalRun/wenjian.ma/vscode/VSCode-linux-x64/resources/app/out/vs/workbench/api/node/extensionHostProcess.js:63:1667)
	at Object.h [as dispose] (/LocalRun/wenjian.ma/vscode/VSCode-linux-x64/resources/app/extensions/git/dist/main.js:2:2070210)
	at /LocalRun/wenjian.ma/vscode/VSCode-linux-x64/resources/app/extensions/git/dist/main.js:2:2074277
	at Array.forEach (<anonymous>)
	at g.dispose (/LocalRun/wenjian.ma/vscode/VSCode-linux-x64/resources/app/extensions/git/dist/main.js:2:2074263)
	at C.<anonymous> (/LocalRun/wenjian.ma/vscode/VSCode-linux-x64/resources/app/out/vs/workbench/api/node/extensionHostProcess.js:94:12431)
	at C.dispose (/LocalRun/wenjian.ma/vscode/VSCode-linux-x64/resources/app/out/vs/workbench/api/node/extensionHostProcess.js:94:12566)
	at C.<anonymous> (/LocalRun/wenjian.ma/vscode/VSCode-linux-x64/resources/app/extensions/git/dist/main.js:2:2057503)
	at C.dispose (/LocalRun/wenjian.ma/vscode/VSCode-linux-x64/resources/app/out/vs/workbench/api/node/extensionHostProcess.js:94:12566)
	at T (/LocalRun/wenjian.ma/vscode/VSCode-linux-x64/resources/app/out/vs/workbench/api/node/extensionHostProcess.js:10:12072)
	at f.X (/LocalRun/wenjian.ma/vscode/VSCode-linux-x64/resources/app/out/vs/workbench/api/node/extensionHostProcess.js:108:11242)
	at /LocalRun/wenjian.ma/vscode/VSCode-linux-x64/resources/app/out/vs/workbench/api/node/extensionHostProcess.js:108:9037
	at Array.map (<anonymous>)
	at f.Q (/LocalRun/wenjian.ma/vscode/VSCode-linux-x64/resources/app/out/vs/workbench/api/node/extensionHostProcess.js:108:9024)
	at f.terminate (/LocalRun/wenjian.ma/vscode/VSCode-linux-x64/resources/app/out/vs/workbench/api/node/extensionHostProcess.js:108:9298)
	at h.terminate (/LocalRun/wenjian.ma/vscode/VSCode-linux-x64/resources/app/out/vs/workbench/api/node/extensionHostProcess.js:112:1397)
	at p (/LocalRun/wenjian.ma/vscode/VSCode-linux-x64/resources/app/out/vs/workbench/api/node/extensionHostProcess.js:122:17851)
	at MessagePortMain.<anonymous> (/LocalRun/wenjian.ma/vscode/VSCode-linux-x64/resources/app/out/vs/workbench/api/node/extensionHostProcess.js:122:13990)
	at MessagePortMain.emit (node:events:526:28)
	at MessagePortMain._internalPort.emit (node:electron/js2c/utility_init:5:364) setContext undefined
2023-04-14 13:36:03.502 [error] Canceled: Canceled
	at new u (/LocalRun/wenjian.ma/vscode/VSCode-linux-x64/resources/app/out/vs/workbench/api/node/extensionHostProcess.js:96:88070)
	at l.O (/LocalRun/wenjian.ma/vscode/VSCode-linux-x64/resources/app/out/vs/workbench/api/node/extensionHostProcess.js:106:11276)
	at V.<computed>.M.charCodeAt.V.<computed> (/LocalRun/wenjian.ma/vscode/VSCode-linux-x64/resources/app/out/vs/workbench/api/node/extensionHostProcess.js:106:8557)
	at s.g (/LocalRun/wenjian.ma/vscode/VSCode-linux-x64/resources/app/out/vs/workbench/api/node/extensionHostProcess.js:96:107430)
	at s.executeCommand (/LocalRun/wenjian.ma/vscode/VSCode-linux-x64/resources/app/out/vs/workbench/api/node/extensionHostProcess.js:96:106806)
	at w.registerCommand.description (/LocalRun/wenjian.ma/vscode/VSCode-linux-x64/resources/app/out/vs/workbench/api/node/extensionHostProcess.js:96:106099)
	at s.h (/LocalRun/wenjian.ma/vscode/VSCode-linux-x64/resources/app/out/vs/workbench/api/node/extensionHostProcess.js:96:108016)
	at s.g (/LocalRun/wenjian.ma/vscode/VSCode-linux-x64/resources/app/out/vs/workbench/api/node/extensionHostProcess.js:96:106906)
	at s.executeCommand (/LocalRun/wenjian.ma/vscode/VSCode-linux-x64/resources/app/out/vs/workbench/api/node/extensionHostProcess.js:96:106806)
	at Object.executeCommand (/LocalRun/wenjian.ma/vscode/VSCode-linux-x64/resources/app/out/vs/workbench/api/node/extensionHostProcess.js:117:30778)
	at D (/LocalRun/wenjian.ma/vscode/VSCode-linux-x64/resources/app/extensions/git/dist/main.js:2:2055373)
	at f.invoke (/LocalRun/wenjian.ma/vscode/VSCode-linux-x64/resources/app/out/vs/workbench/api/node/extensionHostProcess.js:63:145)
	at g.deliver (/LocalRun/wenjian.ma/vscode/VSCode-linux-x64/resources/app/out/vs/workbench/api/node/extensionHostProcess.js:63:2029)
	at d.fire (/LocalRun/wenjian.ma/vscode/VSCode-linux-x64/resources/app/out/vs/workbench/api/node/extensionHostProcess.js:63:1667)
	at Object.h [as dispose] (/LocalRun/wenjian.ma/vscode/VSCode-linux-x64/resources/app/extensions/git/dist/main.js:2:2070210)
	at /LocalRun/wenjian.ma/vscode/VSCode-linux-x64/resources/app/extensions/git/dist/main.js:2:2074277
	at Array.forEach (<anonymous>)
	at g.dispose (/LocalRun/wenjian.ma/vscode/VSCode-linux-x64/resources/app/extensions/git/dist/main.js:2:2074263)
	at C.<anonymous> (/LocalRun/wenjian.ma/vscode/VSCode-linux-x64/resources/app/out/vs/workbench/api/node/extensionHostProcess.js:94:12431)
	at C.dispose (/LocalRun/wenjian.ma/vscode/VSCode-linux-x64/resources/app/out/vs/workbench/api/node/extensionHostProcess.js:94:12566)
	at C.<anonymous> (/LocalRun/wenjian.ma/vscode/VSCode-linux-x64/resources/app/extensions/git/dist/main.js:2:2057503)
	at C.dispose (/LocalRun/wenjian.ma/vscode/VSCode-linux-x64/resources/app/out/vs/workbench/api/node/extensionHostProcess.js:94:12566)
	at T (/LocalRun/wenjian.ma/vscode/VSCode-linux-x64/resources/app/out/vs/workbench/api/node/extensionHostProcess.js:10:12072)
	at f.X (/LocalRun/wenjian.ma/vscode/VSCode-linux-x64/resources/app/out/vs/workbench/api/node/extensionHostProcess.js:108:11242)
	at /LocalRun/wenjian.ma/vscode/VSCode-linux-x64/resources/app/out/vs/workbench/api/node/extensionHostProcess.js:108:9037
	at Array.map (<anonymous>)
	at f.Q (/LocalRun/wenjian.ma/vscode/VSCode-linux-x64/resources/app/out/vs/workbench/api/node/extensionHostProcess.js:108:9024)
	at f.terminate (/LocalRun/wenjian.ma/vscode/VSCode-linux-x64/resources/app/out/vs/workbench/api/node/extensionHostProcess.js:108:9298)
	at h.terminate (/LocalRun/wenjian.ma/vscode/VSCode-linux-x64/resources/app/out/vs/workbench/api/node/extensionHostProcess.js:112:1397)
	at p (/LocalRun/wenjian.ma/vscode/VSCode-linux-x64/resources/app/out/vs/workbench/api/node/extensionHostProcess.js:122:17851)
	at MessagePortMain.<anonymous> (/LocalRun/wenjian.ma/vscode/VSCode-linux-x64/resources/app/out/vs/workbench/api/node/extensionHostProcess.js:122:13990)
	at MessagePortMain.emit (node:events:526:28)
	at MessagePortMain._internalPort.emit (node:electron/js2c/utility_init:5:364) setContext undefined
2023-04-14 13:36:03.502 [error] Canceled: Canceled
	at new u (/LocalRun/wenjian.ma/vscode/VSCode-linux-x64/resources/app/out/vs/workbench/api/node/extensionHostProcess.js:96:88070)
	at l.O (/LocalRun/wenjian.ma/vscode/VSCode-linux-x64/resources/app/out/vs/workbench/api/node/extensionHostProcess.js:106:11276)
	at V.<computed>.M.charCodeAt.V.<computed> (/LocalRun/wenjian.ma/vscode/VSCode-linux-x64/resources/app/out/vs/workbench/api/node/extensionHostProcess.js:106:8557)
	at s.g (/LocalRun/wenjian.ma/vscode/VSCode-linux-x64/resources/app/out/vs/workbench/api/node/extensionHostProcess.js:96:107430)
	at s.executeCommand (/LocalRun/wenjian.ma/vscode/VSCode-linux-x64/resources/app/out/vs/workbench/api/node/extensionHostProcess.js:96:106806)
	at w.registerCommand.description (/LocalRun/wenjian.ma/vscode/VSCode-linux-x64/resources/app/out/vs/workbench/api/node/extensionHostProcess.js:96:106099)
	at s.h (/LocalRun/wenjian.ma/vscode/VSCode-linux-x64/resources/app/out/vs/workbench/api/node/extensionHostProcess.js:96:108016)
	at s.g (/LocalRun/wenjian.ma/vscode/VSCode-linux-x64/resources/app/out/vs/workbench/api/node/extensionHostProcess.js:96:106906)
	at s.executeCommand (/LocalRun/wenjian.ma/vscode/VSCode-linux-x64/resources/app/out/vs/workbench/api/node/extensionHostProcess.js:96:106806)
	at Object.executeCommand (/LocalRun/wenjian.ma/vscode/VSCode-linux-x64/resources/app/out/vs/workbench/api/node/extensionHostProcess.js:117:30778)
	at D (/LocalRun/wenjian.ma/vscode/VSCode-linux-x64/resources/app/extensions/git/dist/main.js:2:2055373)
	at f.invoke (/LocalRun/wenjian.ma/vscode/VSCode-linux-x64/resources/app/out/vs/workbench/api/node/extensionHostProcess.js:63:145)
	at g.deliver (/LocalRun/wenjian.ma/vscode/VSCode-linux-x64/resources/app/out/vs/workbench/api/node/extensionHostProcess.js:63:2029)
	at d.fire (/LocalRun/wenjian.ma/vscode/VSCode-linux-x64/resources/app/out/vs/workbench/api/node/extensionHostProcess.js:63:1667)
	at Object.h [as dispose] (/LocalRun/wenjian.ma/vscode/VSCode-linux-x64/resources/app/extensions/git/dist/main.js:2:2070210)
	at /LocalRun/wenjian.ma/vscode/VSCode-linux-x64/resources/app/extensions/git/dist/main.js:2:2074277
	at Array.forEach (<anonymous>)
	at g.dispose (/LocalRun/wenjian.ma/vscode/VSCode-linux-x64/resources/app/extensions/git/dist/main.js:2:2074263)
	at C.<anonymous> (/LocalRun/wenjian.ma/vscode/VSCode-linux-x64/resources/app/out/vs/workbench/api/node/extensionHostProcess.js:94:12431)
	at C.dispose (/LocalRun/wenjian.ma/vscode/VSCode-linux-x64/resources/app/out/vs/workbench/api/node/extensionHostProcess.js:94:12566)
	at C.<anonymous> (/LocalRun/wenjian.ma/vscode/VSCode-linux-x64/resources/app/extensions/git/dist/main.js:2:2057503)
	at C.dispose (/LocalRun/wenjian.ma/vscode/VSCode-linux-x64/resources/app/out/vs/workbench/api/node/extensionHostProcess.js:94:12566)
	at T (/LocalRun/wenjian.ma/vscode/VSCode-linux-x64/resources/app/out/vs/workbench/api/node/extensionHostProcess.js:10:12072)
	at f.X (/LocalRun/wenjian.ma/vscode/VSCode-linux-x64/resources/app/out/vs/workbench/api/node/extensionHostProcess.js:108:11242)
	at /LocalRun/wenjian.ma/vscode/VSCode-linux-x64/resources/app/out/vs/workbench/api/node/extensionHostProcess.js:108:9037
	at Array.map (<anonymous>)
	at f.Q (/LocalRun/wenjian.ma/vscode/VSCode-linux-x64/resources/app/out/vs/workbench/api/node/extensionHostProcess.js:108:9024)
	at f.terminate (/LocalRun/wenjian.ma/vscode/VSCode-linux-x64/resources/app/out/vs/workbench/api/node/extensionHostProcess.js:108:9298)
	at h.terminate (/LocalRun/wenjian.ma/vscode/VSCode-linux-x64/resources/app/out/vs/workbench/api/node/extensionHostProcess.js:112:1397)
	at p (/LocalRun/wenjian.ma/vscode/VSCode-linux-x64/resources/app/out/vs/workbench/api/node/extensionHostProcess.js:122:17851)
	at MessagePortMain.<anonymous> (/LocalRun/wenjian.ma/vscode/VSCode-linux-x64/resources/app/out/vs/workbench/api/node/extensionHostProcess.js:122:13990)
	at MessagePortMain.emit (node:events:526:28)
	at MessagePortMain._internalPort.emit (node:electron/js2c/utility_init:5:364) setContext undefined
2023-04-14 13:36:03.502 [error] Canceled: Canceled
	at new u (/LocalRun/wenjian.ma/vscode/VSCode-linux-x64/resources/app/out/vs/workbench/api/node/extensionHostProcess.js:96:88070)
	at l.O (/LocalRun/wenjian.ma/vscode/VSCode-linux-x64/resources/app/out/vs/workbench/api/node/extensionHostProcess.js:106:11276)
	at V.<computed>.M.charCodeAt.V.<computed> (/LocalRun/wenjian.ma/vscode/VSCode-linux-x64/resources/app/out/vs/workbench/api/node/extensionHostProcess.js:106:8557)
	at s.g (/LocalRun/wenjian.ma/vscode/VSCode-linux-x64/resources/app/out/vs/workbench/api/node/extensionHostProcess.js:96:107430)
	at s.executeCommand (/LocalRun/wenjian.ma/vscode/VSCode-linux-x64/resources/app/out/vs/workbench/api/node/extensionHostProcess.js:96:106806)
	at w.registerCommand.description (/LocalRun/wenjian.ma/vscode/VSCode-linux-x64/resources/app/out/vs/workbench/api/node/extensionHostProcess.js:96:106099)
	at s.h (/LocalRun/wenjian.ma/vscode/VSCode-linux-x64/resources/app/out/vs/workbench/api/node/extensionHostProcess.js:96:108016)
	at s.g (/LocalRun/wenjian.ma/vscode/VSCode-linux-x64/resources/app/out/vs/workbench/api/node/extensionHostProcess.js:96:106906)
	at s.executeCommand (/LocalRun/wenjian.ma/vscode/VSCode-linux-x64/resources/app/out/vs/workbench/api/node/extensionHostProcess.js:96:106806)
	at Object.executeCommand (/LocalRun/wenjian.ma/vscode/VSCode-linux-x64/resources/app/out/vs/workbench/api/node/extensionHostProcess.js:117:30778)
	at D (/LocalRun/wenjian.ma/vscode/VSCode-linux-x64/resources/app/extensions/git/dist/main.js:2:2055373)
	at f.invoke (/LocalRun/wenjian.ma/vscode/VSCode-linux-x64/resources/app/out/vs/workbench/api/node/extensionHostProcess.js:63:145)
	at g.deliver (/LocalRun/wenjian.ma/vscode/VSCode-linux-x64/resources/app/out/vs/workbench/api/node/extensionHostProcess.js:63:2029)
	at d.fire (/LocalRun/wenjian.ma/vscode/VSCode-linux-x64/resources/app/out/vs/workbench/api/node/extensionHostProcess.js:63:1667)
	at Object.h [as dispose] (/LocalRun/wenjian.ma/vscode/VSCode-linux-x64/resources/app/extensions/git/dist/main.js:2:2070210)
	at /LocalRun/wenjian.ma/vscode/VSCode-linux-x64/resources/app/extensions/git/dist/main.js:2:2074277
	at Array.forEach (<anonymous>)
	at g.dispose (/LocalRun/wenjian.ma/vscode/VSCode-linux-x64/resources/app/extensions/git/dist/main.js:2:2074263)
	at C.<anonymous> (/LocalRun/wenjian.ma/vscode/VSCode-linux-x64/resources/app/out/vs/workbench/api/node/extensionHostProcess.js:94:12431)
	at C.dispose (/LocalRun/wenjian.ma/vscode/VSCode-linux-x64/resources/app/out/vs/workbench/api/node/extensionHostProcess.js:94:12566)
	at C.<anonymous> (/LocalRun/wenjian.ma/vscode/VSCode-linux-x64/resources/app/extensions/git/dist/main.js:2:2057503)
	at C.dispose (/LocalRun/wenjian.ma/vscode/VSCode-linux-x64/resources/app/out/vs/workbench/api/node/extensionHostProcess.js:94:12566)
	at T (/LocalRun/wenjian.ma/vscode/VSCode-linux-x64/resources/app/out/vs/workbench/api/node/extensionHostProcess.js:10:12072)
	at f.X (/LocalRun/wenjian.ma/vscode/VSCode-linux-x64/resources/app/out/vs/workbench/api/node/extensionHostProcess.js:108:11242)
	at /LocalRun/wenjian.ma/vscode/VSCode-linux-x64/resources/app/out/vs/workbench/api/node/extensionHostProcess.js:108:9037
	at Array.map (<anonymous>)
	at f.Q (/LocalRun/wenjian.ma/vscode/VSCode-linux-x64/resources/app/out/vs/workbench/api/node/extensionHostProcess.js:108:9024)
	at f.terminate (/LocalRun/wenjian.ma/vscode/VSCode-linux-x64/resources/app/out/vs/workbench/api/node/extensionHostProcess.js:108:9298)
	at h.terminate (/LocalRun/wenjian.ma/vscode/VSCode-linux-x64/resources/app/out/vs/workbench/api/node/extensionHostProcess.js:112:1397)
	at p (/LocalRun/wenjian.ma/vscode/VSCode-linux-x64/resources/app/out/vs/workbench/api/node/extensionHostProcess.js:122:17851)
	at MessagePortMain.<anonymous> (/LocalRun/wenjian.ma/vscode/VSCode-linux-x64/resources/app/out/vs/workbench/api/node/extensionHostProcess.js:122:13990)
	at MessagePortMain.emit (node:events:526:28)
	at MessagePortMain._internalPort.emit (node:electron/js2c/utility_init:5:364) setContext undefined
2023-04-14 13:36:03.523 [info] Extension host with pid 16997 exiting with code 0
2023-04-14 13:36:04.839 [info] Extension host with pid 21551 started
2023-04-14 13:36:04.839 [info] Skipping acquiring lock for /home/wenjian.ma/.config/Code/User/workspaceStorage/2a46eb47484222006e9612ce7f5c18c3.
2023-04-14 13:36:05.106 [info] ExtensionService#_doActivateExtension vscode.emmet, startup: false, activationEvent: 'onLanguage'
2023-04-14 13:36:05.112 [info] ExtensionService#_doActivateExtension ms-python.python, startup: false, activationEvent: 'onLanguage:python', root cause: ms-python.isort
2023-04-14 13:36:05.383 [info] ExtensionService#_doActivateExtension ms-toolsai.jupyter, startup: false, activationEvent: 'onLanguage:python'
2023-04-14 13:36:05.448 [info] ExtensionService#_doActivateExtension vscode.git-base, startup: true, activationEvent: '*', root cause: vscode.git
2023-04-14 13:36:05.451 [info] ExtensionService#_doActivateExtension ms-vscode.cmake-tools, startup: true, activationEvent: 'workspaceContains:CMakeLists.txt'
2023-04-14 13:36:05.502 [info] ExtensionService#_doActivateExtension ms-vscode.cpptools, startup: true, activationEvent: 'workspaceContains:/.vscode/c_cpp_properties.json'
2023-04-14 13:36:06.031 [info] ExtensionService#_doActivateExtension vscode.github-authentication, startup: false, activationEvent: 'onAuthenticationRequest:github'
2023-04-14 13:36:06.085 [info] ExtensionService#_doActivateExtension ms-toolsai.jupyter-renderers, startup: false, activationEvent: 'api', root cause: ms-toolsai.jupyter
2023-04-14 13:36:06.087 [info] ExtensionService#_doActivateExtension vscode.git, startup: true, activationEvent: '*'
2023-04-14 13:36:06.113 [info] ExtensionService#_doActivateExtension vscode.github, startup: true, activationEvent: '*'
2023-04-14 13:36:06.149 [info] ExtensionService#_doActivateExtension ms-python.isort, startup: false, activationEvent: 'onLanguage:python'
2023-04-14 13:36:06.157 [info] ExtensionService#_doActivateExtension ms-python.vscode-pylance, startup: false, activationEvent: 'onLanguage:python'
2023-04-14 13:36:06.567 [info] ExtensionService#_doActivateExtension vscode.microsoft-authentication, startup: false, activationEvent: 'onAuthenticationRequest:microsoft'
2023-04-14 13:36:06.992 [warning] [Decorations] CAPPING events from decorations provider vscode.git 2922
2023-04-14 13:36:07.689 [warning] [Decorations] CAPPING events from decorations provider vscode.git 2922
2023-04-14 13:36:07.809 [error] Error: Module 'pip' not installed.
	at Xa.execModule (/home/wenjian.ma/.vscode/extensions/ms-toolsai.jupyter-2023.1.2010391206/out/extension.node.js:2:1806741)
	at async xl.getPackageInformation (/home/wenjian.ma/.vscode/extensions/ms-toolsai.jupyter-2023.1.2010391206/out/extension.node.js:17:38262)
2023-04-14 13:36:08.320 [info] ExtensionService#_doActivateExtension vscode.configuration-editing, startup: false, activationEvent: 'onLanguage:json'
2023-04-14 13:36:08.334 [info] ExtensionService#_doActivateExtension vscode.extension-editing, startup: false, activationEvent: 'onLanguage:json'
2023-04-14 13:36:08.350 [info] ExtensionService#_doActivateExtension vscode.json-language-features, startup: false, activationEvent: 'onLanguage:json'
2023-04-14 13:36:08.412 [info] ExtensionService#_doActivateExtension vscode.npm, startup: false, activationEvent: 'onLanguage:json'
2023-04-14 13:36:08.458 [info] ExtensionService#_doActivateExtension vscode.typescript-language-features, startup: false, activationEvent: 'onLanguage:jsonc'
2023-04-14 13:36:08.471 [info] ExtensionService#_doActivateExtension ms-vscode-remote.remote-containers, startup: false, activationEvent: 'onLanguage:jsonc'
2023-04-14 13:36:08.643 [info] Eager extensions activated
2023-04-14 13:36:08.754 [info] ExtensionService#_doActivateExtension vscode.debug-auto-launch, startup: false, activationEvent: 'onStartupFinished'
2023-04-14 13:36:08.757 [info] ExtensionService#_doActivateExtension vscode.merge-conflict, startup: false, activationEvent: 'onStartupFinished'
2023-04-14 13:36:08.767 [info] ExtensionService#_doActivateExtension ms-vscode-remote.remote-wsl, startup: false, activationEvent: 'onStartupFinished'
2023-04-14 21:33:50.726 [info] Extension host terminating: renderer closed the MessagePort
2023-04-14 21:33:50.762 [error] Canceled: Canceled
	at new u (/LocalRun/wenjian.ma/vscode/VSCode-linux-x64/resources/app/out/vs/workbench/api/node/extensionHostProcess.js:96:88070)
	at l.O (/LocalRun/wenjian.ma/vscode/VSCode-linux-x64/resources/app/out/vs/workbench/api/node/extensionHostProcess.js:106:11276)
	at V.<computed>.M.charCodeAt.V.<computed> (/LocalRun/wenjian.ma/vscode/VSCode-linux-x64/resources/app/out/vs/workbench/api/node/extensionHostProcess.js:106:8557)
	at s.g (/LocalRun/wenjian.ma/vscode/VSCode-linux-x64/resources/app/out/vs/workbench/api/node/extensionHostProcess.js:96:107430)
	at s.executeCommand (/LocalRun/wenjian.ma/vscode/VSCode-linux-x64/resources/app/out/vs/workbench/api/node/extensionHostProcess.js:96:106806)
	at w.registerCommand.description (/LocalRun/wenjian.ma/vscode/VSCode-linux-x64/resources/app/out/vs/workbench/api/node/extensionHostProcess.js:96:106099)
	at s.h (/LocalRun/wenjian.ma/vscode/VSCode-linux-x64/resources/app/out/vs/workbench/api/node/extensionHostProcess.js:96:108016)
	at s.g (/LocalRun/wenjian.ma/vscode/VSCode-linux-x64/resources/app/out/vs/workbench/api/node/extensionHostProcess.js:96:106906)
	at s.executeCommand (/LocalRun/wenjian.ma/vscode/VSCode-linux-x64/resources/app/out/vs/workbench/api/node/extensionHostProcess.js:96:106806)
	at Object.executeCommand (/LocalRun/wenjian.ma/vscode/VSCode-linux-x64/resources/app/out/vs/workbench/api/node/extensionHostProcess.js:117:30778)
	at D (/LocalRun/wenjian.ma/vscode/VSCode-linux-x64/resources/app/extensions/git/dist/main.js:2:2055373)
	at f.invoke (/LocalRun/wenjian.ma/vscode/VSCode-linux-x64/resources/app/out/vs/workbench/api/node/extensionHostProcess.js:63:145)
	at g.deliver (/LocalRun/wenjian.ma/vscode/VSCode-linux-x64/resources/app/out/vs/workbench/api/node/extensionHostProcess.js:63:2029)
	at d.fire (/LocalRun/wenjian.ma/vscode/VSCode-linux-x64/resources/app/out/vs/workbench/api/node/extensionHostProcess.js:63:1667)
	at Object.h [as dispose] (/LocalRun/wenjian.ma/vscode/VSCode-linux-x64/resources/app/extensions/git/dist/main.js:2:2070210)
	at /LocalRun/wenjian.ma/vscode/VSCode-linux-x64/resources/app/extensions/git/dist/main.js:2:2074277
	at Array.forEach (<anonymous>)
	at g.dispose (/LocalRun/wenjian.ma/vscode/VSCode-linux-x64/resources/app/extensions/git/dist/main.js:2:2074263)
	at C.<anonymous> (/LocalRun/wenjian.ma/vscode/VSCode-linux-x64/resources/app/out/vs/workbench/api/node/extensionHostProcess.js:94:12431)
	at C.dispose (/LocalRun/wenjian.ma/vscode/VSCode-linux-x64/resources/app/out/vs/workbench/api/node/extensionHostProcess.js:94:12566)
	at C.<anonymous> (/LocalRun/wenjian.ma/vscode/VSCode-linux-x64/resources/app/extensions/git/dist/main.js:2:2057503)
	at C.dispose (/LocalRun/wenjian.ma/vscode/VSCode-linux-x64/resources/app/out/vs/workbench/api/node/extensionHostProcess.js:94:12566)
	at T (/LocalRun/wenjian.ma/vscode/VSCode-linux-x64/resources/app/out/vs/workbench/api/node/extensionHostProcess.js:10:12072)
	at f.X (/LocalRun/wenjian.ma/vscode/VSCode-linux-x64/resources/app/out/vs/workbench/api/node/extensionHostProcess.js:108:11242)
	at /LocalRun/wenjian.ma/vscode/VSCode-linux-x64/resources/app/out/vs/workbench/api/node/extensionHostProcess.js:108:9037
	at Array.map (<anonymous>)
	at f.Q (/LocalRun/wenjian.ma/vscode/VSCode-linux-x64/resources/app/out/vs/workbench/api/node/extensionHostProcess.js:108:9024)
	at f.terminate (/LocalRun/wenjian.ma/vscode/VSCode-linux-x64/resources/app/out/vs/workbench/api/node/extensionHostProcess.js:108:9298)
	at h.terminate (/LocalRun/wenjian.ma/vscode/VSCode-linux-x64/resources/app/out/vs/workbench/api/node/extensionHostProcess.js:112:1397)
	at p (/LocalRun/wenjian.ma/vscode/VSCode-linux-x64/resources/app/out/vs/workbench/api/node/extensionHostProcess.js:122:17851)
	at MessagePortMain.<anonymous> (/LocalRun/wenjian.ma/vscode/VSCode-linux-x64/resources/app/out/vs/workbench/api/node/extensionHostProcess.js:122:13990)
	at MessagePortMain.emit (node:events:526:28)
	at MessagePortMain._internalPort.emit (node:electron/js2c/utility_init:5:364) setContext undefined
2023-04-14 21:33:50.762 [error] Canceled: Canceled
	at new u (/LocalRun/wenjian.ma/vscode/VSCode-linux-x64/resources/app/out/vs/workbench/api/node/extensionHostProcess.js:96:88070)
	at l.O (/LocalRun/wenjian.ma/vscode/VSCode-linux-x64/resources/app/out/vs/workbench/api/node/extensionHostProcess.js:106:11276)
	at V.<computed>.M.charCodeAt.V.<computed> (/LocalRun/wenjian.ma/vscode/VSCode-linux-x64/resources/app/out/vs/workbench/api/node/extensionHostProcess.js:106:8557)
	at s.g (/LocalRun/wenjian.ma/vscode/VSCode-linux-x64/resources/app/out/vs/workbench/api/node/extensionHostProcess.js:96:107430)
	at s.executeCommand (/LocalRun/wenjian.ma/vscode/VSCode-linux-x64/resources/app/out/vs/workbench/api/node/extensionHostProcess.js:96:106806)
	at w.registerCommand.description (/LocalRun/wenjian.ma/vscode/VSCode-linux-x64/resources/app/out/vs/workbench/api/node/extensionHostProcess.js:96:106099)
	at s.h (/LocalRun/wenjian.ma/vscode/VSCode-linux-x64/resources/app/out/vs/workbench/api/node/extensionHostProcess.js:96:108016)
	at s.g (/LocalRun/wenjian.ma/vscode/VSCode-linux-x64/resources/app/out/vs/workbench/api/node/extensionHostProcess.js:96:106906)
	at s.executeCommand (/LocalRun/wenjian.ma/vscode/VSCode-linux-x64/resources/app/out/vs/workbench/api/node/extensionHostProcess.js:96:106806)
	at Object.executeCommand (/LocalRun/wenjian.ma/vscode/VSCode-linux-x64/resources/app/out/vs/workbench/api/node/extensionHostProcess.js:117:30778)
	at D (/LocalRun/wenjian.ma/vscode/VSCode-linux-x64/resources/app/extensions/git/dist/main.js:2:2055373)
	at f.invoke (/LocalRun/wenjian.ma/vscode/VSCode-linux-x64/resources/app/out/vs/workbench/api/node/extensionHostProcess.js:63:145)
	at g.deliver (/LocalRun/wenjian.ma/vscode/VSCode-linux-x64/resources/app/out/vs/workbench/api/node/extensionHostProcess.js:63:2029)
	at d.fire (/LocalRun/wenjian.ma/vscode/VSCode-linux-x64/resources/app/out/vs/workbench/api/node/extensionHostProcess.js:63:1667)
	at Object.h [as dispose] (/LocalRun/wenjian.ma/vscode/VSCode-linux-x64/resources/app/extensions/git/dist/main.js:2:2070210)
	at /LocalRun/wenjian.ma/vscode/VSCode-linux-x64/resources/app/extensions/git/dist/main.js:2:2074277
	at Array.forEach (<anonymous>)
	at g.dispose (/LocalRun/wenjian.ma/vscode/VSCode-linux-x64/resources/app/extensions/git/dist/main.js:2:2074263)
	at C.<anonymous> (/LocalRun/wenjian.ma/vscode/VSCode-linux-x64/resources/app/out/vs/workbench/api/node/extensionHostProcess.js:94:12431)
	at C.dispose (/LocalRun/wenjian.ma/vscode/VSCode-linux-x64/resources/app/out/vs/workbench/api/node/extensionHostProcess.js:94:12566)
	at C.<anonymous> (/LocalRun/wenjian.ma/vscode/VSCode-linux-x64/resources/app/extensions/git/dist/main.js:2:2057503)
	at C.dispose (/LocalRun/wenjian.ma/vscode/VSCode-linux-x64/resources/app/out/vs/workbench/api/node/extensionHostProcess.js:94:12566)
	at T (/LocalRun/wenjian.ma/vscode/VSCode-linux-x64/resources/app/out/vs/workbench/api/node/extensionHostProcess.js:10:12072)
	at f.X (/LocalRun/wenjian.ma/vscode/VSCode-linux-x64/resources/app/out/vs/workbench/api/node/extensionHostProcess.js:108:11242)
	at /LocalRun/wenjian.ma/vscode/VSCode-linux-x64/resources/app/out/vs/workbench/api/node/extensionHostProcess.js:108:9037
	at Array.map (<anonymous>)
	at f.Q (/LocalRun/wenjian.ma/vscode/VSCode-linux-x64/resources/app/out/vs/workbench/api/node/extensionHostProcess.js:108:9024)
	at f.terminate (/LocalRun/wenjian.ma/vscode/VSCode-linux-x64/resources/app/out/vs/workbench/api/node/extensionHostProcess.js:108:9298)
	at h.terminate (/LocalRun/wenjian.ma/vscode/VSCode-linux-x64/resources/app/out/vs/workbench/api/node/extensionHostProcess.js:112:1397)
	at p (/LocalRun/wenjian.ma/vscode/VSCode-linux-x64/resources/app/out/vs/workbench/api/node/extensionHostProcess.js:122:17851)
	at MessagePortMain.<anonymous> (/LocalRun/wenjian.ma/vscode/VSCode-linux-x64/resources/app/out/vs/workbench/api/node/extensionHostProcess.js:122:13990)
	at MessagePortMain.emit (node:events:526:28)
	at MessagePortMain._internalPort.emit (node:electron/js2c/utility_init:5:364) setContext undefined
2023-04-14 21:33:50.763 [error] Canceled: Canceled
	at new u (/LocalRun/wenjian.ma/vscode/VSCode-linux-x64/resources/app/out/vs/workbench/api/node/extensionHostProcess.js:96:88070)
	at l.O (/LocalRun/wenjian.ma/vscode/VSCode-linux-x64/resources/app/out/vs/workbench/api/node/extensionHostProcess.js:106:11276)
	at V.<computed>.M.charCodeAt.V.<computed> (/LocalRun/wenjian.ma/vscode/VSCode-linux-x64/resources/app/out/vs/workbench/api/node/extensionHostProcess.js:106:8557)
	at s.g (/LocalRun/wenjian.ma/vscode/VSCode-linux-x64/resources/app/out/vs/workbench/api/node/extensionHostProcess.js:96:107430)
	at s.executeCommand (/LocalRun/wenjian.ma/vscode/VSCode-linux-x64/resources/app/out/vs/workbench/api/node/extensionHostProcess.js:96:106806)
	at w.registerCommand.description (/LocalRun/wenjian.ma/vscode/VSCode-linux-x64/resources/app/out/vs/workbench/api/node/extensionHostProcess.js:96:106099)
	at s.h (/LocalRun/wenjian.ma/vscode/VSCode-linux-x64/resources/app/out/vs/workbench/api/node/extensionHostProcess.js:96:108016)
	at s.g (/LocalRun/wenjian.ma/vscode/VSCode-linux-x64/resources/app/out/vs/workbench/api/node/extensionHostProcess.js:96:106906)
	at s.executeCommand (/LocalRun/wenjian.ma/vscode/VSCode-linux-x64/resources/app/out/vs/workbench/api/node/extensionHostProcess.js:96:106806)
	at Object.executeCommand (/LocalRun/wenjian.ma/vscode/VSCode-linux-x64/resources/app/out/vs/workbench/api/node/extensionHostProcess.js:117:30778)
	at D (/LocalRun/wenjian.ma/vscode/VSCode-linux-x64/resources/app/extensions/git/dist/main.js:2:2055373)
	at f.invoke (/LocalRun/wenjian.ma/vscode/VSCode-linux-x64/resources/app/out/vs/workbench/api/node/extensionHostProcess.js:63:145)
	at g.deliver (/LocalRun/wenjian.ma/vscode/VSCode-linux-x64/resources/app/out/vs/workbench/api/node/extensionHostProcess.js:63:2029)
	at d.fire (/LocalRun/wenjian.ma/vscode/VSCode-linux-x64/resources/app/out/vs/workbench/api/node/extensionHostProcess.js:63:1667)
	at Object.h [as dispose] (/LocalRun/wenjian.ma/vscode/VSCode-linux-x64/resources/app/extensions/git/dist/main.js:2:2070210)
	at /LocalRun/wenjian.ma/vscode/VSCode-linux-x64/resources/app/extensions/git/dist/main.js:2:2074277
	at Array.forEach (<anonymous>)
	at g.dispose (/LocalRun/wenjian.ma/vscode/VSCode-linux-x64/resources/app/extensions/git/dist/main.js:2:2074263)
	at C.<anonymous> (/LocalRun/wenjian.ma/vscode/VSCode-linux-x64/resources/app/out/vs/workbench/api/node/extensionHostProcess.js:94:12431)
	at C.dispose (/LocalRun/wenjian.ma/vscode/VSCode-linux-x64/resources/app/out/vs/workbench/api/node/extensionHostProcess.js:94:12566)
	at C.<anonymous> (/LocalRun/wenjian.ma/vscode/VSCode-linux-x64/resources/app/extensions/git/dist/main.js:2:2057503)
	at C.dispose (/LocalRun/wenjian.ma/vscode/VSCode-linux-x64/resources/app/out/vs/workbench/api/node/extensionHostProcess.js:94:12566)
	at T (/LocalRun/wenjian.ma/vscode/VSCode-linux-x64/resources/app/out/vs/workbench/api/node/extensionHostProcess.js:10:12072)
	at f.X (/LocalRun/wenjian.ma/vscode/VSCode-linux-x64/resources/app/out/vs/workbench/api/node/extensionHostProcess.js:108:11242)
	at /LocalRun/wenjian.ma/vscode/VSCode-linux-x64/resources/app/out/vs/workbench/api/node/extensionHostProcess.js:108:9037
	at Array.map (<anonymous>)
	at f.Q (/LocalRun/wenjian.ma/vscode/VSCode-linux-x64/resources/app/out/vs/workbench/api/node/extensionHostProcess.js:108:9024)
	at f.terminate (/LocalRun/wenjian.ma/vscode/VSCode-linux-x64/resources/app/out/vs/workbench/api/node/extensionHostProcess.js:108:9298)
	at h.terminate (/LocalRun/wenjian.ma/vscode/VSCode-linux-x64/resources/app/out/vs/workbench/api/node/extensionHostProcess.js:112:1397)
	at p (/LocalRun/wenjian.ma/vscode/VSCode-linux-x64/resources/app/out/vs/workbench/api/node/extensionHostProcess.js:122:17851)
	at MessagePortMain.<anonymous> (/LocalRun/wenjian.ma/vscode/VSCode-linux-x64/resources/app/out/vs/workbench/api/node/extensionHostProcess.js:122:13990)
	at MessagePortMain.emit (node:events:526:28)
	at MessagePortMain._internalPort.emit (node:electron/js2c/utility_init:5:364) setContext undefined
2023-04-14 21:33:50.763 [error] Canceled: Canceled
	at new u (/LocalRun/wenjian.ma/vscode/VSCode-linux-x64/resources/app/out/vs/workbench/api/node/extensionHostProcess.js:96:88070)
	at l.O (/LocalRun/wenjian.ma/vscode/VSCode-linux-x64/resources/app/out/vs/workbench/api/node/extensionHostProcess.js:106:11276)
	at V.<computed>.M.charCodeAt.V.<computed> (/LocalRun/wenjian.ma/vscode/VSCode-linux-x64/resources/app/out/vs/workbench/api/node/extensionHostProcess.js:106:8557)
	at s.g (/LocalRun/wenjian.ma/vscode/VSCode-linux-x64/resources/app/out/vs/workbench/api/node/extensionHostProcess.js:96:107430)
	at s.executeCommand (/LocalRun/wenjian.ma/vscode/VSCode-linux-x64/resources/app/out/vs/workbench/api/node/extensionHostProcess.js:96:106806)
	at w.registerCommand.description (/LocalRun/wenjian.ma/vscode/VSCode-linux-x64/resources/app/out/vs/workbench/api/node/extensionHostProcess.js:96:106099)
	at s.h (/LocalRun/wenjian.ma/vscode/VSCode-linux-x64/resources/app/out/vs/workbench/api/node/extensionHostProcess.js:96:108016)
	at s.g (/LocalRun/wenjian.ma/vscode/VSCode-linux-x64/resources/app/out/vs/workbench/api/node/extensionHostProcess.js:96:106906)
	at s.executeCommand (/LocalRun/wenjian.ma/vscode/VSCode-linux-x64/resources/app/out/vs/workbench/api/node/extensionHostProcess.js:96:106806)
	at Object.executeCommand (/LocalRun/wenjian.ma/vscode/VSCode-linux-x64/resources/app/out/vs/workbench/api/node/extensionHostProcess.js:117:30778)
	at D (/LocalRun/wenjian.ma/vscode/VSCode-linux-x64/resources/app/extensions/git/dist/main.js:2:2055373)
	at f.invoke (/LocalRun/wenjian.ma/vscode/VSCode-linux-x64/resources/app/out/vs/workbench/api/node/extensionHostProcess.js:63:145)
	at g.deliver (/LocalRun/wenjian.ma/vscode/VSCode-linux-x64/resources/app/out/vs/workbench/api/node/extensionHostProcess.js:63:2029)
	at d.fire (/LocalRun/wenjian.ma/vscode/VSCode-linux-x64/resources/app/out/vs/workbench/api/node/extensionHostProcess.js:63:1667)
	at Object.h [as dispose] (/LocalRun/wenjian.ma/vscode/VSCode-linux-x64/resources/app/extensions/git/dist/main.js:2:2070210)
	at /LocalRun/wenjian.ma/vscode/VSCode-linux-x64/resources/app/extensions/git/dist/main.js:2:2074277
	at Array.forEach (<anonymous>)
	at g.dispose (/LocalRun/wenjian.ma/vscode/VSCode-linux-x64/resources/app/extensions/git/dist/main.js:2:2074263)
	at C.<anonymous> (/LocalRun/wenjian.ma/vscode/VSCode-linux-x64/resources/app/out/vs/workbench/api/node/extensionHostProcess.js:94:12431)
	at C.dispose (/LocalRun/wenjian.ma/vscode/VSCode-linux-x64/resources/app/out/vs/workbench/api/node/extensionHostProcess.js:94:12566)
	at C.<anonymous> (/LocalRun/wenjian.ma/vscode/VSCode-linux-x64/resources/app/extensions/git/dist/main.js:2:2057503)
	at C.dispose (/LocalRun/wenjian.ma/vscode/VSCode-linux-x64/resources/app/out/vs/workbench/api/node/extensionHostProcess.js:94:12566)
	at T (/LocalRun/wenjian.ma/vscode/VSCode-linux-x64/resources/app/out/vs/workbench/api/node/extensionHostProcess.js:10:12072)
	at f.X (/LocalRun/wenjian.ma/vscode/VSCode-linux-x64/resources/app/out/vs/workbench/api/node/extensionHostProcess.js:108:11242)
	at /LocalRun/wenjian.ma/vscode/VSCode-linux-x64/resources/app/out/vs/workbench/api/node/extensionHostProcess.js:108:9037
	at Array.map (<anonymous>)
	at f.Q (/LocalRun/wenjian.ma/vscode/VSCode-linux-x64/resources/app/out/vs/workbench/api/node/extensionHostProcess.js:108:9024)
	at f.terminate (/LocalRun/wenjian.ma/vscode/VSCode-linux-x64/resources/app/out/vs/workbench/api/node/extensionHostProcess.js:108:9298)
	at h.terminate (/LocalRun/wenjian.ma/vscode/VSCode-linux-x64/resources/app/out/vs/workbench/api/node/extensionHostProcess.js:112:1397)
	at p (/LocalRun/wenjian.ma/vscode/VSCode-linux-x64/resources/app/out/vs/workbench/api/node/extensionHostProcess.js:122:17851)
	at MessagePortMain.<anonymous> (/LocalRun/wenjian.ma/vscode/VSCode-linux-x64/resources/app/out/vs/workbench/api/node/extensionHostProcess.js:122:13990)
	at MessagePortMain.emit (node:events:526:28)
	at MessagePortMain._internalPort.emit (node:electron/js2c/utility_init:5:364) setContext undefined
2023-04-14 21:33:50.763 [error] Canceled: Canceled
	at new u (/LocalRun/wenjian.ma/vscode/VSCode-linux-x64/resources/app/out/vs/workbench/api/node/extensionHostProcess.js:96:88070)
	at l.O (/LocalRun/wenjian.ma/vscode/VSCode-linux-x64/resources/app/out/vs/workbench/api/node/extensionHostProcess.js:106:11276)
	at V.<computed>.M.charCodeAt.V.<computed> (/LocalRun/wenjian.ma/vscode/VSCode-linux-x64/resources/app/out/vs/workbench/api/node/extensionHostProcess.js:106:8557)
	at s.g (/LocalRun/wenjian.ma/vscode/VSCode-linux-x64/resources/app/out/vs/workbench/api/node/extensionHostProcess.js:96:107430)
	at s.executeCommand (/LocalRun/wenjian.ma/vscode/VSCode-linux-x64/resources/app/out/vs/workbench/api/node/extensionHostProcess.js:96:106806)
	at w.registerCommand.description (/LocalRun/wenjian.ma/vscode/VSCode-linux-x64/resources/app/out/vs/workbench/api/node/extensionHostProcess.js:96:106099)
	at s.h (/LocalRun/wenjian.ma/vscode/VSCode-linux-x64/resources/app/out/vs/workbench/api/node/extensionHostProcess.js:96:108016)
	at s.g (/LocalRun/wenjian.ma/vscode/VSCode-linux-x64/resources/app/out/vs/workbench/api/node/extensionHostProcess.js:96:106906)
	at s.executeCommand (/LocalRun/wenjian.ma/vscode/VSCode-linux-x64/resources/app/out/vs/workbench/api/node/extensionHostProcess.js:96:106806)
	at Object.executeCommand (/LocalRun/wenjian.ma/vscode/VSCode-linux-x64/resources/app/out/vs/workbench/api/node/extensionHostProcess.js:117:30778)
	at D (/LocalRun/wenjian.ma/vscode/VSCode-linux-x64/resources/app/extensions/git/dist/main.js:2:2055373)
	at f.invoke (/LocalRun/wenjian.ma/vscode/VSCode-linux-x64/resources/app/out/vs/workbench/api/node/extensionHostProcess.js:63:145)
	at g.deliver (/LocalRun/wenjian.ma/vscode/VSCode-linux-x64/resources/app/out/vs/workbench/api/node/extensionHostProcess.js:63:2029)
	at d.fire (/LocalRun/wenjian.ma/vscode/VSCode-linux-x64/resources/app/out/vs/workbench/api/node/extensionHostProcess.js:63:1667)
	at Object.h [as dispose] (/LocalRun/wenjian.ma/vscode/VSCode-linux-x64/resources/app/extensions/git/dist/main.js:2:2070210)
	at /LocalRun/wenjian.ma/vscode/VSCode-linux-x64/resources/app/extensions/git/dist/main.js:2:2074277
	at Array.forEach (<anonymous>)
	at g.dispose (/LocalRun/wenjian.ma/vscode/VSCode-linux-x64/resources/app/extensions/git/dist/main.js:2:2074263)
	at C.<anonymous> (/LocalRun/wenjian.ma/vscode/VSCode-linux-x64/resources/app/out/vs/workbench/api/node/extensionHostProcess.js:94:12431)
	at C.dispose (/LocalRun/wenjian.ma/vscode/VSCode-linux-x64/resources/app/out/vs/workbench/api/node/extensionHostProcess.js:94:12566)
	at C.<anonymous> (/LocalRun/wenjian.ma/vscode/VSCode-linux-x64/resources/app/extensions/git/dist/main.js:2:2057503)
	at C.dispose (/LocalRun/wenjian.ma/vscode/VSCode-linux-x64/resources/app/out/vs/workbench/api/node/extensionHostProcess.js:94:12566)
	at T (/LocalRun/wenjian.ma/vscode/VSCode-linux-x64/resources/app/out/vs/workbench/api/node/extensionHostProcess.js:10:12072)
	at f.X (/LocalRun/wenjian.ma/vscode/VSCode-linux-x64/resources/app/out/vs/workbench/api/node/extensionHostProcess.js:108:11242)
	at /LocalRun/wenjian.ma/vscode/VSCode-linux-x64/resources/app/out/vs/workbench/api/node/extensionHostProcess.js:108:9037
	at Array.map (<anonymous>)
	at f.Q (/LocalRun/wenjian.ma/vscode/VSCode-linux-x64/resources/app/out/vs/workbench/api/node/extensionHostProcess.js:108:9024)
	at f.terminate (/LocalRun/wenjian.ma/vscode/VSCode-linux-x64/resources/app/out/vs/workbench/api/node/extensionHostProcess.js:108:9298)
	at h.terminate (/LocalRun/wenjian.ma/vscode/VSCode-linux-x64/resources/app/out/vs/workbench/api/node/extensionHostProcess.js:112:1397)
	at p (/LocalRun/wenjian.ma/vscode/VSCode-linux-x64/resources/app/out/vs/workbench/api/node/extensionHostProcess.js:122:17851)
	at MessagePortMain.<anonymous> (/LocalRun/wenjian.ma/vscode/VSCode-linux-x64/resources/app/out/vs/workbench/api/node/extensionHostProcess.js:122:13990)
	at MessagePortMain.emit (node:events:526:28)
	at MessagePortMain._internalPort.emit (node:electron/js2c/utility_init:5:364) setContext undefined
2023-04-14 21:33:50.763 [error] Canceled: Canceled
	at new u (/LocalRun/wenjian.ma/vscode/VSCode-linux-x64/resources/app/out/vs/workbench/api/node/extensionHostProcess.js:96:88070)
	at l.O (/LocalRun/wenjian.ma/vscode/VSCode-linux-x64/resources/app/out/vs/workbench/api/node/extensionHostProcess.js:106:11276)
	at V.<computed>.M.charCodeAt.V.<computed> (/LocalRun/wenjian.ma/vscode/VSCode-linux-x64/resources/app/out/vs/workbench/api/node/extensionHostProcess.js:106:8557)
	at s.g (/LocalRun/wenjian.ma/vscode/VSCode-linux-x64/resources/app/out/vs/workbench/api/node/extensionHostProcess.js:96:107430)
	at s.executeCommand (/LocalRun/wenjian.ma/vscode/VSCode-linux-x64/resources/app/out/vs/workbench/api/node/extensionHostProcess.js:96:106806)
	at w.registerCommand.description (/LocalRun/wenjian.ma/vscode/VSCode-linux-x64/resources/app/out/vs/workbench/api/node/extensionHostProcess.js:96:106099)
	at s.h (/LocalRun/wenjian.ma/vscode/VSCode-linux-x64/resources/app/out/vs/workbench/api/node/extensionHostProcess.js:96:108016)
	at s.g (/LocalRun/wenjian.ma/vscode/VSCode-linux-x64/resources/app/out/vs/workbench/api/node/extensionHostProcess.js:96:106906)
	at s.executeCommand (/LocalRun/wenjian.ma/vscode/VSCode-linux-x64/resources/app/out/vs/workbench/api/node/extensionHostProcess.js:96:106806)
	at Object.executeCommand (/LocalRun/wenjian.ma/vscode/VSCode-linux-x64/resources/app/out/vs/workbench/api/node/extensionHostProcess.js:117:30778)
	at D (/LocalRun/wenjian.ma/vscode/VSCode-linux-x64/resources/app/extensions/git/dist/main.js:2:2055373)
	at f.invoke (/LocalRun/wenjian.ma/vscode/VSCode-linux-x64/resources/app/out/vs/workbench/api/node/extensionHostProcess.js:63:145)
	at g.deliver (/LocalRun/wenjian.ma/vscode/VSCode-linux-x64/resources/app/out/vs/workbench/api/node/extensionHostProcess.js:63:2029)
	at d.fire (/LocalRun/wenjian.ma/vscode/VSCode-linux-x64/resources/app/out/vs/workbench/api/node/extensionHostProcess.js:63:1667)
	at Object.h [as dispose] (/LocalRun/wenjian.ma/vscode/VSCode-linux-x64/resources/app/extensions/git/dist/main.js:2:2070210)
	at /LocalRun/wenjian.ma/vscode/VSCode-linux-x64/resources/app/extensions/git/dist/main.js:2:2074277
	at Array.forEach (<anonymous>)
	at g.dispose (/LocalRun/wenjian.ma/vscode/VSCode-linux-x64/resources/app/extensions/git/dist/main.js:2:2074263)
	at C.<anonymous> (/LocalRun/wenjian.ma/vscode/VSCode-linux-x64/resources/app/out/vs/workbench/api/node/extensionHostProcess.js:94:12431)
	at C.dispose (/LocalRun/wenjian.ma/vscode/VSCode-linux-x64/resources/app/out/vs/workbench/api/node/extensionHostProcess.js:94:12566)
	at C.<anonymous> (/LocalRun/wenjian.ma/vscode/VSCode-linux-x64/resources/app/extensions/git/dist/main.js:2:2057503)
	at C.dispose (/LocalRun/wenjian.ma/vscode/VSCode-linux-x64/resources/app/out/vs/workbench/api/node/extensionHostProcess.js:94:12566)
	at T (/LocalRun/wenjian.ma/vscode/VSCode-linux-x64/resources/app/out/vs/workbench/api/node/extensionHostProcess.js:10:12072)
	at f.X (/LocalRun/wenjian.ma/vscode/VSCode-linux-x64/resources/app/out/vs/workbench/api/node/extensionHostProcess.js:108:11242)
	at /LocalRun/wenjian.ma/vscode/VSCode-linux-x64/resources/app/out/vs/workbench/api/node/extensionHostProcess.js:108:9037
	at Array.map (<anonymous>)
	at f.Q (/LocalRun/wenjian.ma/vscode/VSCode-linux-x64/resources/app/out/vs/workbench/api/node/extensionHostProcess.js:108:9024)
	at f.terminate (/LocalRun/wenjian.ma/vscode/VSCode-linux-x64/resources/app/out/vs/workbench/api/node/extensionHostProcess.js:108:9298)
	at h.terminate (/LocalRun/wenjian.ma/vscode/VSCode-linux-x64/resources/app/out/vs/workbench/api/node/extensionHostProcess.js:112:1397)
	at p (/LocalRun/wenjian.ma/vscode/VSCode-linux-x64/resources/app/out/vs/workbench/api/node/extensionHostProcess.js:122:17851)
	at MessagePortMain.<anonymous> (/LocalRun/wenjian.ma/vscode/VSCode-linux-x64/resources/app/out/vs/workbench/api/node/extensionHostProcess.js:122:13990)
	at MessagePortMain.emit (node:events:526:28)
	at MessagePortMain._internalPort.emit (node:electron/js2c/utility_init:5:364) setContext undefined
2023-04-14 21:33:50.763 [error] Canceled: Canceled
	at new u (/LocalRun/wenjian.ma/vscode/VSCode-linux-x64/resources/app/out/vs/workbench/api/node/extensionHostProcess.js:96:88070)
	at l.O (/LocalRun/wenjian.ma/vscode/VSCode-linux-x64/resources/app/out/vs/workbench/api/node/extensionHostProcess.js:106:11276)
	at V.<computed>.M.charCodeAt.V.<computed> (/LocalRun/wenjian.ma/vscode/VSCode-linux-x64/resources/app/out/vs/workbench/api/node/extensionHostProcess.js:106:8557)
	at s.g (/LocalRun/wenjian.ma/vscode/VSCode-linux-x64/resources/app/out/vs/workbench/api/node/extensionHostProcess.js:96:107430)
	at s.executeCommand (/LocalRun/wenjian.ma/vscode/VSCode-linux-x64/resources/app/out/vs/workbench/api/node/extensionHostProcess.js:96:106806)
	at w.registerCommand.description (/LocalRun/wenjian.ma/vscode/VSCode-linux-x64/resources/app/out/vs/workbench/api/node/extensionHostProcess.js:96:106099)
	at s.h (/LocalRun/wenjian.ma/vscode/VSCode-linux-x64/resources/app/out/vs/workbench/api/node/extensionHostProcess.js:96:108016)
	at s.g (/LocalRun/wenjian.ma/vscode/VSCode-linux-x64/resources/app/out/vs/workbench/api/node/extensionHostProcess.js:96:106906)
	at s.executeCommand (/LocalRun/wenjian.ma/vscode/VSCode-linux-x64/resources/app/out/vs/workbench/api/node/extensionHostProcess.js:96:106806)
	at Object.executeCommand (/LocalRun/wenjian.ma/vscode/VSCode-linux-x64/resources/app/out/vs/workbench/api/node/extensionHostProcess.js:117:30778)
	at D (/LocalRun/wenjian.ma/vscode/VSCode-linux-x64/resources/app/extensions/git/dist/main.js:2:2055373)
	at f.invoke (/LocalRun/wenjian.ma/vscode/VSCode-linux-x64/resources/app/out/vs/workbench/api/node/extensionHostProcess.js:63:145)
	at g.deliver (/LocalRun/wenjian.ma/vscode/VSCode-linux-x64/resources/app/out/vs/workbench/api/node/extensionHostProcess.js:63:2029)
	at d.fire (/LocalRun/wenjian.ma/vscode/VSCode-linux-x64/resources/app/out/vs/workbench/api/node/extensionHostProcess.js:63:1667)
	at Object.h [as dispose] (/LocalRun/wenjian.ma/vscode/VSCode-linux-x64/resources/app/extensions/git/dist/main.js:2:2070210)
	at /LocalRun/wenjian.ma/vscode/VSCode-linux-x64/resources/app/extensions/git/dist/main.js:2:2074277
	at Array.forEach (<anonymous>)
	at g.dispose (/LocalRun/wenjian.ma/vscode/VSCode-linux-x64/resources/app/extensions/git/dist/main.js:2:2074263)
	at C.<anonymous> (/LocalRun/wenjian.ma/vscode/VSCode-linux-x64/resources/app/out/vs/workbench/api/node/extensionHostProcess.js:94:12431)
	at C.dispose (/LocalRun/wenjian.ma/vscode/VSCode-linux-x64/resources/app/out/vs/workbench/api/node/extensionHostProcess.js:94:12566)
	at C.<anonymous> (/LocalRun/wenjian.ma/vscode/VSCode-linux-x64/resources/app/extensions/git/dist/main.js:2:2057503)
	at C.dispose (/LocalRun/wenjian.ma/vscode/VSCode-linux-x64/resources/app/out/vs/workbench/api/node/extensionHostProcess.js:94:12566)
	at T (/LocalRun/wenjian.ma/vscode/VSCode-linux-x64/resources/app/out/vs/workbench/api/node/extensionHostProcess.js:10:12072)
	at f.X (/LocalRun/wenjian.ma/vscode/VSCode-linux-x64/resources/app/out/vs/workbench/api/node/extensionHostProcess.js:108:11242)
	at /LocalRun/wenjian.ma/vscode/VSCode-linux-x64/resources/app/out/vs/workbench/api/node/extensionHostProcess.js:108:9037
	at Array.map (<anonymous>)
	at f.Q (/LocalRun/wenjian.ma/vscode/VSCode-linux-x64/resources/app/out/vs/workbench/api/node/extensionHostProcess.js:108:9024)
	at f.terminate (/LocalRun/wenjian.ma/vscode/VSCode-linux-x64/resources/app/out/vs/workbench/api/node/extensionHostProcess.js:108:9298)
	at h.terminate (/LocalRun/wenjian.ma/vscode/VSCode-linux-x64/resources/app/out/vs/workbench/api/node/extensionHostProcess.js:112:1397)
	at p (/LocalRun/wenjian.ma/vscode/VSCode-linux-x64/resources/app/out/vs/workbench/api/node/extensionHostProcess.js:122:17851)
	at MessagePortMain.<anonymous> (/LocalRun/wenjian.ma/vscode/VSCode-linux-x64/resources/app/out/vs/workbench/api/node/extensionHostProcess.js:122:13990)
	at MessagePortMain.emit (node:events:526:28)
	at MessagePortMain._internalPort.emit (node:electron/js2c/utility_init:5:364) setContext undefined
2023-04-14 21:33:50.786 [info] Extension host with pid 21551 exiting with code 0
