2023-03-22 10:12:26.878 [info] Extension host with pid 16967 started
2023-03-22 10:12:26.878 [info] Skipping acquiring lock for /home/wenjian.ma/.config/Code/User/workspaceStorage/2a46eb47484222006e9612ce7f5c18c3.
2023-03-22 10:12:26.936 [info] ExtensionService#_doActivateExtension vscode.emmet, startup: false, activationEvent: 'onLanguage'
2023-03-22 10:12:26.980 [info] ExtensionService#_doActivateExtension vscode.github-authentication, startup: false, activationEvent: 'onAuthenticationRequest:github'
2023-03-22 10:12:27.349 [info] ExtensionService#_doActivateExtension vscode.git-base, startup: true, activationEvent: '*', root cause: vscode.git
2023-03-22 10:12:27.440 [info] ExtensionService#_doActivateExtension ms-python.python, startup: true, activationEvent: 'workspaceContains:pyproject.toml', root cause: ms-python.isort
2023-03-22 10:12:27.537 [info] ExtensionService#_doActivateExtension ms-vscode.cmake-tools, startup: true, activationEvent: 'workspaceContains:CMakeLists.txt'
2023-03-22 10:12:27.571 [info] ExtensionService#_doActivateExtension ms-vscode.cpptools, startup: true, activationEvent: 'workspaceContains:/.vscode/c_cpp_properties.json'
2023-03-22 10:12:27.878 [info] ExtensionService#_doActivateExtension vscode.git, startup: true, activationEvent: '*'
2023-03-22 10:12:28.042 [info] ExtensionService#_doActivateExtension vscode.github, startup: true, activationEvent: '*'
2023-03-22 10:12:28.178 [info] ExtensionService#_doActivateExtension vscode.microsoft-authentication, startup: false, activationEvent: 'onAuthenticationRequest:microsoft'
2023-03-22 10:12:28.691 [warning] [Decorations] CAPPING events from decorations provider vscode.git 2923
2023-03-22 10:12:29.133 [info] ExtensionService#_doActivateExtension vscode.configuration-editing, startup: false, activationEvent: 'onLanguage:json'
2023-03-22 10:12:29.165 [info] ExtensionService#_doActivateExtension vscode.extension-editing, startup: false, activationEvent: 'onLanguage:json'
2023-03-22 10:12:29.195 [info] ExtensionService#_doActivateExtension vscode.json-language-features, startup: false, activationEvent: 'onLanguage:json'
2023-03-22 10:12:29.309 [info] ExtensionService#_doActivateExtension vscode.npm, startup: false, activationEvent: 'onLanguage:json'
2023-03-22 10:12:29.377 [info] ExtensionService#_doActivateExtension vscode.typescript-language-features, startup: false, activationEvent: 'onLanguage:jsonc'
2023-03-22 10:12:29.638 [warning] [Decorations] CAPPING events from decorations provider vscode.git 2923
2023-03-22 10:12:36.922 [info] ExtensionService#_doActivateExtension vscode.debug-auto-launch, startup: false, activationEvent: 'onStartupFinished'
2023-03-22 10:12:36.936 [info] ExtensionService#_doActivateExtension vscode.merge-conflict, startup: false, activationEvent: 'onStartupFinished'
2023-03-22 10:12:57.637 [info] ExtensionService#_doActivateExtension ms-vscode-remote.remote-containers, startup: false, activationEvent: 'onStartupFinished'
2023-03-22 10:14:37.946 [info] ExtensionService#_doActivateExtension ms-python.isort, startup: true, activationEvent: 'workspaceContains:pyproject.toml'
2023-03-22 10:14:37.962 [info] Eager extensions activated
2023-03-22 10:15:05.599 [info] ExtensionService#_doActivateExtension vscode.search-result, startup: false, activationEvent: 'onLanguage:search-result'
2023-03-22 10:16:12.949 [info] ExtensionService#_doActivateExtension ms-python.vscode-pylance, startup: false, activationEvent: 'onLanguage:python'
2023-03-22 10:16:13.168 [info] ExtensionService#_doActivateExtension ms-toolsai.jupyter, startup: false, activationEvent: 'onLanguage:python'
2023-03-22 10:16:13.731 [info] ExtensionService#_doActivateExtension ms-toolsai.jupyter-renderers, startup: false, activationEvent: 'api', root cause: ms-toolsai.jupyter
2023-03-22 10:16:14.947 [error] Error: Module 'pip' not installed.
	at Xa.execModule (/home/wenjian.ma/.vscode/extensions/ms-toolsai.jupyter-2023.1.2010391206/out/extension.node.js:2:1806741)
	at async xl.getPackageInformation (/home/wenjian.ma/.vscode/extensions/ms-toolsai.jupyter-2023.1.2010391206/out/extension.node.js:17:38262)
2023-03-22 10:20:28.804 [warning] [Decorations] CAPPING events from decorations provider vscode.git 2924
2023-03-22 10:20:58.510 [warning] [Decorations] CAPPING events from decorations provider vscode.git 2924
2023-03-22 10:21:38.451 [warning] [Decorations] CAPPING events from decorations provider vscode.git 2924
2023-03-22 10:22:23.281 [warning] [Decorations] CAPPING events from decorations provider vscode.git 2924
2023-03-22 10:23:27.772 [warning] [Decorations] CAPPING events from decorations provider vscode.git 2924
2023-03-22 10:33:40.497 [warning] [Decorations] CAPPING events from decorations provider vscode.git 2924
2023-03-22 10:33:56.382 [warning] [Decorations] CAPPING events from decorations provider vscode.git 2924
2023-03-22 11:16:01.206 [info] ExtensionService#_doActivateExtension ms-azuretools.vscode-docker, startup: false, activationEvent: 'onLanguage:dockerfile'
2023-03-22 11:56:19.628 [warning] [Decorations] CAPPING events from decorations provider vscode.git 2924
2023-03-22 11:56:46.085 [warning] [Decorations] CAPPING events from decorations provider vscode.git 2924
2023-03-22 11:56:51.615 [warning] [Decorations] CAPPING events from decorations provider vscode.git 2924
2023-03-22 12:00:54.446 [warning] [Decorations] CAPPING events from decorations provider vscode.git 2924
2023-03-22 12:01:04.259 [warning] [Decorations] CAPPING events from decorations provider vscode.git 2924
2023-03-22 12:02:08.434 [warning] [Decorations] CAPPING events from decorations provider vscode.git 2924
2023-03-22 12:02:48.728 [warning] [Decorations] CAPPING events from decorations provider vscode.git 2924
2023-03-22 12:02:57.454 [warning] [Decorations] CAPPING events from decorations provider vscode.git 2924
2023-03-22 12:03:38.689 [warning] [Decorations] CAPPING events from decorations provider vscode.git 2924
2023-03-22 12:07:39.846 [warning] [Decorations] CAPPING events from decorations provider vscode.git 2984
2023-03-22 12:07:51.884 [warning] [Decorations] CAPPING events from decorations provider vscode.git 2984
2023-03-22 12:08:01.111 [warning] [Decorations] CAPPING events from decorations provider vscode.git 2984
2023-03-22 12:08:11.441 [warning] [Decorations] CAPPING events from decorations provider vscode.git 2984
2023-03-22 12:08:26.760 [warning] [Decorations] CAPPING events from decorations provider vscode.git 2984
2023-03-22 12:11:46.140 [warning] [Decorations] CAPPING events from decorations provider vscode.git 2984
2023-03-22 13:30:58.415 [warning] [Decorations] CAPPING events from decorations provider vscode.git 2985
2023-03-22 13:31:03.551 [warning] [Decorations] CAPPING events from decorations provider vscode.git 2984
2023-03-22 13:32:36.836 [warning] [Decorations] CAPPING events from decorations provider vscode.git 2984
2023-03-22 14:26:23.611 [warning] [Decorations] CAPPING events from decorations provider vscode.git 2984
2023-03-22 14:27:01.622 [warning] [Decorations] CAPPING events from decorations provider vscode.git 2984
2023-03-22 15:18:47.841 [warning] [Decorations] CAPPING events from decorations provider vscode.git 2984
2023-03-22 15:24:29.314 [warning] [Decorations] CAPPING events from decorations provider vscode.git 2984
2023-03-22 15:24:34.545 [warning] [Decorations] CAPPING events from decorations provider vscode.git 2984
2023-03-22 15:24:39.769 [warning] [Decorations] CAPPING events from decorations provider vscode.git 2984
2023-03-22 15:24:45.015 [warning] [Decorations] CAPPING events from decorations provider vscode.git 2984
2023-03-22 15:24:50.258 [warning] [Decorations] CAPPING events from decorations provider vscode.git 2984
2023-03-22 15:24:55.462 [warning] [Decorations] CAPPING events from decorations provider vscode.git 2984
2023-03-22 15:25:00.664 [warning] [Decorations] CAPPING events from decorations provider vscode.git 2984
2023-03-22 15:25:05.846 [warning] [Decorations] CAPPING events from decorations provider vscode.git 2984
2023-03-22 15:25:11.069 [warning] [Decorations] CAPPING events from decorations provider vscode.git 2984
2023-03-22 15:25:16.274 [warning] [Decorations] CAPPING events from decorations provider vscode.git 2984
2023-03-22 15:25:21.480 [warning] [Decorations] CAPPING events from decorations provider vscode.git 2984
2023-03-22 15:25:26.711 [warning] [Decorations] CAPPING events from decorations provider vscode.git 2984
2023-03-22 15:25:31.920 [warning] [Decorations] CAPPING events from decorations provider vscode.git 2984
2023-03-22 15:25:37.122 [warning] [Decorations] CAPPING events from decorations provider vscode.git 2984
2023-03-22 15:25:42.330 [warning] [Decorations] CAPPING events from decorations provider vscode.git 2984
2023-03-22 15:25:47.536 [warning] [Decorations] CAPPING events from decorations provider vscode.git 2984
2023-03-22 15:25:52.741 [warning] [Decorations] CAPPING events from decorations provider vscode.git 2984
2023-03-22 15:25:59.025 [warning] [Decorations] CAPPING events from decorations provider vscode.git 2984
2023-03-22 15:26:04.230 [warning] [Decorations] CAPPING events from decorations provider vscode.git 2984
2023-03-22 15:26:09.440 [warning] [Decorations] CAPPING events from decorations provider vscode.git 2984
2023-03-22 15:26:14.629 [warning] [Decorations] CAPPING events from decorations provider vscode.git 2984
2023-03-22 15:26:19.819 [warning] [Decorations] CAPPING events from decorations provider vscode.git 2984
2023-03-22 15:26:25.079 [warning] [Decorations] CAPPING events from decorations provider vscode.git 2984
2023-03-22 15:26:30.311 [warning] [Decorations] CAPPING events from decorations provider vscode.git 2984
2023-03-22 15:26:35.493 [warning] [Decorations] CAPPING events from decorations provider vscode.git 2984
2023-03-22 15:26:40.702 [warning] [Decorations] CAPPING events from decorations provider vscode.git 2984
2023-03-22 15:26:45.922 [warning] [Decorations] CAPPING events from decorations provider vscode.git 2984
2023-03-22 15:26:51.125 [warning] [Decorations] CAPPING events from decorations provider vscode.git 2984
2023-03-22 15:26:56.550 [warning] [Decorations] CAPPING events from decorations provider vscode.git 2984
2023-03-22 15:27:01.796 [warning] [Decorations] CAPPING events from decorations provider vscode.git 2984
2023-03-22 15:27:06.981 [warning] [Decorations] CAPPING events from decorations provider vscode.git 2984
2023-03-22 15:27:12.187 [warning] [Decorations] CAPPING events from decorations provider vscode.git 2984
2023-03-22 15:27:17.364 [warning] [Decorations] CAPPING events from decorations provider vscode.git 2984
2023-03-22 15:27:22.555 [warning] [Decorations] CAPPING events from decorations provider vscode.git 2984
2023-03-22 15:27:27.762 [warning] [Decorations] CAPPING events from decorations provider vscode.git 2984
2023-03-22 15:27:33.009 [warning] [Decorations] CAPPING events from decorations provider vscode.git 2984
2023-03-22 15:27:38.241 [warning] [Decorations] CAPPING events from decorations provider vscode.git 2984
2023-03-22 15:27:45.031 [warning] [Decorations] CAPPING events from decorations provider vscode.git 2984
2023-03-22 15:27:57.835 [warning] [Decorations] CAPPING events from decorations provider vscode.git 2984
2023-03-22 15:28:11.909 [warning] [Decorations] CAPPING events from decorations provider vscode.git 2984
2023-03-22 15:28:25.281 [warning] [Decorations] CAPPING events from decorations provider vscode.git 2984
2023-03-22 15:28:50.883 [warning] [Decorations] CAPPING events from decorations provider vscode.git 2984
2023-03-22 15:29:08.305 [warning] [Decorations] CAPPING events from decorations provider vscode.git 2984
2023-03-22 15:29:24.712 [warning] [Decorations] CAPPING events from decorations provider vscode.git 2984
2023-03-22 15:29:29.936 [warning] [Decorations] CAPPING events from decorations provider vscode.git 2984
2023-03-22 15:29:35.180 [warning] [Decorations] CAPPING events from decorations provider vscode.git 2984
2023-03-22 15:29:40.386 [warning] [Decorations] CAPPING events from decorations provider vscode.git 2984
2023-03-22 15:29:45.589 [warning] [Decorations] CAPPING events from decorations provider vscode.git 2984
2023-03-22 15:29:50.794 [warning] [Decorations] CAPPING events from decorations provider vscode.git 2984
2023-03-22 15:29:56.017 [warning] [Decorations] CAPPING events from decorations provider vscode.git 2984
2023-03-22 15:30:01.222 [warning] [Decorations] CAPPING events from decorations provider vscode.git 2984
2023-03-22 15:30:06.460 [warning] [Decorations] CAPPING events from decorations provider vscode.git 2984
2023-03-22 15:30:11.672 [warning] [Decorations] CAPPING events from decorations provider vscode.git 2984
2023-03-22 15:30:16.887 [warning] [Decorations] CAPPING events from decorations provider vscode.git 2984
2023-03-22 15:30:22.088 [warning] [Decorations] CAPPING events from decorations provider vscode.git 2984
2023-03-22 15:30:27.287 [warning] [Decorations] CAPPING events from decorations provider vscode.git 2984
2023-03-22 15:30:32.496 [warning] [Decorations] CAPPING events from decorations provider vscode.git 2984
2023-03-22 15:30:37.695 [warning] [Decorations] CAPPING events from decorations provider vscode.git 2984
2023-03-22 15:30:42.902 [warning] [Decorations] CAPPING events from decorations provider vscode.git 2984
2023-03-22 15:30:48.103 [warning] [Decorations] CAPPING events from decorations provider vscode.git 2984
2023-03-22 15:30:53.338 [warning] [Decorations] CAPPING events from decorations provider vscode.git 2984
2023-03-22 15:30:58.562 [warning] [Decorations] CAPPING events from decorations provider vscode.git 2984
2023-03-22 15:31:03.777 [warning] [Decorations] CAPPING events from decorations provider vscode.git 2984
2023-03-22 15:31:08.956 [warning] [Decorations] CAPPING events from decorations provider vscode.git 2984
2023-03-22 15:31:14.279 [warning] [Decorations] CAPPING events from decorations provider vscode.git 2984
2023-03-22 15:31:19.488 [warning] [Decorations] CAPPING events from decorations provider vscode.git 2984
2023-03-22 15:31:24.713 [warning] [Decorations] CAPPING events from decorations provider vscode.git 2984
2023-03-22 15:31:29.911 [warning] [Decorations] CAPPING events from decorations provider vscode.git 2984
2023-03-22 15:31:35.138 [warning] [Decorations] CAPPING events from decorations provider vscode.git 2984
2023-03-22 15:31:40.389 [warning] [Decorations] CAPPING events from decorations provider vscode.git 2984
2023-03-22 15:31:45.619 [warning] [Decorations] CAPPING events from decorations provider vscode.git 2984
2023-03-22 15:31:50.817 [warning] [Decorations] CAPPING events from decorations provider vscode.git 2984
2023-03-22 15:31:56.019 [warning] [Decorations] CAPPING events from decorations provider vscode.git 2984
2023-03-22 15:32:01.228 [warning] [Decorations] CAPPING events from decorations provider vscode.git 2984
2023-03-22 15:32:06.461 [warning] [Decorations] CAPPING events from decorations provider vscode.git 2984
2023-03-22 15:32:11.689 [warning] [Decorations] CAPPING events from decorations provider vscode.git 2984
2023-03-22 15:32:16.907 [warning] [Decorations] CAPPING events from decorations provider vscode.git 2984
2023-03-22 15:32:23.282 [warning] [Decorations] CAPPING events from decorations provider vscode.git 2984
2023-03-22 15:32:28.536 [warning] [Decorations] CAPPING events from decorations provider vscode.git 2984
2023-03-22 15:32:33.766 [warning] [Decorations] CAPPING events from decorations provider vscode.git 2984
2023-03-22 15:32:38.985 [warning] [Decorations] CAPPING events from decorations provider vscode.git 2984
2023-03-22 15:32:44.183 [warning] [Decorations] CAPPING events from decorations provider vscode.git 2984
2023-03-22 15:32:49.396 [warning] [Decorations] CAPPING events from decorations provider vscode.git 2984
2023-03-22 15:32:54.608 [warning] [Decorations] CAPPING events from decorations provider vscode.git 2984
2023-03-22 15:32:59.822 [warning] [Decorations] CAPPING events from decorations provider vscode.git 2984
2023-03-22 15:33:05.026 [warning] [Decorations] CAPPING events from decorations provider vscode.git 2984
2023-03-22 15:33:10.307 [warning] [Decorations] CAPPING events from decorations provider vscode.git 2984
2023-03-22 15:33:15.539 [warning] [Decorations] CAPPING events from decorations provider vscode.git 2984
2023-03-22 15:33:21.303 [warning] [Decorations] CAPPING events from decorations provider vscode.git 2984
2023-03-22 15:33:32.837 [warning] [Decorations] CAPPING events from decorations provider vscode.git 2984
2023-03-22 15:33:38.038 [warning] [Decorations] CAPPING events from decorations provider vscode.git 2984
2023-03-22 15:33:46.630 [warning] [Decorations] CAPPING events from decorations provider vscode.git 2984
2023-03-22 15:33:52.271 [warning] [Decorations] CAPPING events from decorations provider vscode.git 2984
2023-03-22 15:34:01.293 [warning] [Decorations] CAPPING events from decorations provider vscode.git 2984
2023-03-22 15:34:06.467 [warning] [Decorations] CAPPING events from decorations provider vscode.git 2984
2023-03-22 15:34:11.595 [warning] [Decorations] CAPPING events from decorations provider vscode.git 2984
2023-03-22 15:34:16.725 [warning] [Decorations] CAPPING events from decorations provider vscode.git 2984
2023-03-22 15:39:40.865 [warning] [Decorations] CAPPING events from decorations provider vscode.git 2985
2023-03-22 15:40:08.445 [warning] [Decorations] CAPPING events from decorations provider vscode.git 2985
2023-03-22 16:34:37.271 [warning] [Decorations] CAPPING events from decorations provider vscode.git 2986
2023-03-22 16:34:42.461 [warning] [Decorations] CAPPING events from decorations provider vscode.git 2986
2023-03-22 16:41:17.494 [warning] [Decorations] CAPPING events from decorations provider vscode.git 2986
2023-03-22 16:41:22.725 [warning] [Decorations] CAPPING events from decorations provider vscode.git 2986
2023-03-22 16:41:27.950 [warning] [Decorations] CAPPING events from decorations provider vscode.git 2986
2023-03-22 16:41:33.235 [warning] [Decorations] CAPPING events from decorations provider vscode.git 2986
2023-03-22 16:41:38.460 [warning] [Decorations] CAPPING events from decorations provider vscode.git 2986
2023-03-22 16:41:44.051 [warning] [Decorations] CAPPING events from decorations provider vscode.git 2986
2023-03-22 16:41:52.054 [warning] [Decorations] CAPPING events from decorations provider vscode.git 2986
2023-03-22 16:41:58.854 [warning] [Decorations] CAPPING events from decorations provider vscode.git 2986
2023-03-22 16:42:06.189 [warning] [Decorations] CAPPING events from decorations provider vscode.git 2986
2023-03-22 16:42:24.751 [warning] [Decorations] CAPPING events from decorations provider vscode.git 2986
2023-03-22 16:42:32.408 [warning] [Decorations] CAPPING events from decorations provider vscode.git 2986
2023-03-22 16:42:41.503 [warning] [Decorations] CAPPING events from decorations provider vscode.git 2986
2023-03-22 16:42:46.725 [warning] [Decorations] CAPPING events from decorations provider vscode.git 2986
2023-03-22 16:42:51.946 [warning] [Decorations] CAPPING events from decorations provider vscode.git 2986
2023-03-22 16:42:57.179 [warning] [Decorations] CAPPING events from decorations provider vscode.git 2986
2023-03-22 16:43:02.416 [warning] [Decorations] CAPPING events from decorations provider vscode.git 2986
2023-03-22 16:43:07.638 [warning] [Decorations] CAPPING events from decorations provider vscode.git 2986
2023-03-22 16:43:12.853 [warning] [Decorations] CAPPING events from decorations provider vscode.git 2986
2023-03-22 16:43:18.093 [warning] [Decorations] CAPPING events from decorations provider vscode.git 2986
2023-03-22 16:43:23.318 [warning] [Decorations] CAPPING events from decorations provider vscode.git 2986
2023-03-22 16:43:28.505 [warning] [Decorations] CAPPING events from decorations provider vscode.git 2986
2023-03-22 16:43:33.747 [warning] [Decorations] CAPPING events from decorations provider vscode.git 2986
2023-03-22 16:43:38.988 [warning] [Decorations] CAPPING events from decorations provider vscode.git 2986
2023-03-22 16:43:44.213 [warning] [Decorations] CAPPING events from decorations provider vscode.git 2986
2023-03-22 16:43:49.418 [warning] [Decorations] CAPPING events from decorations provider vscode.git 2986
2023-03-22 16:43:54.659 [warning] [Decorations] CAPPING events from decorations provider vscode.git 2986
2023-03-22 16:43:59.909 [warning] [Decorations] CAPPING events from decorations provider vscode.git 2986
2023-03-22 16:44:05.136 [warning] [Decorations] CAPPING events from decorations provider vscode.git 2986
2023-03-22 16:44:10.397 [warning] [Decorations] CAPPING events from decorations provider vscode.git 2986
2023-03-22 16:44:15.607 [warning] [Decorations] CAPPING events from decorations provider vscode.git 2986
2023-03-22 16:44:20.850 [warning] [Decorations] CAPPING events from decorations provider vscode.git 2986
2023-03-22 16:44:26.059 [warning] [Decorations] CAPPING events from decorations provider vscode.git 2986
2023-03-22 16:44:31.288 [warning] [Decorations] CAPPING events from decorations provider vscode.git 2986
2023-03-22 16:44:36.487 [warning] [Decorations] CAPPING events from decorations provider vscode.git 2986
2023-03-22 16:44:41.669 [warning] [Decorations] CAPPING events from decorations provider vscode.git 2986
2023-03-22 16:44:46.907 [warning] [Decorations] CAPPING events from decorations provider vscode.git 2986
2023-03-22 16:44:52.131 [warning] [Decorations] CAPPING events from decorations provider vscode.git 2986
2023-03-22 16:44:57.352 [warning] [Decorations] CAPPING events from decorations provider vscode.git 2986
2023-03-22 16:45:02.573 [warning] [Decorations] CAPPING events from decorations provider vscode.git 2986
2023-03-22 16:45:07.794 [warning] [Decorations] CAPPING events from decorations provider vscode.git 2986
2023-03-22 16:45:13.004 [warning] [Decorations] CAPPING events from decorations provider vscode.git 2986
2023-03-22 16:45:18.251 [warning] [Decorations] CAPPING events from decorations provider vscode.git 2986
2023-03-22 16:45:23.498 [warning] [Decorations] CAPPING events from decorations provider vscode.git 2986
2023-03-22 16:45:28.703 [warning] [Decorations] CAPPING events from decorations provider vscode.git 2986
2023-03-22 16:45:33.883 [warning] [Decorations] CAPPING events from decorations provider vscode.git 2986
2023-03-22 16:45:39.092 [warning] [Decorations] CAPPING events from decorations provider vscode.git 2986
2023-03-22 16:45:44.327 [warning] [Decorations] CAPPING events from decorations provider vscode.git 2986
2023-03-22 16:45:49.534 [warning] [Decorations] CAPPING events from decorations provider vscode.git 2986
2023-03-22 16:45:54.796 [warning] [Decorations] CAPPING events from decorations provider vscode.git 2986
2023-03-22 16:46:02.266 [warning] [Decorations] CAPPING events from decorations provider vscode.git 2986
2023-03-22 16:46:07.480 [warning] [Decorations] CAPPING events from decorations provider vscode.git 2986
2023-03-22 16:46:12.703 [warning] [Decorations] CAPPING events from decorations provider vscode.git 2986
2023-03-22 16:46:17.912 [warning] [Decorations] CAPPING events from decorations provider vscode.git 2986
2023-03-22 16:46:24.029 [warning] [Decorations] CAPPING events from decorations provider vscode.git 2986
2023-03-22 16:46:29.241 [warning] [Decorations] CAPPING events from decorations provider vscode.git 2986
2023-03-22 16:46:34.446 [warning] [Decorations] CAPPING events from decorations provider vscode.git 2986
2023-03-22 16:46:39.674 [warning] [Decorations] CAPPING events from decorations provider vscode.git 2986
2023-03-22 16:46:57.845 [warning] [Decorations] CAPPING events from decorations provider vscode.git 2986
2023-03-22 16:47:03.093 [warning] [Decorations] CAPPING events from decorations provider vscode.git 2986
2023-03-22 16:47:08.304 [warning] [Decorations] CAPPING events from decorations provider vscode.git 2986
2023-03-22 16:47:13.634 [warning] [Decorations] CAPPING events from decorations provider vscode.git 2986
2023-03-22 16:47:18.867 [warning] [Decorations] CAPPING events from decorations provider vscode.git 2986
2023-03-22 16:47:24.063 [warning] [Decorations] CAPPING events from decorations provider vscode.git 2986
2023-03-22 16:47:29.769 [warning] [Decorations] CAPPING events from decorations provider vscode.git 2986
2023-03-22 16:47:34.973 [warning] [Decorations] CAPPING events from decorations provider vscode.git 2986
2023-03-22 16:47:40.199 [warning] [Decorations] CAPPING events from decorations provider vscode.git 2986
2023-03-22 16:47:52.855 [warning] [Decorations] CAPPING events from decorations provider vscode.git 2986
2023-03-22 16:47:58.095 [warning] [Decorations] CAPPING events from decorations provider vscode.git 2986
2023-03-22 16:48:21.774 [warning] [Decorations] CAPPING events from decorations provider vscode.git 2986
2023-03-22 16:51:33.026 [warning] [Decorations] CAPPING events from decorations provider vscode.git 2986
2023-03-22 16:51:38.230 [warning] [Decorations] CAPPING events from decorations provider vscode.git 2986
2023-03-22 16:51:43.488 [warning] [Decorations] CAPPING events from decorations provider vscode.git 2986
2023-03-22 16:51:54.521 [warning] [Decorations] CAPPING events from decorations provider vscode.git 2986
2023-03-22 16:52:21.482 [warning] [Decorations] CAPPING events from decorations provider vscode.git 2986
2023-03-22 16:52:37.280 [warning] [Decorations] CAPPING events from decorations provider vscode.git 2986
2023-03-22 16:52:52.820 [warning] [Decorations] CAPPING events from decorations provider vscode.git 2986
2023-03-22 16:52:58.032 [warning] [Decorations] CAPPING events from decorations provider vscode.git 2986
2023-03-22 16:53:03.221 [warning] [Decorations] CAPPING events from decorations provider vscode.git 2986
2023-03-22 16:53:08.403 [warning] [Decorations] CAPPING events from decorations provider vscode.git 2986
2023-03-22 16:53:13.582 [warning] [Decorations] CAPPING events from decorations provider vscode.git 2986
2023-03-22 16:53:18.774 [warning] [Decorations] CAPPING events from decorations provider vscode.git 2986
2023-03-22 16:53:23.986 [warning] [Decorations] CAPPING events from decorations provider vscode.git 2986
2023-03-22 16:53:29.190 [warning] [Decorations] CAPPING events from decorations provider vscode.git 2986
2023-03-22 16:53:34.404 [warning] [Decorations] CAPPING events from decorations provider vscode.git 2986
2023-03-22 16:53:39.619 [warning] [Decorations] CAPPING events from decorations provider vscode.git 2986
2023-03-22 16:53:44.820 [warning] [Decorations] CAPPING events from decorations provider vscode.git 2986
2023-03-22 16:53:50.045 [warning] [Decorations] CAPPING events from decorations provider vscode.git 2986
2023-03-22 16:53:55.210 [warning] [Decorations] CAPPING events from decorations provider vscode.git 2986
2023-03-22 16:54:00.402 [warning] [Decorations] CAPPING events from decorations provider vscode.git 2986
2023-03-22 16:54:05.604 [warning] [Decorations] CAPPING events from decorations provider vscode.git 2986
2023-03-22 16:54:10.833 [warning] [Decorations] CAPPING events from decorations provider vscode.git 2986
2023-03-22 16:54:16.054 [warning] [Decorations] CAPPING events from decorations provider vscode.git 2986
2023-03-22 16:54:21.271 [warning] [Decorations] CAPPING events from decorations provider vscode.git 2986
2023-03-22 16:54:26.481 [warning] [Decorations] CAPPING events from decorations provider vscode.git 2986
2023-03-22 16:54:31.708 [warning] [Decorations] CAPPING events from decorations provider vscode.git 2986
2023-03-22 16:54:37.577 [warning] [Decorations] CAPPING events from decorations provider vscode.git 2986
2023-03-22 16:54:42.812 [warning] [Decorations] CAPPING events from decorations provider vscode.git 2986
2023-03-22 16:54:47.992 [warning] [Decorations] CAPPING events from decorations provider vscode.git 2986
2023-03-22 16:54:53.185 [warning] [Decorations] CAPPING events from decorations provider vscode.git 2986
2023-03-22 16:54:58.427 [warning] [Decorations] CAPPING events from decorations provider vscode.git 2986
2023-03-22 16:55:03.664 [warning] [Decorations] CAPPING events from decorations provider vscode.git 2986
2023-03-22 16:55:08.892 [warning] [Decorations] CAPPING events from decorations provider vscode.git 2986
2023-03-22 16:55:14.122 [warning] [Decorations] CAPPING events from decorations provider vscode.git 2986
2023-03-22 16:55:19.768 [warning] [Decorations] CAPPING events from decorations provider vscode.git 2986
2023-03-22 16:55:24.998 [warning] [Decorations] CAPPING events from decorations provider vscode.git 2986
2023-03-22 16:55:30.196 [warning] [Decorations] CAPPING events from decorations provider vscode.git 2986
2023-03-22 16:55:35.407 [warning] [Decorations] CAPPING events from decorations provider vscode.git 2986
2023-03-22 16:55:40.611 [warning] [Decorations] CAPPING events from decorations provider vscode.git 2986
2023-03-22 16:55:45.824 [warning] [Decorations] CAPPING events from decorations provider vscode.git 2986
2023-03-22 16:55:51.046 [warning] [Decorations] CAPPING events from decorations provider vscode.git 2986
2023-03-22 16:55:56.256 [warning] [Decorations] CAPPING events from decorations provider vscode.git 2986
2023-03-22 16:56:01.486 [warning] [Decorations] CAPPING events from decorations provider vscode.git 2986
2023-03-22 16:56:06.692 [warning] [Decorations] CAPPING events from decorations provider vscode.git 2986
2023-03-22 16:56:11.898 [warning] [Decorations] CAPPING events from decorations provider vscode.git 2986
2023-03-22 16:56:17.125 [warning] [Decorations] CAPPING events from decorations provider vscode.git 2986
2023-03-22 16:56:22.344 [warning] [Decorations] CAPPING events from decorations provider vscode.git 2986
2023-03-22 16:56:27.516 [warning] [Decorations] CAPPING events from decorations provider vscode.git 2986
2023-03-22 16:56:32.726 [warning] [Decorations] CAPPING events from decorations provider vscode.git 2986
2023-03-22 16:56:37.964 [warning] [Decorations] CAPPING events from decorations provider vscode.git 2986
2023-03-22 16:56:44.234 [warning] [Decorations] CAPPING events from decorations provider vscode.git 2986
2023-03-22 16:56:56.948 [warning] [Decorations] CAPPING events from decorations provider vscode.git 2986
2023-03-22 16:57:02.156 [warning] [Decorations] CAPPING events from decorations provider vscode.git 2986
2023-03-22 16:57:07.375 [warning] [Decorations] CAPPING events from decorations provider vscode.git 2986
2023-03-22 16:57:12.571 [warning] [Decorations] CAPPING events from decorations provider vscode.git 2986
2023-03-22 16:57:17.821 [warning] [Decorations] CAPPING events from decorations provider vscode.git 2986
2023-03-22 16:57:26.702 [warning] [Decorations] CAPPING events from decorations provider vscode.git 2986
2023-03-22 16:57:31.881 [warning] [Decorations] CAPPING events from decorations provider vscode.git 2986
2023-03-22 16:57:37.016 [warning] [Decorations] CAPPING events from decorations provider vscode.git 2986
2023-03-22 16:57:42.147 [warning] [Decorations] CAPPING events from decorations provider vscode.git 2986
2023-03-22 17:01:17.158 [warning] [Decorations] CAPPING events from decorations provider vscode.git 2986
2023-03-22 17:02:42.363 [warning] [Decorations] CAPPING events from decorations provider vscode.git 2986
2023-03-22 17:08:34.624 [warning] [Decorations] CAPPING events from decorations provider vscode.git 2986
2023-03-22 17:09:05.350 [warning] [Decorations] CAPPING events from decorations provider vscode.git 2986
2023-03-22 17:09:19.173 [warning] [Decorations] CAPPING events from decorations provider vscode.git 2986
2023-03-22 17:09:25.837 [warning] [Decorations] CAPPING events from decorations provider vscode.git 2986
2023-03-22 17:09:39.765 [warning] [Decorations] CAPPING events from decorations provider vscode.git 2986
2023-03-22 17:09:44.988 [warning] [Decorations] CAPPING events from decorations provider vscode.git 2986
2023-03-22 17:09:56.737 [warning] [Decorations] CAPPING events from decorations provider vscode.git 2986
2023-03-22 17:11:25.900 [warning] [Decorations] CAPPING events from decorations provider vscode.git 2986
2023-03-22 17:11:31.034 [warning] [Decorations] CAPPING events from decorations provider vscode.git 2986
2023-03-22 17:21:02.014 [warning] [Decorations] CAPPING events from decorations provider vscode.git 2986
2023-03-22 17:59:07.048 [warning] [Decorations] CAPPING events from decorations provider vscode.git 2986
2023-03-22 18:02:33.150 [warning] [Decorations] CAPPING events from decorations provider vscode.git 2926
2023-03-22 18:03:04.403 [warning] [Decorations] CAPPING events from decorations provider vscode.git 2926
2023-03-22 18:03:17.975 [warning] [Decorations] CAPPING events from decorations provider vscode.git 2926
2023-03-22 18:03:28.487 [warning] [Decorations] CAPPING events from decorations provider vscode.git 2926
2023-03-22 18:04:43.472 [warning] [Decorations] CAPPING events from decorations provider vscode.git 2926
2023-03-22 18:04:54.726 [warning] [Decorations] CAPPING events from decorations provider vscode.git 2926
2023-03-22 18:15:40.525 [warning] [Decorations] CAPPING events from decorations provider vscode.git 2927
2023-03-22 18:15:46.116 [warning] [Decorations] CAPPING events from decorations provider vscode.git 2927
2023-03-22 18:16:02.450 [warning] [Decorations] CAPPING events from decorations provider vscode.git 2927
2023-03-22 18:16:18.772 [warning] [Decorations] CAPPING events from decorations provider vscode.git 2927
2023-03-22 18:24:51.584 [warning] [Decorations] CAPPING events from decorations provider vscode.git 2927
2023-03-22 18:25:41.581 [warning] [Decorations] CAPPING events from decorations provider vscode.git 2927
2023-03-22 18:25:46.711 [warning] [Decorations] CAPPING events from decorations provider vscode.git 2927
2023-03-22 18:25:54.589 [warning] [Decorations] CAPPING events from decorations provider vscode.git 2927
2023-03-22 18:29:13.031 [warning] [Decorations] CAPPING events from decorations provider vscode.git 2927
2023-03-22 18:34:28.017 [warning] [Decorations] CAPPING events from decorations provider vscode.git 2927
2023-03-22 18:34:41.598 [warning] [Decorations] CAPPING events from decorations provider vscode.git 2927
2023-03-22 18:34:46.744 [warning] [Decorations] CAPPING events from decorations provider vscode.git 2927
2023-03-22 18:35:14.758 [warning] [Decorations] CAPPING events from decorations provider vscode.git 2927
2023-03-22 18:35:21.921 [warning] [Decorations] CAPPING events from decorations provider vscode.git 2927
2023-03-22 18:42:05.987 [warning] [Decorations] CAPPING events from decorations provider vscode.git 2927
2023-03-22 18:42:11.165 [warning] [Decorations] CAPPING events from decorations provider vscode.git 2927
2023-03-22 18:42:16.388 [warning] [Decorations] CAPPING events from decorations provider vscode.git 2927
2023-03-22 18:42:21.607 [warning] [Decorations] CAPPING events from decorations provider vscode.git 2927
2023-03-22 18:42:26.816 [warning] [Decorations] CAPPING events from decorations provider vscode.git 2927
2023-03-22 18:42:31.969 [warning] [Decorations] CAPPING events from decorations provider vscode.git 2927
2023-03-22 18:42:37.108 [warning] [Decorations] CAPPING events from decorations provider vscode.git 2927
2023-03-22 18:42:43.650 [warning] [Decorations] CAPPING events from decorations provider vscode.git 2927
2023-03-22 18:43:06.124 [warning] [Decorations] CAPPING events from decorations provider vscode.git 2927
2023-03-22 18:45:18.675 [warning] [Decorations] CAPPING events from decorations provider vscode.git 2927
2023-03-22 18:45:41.398 [warning] [Decorations] CAPPING events from decorations provider vscode.git 2927
2023-03-22 18:45:46.522 [warning] [Decorations] CAPPING events from decorations provider vscode.git 2927
2023-03-28 23:21:03.879 [info] Extension host terminating: renderer closed the MessagePort
2023-03-28 23:21:03.928 [error] Canceled: Canceled
	at new u (/LocalRun/wenjian.ma/vscode/VSCode-linux-x64/resources/app/out/vs/workbench/api/node/extensionHostProcess.js:96:88070)
	at l.O (/LocalRun/wenjian.ma/vscode/VSCode-linux-x64/resources/app/out/vs/workbench/api/node/extensionHostProcess.js:106:11276)
	at V.<computed>.M.charCodeAt.V.<computed> (/LocalRun/wenjian.ma/vscode/VSCode-linux-x64/resources/app/out/vs/workbench/api/node/extensionHostProcess.js:106:8557)
	at s.g (/LocalRun/wenjian.ma/vscode/VSCode-linux-x64/resources/app/out/vs/workbench/api/node/extensionHostProcess.js:96:107430)
	at s.executeCommand (/LocalRun/wenjian.ma/vscode/VSCode-linux-x64/resources/app/out/vs/workbench/api/node/extensionHostProcess.js:96:106806)
	at w.registerCommand.description (/LocalRun/wenjian.ma/vscode/VSCode-linux-x64/resources/app/out/vs/workbench/api/node/extensionHostProcess.js:96:106099)
	at s.h (/LocalRun/wenjian.ma/vscode/VSCode-linux-x64/resources/app/out/vs/workbench/api/node/extensionHostProcess.js:96:108016)
	at s.g (/LocalRun/wenjian.ma/vscode/VSCode-linux-x64/resources/app/out/vs/workbench/api/node/extensionHostProcess.js:96:106906)
	at s.executeCommand (/LocalRun/wenjian.ma/vscode/VSCode-linux-x64/resources/app/out/vs/workbench/api/node/extensionHostProcess.js:96:106806)
	at Object.executeCommand (/LocalRun/wenjian.ma/vscode/VSCode-linux-x64/resources/app/out/vs/workbench/api/node/extensionHostProcess.js:117:30778)
	at D (/LocalRun/wenjian.ma/vscode/VSCode-linux-x64/resources/app/extensions/git/dist/main.js:2:2055373)
	at f.invoke (/LocalRun/wenjian.ma/vscode/VSCode-linux-x64/resources/app/out/vs/workbench/api/node/extensionHostProcess.js:63:145)
	at g.deliver (/LocalRun/wenjian.ma/vscode/VSCode-linux-x64/resources/app/out/vs/workbench/api/node/extensionHostProcess.js:63:2029)
	at d.fire (/LocalRun/wenjian.ma/vscode/VSCode-linux-x64/resources/app/out/vs/workbench/api/node/extensionHostProcess.js:63:1667)
	at Object.h [as dispose] (/LocalRun/wenjian.ma/vscode/VSCode-linux-x64/resources/app/extensions/git/dist/main.js:2:2070210)
	at /LocalRun/wenjian.ma/vscode/VSCode-linux-x64/resources/app/extensions/git/dist/main.js:2:2074277
	at Array.forEach (<anonymous>)
	at g.dispose (/LocalRun/wenjian.ma/vscode/VSCode-linux-x64/resources/app/extensions/git/dist/main.js:2:2074263)
	at C.<anonymous> (/LocalRun/wenjian.ma/vscode/VSCode-linux-x64/resources/app/out/vs/workbench/api/node/extensionHostProcess.js:94:12431)
	at C.dispose (/LocalRun/wenjian.ma/vscode/VSCode-linux-x64/resources/app/out/vs/workbench/api/node/extensionHostProcess.js:94:12566)
	at C.<anonymous> (/LocalRun/wenjian.ma/vscode/VSCode-linux-x64/resources/app/extensions/git/dist/main.js:2:2057503)
	at C.dispose (/LocalRun/wenjian.ma/vscode/VSCode-linux-x64/resources/app/out/vs/workbench/api/node/extensionHostProcess.js:94:12566)
	at T (/LocalRun/wenjian.ma/vscode/VSCode-linux-x64/resources/app/out/vs/workbench/api/node/extensionHostProcess.js:10:12072)
	at f.X (/LocalRun/wenjian.ma/vscode/VSCode-linux-x64/resources/app/out/vs/workbench/api/node/extensionHostProcess.js:108:11242)
	at /LocalRun/wenjian.ma/vscode/VSCode-linux-x64/resources/app/out/vs/workbench/api/node/extensionHostProcess.js:108:9037
	at Array.map (<anonymous>)
	at f.Q (/LocalRun/wenjian.ma/vscode/VSCode-linux-x64/resources/app/out/vs/workbench/api/node/extensionHostProcess.js:108:9024)
	at f.terminate (/LocalRun/wenjian.ma/vscode/VSCode-linux-x64/resources/app/out/vs/workbench/api/node/extensionHostProcess.js:108:9298)
	at h.terminate (/LocalRun/wenjian.ma/vscode/VSCode-linux-x64/resources/app/out/vs/workbench/api/node/extensionHostProcess.js:112:1397)
	at p (/LocalRun/wenjian.ma/vscode/VSCode-linux-x64/resources/app/out/vs/workbench/api/node/extensionHostProcess.js:122:17851)
	at MessagePortMain.<anonymous> (/LocalRun/wenjian.ma/vscode/VSCode-linux-x64/resources/app/out/vs/workbench/api/node/extensionHostProcess.js:122:13990)
	at MessagePortMain.emit (node:events:526:28)
	at MessagePortMain._internalPort.emit (node:electron/js2c/utility_init:5:364) setContext undefined
2023-03-28 23:21:03.928 [error] Canceled: Canceled
	at new u (/LocalRun/wenjian.ma/vscode/VSCode-linux-x64/resources/app/out/vs/workbench/api/node/extensionHostProcess.js:96:88070)
	at l.O (/LocalRun/wenjian.ma/vscode/VSCode-linux-x64/resources/app/out/vs/workbench/api/node/extensionHostProcess.js:106:11276)
	at V.<computed>.M.charCodeAt.V.<computed> (/LocalRun/wenjian.ma/vscode/VSCode-linux-x64/resources/app/out/vs/workbench/api/node/extensionHostProcess.js:106:8557)
	at s.g (/LocalRun/wenjian.ma/vscode/VSCode-linux-x64/resources/app/out/vs/workbench/api/node/extensionHostProcess.js:96:107430)
	at s.executeCommand (/LocalRun/wenjian.ma/vscode/VSCode-linux-x64/resources/app/out/vs/workbench/api/node/extensionHostProcess.js:96:106806)
	at w.registerCommand.description (/LocalRun/wenjian.ma/vscode/VSCode-linux-x64/resources/app/out/vs/workbench/api/node/extensionHostProcess.js:96:106099)
	at s.h (/LocalRun/wenjian.ma/vscode/VSCode-linux-x64/resources/app/out/vs/workbench/api/node/extensionHostProcess.js:96:108016)
	at s.g (/LocalRun/wenjian.ma/vscode/VSCode-linux-x64/resources/app/out/vs/workbench/api/node/extensionHostProcess.js:96:106906)
	at s.executeCommand (/LocalRun/wenjian.ma/vscode/VSCode-linux-x64/resources/app/out/vs/workbench/api/node/extensionHostProcess.js:96:106806)
	at Object.executeCommand (/LocalRun/wenjian.ma/vscode/VSCode-linux-x64/resources/app/out/vs/workbench/api/node/extensionHostProcess.js:117:30778)
	at D (/LocalRun/wenjian.ma/vscode/VSCode-linux-x64/resources/app/extensions/git/dist/main.js:2:2055373)
	at f.invoke (/LocalRun/wenjian.ma/vscode/VSCode-linux-x64/resources/app/out/vs/workbench/api/node/extensionHostProcess.js:63:145)
	at g.deliver (/LocalRun/wenjian.ma/vscode/VSCode-linux-x64/resources/app/out/vs/workbench/api/node/extensionHostProcess.js:63:2029)
	at d.fire (/LocalRun/wenjian.ma/vscode/VSCode-linux-x64/resources/app/out/vs/workbench/api/node/extensionHostProcess.js:63:1667)
	at Object.h [as dispose] (/LocalRun/wenjian.ma/vscode/VSCode-linux-x64/resources/app/extensions/git/dist/main.js:2:2070210)
	at /LocalRun/wenjian.ma/vscode/VSCode-linux-x64/resources/app/extensions/git/dist/main.js:2:2074277
	at Array.forEach (<anonymous>)
	at g.dispose (/LocalRun/wenjian.ma/vscode/VSCode-linux-x64/resources/app/extensions/git/dist/main.js:2:2074263)
	at C.<anonymous> (/LocalRun/wenjian.ma/vscode/VSCode-linux-x64/resources/app/out/vs/workbench/api/node/extensionHostProcess.js:94:12431)
	at C.dispose (/LocalRun/wenjian.ma/vscode/VSCode-linux-x64/resources/app/out/vs/workbench/api/node/extensionHostProcess.js:94:12566)
	at C.<anonymous> (/LocalRun/wenjian.ma/vscode/VSCode-linux-x64/resources/app/extensions/git/dist/main.js:2:2057503)
	at C.dispose (/LocalRun/wenjian.ma/vscode/VSCode-linux-x64/resources/app/out/vs/workbench/api/node/extensionHostProcess.js:94:12566)
	at T (/LocalRun/wenjian.ma/vscode/VSCode-linux-x64/resources/app/out/vs/workbench/api/node/extensionHostProcess.js:10:12072)
	at f.X (/LocalRun/wenjian.ma/vscode/VSCode-linux-x64/resources/app/out/vs/workbench/api/node/extensionHostProcess.js:108:11242)
	at /LocalRun/wenjian.ma/vscode/VSCode-linux-x64/resources/app/out/vs/workbench/api/node/extensionHostProcess.js:108:9037
	at Array.map (<anonymous>)
	at f.Q (/LocalRun/wenjian.ma/vscode/VSCode-linux-x64/resources/app/out/vs/workbench/api/node/extensionHostProcess.js:108:9024)
	at f.terminate (/LocalRun/wenjian.ma/vscode/VSCode-linux-x64/resources/app/out/vs/workbench/api/node/extensionHostProcess.js:108:9298)
	at h.terminate (/LocalRun/wenjian.ma/vscode/VSCode-linux-x64/resources/app/out/vs/workbench/api/node/extensionHostProcess.js:112:1397)
	at p (/LocalRun/wenjian.ma/vscode/VSCode-linux-x64/resources/app/out/vs/workbench/api/node/extensionHostProcess.js:122:17851)
	at MessagePortMain.<anonymous> (/LocalRun/wenjian.ma/vscode/VSCode-linux-x64/resources/app/out/vs/workbench/api/node/extensionHostProcess.js:122:13990)
	at MessagePortMain.emit (node:events:526:28)
	at MessagePortMain._internalPort.emit (node:electron/js2c/utility_init:5:364) setContext undefined
2023-03-28 23:21:03.928 [error] Canceled: Canceled
	at new u (/LocalRun/wenjian.ma/vscode/VSCode-linux-x64/resources/app/out/vs/workbench/api/node/extensionHostProcess.js:96:88070)
	at l.O (/LocalRun/wenjian.ma/vscode/VSCode-linux-x64/resources/app/out/vs/workbench/api/node/extensionHostProcess.js:106:11276)
	at V.<computed>.M.charCodeAt.V.<computed> (/LocalRun/wenjian.ma/vscode/VSCode-linux-x64/resources/app/out/vs/workbench/api/node/extensionHostProcess.js:106:8557)
	at s.g (/LocalRun/wenjian.ma/vscode/VSCode-linux-x64/resources/app/out/vs/workbench/api/node/extensionHostProcess.js:96:107430)
	at s.executeCommand (/LocalRun/wenjian.ma/vscode/VSCode-linux-x64/resources/app/out/vs/workbench/api/node/extensionHostProcess.js:96:106806)
	at w.registerCommand.description (/LocalRun/wenjian.ma/vscode/VSCode-linux-x64/resources/app/out/vs/workbench/api/node/extensionHostProcess.js:96:106099)
	at s.h (/LocalRun/wenjian.ma/vscode/VSCode-linux-x64/resources/app/out/vs/workbench/api/node/extensionHostProcess.js:96:108016)
	at s.g (/LocalRun/wenjian.ma/vscode/VSCode-linux-x64/resources/app/out/vs/workbench/api/node/extensionHostProcess.js:96:106906)
	at s.executeCommand (/LocalRun/wenjian.ma/vscode/VSCode-linux-x64/resources/app/out/vs/workbench/api/node/extensionHostProcess.js:96:106806)
	at Object.executeCommand (/LocalRun/wenjian.ma/vscode/VSCode-linux-x64/resources/app/out/vs/workbench/api/node/extensionHostProcess.js:117:30778)
	at D (/LocalRun/wenjian.ma/vscode/VSCode-linux-x64/resources/app/extensions/git/dist/main.js:2:2055373)
	at f.invoke (/LocalRun/wenjian.ma/vscode/VSCode-linux-x64/resources/app/out/vs/workbench/api/node/extensionHostProcess.js:63:145)
	at g.deliver (/LocalRun/wenjian.ma/vscode/VSCode-linux-x64/resources/app/out/vs/workbench/api/node/extensionHostProcess.js:63:2029)
	at d.fire (/LocalRun/wenjian.ma/vscode/VSCode-linux-x64/resources/app/out/vs/workbench/api/node/extensionHostProcess.js:63:1667)
	at Object.h [as dispose] (/LocalRun/wenjian.ma/vscode/VSCode-linux-x64/resources/app/extensions/git/dist/main.js:2:2070210)
	at /LocalRun/wenjian.ma/vscode/VSCode-linux-x64/resources/app/extensions/git/dist/main.js:2:2074277
	at Array.forEach (<anonymous>)
	at g.dispose (/LocalRun/wenjian.ma/vscode/VSCode-linux-x64/resources/app/extensions/git/dist/main.js:2:2074263)
	at C.<anonymous> (/LocalRun/wenjian.ma/vscode/VSCode-linux-x64/resources/app/out/vs/workbench/api/node/extensionHostProcess.js:94:12431)
	at C.dispose (/LocalRun/wenjian.ma/vscode/VSCode-linux-x64/resources/app/out/vs/workbench/api/node/extensionHostProcess.js:94:12566)
	at C.<anonymous> (/LocalRun/wenjian.ma/vscode/VSCode-linux-x64/resources/app/extensions/git/dist/main.js:2:2057503)
	at C.dispose (/LocalRun/wenjian.ma/vscode/VSCode-linux-x64/resources/app/out/vs/workbench/api/node/extensionHostProcess.js:94:12566)
	at T (/LocalRun/wenjian.ma/vscode/VSCode-linux-x64/resources/app/out/vs/workbench/api/node/extensionHostProcess.js:10:12072)
	at f.X (/LocalRun/wenjian.ma/vscode/VSCode-linux-x64/resources/app/out/vs/workbench/api/node/extensionHostProcess.js:108:11242)
	at /LocalRun/wenjian.ma/vscode/VSCode-linux-x64/resources/app/out/vs/workbench/api/node/extensionHostProcess.js:108:9037
	at Array.map (<anonymous>)
	at f.Q (/LocalRun/wenjian.ma/vscode/VSCode-linux-x64/resources/app/out/vs/workbench/api/node/extensionHostProcess.js:108:9024)
	at f.terminate (/LocalRun/wenjian.ma/vscode/VSCode-linux-x64/resources/app/out/vs/workbench/api/node/extensionHostProcess.js:108:9298)
	at h.terminate (/LocalRun/wenjian.ma/vscode/VSCode-linux-x64/resources/app/out/vs/workbench/api/node/extensionHostProcess.js:112:1397)
	at p (/LocalRun/wenjian.ma/vscode/VSCode-linux-x64/resources/app/out/vs/workbench/api/node/extensionHostProcess.js:122:17851)
	at MessagePortMain.<anonymous> (/LocalRun/wenjian.ma/vscode/VSCode-linux-x64/resources/app/out/vs/workbench/api/node/extensionHostProcess.js:122:13990)
	at MessagePortMain.emit (node:events:526:28)
	at MessagePortMain._internalPort.emit (node:electron/js2c/utility_init:5:364) setContext undefined
2023-03-28 23:21:03.928 [error] Canceled: Canceled
	at new u (/LocalRun/wenjian.ma/vscode/VSCode-linux-x64/resources/app/out/vs/workbench/api/node/extensionHostProcess.js:96:88070)
	at l.O (/LocalRun/wenjian.ma/vscode/VSCode-linux-x64/resources/app/out/vs/workbench/api/node/extensionHostProcess.js:106:11276)
	at V.<computed>.M.charCodeAt.V.<computed> (/LocalRun/wenjian.ma/vscode/VSCode-linux-x64/resources/app/out/vs/workbench/api/node/extensionHostProcess.js:106:8557)
	at s.g (/LocalRun/wenjian.ma/vscode/VSCode-linux-x64/resources/app/out/vs/workbench/api/node/extensionHostProcess.js:96:107430)
	at s.executeCommand (/LocalRun/wenjian.ma/vscode/VSCode-linux-x64/resources/app/out/vs/workbench/api/node/extensionHostProcess.js:96:106806)
	at w.registerCommand.description (/LocalRun/wenjian.ma/vscode/VSCode-linux-x64/resources/app/out/vs/workbench/api/node/extensionHostProcess.js:96:106099)
	at s.h (/LocalRun/wenjian.ma/vscode/VSCode-linux-x64/resources/app/out/vs/workbench/api/node/extensionHostProcess.js:96:108016)
	at s.g (/LocalRun/wenjian.ma/vscode/VSCode-linux-x64/resources/app/out/vs/workbench/api/node/extensionHostProcess.js:96:106906)
	at s.executeCommand (/LocalRun/wenjian.ma/vscode/VSCode-linux-x64/resources/app/out/vs/workbench/api/node/extensionHostProcess.js:96:106806)
	at Object.executeCommand (/LocalRun/wenjian.ma/vscode/VSCode-linux-x64/resources/app/out/vs/workbench/api/node/extensionHostProcess.js:117:30778)
	at D (/LocalRun/wenjian.ma/vscode/VSCode-linux-x64/resources/app/extensions/git/dist/main.js:2:2055373)
	at f.invoke (/LocalRun/wenjian.ma/vscode/VSCode-linux-x64/resources/app/out/vs/workbench/api/node/extensionHostProcess.js:63:145)
	at g.deliver (/LocalRun/wenjian.ma/vscode/VSCode-linux-x64/resources/app/out/vs/workbench/api/node/extensionHostProcess.js:63:2029)
	at d.fire (/LocalRun/wenjian.ma/vscode/VSCode-linux-x64/resources/app/out/vs/workbench/api/node/extensionHostProcess.js:63:1667)
	at Object.h [as dispose] (/LocalRun/wenjian.ma/vscode/VSCode-linux-x64/resources/app/extensions/git/dist/main.js:2:2070210)
	at /LocalRun/wenjian.ma/vscode/VSCode-linux-x64/resources/app/extensions/git/dist/main.js:2:2074277
	at Array.forEach (<anonymous>)
	at g.dispose (/LocalRun/wenjian.ma/vscode/VSCode-linux-x64/resources/app/extensions/git/dist/main.js:2:2074263)
	at C.<anonymous> (/LocalRun/wenjian.ma/vscode/VSCode-linux-x64/resources/app/out/vs/workbench/api/node/extensionHostProcess.js:94:12431)
	at C.dispose (/LocalRun/wenjian.ma/vscode/VSCode-linux-x64/resources/app/out/vs/workbench/api/node/extensionHostProcess.js:94:12566)
	at C.<anonymous> (/LocalRun/wenjian.ma/vscode/VSCode-linux-x64/resources/app/extensions/git/dist/main.js:2:2057503)
	at C.dispose (/LocalRun/wenjian.ma/vscode/VSCode-linux-x64/resources/app/out/vs/workbench/api/node/extensionHostProcess.js:94:12566)
	at T (/LocalRun/wenjian.ma/vscode/VSCode-linux-x64/resources/app/out/vs/workbench/api/node/extensionHostProcess.js:10:12072)
	at f.X (/LocalRun/wenjian.ma/vscode/VSCode-linux-x64/resources/app/out/vs/workbench/api/node/extensionHostProcess.js:108:11242)
	at /LocalRun/wenjian.ma/vscode/VSCode-linux-x64/resources/app/out/vs/workbench/api/node/extensionHostProcess.js:108:9037
	at Array.map (<anonymous>)
	at f.Q (/LocalRun/wenjian.ma/vscode/VSCode-linux-x64/resources/app/out/vs/workbench/api/node/extensionHostProcess.js:108:9024)
	at f.terminate (/LocalRun/wenjian.ma/vscode/VSCode-linux-x64/resources/app/out/vs/workbench/api/node/extensionHostProcess.js:108:9298)
	at h.terminate (/LocalRun/wenjian.ma/vscode/VSCode-linux-x64/resources/app/out/vs/workbench/api/node/extensionHostProcess.js:112:1397)
	at p (/LocalRun/wenjian.ma/vscode/VSCode-linux-x64/resources/app/out/vs/workbench/api/node/extensionHostProcess.js:122:17851)
	at MessagePortMain.<anonymous> (/LocalRun/wenjian.ma/vscode/VSCode-linux-x64/resources/app/out/vs/workbench/api/node/extensionHostProcess.js:122:13990)
	at MessagePortMain.emit (node:events:526:28)
	at MessagePortMain._internalPort.emit (node:electron/js2c/utility_init:5:364) setContext undefined
2023-03-28 23:21:03.928 [error] Canceled: Canceled
	at new u (/LocalRun/wenjian.ma/vscode/VSCode-linux-x64/resources/app/out/vs/workbench/api/node/extensionHostProcess.js:96:88070)
	at l.O (/LocalRun/wenjian.ma/vscode/VSCode-linux-x64/resources/app/out/vs/workbench/api/node/extensionHostProcess.js:106:11276)
	at V.<computed>.M.charCodeAt.V.<computed> (/LocalRun/wenjian.ma/vscode/VSCode-linux-x64/resources/app/out/vs/workbench/api/node/extensionHostProcess.js:106:8557)
	at s.g (/LocalRun/wenjian.ma/vscode/VSCode-linux-x64/resources/app/out/vs/workbench/api/node/extensionHostProcess.js:96:107430)
	at s.executeCommand (/LocalRun/wenjian.ma/vscode/VSCode-linux-x64/resources/app/out/vs/workbench/api/node/extensionHostProcess.js:96:106806)
	at w.registerCommand.description (/LocalRun/wenjian.ma/vscode/VSCode-linux-x64/resources/app/out/vs/workbench/api/node/extensionHostProcess.js:96:106099)
	at s.h (/LocalRun/wenjian.ma/vscode/VSCode-linux-x64/resources/app/out/vs/workbench/api/node/extensionHostProcess.js:96:108016)
	at s.g (/LocalRun/wenjian.ma/vscode/VSCode-linux-x64/resources/app/out/vs/workbench/api/node/extensionHostProcess.js:96:106906)
	at s.executeCommand (/LocalRun/wenjian.ma/vscode/VSCode-linux-x64/resources/app/out/vs/workbench/api/node/extensionHostProcess.js:96:106806)
	at Object.executeCommand (/LocalRun/wenjian.ma/vscode/VSCode-linux-x64/resources/app/out/vs/workbench/api/node/extensionHostProcess.js:117:30778)
	at D (/LocalRun/wenjian.ma/vscode/VSCode-linux-x64/resources/app/extensions/git/dist/main.js:2:2055373)
	at f.invoke (/LocalRun/wenjian.ma/vscode/VSCode-linux-x64/resources/app/out/vs/workbench/api/node/extensionHostProcess.js:63:145)
	at g.deliver (/LocalRun/wenjian.ma/vscode/VSCode-linux-x64/resources/app/out/vs/workbench/api/node/extensionHostProcess.js:63:2029)
	at d.fire (/LocalRun/wenjian.ma/vscode/VSCode-linux-x64/resources/app/out/vs/workbench/api/node/extensionHostProcess.js:63:1667)
	at Object.h [as dispose] (/LocalRun/wenjian.ma/vscode/VSCode-linux-x64/resources/app/extensions/git/dist/main.js:2:2070210)
	at /LocalRun/wenjian.ma/vscode/VSCode-linux-x64/resources/app/extensions/git/dist/main.js:2:2074277
	at Array.forEach (<anonymous>)
	at g.dispose (/LocalRun/wenjian.ma/vscode/VSCode-linux-x64/resources/app/extensions/git/dist/main.js:2:2074263)
	at C.<anonymous> (/LocalRun/wenjian.ma/vscode/VSCode-linux-x64/resources/app/out/vs/workbench/api/node/extensionHostProcess.js:94:12431)
	at C.dispose (/LocalRun/wenjian.ma/vscode/VSCode-linux-x64/resources/app/out/vs/workbench/api/node/extensionHostProcess.js:94:12566)
	at C.<anonymous> (/LocalRun/wenjian.ma/vscode/VSCode-linux-x64/resources/app/extensions/git/dist/main.js:2:2057503)
	at C.dispose (/LocalRun/wenjian.ma/vscode/VSCode-linux-x64/resources/app/out/vs/workbench/api/node/extensionHostProcess.js:94:12566)
	at T (/LocalRun/wenjian.ma/vscode/VSCode-linux-x64/resources/app/out/vs/workbench/api/node/extensionHostProcess.js:10:12072)
	at f.X (/LocalRun/wenjian.ma/vscode/VSCode-linux-x64/resources/app/out/vs/workbench/api/node/extensionHostProcess.js:108:11242)
	at /LocalRun/wenjian.ma/vscode/VSCode-linux-x64/resources/app/out/vs/workbench/api/node/extensionHostProcess.js:108:9037
	at Array.map (<anonymous>)
	at f.Q (/LocalRun/wenjian.ma/vscode/VSCode-linux-x64/resources/app/out/vs/workbench/api/node/extensionHostProcess.js:108:9024)
	at f.terminate (/LocalRun/wenjian.ma/vscode/VSCode-linux-x64/resources/app/out/vs/workbench/api/node/extensionHostProcess.js:108:9298)
	at h.terminate (/LocalRun/wenjian.ma/vscode/VSCode-linux-x64/resources/app/out/vs/workbench/api/node/extensionHostProcess.js:112:1397)
	at p (/LocalRun/wenjian.ma/vscode/VSCode-linux-x64/resources/app/out/vs/workbench/api/node/extensionHostProcess.js:122:17851)
	at MessagePortMain.<anonymous> (/LocalRun/wenjian.ma/vscode/VSCode-linux-x64/resources/app/out/vs/workbench/api/node/extensionHostProcess.js:122:13990)
	at MessagePortMain.emit (node:events:526:28)
	at MessagePortMain._internalPort.emit (node:electron/js2c/utility_init:5:364) setContext undefined
2023-03-28 23:21:03.928 [error] Canceled: Canceled
	at new u (/LocalRun/wenjian.ma/vscode/VSCode-linux-x64/resources/app/out/vs/workbench/api/node/extensionHostProcess.js:96:88070)
	at l.O (/LocalRun/wenjian.ma/vscode/VSCode-linux-x64/resources/app/out/vs/workbench/api/node/extensionHostProcess.js:106:11276)
	at V.<computed>.M.charCodeAt.V.<computed> (/LocalRun/wenjian.ma/vscode/VSCode-linux-x64/resources/app/out/vs/workbench/api/node/extensionHostProcess.js:106:8557)
	at s.g (/LocalRun/wenjian.ma/vscode/VSCode-linux-x64/resources/app/out/vs/workbench/api/node/extensionHostProcess.js:96:107430)
	at s.executeCommand (/LocalRun/wenjian.ma/vscode/VSCode-linux-x64/resources/app/out/vs/workbench/api/node/extensionHostProcess.js:96:106806)
	at w.registerCommand.description (/LocalRun/wenjian.ma/vscode/VSCode-linux-x64/resources/app/out/vs/workbench/api/node/extensionHostProcess.js:96:106099)
	at s.h (/LocalRun/wenjian.ma/vscode/VSCode-linux-x64/resources/app/out/vs/workbench/api/node/extensionHostProcess.js:96:108016)
	at s.g (/LocalRun/wenjian.ma/vscode/VSCode-linux-x64/resources/app/out/vs/workbench/api/node/extensionHostProcess.js:96:106906)
	at s.executeCommand (/LocalRun/wenjian.ma/vscode/VSCode-linux-x64/resources/app/out/vs/workbench/api/node/extensionHostProcess.js:96:106806)
	at Object.executeCommand (/LocalRun/wenjian.ma/vscode/VSCode-linux-x64/resources/app/out/vs/workbench/api/node/extensionHostProcess.js:117:30778)
	at D (/LocalRun/wenjian.ma/vscode/VSCode-linux-x64/resources/app/extensions/git/dist/main.js:2:2055373)
	at f.invoke (/LocalRun/wenjian.ma/vscode/VSCode-linux-x64/resources/app/out/vs/workbench/api/node/extensionHostProcess.js:63:145)
	at g.deliver (/LocalRun/wenjian.ma/vscode/VSCode-linux-x64/resources/app/out/vs/workbench/api/node/extensionHostProcess.js:63:2029)
	at d.fire (/LocalRun/wenjian.ma/vscode/VSCode-linux-x64/resources/app/out/vs/workbench/api/node/extensionHostProcess.js:63:1667)
	at Object.h [as dispose] (/LocalRun/wenjian.ma/vscode/VSCode-linux-x64/resources/app/extensions/git/dist/main.js:2:2070210)
	at /LocalRun/wenjian.ma/vscode/VSCode-linux-x64/resources/app/extensions/git/dist/main.js:2:2074277
	at Array.forEach (<anonymous>)
	at g.dispose (/LocalRun/wenjian.ma/vscode/VSCode-linux-x64/resources/app/extensions/git/dist/main.js:2:2074263)
	at C.<anonymous> (/LocalRun/wenjian.ma/vscode/VSCode-linux-x64/resources/app/out/vs/workbench/api/node/extensionHostProcess.js:94:12431)
	at C.dispose (/LocalRun/wenjian.ma/vscode/VSCode-linux-x64/resources/app/out/vs/workbench/api/node/extensionHostProcess.js:94:12566)
	at C.<anonymous> (/LocalRun/wenjian.ma/vscode/VSCode-linux-x64/resources/app/extensions/git/dist/main.js:2:2057503)
	at C.dispose (/LocalRun/wenjian.ma/vscode/VSCode-linux-x64/resources/app/out/vs/workbench/api/node/extensionHostProcess.js:94:12566)
	at T (/LocalRun/wenjian.ma/vscode/VSCode-linux-x64/resources/app/out/vs/workbench/api/node/extensionHostProcess.js:10:12072)
	at f.X (/LocalRun/wenjian.ma/vscode/VSCode-linux-x64/resources/app/out/vs/workbench/api/node/extensionHostProcess.js:108:11242)
	at /LocalRun/wenjian.ma/vscode/VSCode-linux-x64/resources/app/out/vs/workbench/api/node/extensionHostProcess.js:108:9037
	at Array.map (<anonymous>)
	at f.Q (/LocalRun/wenjian.ma/vscode/VSCode-linux-x64/resources/app/out/vs/workbench/api/node/extensionHostProcess.js:108:9024)
	at f.terminate (/LocalRun/wenjian.ma/vscode/VSCode-linux-x64/resources/app/out/vs/workbench/api/node/extensionHostProcess.js:108:9298)
	at h.terminate (/LocalRun/wenjian.ma/vscode/VSCode-linux-x64/resources/app/out/vs/workbench/api/node/extensionHostProcess.js:112:1397)
	at p (/LocalRun/wenjian.ma/vscode/VSCode-linux-x64/resources/app/out/vs/workbench/api/node/extensionHostProcess.js:122:17851)
	at MessagePortMain.<anonymous> (/LocalRun/wenjian.ma/vscode/VSCode-linux-x64/resources/app/out/vs/workbench/api/node/extensionHostProcess.js:122:13990)
	at MessagePortMain.emit (node:events:526:28)
	at MessagePortMain._internalPort.emit (node:electron/js2c/utility_init:5:364) setContext undefined
2023-03-28 23:21:03.928 [error] Canceled: Canceled
	at new u (/LocalRun/wenjian.ma/vscode/VSCode-linux-x64/resources/app/out/vs/workbench/api/node/extensionHostProcess.js:96:88070)
	at l.O (/LocalRun/wenjian.ma/vscode/VSCode-linux-x64/resources/app/out/vs/workbench/api/node/extensionHostProcess.js:106:11276)
	at V.<computed>.M.charCodeAt.V.<computed> (/LocalRun/wenjian.ma/vscode/VSCode-linux-x64/resources/app/out/vs/workbench/api/node/extensionHostProcess.js:106:8557)
	at s.g (/LocalRun/wenjian.ma/vscode/VSCode-linux-x64/resources/app/out/vs/workbench/api/node/extensionHostProcess.js:96:107430)
	at s.executeCommand (/LocalRun/wenjian.ma/vscode/VSCode-linux-x64/resources/app/out/vs/workbench/api/node/extensionHostProcess.js:96:106806)
	at w.registerCommand.description (/LocalRun/wenjian.ma/vscode/VSCode-linux-x64/resources/app/out/vs/workbench/api/node/extensionHostProcess.js:96:106099)
	at s.h (/LocalRun/wenjian.ma/vscode/VSCode-linux-x64/resources/app/out/vs/workbench/api/node/extensionHostProcess.js:96:108016)
	at s.g (/LocalRun/wenjian.ma/vscode/VSCode-linux-x64/resources/app/out/vs/workbench/api/node/extensionHostProcess.js:96:106906)
	at s.executeCommand (/LocalRun/wenjian.ma/vscode/VSCode-linux-x64/resources/app/out/vs/workbench/api/node/extensionHostProcess.js:96:106806)
	at Object.executeCommand (/LocalRun/wenjian.ma/vscode/VSCode-linux-x64/resources/app/out/vs/workbench/api/node/extensionHostProcess.js:117:30778)
	at D (/LocalRun/wenjian.ma/vscode/VSCode-linux-x64/resources/app/extensions/git/dist/main.js:2:2055373)
	at f.invoke (/LocalRun/wenjian.ma/vscode/VSCode-linux-x64/resources/app/out/vs/workbench/api/node/extensionHostProcess.js:63:145)
	at g.deliver (/LocalRun/wenjian.ma/vscode/VSCode-linux-x64/resources/app/out/vs/workbench/api/node/extensionHostProcess.js:63:2029)
	at d.fire (/LocalRun/wenjian.ma/vscode/VSCode-linux-x64/resources/app/out/vs/workbench/api/node/extensionHostProcess.js:63:1667)
	at Object.h [as dispose] (/LocalRun/wenjian.ma/vscode/VSCode-linux-x64/resources/app/extensions/git/dist/main.js:2:2070210)
	at /LocalRun/wenjian.ma/vscode/VSCode-linux-x64/resources/app/extensions/git/dist/main.js:2:2074277
	at Array.forEach (<anonymous>)
	at g.dispose (/LocalRun/wenjian.ma/vscode/VSCode-linux-x64/resources/app/extensions/git/dist/main.js:2:2074263)
	at C.<anonymous> (/LocalRun/wenjian.ma/vscode/VSCode-linux-x64/resources/app/out/vs/workbench/api/node/extensionHostProcess.js:94:12431)
	at C.dispose (/LocalRun/wenjian.ma/vscode/VSCode-linux-x64/resources/app/out/vs/workbench/api/node/extensionHostProcess.js:94:12566)
	at C.<anonymous> (/LocalRun/wenjian.ma/vscode/VSCode-linux-x64/resources/app/extensions/git/dist/main.js:2:2057503)
	at C.dispose (/LocalRun/wenjian.ma/vscode/VSCode-linux-x64/resources/app/out/vs/workbench/api/node/extensionHostProcess.js:94:12566)
	at T (/LocalRun/wenjian.ma/vscode/VSCode-linux-x64/resources/app/out/vs/workbench/api/node/extensionHostProcess.js:10:12072)
	at f.X (/LocalRun/wenjian.ma/vscode/VSCode-linux-x64/resources/app/out/vs/workbench/api/node/extensionHostProcess.js:108:11242)
	at /LocalRun/wenjian.ma/vscode/VSCode-linux-x64/resources/app/out/vs/workbench/api/node/extensionHostProcess.js:108:9037
	at Array.map (<anonymous>)
	at f.Q (/LocalRun/wenjian.ma/vscode/VSCode-linux-x64/resources/app/out/vs/workbench/api/node/extensionHostProcess.js:108:9024)
	at f.terminate (/LocalRun/wenjian.ma/vscode/VSCode-linux-x64/resources/app/out/vs/workbench/api/node/extensionHostProcess.js:108:9298)
	at h.terminate (/LocalRun/wenjian.ma/vscode/VSCode-linux-x64/resources/app/out/vs/workbench/api/node/extensionHostProcess.js:112:1397)
	at p (/LocalRun/wenjian.ma/vscode/VSCode-linux-x64/resources/app/out/vs/workbench/api/node/extensionHostProcess.js:122:17851)
	at MessagePortMain.<anonymous> (/LocalRun/wenjian.ma/vscode/VSCode-linux-x64/resources/app/out/vs/workbench/api/node/extensionHostProcess.js:122:13990)
	at MessagePortMain.emit (node:events:526:28)
	at MessagePortMain._internalPort.emit (node:electron/js2c/utility_init:5:364) setContext undefined
2023-03-28 23:21:03.948 [info] Extension host with pid 16967 exiting with code 0
