2023-04-14 21:42:26.711 [info] Log level: Info
2023-04-14 21:42:26.711 [info] Validating found git in: "git"
2023-04-14 21:42:26.711 [info] Using git "2.22.0" from "git"
2023-04-14 21:42:26.727 [info] > git rev-parse --show-toplevel [122ms]
2023-04-14 21:42:26.849 [info] > git rev-parse --git-dir --git-common-dir [83ms]
2023-04-14 21:42:26.858 [info] Open repository: /LocalRun/wenjian.ma/tvm
2023-04-14 21:42:26.902 [info] > git rev-parse --show-toplevel [32ms]
2023-04-14 21:42:26.927 [info] > git rev-parse --show-toplevel [15ms]
2023-04-14 21:42:26.937 [info] > git config --get commit.template [36ms]
2023-04-14 21:42:26.940 [info] > git rev-parse --show-toplevel [4ms]
2023-04-14 21:42:26.964 [info] > git rev-parse --show-toplevel [14ms]
2023-04-14 21:42:26.975 [info] > git rev-parse --show-toplevel [3ms]
2023-04-14 21:42:26.983 [info] > git for-each-ref --format=%(refname)%00%(upstream:short)%00%(objectname)%00%(upstream:track)%00%(upstream:remotename)%00%(upstream:remoteref) refs/heads/fix_vm_scalar_args_testcase refs/remotes/fix_vm_scalar_args_testcase [22ms]
2023-04-14 21:42:27.011 [info] > git rev-parse --show-toplevel [28ms]
2023-04-14 21:42:27.028 [info] > git rev-parse --show-toplevel [6ms]
2023-04-14 21:42:27.038 [info] > git for-each-ref --sort -committerdate --format %(refname) %(objectname) %(*objectname) [31ms]
2023-04-14 21:42:27.040 [info] > git rev-parse --show-toplevel [3ms]
2023-04-14 21:42:27.053 [info] > git rev-parse --show-toplevel [4ms]
2023-04-14 21:42:27.063 [info] > git rev-parse --show-toplevel [2ms]
2023-04-14 21:42:27.106 [info] > git status -z -uall [113ms]
2023-04-14 21:42:27.108 [info] > git rev-parse --show-toplevel [36ms]
2023-04-14 21:42:27.207 [info] > git rev-parse --show-toplevel [91ms]
2023-04-14 21:42:27.220 [info] > git rev-parse --show-toplevel [4ms]
2023-04-14 21:42:27.231 [info] > git config --get commit.template [29ms]
2023-04-14 21:42:27.604 [info] > git rev-parse --show-toplevel [374ms]
2023-04-14 21:42:27.641 [info] > git rev-parse --show-toplevel [28ms]
2023-04-14 21:42:27.655 [info] > git check-ignore -v -z --stdin [31ms]
2023-04-14 21:42:27.657 [info] > git rev-parse --show-toplevel [5ms]
2023-04-14 21:42:27.668 [info] > git for-each-ref --format=%(refname)%00%(upstream:short)%00%(objectname)%00%(upstream:track)%00%(upstream:remotename)%00%(upstream:remoteref) refs/heads/fix_vm_scalar_args_testcase refs/remotes/fix_vm_scalar_args_testcase [29ms]
2023-04-14 21:42:27.831 [info] > git status -z -uall [151ms]
2023-04-14 21:42:27.834 [info] > git for-each-ref --sort -committerdate --format %(refname) %(objectname) %(*objectname) [143ms]
2023-04-14 21:42:27.835 [info] > git rev-parse --show-toplevel [166ms]
2023-04-14 21:42:28.028 [info] > git rev-parse --show-toplevel [169ms]
2023-04-14 21:42:28.150 [info] > git rev-parse --show-toplevel [108ms]
2023-04-14 21:42:28.629 [info] > git rev-parse --show-toplevel [467ms]
2023-04-14 21:42:28.674 [info] > git rev-parse --show-toplevel [33ms]
2023-04-14 21:42:28.752 [info] > git rev-parse --show-toplevel [69ms]
2023-04-14 21:42:28.778 [info] > git rev-parse --show-toplevel [17ms]
2023-04-14 21:42:28.798 [info] > git rev-parse --show-toplevel [9ms]
2023-04-14 21:42:28.832 [info] > git rev-parse --show-toplevel [20ms]
2023-04-14 21:42:28.898 [info] > git rev-parse --show-toplevel [50ms]
2023-04-14 21:42:28.968 [info] > git rev-parse --show-toplevel [55ms]
2023-04-14 21:42:29.029 [info] > git rev-parse --show-toplevel [52ms]
2023-04-14 21:42:29.058 [info] > git rev-parse --show-toplevel [15ms]
2023-04-14 21:42:29.076 [info] > git rev-parse --show-toplevel [9ms]
2023-04-14 21:42:29.116 [info] > git show --textconv :tests/python/relay/test_any.py [16ms]
2023-04-14 21:42:29.116 [info] > git ls-files --stage -- /LocalRun/wenjian.ma/tvm/tests/python/relay/test_any.py [4ms]
2023-04-14 21:42:29.128 [info] > git rev-parse --show-toplevel [41ms]
2023-04-14 21:42:29.143 [info] > git rev-parse --git-dir --git-common-dir [6ms]
2023-04-14 21:42:29.146 [info] Open repository: /LocalRun/wenjian.ma/tvm/3rdparty/dmlc-core
2023-04-14 21:42:29.156 [info] > git cat-file -s 279507f7db1a70f6cc6149de1485f095e7c67000 [30ms]
2023-04-14 21:42:29.173 [info] > git rev-parse --show-toplevel [17ms]
2023-04-14 21:42:29.192 [info] > git rev-parse --git-dir --git-common-dir [8ms]
2023-04-14 21:42:29.195 [info] Open repository: /LocalRun/wenjian.ma/tvm/3rdparty/dlpack
2023-04-14 21:42:29.209 [info] > git config --get commit.template [40ms]
2023-04-14 21:42:29.231 [info] > git rev-parse --show-toplevel [23ms]
2023-04-14 21:42:29.261 [info] > git rev-parse --git-dir --git-common-dir [19ms]
2023-04-14 21:42:29.264 [info] Open repository: /LocalRun/wenjian.ma/tvm/3rdparty/rang
2023-04-14 21:42:29.276 [info] > git config --get commit.template [53ms]
2023-04-14 21:42:29.298 [info] > git rev-parse --show-toplevel [23ms]
2023-04-14 21:42:29.308 [info] > git for-each-ref --format %(refname) %(objectname) %(*objectname) refs/tags [53ms]
2023-04-14 21:42:29.345 [info] > git status -z -uall [28ms]
2023-04-14 21:42:29.347 [info] > git for-each-ref --sort -committerdate --format %(refname) %(objectname) %(*objectname) [19ms]
2023-04-14 21:42:29.351 [info] > git rev-parse --git-dir --git-common-dir [43ms]
2023-04-14 21:42:29.355 [info] Open repository: /LocalRun/wenjian.ma/tvm/3rdparty/vta-hw
2023-04-14 21:42:29.367 [info] > git config --get commit.template [74ms]
2023-04-14 21:42:29.388 [info] > git rev-parse --show-toplevel [21ms]
2023-04-14 21:42:29.400 [info] > git for-each-ref --format %(refname) %(objectname) %(*objectname) refs/tags [58ms]
2023-04-14 21:42:29.448 [info] > git status -z -uall [37ms]
2023-04-14 21:42:29.451 [info] > git for-each-ref --sort -committerdate --format %(refname) %(objectname) %(*objectname) [29ms]
2023-04-14 21:42:29.454 [info] > git rev-parse --git-dir --git-common-dir [54ms]
2023-04-14 21:42:29.458 [info] Open repository: /LocalRun/wenjian.ma/tvm/3rdparty/libbacktrace
2023-04-14 21:42:29.471 [info] > git config --get commit.template [89ms]
2023-04-14 21:42:29.495 [info] > git rev-parse --show-toplevel [25ms]
2023-04-14 21:42:29.506 [info] > git for-each-ref --format %(refname) %(objectname) %(*objectname) refs/tags [63ms]
2023-04-14 21:42:29.557 [info] > git status -z -uall [37ms]
2023-04-14 21:42:29.560 [info] > git rev-parse --git-dir --git-common-dir [54ms]
2023-04-14 21:42:29.564 [info] Open repository: /LocalRun/wenjian.ma/tvm/3rdparty/cutlass
2023-04-14 21:42:29.565 [info] > git config --get commit.template [76ms]
2023-04-14 21:42:29.591 [info] > git for-each-ref --format %(refname) %(objectname) %(*objectname) refs/tags [39ms]
2023-04-14 21:42:29.622 [info] > git for-each-ref --sort -committerdate --format %(refname) %(objectname) %(*objectname) [86ms]
2023-04-14 21:42:29.640 [info] > git status -z -uall [34ms]
2023-04-14 21:42:29.641 [info] > git for-each-ref --sort -committerdate --format %(refname) %(objectname) %(*objectname) [20ms]
2023-04-14 21:42:29.644 [info] > git config --get commit.template [54ms]
2023-04-14 21:42:29.650 [info] > git for-each-ref --format %(refname) %(objectname) %(*objectname) refs/tags [12ms]
2023-04-14 21:42:29.693 [info] > git status -z -uall [31ms]
2023-04-14 21:42:29.694 [info] > git for-each-ref --sort -committerdate --format %(refname) %(objectname) %(*objectname) [17ms]
2023-04-14 21:42:29.701 [info] > git for-each-ref --format %(refname) %(objectname) %(*objectname) refs/tags [9ms]
2023-04-14 21:42:29.744 [info] > git status -z -uall [31ms]
2023-04-14 21:42:29.745 [info] > git for-each-ref --sort -committerdate --format %(refname) %(objectname) %(*objectname) [16ms]
2023-04-14 21:42:29.751 [info] > git check-ignore -v -z --stdin [10ms]
