2023-04-13 21:40:55.850 [info] Added views:workbench.panel.markers.view in workbench.panel.markers
2023-04-13 21:40:55.850 [info] Added views:workbench.panel.output in workbench.panel.output
2023-04-13 21:40:55.850 [info] Added views:terminal in terminal
2023-04-13 21:40:55.850 [info] Added views:outline in workbench.view.explorer
2023-04-13 21:40:55.850 [info] Added views:workbench.scm in workbench.view.scm
2023-04-13 21:40:55.850 [info] Added views:workbench.view.search in workbench.view.search
2023-04-13 21:40:55.850 [info] Added views:timeline in workbench.view.explorer
2023-04-13 21:40:55.850 [info] Added views:workbench.explorer.fileView in workbench.view.explorer
2023-04-13 21:40:56.073 [info] Added views:workbench.debug.welcome in workbench.view.debug
2023-04-13 21:40:56.234 [info] Added views:sshfs-configs,sshfs-connections in workbench.view.extension.sshfs
2023-04-13 21:40:56.236 [info] Added views:dockerContainers,dockerImages,dockerRegistries,dockerNetworks,dockerVolumes,vscode-docker.views.dockerContexts,vscode-docker.views.help in workbench.view.extension.dockerView
2023-04-13 21:40:56.238 [info] Added views:remoteTargets in workbench.view.remote
2023-04-13 21:40:56.517 [info] Added views:workbench.panel.repl.view in workbench.panel.repl
2023-04-13 21:40:57.464 [info] Added views:workbench.view.testing in workbench.view.extension.test
2023-04-13 21:41:00.044 [info] Added views:cmake.outline in workbench.view.extension.cmake__viewContainer
2023-04-14 13:34:36.143 [info] Added views:workbench.views.extensions.installed,workbench.views.extensions.popular,extensions.recommendedList in workbench.view.extensions
2023-04-14 13:34:36.148 [info] Removed views:workbench.views.extensions.popular from workbench.view.extensions
2023-04-14 13:36:03.552 [info] Removed views:workbench.view.testing from workbench.view.extension.test
2023-04-14 13:36:04.211 [info] Added views:workbench.panel.markers.view in workbench.panel.markers
2023-04-14 13:36:04.211 [info] Added views:workbench.panel.output in workbench.panel.output
2023-04-14 13:36:04.211 [info] Added views:terminal in terminal
2023-04-14 13:36:04.211 [info] Added views:outline in workbench.view.explorer
2023-04-14 13:36:04.211 [info] Added views:workbench.scm in workbench.view.scm
2023-04-14 13:36:04.211 [info] Added views:workbench.view.search in workbench.view.search
2023-04-14 13:36:04.211 [info] Added views:timeline in workbench.view.explorer
2023-04-14 13:36:04.211 [info] Added views:workbench.explorer.fileView in workbench.view.explorer
2023-04-14 13:36:04.369 [info] Added views:workbench.debug.welcome in workbench.view.debug
2023-04-14 13:36:04.732 [info] Added views:sshfs-configs,sshfs-connections in workbench.view.extension.sshfs
2023-04-14 13:36:04.733 [info] Added views:dockerContainers,dockerImages,dockerRegistries,dockerNetworks,dockerVolumes,vscode-docker.views.dockerContexts,vscode-docker.views.help in workbench.view.extension.dockerView
2023-04-14 13:36:04.734 [info] Added views:remoteTargets in workbench.view.remote
2023-04-14 13:36:05.108 [info] Added views:workbench.panel.repl.view in workbench.panel.repl
2023-04-14 13:36:05.413 [info] Added views:workbench.views.extensions.installed,extensions.recommendedList in workbench.view.extensions
2023-04-14 13:36:06.076 [info] Added views:workbench.view.testing in workbench.view.extension.test
2023-04-14 13:36:08.601 [info] Added views:cmake.outline in workbench.view.extension.cmake__viewContainer
2023-04-14 21:33:50.801 [info] Removed views:workbench.view.testing from workbench.view.extension.test
