2023-03-22 10:12:26.063 [info] Added views:workbench.panel.markers.view in workbench.panel.markers
2023-03-22 10:12:26.064 [info] Added views:workbench.panel.output in workbench.panel.output
2023-03-22 10:12:26.064 [info] Added views:terminal in terminal
2023-03-22 10:12:26.064 [info] Added views:outline in workbench.view.explorer
2023-03-22 10:12:26.064 [info] Added views:workbench.scm in workbench.view.scm
2023-03-22 10:12:26.064 [info] Added views:workbench.view.search in workbench.view.search
2023-03-22 10:12:26.064 [info] Added views:timeline in workbench.view.explorer
2023-03-22 10:12:26.064 [info] Added views:workbench.explorer.fileView in workbench.view.explorer
2023-03-22 10:12:26.275 [info] Added views:cell-tag in workbench.view.extension.jupyter
2023-03-22 10:12:26.277 [info] Added views:remoteTargets in workbench.view.remote
2023-03-22 10:12:26.353 [info] Added views:workbench.debug.welcome in workbench.view.debug
2023-03-22 10:12:26.938 [info] Added views:workbench.panel.repl.view in workbench.panel.repl
2023-03-22 10:12:29.569 [info] Added views:cmake.outline in workbench.view.extension.cmake__viewContainer
2023-03-22 10:12:52.783 [info] Added views:workbench.views.extensions.installed,workbench.views.extensions.popular,extensions.recommendedList in workbench.view.extensions
2023-03-22 10:12:52.791 [info] Removed views:workbench.views.extensions.popular from workbench.view.extensions
2023-03-22 10:12:53.447 [info] Removed views:extensions.recommendedList,workbench.views.extensions.installed from workbench.view.extensions
2023-03-22 10:12:53.464 [info] Added views:workbench.views.extensions.marketplace in workbench.view.extensions
2023-03-22 10:12:57.586 [info] Added views:targetsContainers,devVolumes in workbench.view.remote
2023-03-22 10:12:57.866 [info] Added views:dockerContainers,dockerImages,dockerRegistries,dockerNetworks,dockerVolumes,vscode-docker.views.dockerContexts,vscode-docker.views.help in workbench.view.extension.dockerView
2023-03-22 10:14:37.928 [info] Added views:workbench.view.testing in workbench.view.extension.test
2023-03-28 23:21:04.020 [info] Removed views:workbench.view.testing from workbench.view.extension.test
