[19:17:53.505] Log Level: 2
[19:17:53.516] SSH Resolver called for "ssh-remote+10.21.30.105", attempt 1
[19:17:53.517] "remote.SSH.useLocalServer": true
[19:17:53.517] "remote.SSH.path": undefined
[19:17:53.517] "remote.SSH.configFile": undefined
[19:17:53.517] "remote.SSH.useFlock": true
[19:17:53.517] "remote.SSH.lockfilesInTmp": false
[19:17:53.518] "remote.SSH.localServerDownload": auto
[19:17:53.518] "remote.SSH.remoteServerListenOnSocket": false
[19:17:53.518] "remote.SSH.showLoginTerminal": false
[19:17:53.518] "remote.SSH.defaultExtensions": []
[19:17:53.518] "remote.SSH.loglevel": 2
[19:17:53.518] "remote.SSH.enableDynamicForwarding": true
[19:17:53.518] "remote.SSH.enableRemoteCommand": false
[19:17:53.519] "remote.SSH.serverPickPortsFromRange": {}
[19:17:53.519] "remote.SSH.serverInstallPath": {}
[19:17:53.523] VS Code version: 1.75.1
[19:17:53.523] Remote-SSH version: remote-ssh@0.100.0
[19:17:53.523] linux x64
[19:17:53.524] SSH Resolver called for host: 10.21.30.105
[19:17:53.524] Setting up SSH remote "10.21.30.105"
[19:17:53.529] Acquiring local install lock: /tmp/vscode-remote-ssh-fc1a8d72-install.lock
[19:17:53.530] Looking for existing server data file at /home/wenjian.ma/.config/Code/User/globalStorage/ms-vscode-remote.remote-ssh/vscode-ssh-host-fc1a8d72-441438abd1ac652551dbe4d408dfcec8a499b8bf-0.100.0/data.json
[19:17:53.531] Using commit id "441438abd1ac652551dbe4d408dfcec8a499b8bf" and quality "stable" for server
[19:17:53.537] Install and start server if needed
[19:17:53.542] PATH: /LocalRun/wenjian.ma/vscode/VSCode-linux-x64/bin:/LocalRun/wenjian.ma/tmp/cmake-3.25.0-linux-x86_64/bin:/usr/local/cuda/bin:/home/wenjian.ma/.local/bin:/home/wenjian.ma/.vim/plugged/perl-5.20.2/bin:/home/wenjian.ma/.vim/plugged/tree-sitter/bin:/home/wenjian.ma/.vim/plugged/node-v16.13.0-linux-x64/bin:/home/wenjian.ma/.vim/plugged/fd/target/release:/home/wenjian.ma/.vim/plugged/ripgrep/target/release:/home/wenjian.ma/.vim/plugged/coc.nvim/bin:/home/wenjian.ma/.vim/plugged/nvim-linux64/bin:/home/wenjian.ma/.vim/plugged/coc_extensions_install/clangd_11.0.0/bin:/home/wenjian.ma/.cargo/bin:/usr/local/cuda/bin:/home/wenjian.ma/.local/bin:/home/wenjian.ma/.vim/plugged/perl-5.20.2/bin:/home/wenjian.ma/.vim/plugged/tree-sitter/bin:/home/wenjian.ma/.vim/plugged/node-v16.13.0-linux-x64/bin:/home/wenjian.ma/.vim/plugged/fd/target/release:/home/wenjian.ma/.vim/plugged/ripgrep/target/release:/home/wenjian.ma/.vim/plugged/coc.nvim/bin:/home/wenjian.ma/.vim/plugged/nvim-linux64/bin:/home/wenjian.ma/.vim/plugged/coc_extensions_install/clangd_11.0.0/bin:/usr/local/sbin:/usr/local/bin:/usr/sbin:/usr/bin:/sbin:/bin:/usr/games:/usr/local/games:/snap/bin
[19:17:53.542] Checking ssh with "ssh -V"
[19:17:53.551] > OpenSSH_7.2p2 Ubuntu-4ubuntu2.9, OpenSSL 1.0.2g  1 Mar 2016

[19:17:53.554] askpass server listening on /run/user/1016/vscode-ssh-askpass-7f0efd3c6eef0e128553d9ce00bb519e2c1de308.sock
[19:17:53.555] Spawning local server with {"serverId":1,"ipcHandlePath":"/run/user/1016/vscode-ssh-askpass-f2100989409973673402cab19b67f8f84b8f9134.sock","sshCommand":"ssh","sshArgs":["-v","-T","-D","32929","-o","ConnectTimeout=15","10.21.30.105"],"serverDataFolderName":".vscode-server","dataFilePath":"/home/wenjian.ma/.config/Code/User/globalStorage/ms-vscode-remote.remote-ssh/vscode-ssh-host-fc1a8d72-441438abd1ac652551dbe4d408dfcec8a499b8bf-0.100.0/data.json"}
[19:17:53.555] Local server env: {"SSH_AUTH_SOCK":"/run/user/1016/keyring/ssh","SHELL":"/bin/bash","DISPLAY":":1.0","ELECTRON_RUN_AS_NODE":"1","SSH_ASKPASS":"/home/wenjian.ma/.vscode/extensions/ms-vscode-remote.remote-ssh-0.100.0/out/local-server/askpass.sh","VSCODE_SSH_ASKPASS_NODE":"/LocalRun/wenjian.ma/vscode/VSCode-linux-x64/code","VSCODE_SSH_ASKPASS_EXTRA_ARGS":"--ms-enable-electron-run-as-node","VSCODE_SSH_ASKPASS_MAIN":"/home/wenjian.ma/.vscode/extensions/ms-vscode-remote.remote-ssh-0.100.0/out/askpass-main.js","VSCODE_SSH_ASKPASS_HANDLE":"/run/user/1016/vscode-ssh-askpass-7f0efd3c6eef0e128553d9ce00bb519e2c1de308.sock"}
[19:17:53.559] Spawned 28429
[19:17:53.667] > local-server-1> Running ssh connection command: "-v -T -D 32929 -o ConnectTimeout=15 10.21.30.105"
[19:17:53.672] > local-server-1> Spawned ssh, pid=28440
[19:17:53.675] stderr> OpenSSH_7.2p2 Ubuntu-4ubuntu2.9, OpenSSL 1.0.2g  1 Mar 2016
[19:17:53.729] stderr> debug1: Server host key: ecdsa-sha2-nistp256 SHA256:2dP/s8IbRWsnnx5gaC75JHDj4RuCvYMWXU6TWiv5tqo
[19:17:53.879] Got askpass request: {"request":"wenjian.ma@10.21.30.105's password:"}
[19:17:53.880] Showing password prompt
[19:17:53.881] Listening for interwindow password on /run/user/1016/vscode-ssh-askpass-a8fbb36361bb6ea68966995b989e3f201c8ef1a2.sock
[19:17:53.881] Writing password prompt to globalState
[19:18:08.822] Got password response
[19:18:08.823] Interactor gave response: *********
[19:18:08.825] Cleaning up other-window auth server
[19:18:10.403] stderr> Permission denied, please try again.
[19:18:10.531] Got askpass request: {"request":"wenjian.ma@10.21.30.105's password:"}
[19:18:10.532] Showing password prompt
[19:18:10.532] Listening for interwindow password on /run/user/1016/vscode-ssh-askpass-ba0f46eb47fc067fcfcda17cc450f7e34564113d.sock
[19:18:10.532] Writing password prompt to globalState
[19:19:20.288] Got password response
[19:19:20.288] Interactor gave response: *********
[19:19:20.289] Cleaning up other-window auth server
[19:19:22.071] stderr> Permission denied, please try again.
[19:19:22.197] Got askpass request: {"request":"wenjian.ma@10.21.30.105's password:"}
[19:19:22.197] Showing password prompt
[19:19:22.198] Listening for interwindow password on /run/user/1016/vscode-ssh-askpass-087b29803c4c9dbe3dba5d2c221bddd368660ec9.sock
[19:19:22.198] Writing password prompt to globalState
