2023-04-13 19:16:01.881 [warning] Via 'product.json#extensionEnabledApiProposals' extension 'github.vscode-pull-request-github' wants API proposal 'commentsResolvedState' but that proposal DOES NOT EXIST. Likely, the proposal has been finalized (check 'vscode.d.ts') or was abandoned.
2023-04-13 19:16:02.134 [info] Invoking resolveAuthority(ssh-remote)...
2023-04-13 19:16:02.135 [info] [LocalProcess0][resolveAuthority(ssh-remote,1)][0ms] obtaining proxy...
2023-04-13 19:16:02.447 [error] Extension 'btwiuse.vscode-remote-server CANNOT USE these API proposals 'resolvers, contribViewsRemote'. You MUST start in extension development mode or use the --enable-proposed-api command line flag
2023-04-13 19:16:02.473 [info] [LocalProcess0][resolveAuthority(ssh-remote,1)][339ms] invoking...
2023-04-13 19:16:03.474 [info] [LocalProcess0][resolveAuthority(ssh-remote,1)][1339ms] waiting...
2023-04-13 19:16:04.474 [info] [LocalProcess0][resolveAuthority(ssh-remote,1)][2339ms] waiting...
2023-04-13 19:16:05.474 [info] [LocalProcess0][resolveAuthority(ssh-remote,1)][3339ms] waiting...
2023-04-13 19:16:06.473 [info] [LocalProcess0][resolveAuthority(ssh-remote,1)][4339ms] waiting...
2023-04-13 19:16:07.474 [info] [LocalProcess0][resolveAuthority(ssh-remote,1)][5339ms] waiting...
2023-04-13 19:16:08.474 [info] [LocalProcess0][resolveAuthority(ssh-remote,1)][6339ms] waiting...
2023-04-13 19:16:09.473 [info] [LocalProcess0][resolveAuthority(ssh-remote,1)][7339ms] waiting...
2023-04-13 19:16:10.474 [info] [LocalProcess0][resolveAuthority(ssh-remote,1)][8339ms] waiting...
2023-04-13 19:16:11.474 [info] [LocalProcess0][resolveAuthority(ssh-remote,1)][9339ms] waiting...
2023-04-13 19:16:12.474 [info] [LocalProcess0][resolveAuthority(ssh-remote,1)][10339ms] waiting...
2023-04-13 19:16:13.474 [info] [LocalProcess0][resolveAuthority(ssh-remote,1)][11339ms] waiting...
2023-04-13 19:16:14.474 [info] [LocalProcess0][resolveAuthority(ssh-remote,1)][12339ms] waiting...
2023-04-13 19:16:15.474 [info] [LocalProcess0][resolveAuthority(ssh-remote,1)][13339ms] waiting...
2023-04-13 19:16:16.474 [info] [LocalProcess0][resolveAuthority(ssh-remote,1)][14339ms] waiting...
2023-04-13 19:16:17.474 [info] [LocalProcess0][resolveAuthority(ssh-remote,1)][15339ms] waiting...
2023-04-13 19:16:18.474 [info] [LocalProcess0][resolveAuthority(ssh-remote,1)][16339ms] waiting...
2023-04-13 19:16:19.474 [info] [LocalProcess0][resolveAuthority(ssh-remote,1)][17339ms] waiting...
2023-04-13 19:16:20.474 [info] [LocalProcess0][resolveAuthority(ssh-remote,1)][18339ms] waiting...
2023-04-13 19:16:21.474 [info] [LocalProcess0][resolveAuthority(ssh-remote,1)][19339ms] waiting...
2023-04-13 19:16:22.474 [info] [LocalProcess0][resolveAuthority(ssh-remote,1)][20339ms] waiting...
2023-04-13 19:16:23.474 [info] [LocalProcess0][resolveAuthority(ssh-remote,1)][21339ms] waiting...
2023-04-13 19:16:24.474 [info] [LocalProcess0][resolveAuthority(ssh-remote,1)][22339ms] waiting...
2023-04-13 19:16:25.474 [info] [LocalProcess0][resolveAuthority(ssh-remote,1)][23339ms] waiting...
2023-04-13 19:16:26.474 [info] [LocalProcess0][resolveAuthority(ssh-remote,1)][24339ms] waiting...
2023-04-13 19:16:27.474 [info] [LocalProcess0][resolveAuthority(ssh-remote,1)][25339ms] waiting...
2023-04-13 19:16:28.474 [info] [LocalProcess0][resolveAuthority(ssh-remote,1)][26339ms] waiting...
2023-04-13 19:16:29.474 [info] [LocalProcess0][resolveAuthority(ssh-remote,1)][27339ms] waiting...
2023-04-13 19:16:30.474 [info] [LocalProcess0][resolveAuthority(ssh-remote,1)][28339ms] waiting...
2023-04-13 19:16:31.474 [info] [LocalProcess0][resolveAuthority(ssh-remote,1)][29339ms] waiting...
2023-04-13 19:16:32.474 [info] [LocalProcess0][resolveAuthority(ssh-remote,1)][30339ms] waiting...
2023-04-13 19:16:33.474 [info] [LocalProcess0][resolveAuthority(ssh-remote,1)][31339ms] waiting...
2023-04-13 19:16:34.473 [info] [LocalProcess0][resolveAuthority(ssh-remote,1)][32339ms] waiting...
2023-04-13 19:16:35.474 [info] [LocalProcess0][resolveAuthority(ssh-remote,1)][33339ms] waiting...
2023-04-13 19:16:36.474 [info] [LocalProcess0][resolveAuthority(ssh-remote,1)][34339ms] waiting...
2023-04-13 19:16:37.474 [info] [LocalProcess0][resolveAuthority(ssh-remote,1)][35339ms] waiting...
2023-04-13 19:16:38.474 [info] [LocalProcess0][resolveAuthority(ssh-remote,1)][36339ms] waiting...
2023-04-13 19:16:39.474 [info] [LocalProcess0][resolveAuthority(ssh-remote,1)][37339ms] waiting...
2023-04-13 19:16:40.474 [info] [LocalProcess0][resolveAuthority(ssh-remote,1)][38339ms] waiting...
2023-04-13 19:16:41.474 [info] [LocalProcess0][resolveAuthority(ssh-remote,1)][39339ms] waiting...
2023-04-13 19:16:42.474 [info] [LocalProcess0][resolveAuthority(ssh-remote,1)][40339ms] waiting...
2023-04-13 19:16:43.474 [info] [LocalProcess0][resolveAuthority(ssh-remote,1)][41339ms] waiting...
2023-04-13 19:16:44.474 [info] [LocalProcess0][resolveAuthority(ssh-remote,1)][42339ms] waiting...
2023-04-13 19:16:45.474 [info] [LocalProcess0][resolveAuthority(ssh-remote,1)][43339ms] waiting...
2023-04-13 19:16:46.474 [info] [LocalProcess0][resolveAuthority(ssh-remote,1)][44339ms] waiting...
2023-04-13 19:16:47.474 [info] [LocalProcess0][resolveAuthority(ssh-remote,1)][45339ms] waiting...
2023-04-13 19:16:48.474 [info] [LocalProcess0][resolveAuthority(ssh-remote,1)][46339ms] waiting...
2023-04-13 19:16:49.474 [info] [LocalProcess0][resolveAuthority(ssh-remote,1)][47339ms] waiting...
2023-04-13 19:16:50.474 [info] [LocalProcess0][resolveAuthority(ssh-remote,1)][48339ms] waiting...
2023-04-13 19:16:51.474 [info] [LocalProcess0][resolveAuthority(ssh-remote,1)][49339ms] waiting...
2023-04-13 19:16:52.549 [error] [LocalProcess0][resolveAuthority(ssh-remote,1)][50414ms] returned an error {"code":"NotAvailable","message":"Permission denied (publickey,password).","detail":true}
2023-04-13 19:16:52.549 [error] resolveAuthority(ssh-remote) returned an error after 50415 ms {"name":"CodeExpectedError","_message":"Permission denied (publickey,password).","_code":"NotAvailable","_detail":true,"isHandled":true}
2023-04-13 19:16:52.549 [error] Error received from starting extension host (kind: Remote)
2023-04-13 19:16:52.549 [error] CodeExpectedError: Permission denied (publickey,password).
    at Jc.vc (vscode-file://vscode-app/LocalRun/wenjian.ma/vscode/VSCode-linux-x64/resources/app/out/vs/workbench/workbench.desktop.main.js:2631:5709)
    at async Jc.zc (vscode-file://vscode-app/LocalRun/wenjian.ma/vscode/VSCode-linux-x64/resources/app/out/vs/workbench/workbench.desktop.main.js:2631:6721)
    at async Jc.Yb (vscode-file://vscode-app/LocalRun/wenjian.ma/vscode/VSCode-linux-x64/resources/app/out/vs/workbench/workbench.desktop.main.js:2631:7874)
    at async Jc.wb (vscode-file://vscode-app/LocalRun/wenjian.ma/vscode/VSCode-linux-x64/resources/app/out/vs/workbench/workbench.desktop.main.js:2629:20636)
2023-04-13 19:16:52.549 [error] [remote-connection][attempt 1] An error occurred in initial connection! Will retry... Error:
2023-04-13 19:16:52.549 [error] CodeExpectedError: Permission denied (publickey,password).
    at Jc.vc (vscode-file://vscode-app/LocalRun/wenjian.ma/vscode/VSCode-linux-x64/resources/app/out/vs/workbench/workbench.desktop.main.js:2631:5709)
    at async Jc.zc (vscode-file://vscode-app/LocalRun/wenjian.ma/vscode/VSCode-linux-x64/resources/app/out/vs/workbench/workbench.desktop.main.js:2631:6721)
    at async Jc.Yb (vscode-file://vscode-app/LocalRun/wenjian.ma/vscode/VSCode-linux-x64/resources/app/out/vs/workbench/workbench.desktop.main.js:2631:7874)
    at async Jc.wb (vscode-file://vscode-app/LocalRun/wenjian.ma/vscode/VSCode-linux-x64/resources/app/out/vs/workbench/workbench.desktop.main.js:2629:20636)
2023-04-13 19:16:52.552 [error] [remote-connection][attempt 2] An error occurred in initial connection! Will retry... Error:
2023-04-13 19:16:52.552 [error] CodeExpectedError: Permission denied (publickey,password).
    at Jc.vc (vscode-file://vscode-app/LocalRun/wenjian.ma/vscode/VSCode-linux-x64/resources/app/out/vs/workbench/workbench.desktop.main.js:2631:5709)
    at async Jc.zc (vscode-file://vscode-app/LocalRun/wenjian.ma/vscode/VSCode-linux-x64/resources/app/out/vs/workbench/workbench.desktop.main.js:2631:6721)
    at async Jc.Yb (vscode-file://vscode-app/LocalRun/wenjian.ma/vscode/VSCode-linux-x64/resources/app/out/vs/workbench/workbench.desktop.main.js:2631:7874)
    at async Jc.wb (vscode-file://vscode-app/LocalRun/wenjian.ma/vscode/VSCode-linux-x64/resources/app/out/vs/workbench/workbench.desktop.main.js:2629:20636)
2023-04-13 19:16:52.611 [info] Creating lazy extension host: contains 1 extension(s): btwiuse.vscode-remote-server.
2023-04-13 19:16:52.619 [error] [remote-connection][attempt 3] An error occurred in initial connection! Will retry... Error:
2023-04-13 19:16:52.619 [error] CodeExpectedError: Permission denied (publickey,password).
    at Jc.vc (vscode-file://vscode-app/LocalRun/wenjian.ma/vscode/VSCode-linux-x64/resources/app/out/vs/workbench/workbench.desktop.main.js:2631:5709)
    at async Jc.zc (vscode-file://vscode-app/LocalRun/wenjian.ma/vscode/VSCode-linux-x64/resources/app/out/vs/workbench/workbench.desktop.main.js:2631:6721)
    at async Jc.Yb (vscode-file://vscode-app/LocalRun/wenjian.ma/vscode/VSCode-linux-x64/resources/app/out/vs/workbench/workbench.desktop.main.js:2631:7874)
    at async Jc.wb (vscode-file://vscode-app/LocalRun/wenjian.ma/vscode/VSCode-linux-x64/resources/app/out/vs/workbench/workbench.desktop.main.js:2629:20636)
2023-04-13 19:16:52.666 [error] [remote-connection][attempt 4] An error occurred in initial connection! Will retry... Error:
2023-04-13 19:16:52.666 [error] CodeExpectedError: Permission denied (publickey,password).
    at Jc.vc (vscode-file://vscode-app/LocalRun/wenjian.ma/vscode/VSCode-linux-x64/resources/app/out/vs/workbench/workbench.desktop.main.js:2631:5709)
    at async Jc.zc (vscode-file://vscode-app/LocalRun/wenjian.ma/vscode/VSCode-linux-x64/resources/app/out/vs/workbench/workbench.desktop.main.js:2631:6721)
    at async Jc.Yb (vscode-file://vscode-app/LocalRun/wenjian.ma/vscode/VSCode-linux-x64/resources/app/out/vs/workbench/workbench.desktop.main.js:2631:7874)
    at async Jc.wb (vscode-file://vscode-app/LocalRun/wenjian.ma/vscode/VSCode-linux-x64/resources/app/out/vs/workbench/workbench.desktop.main.js:2629:20636)
2023-04-13 19:16:52.672 [error] [remote-connection][attempt 5]  An error occurred in initial connection! It will be treated as a permanent error. Error:
2023-04-13 19:16:52.672 [error] CodeExpectedError: Permission denied (publickey,password).
    at Jc.vc (vscode-file://vscode-app/LocalRun/wenjian.ma/vscode/VSCode-linux-x64/resources/app/out/vs/workbench/workbench.desktop.main.js:2631:5709)
    at async Jc.zc (vscode-file://vscode-app/LocalRun/wenjian.ma/vscode/VSCode-linux-x64/resources/app/out/vs/workbench/workbench.desktop.main.js:2631:6721)
    at async Jc.Yb (vscode-file://vscode-app/LocalRun/wenjian.ma/vscode/VSCode-linux-x64/resources/app/out/vs/workbench/workbench.desktop.main.js:2631:7874)
    at async Jc.wb (vscode-file://vscode-app/LocalRun/wenjian.ma/vscode/VSCode-linux-x64/resources/app/out/vs/workbench/workbench.desktop.main.js:2629:20636)
2023-04-13 19:16:52.673 [error] CodeExpectedError: Permission denied (publickey,password).
    at Jc.vc (vscode-file://vscode-app/LocalRun/wenjian.ma/vscode/VSCode-linux-x64/resources/app/out/vs/workbench/workbench.desktop.main.js:2631:5709)
    at async Jc.zc (vscode-file://vscode-app/LocalRun/wenjian.ma/vscode/VSCode-linux-x64/resources/app/out/vs/workbench/workbench.desktop.main.js:2631:6721)
    at async Jc.Yb (vscode-file://vscode-app/LocalRun/wenjian.ma/vscode/VSCode-linux-x64/resources/app/out/vs/workbench/workbench.desktop.main.js:2631:7874)
    at async Jc.wb (vscode-file://vscode-app/LocalRun/wenjian.ma/vscode/VSCode-linux-x64/resources/app/out/vs/workbench/workbench.desktop.main.js:2629:20636)
2023-04-13 19:16:52.673 [error] Cannot register remote filesystem provider. Error while fetching remote environment. Permission denied (publickey,password).
2023-04-13 19:16:52.673 [error] CodeExpectedError: Permission denied (publickey,password).
    at Jc.vc (vscode-file://vscode-app/LocalRun/wenjian.ma/vscode/VSCode-linux-x64/resources/app/out/vs/workbench/workbench.desktop.main.js:2631:5709)
    at async Jc.zc (vscode-file://vscode-app/LocalRun/wenjian.ma/vscode/VSCode-linux-x64/resources/app/out/vs/workbench/workbench.desktop.main.js:2631:6721)
    at async Jc.Yb (vscode-file://vscode-app/LocalRun/wenjian.ma/vscode/VSCode-linux-x64/resources/app/out/vs/workbench/workbench.desktop.main.js:2631:7874)
    at async Jc.wb (vscode-file://vscode-app/LocalRun/wenjian.ma/vscode/VSCode-linux-x64/resources/app/out/vs/workbench/workbench.desktop.main.js:2629:20636)
2023-04-13 19:16:52.673 [error] CodeExpectedError: Permission denied (publickey,password).
    at Jc.vc (vscode-file://vscode-app/LocalRun/wenjian.ma/vscode/VSCode-linux-x64/resources/app/out/vs/workbench/workbench.desktop.main.js:2631:5709)
    at async Jc.zc (vscode-file://vscode-app/LocalRun/wenjian.ma/vscode/VSCode-linux-x64/resources/app/out/vs/workbench/workbench.desktop.main.js:2631:6721)
    at async Jc.Yb (vscode-file://vscode-app/LocalRun/wenjian.ma/vscode/VSCode-linux-x64/resources/app/out/vs/workbench/workbench.desktop.main.js:2631:7874)
    at async Jc.wb (vscode-file://vscode-app/LocalRun/wenjian.ma/vscode/VSCode-linux-x64/resources/app/out/vs/workbench/workbench.desktop.main.js:2629:20636)
2023-04-13 19:16:52.673 [error] CodeExpectedError: Permission denied (publickey,password).
    at Jc.vc (vscode-file://vscode-app/LocalRun/wenjian.ma/vscode/VSCode-linux-x64/resources/app/out/vs/workbench/workbench.desktop.main.js:2631:5709)
    at async Jc.zc (vscode-file://vscode-app/LocalRun/wenjian.ma/vscode/VSCode-linux-x64/resources/app/out/vs/workbench/workbench.desktop.main.js:2631:6721)
    at async Jc.Yb (vscode-file://vscode-app/LocalRun/wenjian.ma/vscode/VSCode-linux-x64/resources/app/out/vs/workbench/workbench.desktop.main.js:2631:7874)
    at async Jc.wb (vscode-file://vscode-app/LocalRun/wenjian.ma/vscode/VSCode-linux-x64/resources/app/out/vs/workbench/workbench.desktop.main.js:2629:20636)
2023-04-13 19:16:52.682 [error] CodeExpectedError: Permission denied (publickey,password).
    at Jc.vc (vscode-file://vscode-app/LocalRun/wenjian.ma/vscode/VSCode-linux-x64/resources/app/out/vs/workbench/workbench.desktop.main.js:2631:5709)
    at async Jc.zc (vscode-file://vscode-app/LocalRun/wenjian.ma/vscode/VSCode-linux-x64/resources/app/out/vs/workbench/workbench.desktop.main.js:2631:6721)
    at async Jc.Yb (vscode-file://vscode-app/LocalRun/wenjian.ma/vscode/VSCode-linux-x64/resources/app/out/vs/workbench/workbench.desktop.main.js:2631:7874)
    at async Jc.wb (vscode-file://vscode-app/LocalRun/wenjian.ma/vscode/VSCode-linux-x64/resources/app/out/vs/workbench/workbench.desktop.main.js:2629:20636)
2023-04-13 19:16:52.715 [error] Permission denied (publickey,password).: CodeExpectedError: Permission denied (publickey,password).
    at Jc.vc (vscode-file://vscode-app/LocalRun/wenjian.ma/vscode/VSCode-linux-x64/resources/app/out/vs/workbench/workbench.desktop.main.js:2631:5709)
    at async Jc.zc (vscode-file://vscode-app/LocalRun/wenjian.ma/vscode/VSCode-linux-x64/resources/app/out/vs/workbench/workbench.desktop.main.js:2631:6721)
    at async Jc.Yb (vscode-file://vscode-app/LocalRun/wenjian.ma/vscode/VSCode-linux-x64/resources/app/out/vs/workbench/workbench.desktop.main.js:2631:7874)
    at async Jc.wb (vscode-file://vscode-app/LocalRun/wenjian.ma/vscode/VSCode-linux-x64/resources/app/out/vs/workbench/workbench.desktop.main.js:2629:20636)
2023-04-13 19:16:52.941 [error] CodeExpectedError: Permission denied (publickey,password).
    at Jc.vc (vscode-file://vscode-app/LocalRun/wenjian.ma/vscode/VSCode-linux-x64/resources/app/out/vs/workbench/workbench.desktop.main.js:2631:5709)
    at async Jc.zc (vscode-file://vscode-app/LocalRun/wenjian.ma/vscode/VSCode-linux-x64/resources/app/out/vs/workbench/workbench.desktop.main.js:2631:6721)
    at async Jc.Yb (vscode-file://vscode-app/LocalRun/wenjian.ma/vscode/VSCode-linux-x64/resources/app/out/vs/workbench/workbench.desktop.main.js:2631:7874)
    at async Jc.wb (vscode-file://vscode-app/LocalRun/wenjian.ma/vscode/VSCode-linux-x64/resources/app/out/vs/workbench/workbench.desktop.main.js:2629:20636)
2023-04-13 19:16:53.348 [info] [perf] Render performance baseline is 57ms
2023-04-13 19:17:52.838 [warning] Via 'product.json#extensionEnabledApiProposals' extension 'github.vscode-pull-request-github' wants API proposal 'commentsResolvedState' but that proposal DOES NOT EXIST. Likely, the proposal has been finalized (check 'vscode.d.ts') or was abandoned.
2023-04-13 19:17:53.067 [info] Invoking resolveAuthority(ssh-remote)...
2023-04-13 19:17:53.067 [info] [LocalProcess0][resolveAuthority(ssh-remote,1)][0ms] obtaining proxy...
2023-04-13 19:17:53.379 [error] Extension 'btwiuse.vscode-remote-server CANNOT USE these API proposals 'resolvers, contribViewsRemote'. You MUST start in extension development mode or use the --enable-proposed-api command line flag
2023-04-13 19:17:53.432 [info] [LocalProcess0][resolveAuthority(ssh-remote,1)][365ms] invoking...
2023-04-13 19:17:54.434 [info] [LocalProcess0][resolveAuthority(ssh-remote,1)][1366ms] waiting...
2023-04-13 19:17:55.434 [info] [LocalProcess0][resolveAuthority(ssh-remote,1)][2365ms] waiting...
2023-04-13 19:17:56.433 [info] [LocalProcess0][resolveAuthority(ssh-remote,1)][3365ms] waiting...
2023-04-13 19:17:57.433 [info] [LocalProcess0][resolveAuthority(ssh-remote,1)][4365ms] waiting...
2023-04-13 19:17:58.433 [info] [LocalProcess0][resolveAuthority(ssh-remote,1)][5365ms] waiting...
2023-04-13 19:17:59.434 [info] [LocalProcess0][resolveAuthority(ssh-remote,1)][6365ms] waiting...
2023-04-13 19:18:00.434 [info] [LocalProcess0][resolveAuthority(ssh-remote,1)][7365ms] waiting...
2023-04-13 19:18:01.433 [info] [LocalProcess0][resolveAuthority(ssh-remote,1)][8365ms] waiting...
2023-04-13 19:18:02.434 [info] [LocalProcess0][resolveAuthority(ssh-remote,1)][9365ms] waiting...
2023-04-13 19:18:03.434 [info] [LocalProcess0][resolveAuthority(ssh-remote,1)][10365ms] waiting...
2023-04-13 19:18:04.434 [info] [LocalProcess0][resolveAuthority(ssh-remote,1)][11365ms] waiting...
2023-04-13 19:18:05.434 [info] [LocalProcess0][resolveAuthority(ssh-remote,1)][12365ms] waiting...
2023-04-13 19:18:06.434 [info] [LocalProcess0][resolveAuthority(ssh-remote,1)][13365ms] waiting...
2023-04-13 19:18:07.434 [info] [LocalProcess0][resolveAuthority(ssh-remote,1)][14365ms] waiting...
2023-04-13 19:18:08.434 [info] [LocalProcess0][resolveAuthority(ssh-remote,1)][15365ms] waiting...
2023-04-13 19:18:09.433 [info] [LocalProcess0][resolveAuthority(ssh-remote,1)][16365ms] waiting...
2023-04-13 19:18:10.442 [info] [LocalProcess0][resolveAuthority(ssh-remote,1)][17374ms] waiting...
2023-04-13 19:18:11.433 [info] [LocalProcess0][resolveAuthority(ssh-remote,1)][18365ms] waiting...
2023-04-13 19:18:12.433 [info] [LocalProcess0][resolveAuthority(ssh-remote,1)][19365ms] waiting...
2023-04-13 19:18:13.434 [info] [LocalProcess0][resolveAuthority(ssh-remote,1)][20365ms] waiting...
2023-04-13 19:18:14.434 [info] [LocalProcess0][resolveAuthority(ssh-remote,1)][21365ms] waiting...
2023-04-13 19:18:15.434 [info] [LocalProcess0][resolveAuthority(ssh-remote,1)][22365ms] waiting...
2023-04-13 19:18:16.434 [info] [LocalProcess0][resolveAuthority(ssh-remote,1)][23365ms] waiting...
2023-04-13 19:18:17.434 [info] [LocalProcess0][resolveAuthority(ssh-remote,1)][24365ms] waiting...
2023-04-13 19:18:18.434 [info] [LocalProcess0][resolveAuthority(ssh-remote,1)][25365ms] waiting...
2023-04-13 19:18:19.434 [info] [LocalProcess0][resolveAuthority(ssh-remote,1)][26365ms] waiting...
2023-04-13 19:18:20.434 [info] [LocalProcess0][resolveAuthority(ssh-remote,1)][27366ms] waiting...
2023-04-13 19:18:21.434 [info] [LocalProcess0][resolveAuthority(ssh-remote,1)][28365ms] waiting...
2023-04-13 19:18:22.434 [info] [LocalProcess0][resolveAuthority(ssh-remote,1)][29365ms] waiting...
2023-04-13 19:18:23.433 [info] [LocalProcess0][resolveAuthority(ssh-remote,1)][30365ms] waiting...
2023-04-13 19:18:24.434 [info] [LocalProcess0][resolveAuthority(ssh-remote,1)][31365ms] waiting...
2023-04-13 19:18:25.434 [info] [LocalProcess0][resolveAuthority(ssh-remote,1)][32365ms] waiting...
2023-04-13 19:18:26.434 [info] [LocalProcess0][resolveAuthority(ssh-remote,1)][33365ms] waiting...
2023-04-13 19:18:27.434 [info] [LocalProcess0][resolveAuthority(ssh-remote,1)][34365ms] waiting...
2023-04-13 19:18:28.434 [info] [LocalProcess0][resolveAuthority(ssh-remote,1)][35365ms] waiting...
2023-04-13 19:18:29.434 [info] [LocalProcess0][resolveAuthority(ssh-remote,1)][36365ms] waiting...
2023-04-13 19:18:30.434 [info] [LocalProcess0][resolveAuthority(ssh-remote,1)][37365ms] waiting...
2023-04-13 19:18:31.433 [info] [LocalProcess0][resolveAuthority(ssh-remote,1)][38365ms] waiting...
2023-04-13 19:18:32.434 [info] [LocalProcess0][resolveAuthority(ssh-remote,1)][39365ms] waiting...
2023-04-13 19:18:33.434 [info] [LocalProcess0][resolveAuthority(ssh-remote,1)][40365ms] waiting...
2023-04-13 19:18:34.434 [info] [LocalProcess0][resolveAuthority(ssh-remote,1)][41365ms] waiting...
2023-04-13 19:18:35.434 [info] [LocalProcess0][resolveAuthority(ssh-remote,1)][42365ms] waiting...
2023-04-13 19:18:36.434 [info] [LocalProcess0][resolveAuthority(ssh-remote,1)][43365ms] waiting...
2023-04-13 19:18:37.434 [info] [LocalProcess0][resolveAuthority(ssh-remote,1)][44365ms] waiting...
2023-04-13 19:18:38.434 [info] [LocalProcess0][resolveAuthority(ssh-remote,1)][45365ms] waiting...
2023-04-13 19:18:39.434 [info] [LocalProcess0][resolveAuthority(ssh-remote,1)][46365ms] waiting...
2023-04-13 19:18:40.434 [info] [LocalProcess0][resolveAuthority(ssh-remote,1)][47365ms] waiting...
2023-04-13 19:18:41.434 [info] [LocalProcess0][resolveAuthority(ssh-remote,1)][48365ms] waiting...
2023-04-13 19:18:42.434 [info] [LocalProcess0][resolveAuthority(ssh-remote,1)][49365ms] waiting...
2023-04-13 19:18:43.433 [info] [LocalProcess0][resolveAuthority(ssh-remote,1)][50365ms] waiting...
2023-04-13 19:18:44.434 [info] [LocalProcess0][resolveAuthority(ssh-remote,1)][51365ms] waiting...
2023-04-13 19:18:45.434 [info] [LocalProcess0][resolveAuthority(ssh-remote,1)][52366ms] waiting...
2023-04-13 19:18:46.434 [info] [LocalProcess0][resolveAuthority(ssh-remote,1)][53365ms] waiting...
2023-04-13 19:18:47.434 [info] [LocalProcess0][resolveAuthority(ssh-remote,1)][54365ms] waiting...
2023-04-13 19:18:48.434 [info] [LocalProcess0][resolveAuthority(ssh-remote,1)][55365ms] waiting...
2023-04-13 19:18:49.434 [info] [LocalProcess0][resolveAuthority(ssh-remote,1)][56365ms] waiting...
2023-04-13 19:18:50.434 [info] [LocalProcess0][resolveAuthority(ssh-remote,1)][57365ms] waiting...
2023-04-13 19:18:51.434 [info] [LocalProcess0][resolveAuthority(ssh-remote,1)][58365ms] waiting...
2023-04-13 19:18:52.434 [info] [LocalProcess0][resolveAuthority(ssh-remote,1)][59365ms] waiting...
2023-04-13 19:18:53.434 [info] [LocalProcess0][resolveAuthority(ssh-remote,1)][60365ms] waiting...
2023-04-13 19:18:54.434 [info] [LocalProcess0][resolveAuthority(ssh-remote,1)][61365ms] waiting...
2023-04-13 19:18:55.434 [info] [LocalProcess0][resolveAuthority(ssh-remote,1)][62365ms] waiting...
2023-04-13 19:18:56.434 [info] [LocalProcess0][resolveAuthority(ssh-remote,1)][63365ms] waiting...
2023-04-13 19:18:57.434 [info] [LocalProcess0][resolveAuthority(ssh-remote,1)][64365ms] waiting...
2023-04-13 19:18:58.434 [info] [LocalProcess0][resolveAuthority(ssh-remote,1)][65365ms] waiting...
2023-04-13 19:18:59.434 [info] [LocalProcess0][resolveAuthority(ssh-remote,1)][66365ms] waiting...
2023-04-13 19:19:00.434 [info] [LocalProcess0][resolveAuthority(ssh-remote,1)][67366ms] waiting...
2023-04-13 19:19:01.433 [info] [LocalProcess0][resolveAuthority(ssh-remote,1)][68365ms] waiting...
2023-04-13 19:19:02.434 [info] [LocalProcess0][resolveAuthority(ssh-remote,1)][69365ms] waiting...
2023-04-13 19:19:03.434 [info] [LocalProcess0][resolveAuthority(ssh-remote,1)][70365ms] waiting...
2023-04-13 19:19:04.434 [info] [LocalProcess0][resolveAuthority(ssh-remote,1)][71365ms] waiting...
2023-04-13 19:19:05.434 [info] [LocalProcess0][resolveAuthority(ssh-remote,1)][72365ms] waiting...
2023-04-13 19:19:06.434 [info] [LocalProcess0][resolveAuthority(ssh-remote,1)][73366ms] waiting...
2023-04-13 19:19:07.434 [info] [LocalProcess0][resolveAuthority(ssh-remote,1)][74365ms] waiting...
2023-04-13 19:19:08.434 [info] [LocalProcess0][resolveAuthority(ssh-remote,1)][75365ms] waiting...
2023-04-13 19:19:09.434 [info] [LocalProcess0][resolveAuthority(ssh-remote,1)][76365ms] waiting...
2023-04-13 19:19:10.434 [info] [LocalProcess0][resolveAuthority(ssh-remote,1)][77365ms] waiting...
2023-04-13 19:19:11.433 [info] [LocalProcess0][resolveAuthority(ssh-remote,1)][78365ms] waiting...
2023-04-13 19:19:12.434 [info] [LocalProcess0][resolveAuthority(ssh-remote,1)][79365ms] waiting...
2023-04-13 19:19:13.434 [info] [LocalProcess0][resolveAuthority(ssh-remote,1)][80365ms] waiting...
2023-04-13 19:19:14.434 [info] [LocalProcess0][resolveAuthority(ssh-remote,1)][81365ms] waiting...
2023-04-13 19:19:15.434 [info] [LocalProcess0][resolveAuthority(ssh-remote,1)][82365ms] waiting...
2023-04-13 19:19:16.434 [info] [LocalProcess0][resolveAuthority(ssh-remote,1)][83365ms] waiting...
2023-04-13 19:19:17.434 [info] [LocalProcess0][resolveAuthority(ssh-remote,1)][84365ms] waiting...
2023-04-13 19:19:18.434 [info] [LocalProcess0][resolveAuthority(ssh-remote,1)][85366ms] waiting...
2023-04-13 19:19:19.434 [info] [LocalProcess0][resolveAuthority(ssh-remote,1)][86365ms] waiting...
2023-04-13 19:19:20.434 [info] [LocalProcess0][resolveAuthority(ssh-remote,1)][87365ms] waiting...
2023-04-13 19:19:21.433 [info] [LocalProcess0][resolveAuthority(ssh-remote,1)][88365ms] waiting...
2023-04-13 19:19:22.433 [info] [LocalProcess0][resolveAuthority(ssh-remote,1)][89365ms] waiting...
2023-04-13 19:19:23.434 [info] [LocalProcess0][resolveAuthority(ssh-remote,1)][90365ms] waiting...
2023-04-13 19:19:24.434 [info] [LocalProcess0][resolveAuthority(ssh-remote,1)][91365ms] waiting...
2023-04-13 19:19:25.434 [info] [LocalProcess0][resolveAuthority(ssh-remote,1)][92365ms] waiting...
2023-04-13 19:19:26.434 [info] [LocalProcess0][resolveAuthority(ssh-remote,1)][93365ms] waiting...
2023-04-13 19:19:27.433 [info] [LocalProcess0][resolveAuthority(ssh-remote,1)][94365ms] waiting...
2023-04-13 19:19:28.434 [info] [LocalProcess0][resolveAuthority(ssh-remote,1)][95366ms] waiting...
2023-04-13 19:19:29.433 [info] [LocalProcess0][resolveAuthority(ssh-remote,1)][96365ms] waiting...
2023-04-13 19:19:30.434 [info] [LocalProcess0][resolveAuthority(ssh-remote,1)][97365ms] waiting...
2023-04-13 19:19:31.433 [info] [LocalProcess0][resolveAuthority(ssh-remote,1)][98365ms] waiting...
2023-04-13 19:19:32.434 [info] [LocalProcess0][resolveAuthority(ssh-remote,1)][99365ms] waiting...
2023-04-13 19:19:33.433 [info] [LocalProcess0][resolveAuthority(ssh-remote,1)][100365ms] waiting...
2023-04-13 19:19:34.433 [info] [LocalProcess0][resolveAuthority(ssh-remote,1)][101365ms] waiting...
2023-04-13 19:19:35.434 [info] [LocalProcess0][resolveAuthority(ssh-remote,1)][102365ms] waiting...
2023-04-13 19:19:36.434 [info] [LocalProcess0][resolveAuthority(ssh-remote,1)][103365ms] waiting...
2023-04-13 19:19:37.434 [info] [LocalProcess0][resolveAuthority(ssh-remote,1)][104365ms] waiting...
2023-04-13 19:19:38.433 [info] [LocalProcess0][resolveAuthority(ssh-remote,1)][105365ms] waiting...
2023-04-13 19:19:39.434 [info] [LocalProcess0][resolveAuthority(ssh-remote,1)][106365ms] waiting...
2023-04-13 19:19:40.433 [info] [LocalProcess0][resolveAuthority(ssh-remote,1)][107365ms] waiting...
2023-04-13 19:19:41.434 [info] [LocalProcess0][resolveAuthority(ssh-remote,1)][108365ms] waiting...
2023-04-13 19:19:42.433 [info] [LocalProcess0][resolveAuthority(ssh-remote,1)][109365ms] waiting...
2023-04-13 19:19:43.433 [info] [LocalProcess0][resolveAuthority(ssh-remote,1)][110365ms] waiting...
2023-04-13 19:19:44.434 [info] [LocalProcess0][resolveAuthority(ssh-remote,1)][111365ms] waiting...
2023-04-13 19:19:45.433 [info] [LocalProcess0][resolveAuthority(ssh-remote,1)][112365ms] waiting...
2023-04-13 19:19:46.433 [info] [LocalProcess0][resolveAuthority(ssh-remote,1)][113365ms] waiting...
2023-04-13 19:19:47.433 [info] [LocalProcess0][resolveAuthority(ssh-remote,1)][114365ms] waiting...
2023-04-13 19:19:48.444 [info] [LocalProcess0][resolveAuthority(ssh-remote,1)][115377ms] waiting...
2023-04-13 19:19:49.433 [info] [LocalProcess0][resolveAuthority(ssh-remote,1)][116365ms] waiting...
2023-04-13 19:19:50.433 [info] [LocalProcess0][resolveAuthority(ssh-remote,1)][117365ms] waiting...
2023-04-13 19:19:51.433 [info] [LocalProcess0][resolveAuthority(ssh-remote,1)][118365ms] waiting...
2023-04-13 19:19:52.433 [info] [LocalProcess0][resolveAuthority(ssh-remote,1)][119365ms] waiting...
2023-04-13 19:19:53.433 [info] [LocalProcess0][resolveAuthority(ssh-remote,1)][120365ms] waiting...
2023-04-13 19:19:54.433 [info] [LocalProcess0][resolveAuthority(ssh-remote,1)][121365ms] waiting...
2023-04-13 19:19:55.434 [info] [LocalProcess0][resolveAuthority(ssh-remote,1)][122365ms] waiting...
2023-04-13 19:19:56.433 [info] [LocalProcess0][resolveAuthority(ssh-remote,1)][123365ms] waiting...
2023-04-13 19:19:57.433 [info] [LocalProcess0][resolveAuthority(ssh-remote,1)][124366ms] waiting...
2023-04-13 19:19:58.433 [info] [LocalProcess0][resolveAuthority(ssh-remote,1)][125365ms] waiting...
2023-04-13 19:19:59.433 [info] [LocalProcess0][resolveAuthority(ssh-remote,1)][126365ms] waiting...
2023-04-13 19:20:00.433 [info] [LocalProcess0][resolveAuthority(ssh-remote,1)][127366ms] waiting...
2023-04-13 19:20:01.433 [info] [LocalProcess0][resolveAuthority(ssh-remote,1)][128365ms] waiting...
2023-04-13 19:20:02.433 [info] [LocalProcess0][resolveAuthority(ssh-remote,1)][129365ms] waiting...
2023-04-13 19:20:03.433 [info] [LocalProcess0][resolveAuthority(ssh-remote,1)][130365ms] waiting...
2023-04-13 19:20:04.433 [info] [LocalProcess0][resolveAuthority(ssh-remote,1)][131366ms] waiting...
2023-04-13 19:20:05.433 [info] [LocalProcess0][resolveAuthority(ssh-remote,1)][132365ms] waiting...
2023-04-13 19:20:06.433 [info] [LocalProcess0][resolveAuthority(ssh-remote,1)][133366ms] waiting...
2023-04-13 19:20:07.434 [info] [LocalProcess0][resolveAuthority(ssh-remote,1)][134367ms] waiting...
2023-04-13 19:20:08.433 [info] [LocalProcess0][resolveAuthority(ssh-remote,1)][135365ms] waiting...
2023-04-13 19:20:09.433 [info] [LocalProcess0][resolveAuthority(ssh-remote,1)][136366ms] waiting...
2023-04-13 19:20:10.433 [info] [LocalProcess0][resolveAuthority(ssh-remote,1)][137365ms] waiting...
2023-04-13 19:20:11.433 [info] [LocalProcess0][resolveAuthority(ssh-remote,1)][138365ms] waiting...
2023-04-13 19:20:12.433 [info] [LocalProcess0][resolveAuthority(ssh-remote,1)][139365ms] waiting...
