2023-04-13 19:16:02.104 [info] Added views:workbench.panel.markers.view in workbench.panel.markers
2023-04-13 19:16:02.104 [info] Added views:workbench.panel.output in workbench.panel.output
2023-04-13 19:16:02.104 [info] Added views:terminal in terminal
2023-04-13 19:16:02.104 [info] Added views:outline in workbench.view.explorer
2023-04-13 19:16:02.104 [info] Added views:workbench.scm in workbench.view.scm
2023-04-13 19:16:02.104 [info] Added views:workbench.view.search in workbench.view.search
2023-04-13 19:16:02.104 [info] Added views:timeline in workbench.view.explorer
2023-04-13 19:16:02.104 [info] Added views:workbench.explorer.emptyView in workbench.view.explorer
2023-04-13 19:16:02.224 [info] Added views:workbench.debug.variablesView,workbench.debug.watchExpressionsView,workbench.debug.callStackView,workbench.debug.breakPointsView in workbench.view.debug
2023-04-13 19:16:02.525 [info] Added views:~remote.forwardedPorts in ~remote.forwardedPortsContainer
2023-04-13 19:16:52.609 [info] Added views:targetsContainers,devVolumes in workbench.view.remote
2023-04-13 19:16:52.609 [info] Added views:remoteTargets in workbench.view.remote
2023-04-13 19:16:52.609 [info] Added views:remoteHub.views.workspaceRepositories in workbench.view.remote
2023-04-13 19:16:52.708 [info] Removed views:workbench.debug.breakPointsView,workbench.debug.callStackView,workbench.debug.watchExpressionsView,workbench.debug.variablesView from workbench.view.debug
2023-04-13 19:16:52.713 [info] Added views:workbench.debug.welcome in workbench.view.debug
2023-04-13 19:17:53.031 [info] Added views:workbench.panel.markers.view in workbench.panel.markers
2023-04-13 19:17:53.031 [info] Added views:workbench.panel.output in workbench.panel.output
2023-04-13 19:17:53.031 [info] Added views:terminal in terminal
2023-04-13 19:17:53.031 [info] Added views:outline in workbench.view.explorer
2023-04-13 19:17:53.031 [info] Added views:workbench.scm in workbench.view.scm
2023-04-13 19:17:53.031 [info] Added views:workbench.view.search in workbench.view.search
2023-04-13 19:17:53.031 [info] Added views:timeline in workbench.view.explorer
2023-04-13 19:17:53.031 [info] Added views:workbench.explorer.emptyView in workbench.view.explorer
2023-04-13 19:17:53.180 [info] Added views:workbench.debug.welcome in workbench.view.debug
2023-04-13 19:17:53.531 [info] Added views:~remote.forwardedPorts in ~remote.forwardedPortsContainer
