2023-02-19 14:01:57.555 [info] Log level: Info
2023-02-19 14:01:57.555 [info] Validating found git in: "git"
2023-02-19 14:01:57.555 [info] Using git "2.22.0" from "git"
2023-02-19 14:01:57.558 [info] > git rev-parse --show-toplevel [27ms]
2023-02-19 14:01:57.652 [info] > git rev-parse --git-dir --git-common-dir [2ms]
2023-02-19 14:01:57.665 [info] Open repository: /LocalRun/wenjian.ma/tvm
2023-02-19 14:01:57.749 [info] > git rev-parse --show-toplevel [76ms]
2023-02-19 14:01:57.760 [info] > git rev-parse --show-toplevel [2ms]
2023-02-19 14:01:57.770 [info] > git config --get commit.template [21ms]
2023-02-19 14:01:57.774 [info] > git rev-parse --show-toplevel [5ms]
2023-02-19 14:01:57.789 [info] > git rev-parse --show-toplevel [8ms]
2023-02-19 14:01:57.800 [info] > git rev-parse --show-toplevel [3ms]
2023-02-19 14:01:57.807 [info] > git for-each-ref --format=%(refname)%00%(upstream:short)%00%(objectname)%00%(upstream:track)%00%(upstream:remotename)%00%(upstream:remoteref) refs/heads/fix_vm_scalar_args_testcase refs/remotes/fix_vm_scalar_args_testcase [18ms]
2023-02-19 14:01:57.835 [info] > git for-each-ref --sort -committerdate --format %(refname) %(objectname) %(*objectname) [8ms]
2023-02-19 14:01:57.836 [info] > git rev-parse --show-toplevel [29ms]
2023-02-19 14:01:57.854 [info] > git rev-parse --show-toplevel [11ms]
2023-02-19 14:01:57.862 [info] > git rev-parse --show-toplevel [2ms]
2023-02-19 14:01:57.870 [info] > git rev-parse --show-toplevel [2ms]
2023-02-19 14:01:57.879 [info] > git status -z -uall [64ms]
2023-02-19 14:01:57.879 [info] > git rev-parse --show-toplevel [3ms]
2023-02-19 14:01:57.984 [info] > git rev-parse --show-toplevel [100ms]
2023-02-19 14:01:57.993 [info] > git rev-parse --show-toplevel [4ms]
2023-02-19 14:01:57.998 [info] > git config --get commit.template [15ms]
2023-02-19 14:01:58.273 [info] > git rev-parse --show-toplevel [274ms]
2023-02-19 14:01:58.287 [info] > git rev-parse --show-toplevel [8ms]
2023-02-19 14:01:58.294 [info] > git for-each-ref --format=%(refname)%00%(upstream:short)%00%(objectname)%00%(upstream:track)%00%(upstream:remotename)%00%(upstream:remoteref) refs/heads/fix_vm_scalar_args_testcase refs/remotes/fix_vm_scalar_args_testcase [7ms]
2023-02-19 14:01:58.312 [info] > git rev-parse --show-toplevel [19ms]
2023-02-19 14:01:58.322 [info] > git for-each-ref --sort -committerdate --format %(refname) %(objectname) %(*objectname) [10ms]
2023-02-19 14:01:58.323 [info] > git rev-parse --show-toplevel [3ms]
2023-02-19 14:01:58.341 [info] > git rev-parse --show-toplevel [10ms]
2023-02-19 14:01:58.453 [info] > git status -z -uall [154ms]
2023-02-19 14:01:58.453 [info] > git check-ignore -v -z --stdin [113ms]
2023-02-19 14:01:58.455 [info] > git rev-parse --show-toplevel [106ms]
2023-02-19 14:01:58.568 [info] > git rev-parse --show-toplevel [104ms]
2023-02-19 14:01:58.650 [info] > git rev-parse --show-toplevel [76ms]
2023-02-19 14:01:58.681 [info] > git rev-parse --show-toplevel [24ms]
2023-02-19 14:01:58.690 [info] > git rev-parse --show-toplevel [1ms]
2023-02-19 14:01:59.124 [info] > git rev-parse --show-toplevel [428ms]
2023-02-19 14:01:59.151 [info] > git rev-parse --show-toplevel [18ms]
2023-02-19 14:01:59.172 [info] > git rev-parse --show-toplevel [12ms]
2023-02-19 14:01:59.199 [info] > git rev-parse --show-toplevel [3ms]
2023-02-19 14:01:59.217 [info] > git rev-parse --show-toplevel [6ms]
2023-02-19 14:01:59.230 [info] > git rev-parse --show-toplevel [1ms]
2023-02-19 14:01:59.244 [info] > git rev-parse --show-toplevel [3ms]
2023-02-19 14:01:59.259 [info] > git rev-parse --show-toplevel [3ms]
2023-02-19 14:01:59.272 [info] > git rev-parse --git-dir --git-common-dir [4ms]
2023-02-19 14:01:59.276 [info] Open repository: /LocalRun/wenjian.ma/tvm/3rdparty/dmlc-core
2023-02-19 14:01:59.299 [info] > git rev-parse --show-toplevel [13ms]
2023-02-19 14:01:59.314 [info] > git rev-parse --git-dir --git-common-dir [4ms]
2023-02-19 14:01:59.318 [info] Open repository: /LocalRun/wenjian.ma/tvm/3rdparty/dlpack
2023-02-19 14:01:59.330 [info] > git config --get commit.template [31ms]
2023-02-19 14:01:59.348 [info] > git rev-parse --show-toplevel [19ms]
2023-02-19 14:01:59.369 [info] > git rev-parse --git-dir --git-common-dir [12ms]
2023-02-19 14:01:59.372 [info] Open repository: /LocalRun/wenjian.ma/tvm/3rdparty/rang
2023-02-19 14:01:59.381 [info] > git config --get commit.template [40ms]
2023-02-19 14:01:59.396 [info] > git rev-parse --show-toplevel [14ms]
2023-02-19 14:01:59.405 [info] > git for-each-ref --format %(refname) %(objectname) %(*objectname) refs/tags [37ms]
2023-02-19 14:01:59.439 [info] > git status -z -uall [26ms]
2023-02-19 14:01:59.439 [info] > git for-each-ref --sort -committerdate --format %(refname) %(objectname) %(*objectname) [16ms]
2023-02-19 14:01:59.443 [info] > git rev-parse --git-dir --git-common-dir [38ms]
2023-02-19 14:01:59.446 [info] Open repository: /LocalRun/wenjian.ma/tvm/3rdparty/vta-hw
2023-02-19 14:01:59.454 [info] > git config --get commit.template [59ms]
2023-02-19 14:01:59.468 [info] > git rev-parse --show-toplevel [13ms]
2023-02-19 14:01:59.476 [info] > git for-each-ref --format %(refname) %(objectname) %(*objectname) refs/tags [38ms]
2023-02-19 14:01:59.523 [info] > git status -z -uall [38ms]
2023-02-19 14:01:59.526 [info] > git for-each-ref --sort -committerdate --format %(refname) %(objectname) %(*objectname) [30ms]
2023-02-19 14:01:59.528 [info] > git rev-parse --git-dir --git-common-dir [53ms]
2023-02-19 14:01:59.532 [info] Open repository: /LocalRun/wenjian.ma/tvm/3rdparty/libbacktrace
2023-02-19 14:01:59.540 [info] > git config --get commit.template [74ms]
2023-02-19 14:01:59.559 [info] > git rev-parse --show-toplevel [20ms]
2023-02-19 14:01:59.569 [info] > git for-each-ref --format %(refname) %(objectname) %(*objectname) refs/tags [53ms]
2023-02-19 14:01:59.624 [info] > git status -z -uall [44ms]
2023-02-19 14:01:59.628 [info] > git for-each-ref --sort -committerdate --format %(refname) %(objectname) %(*objectname) [31ms]
2023-02-19 14:01:59.632 [info] > git rev-parse --git-dir --git-common-dir [63ms]
2023-02-19 14:01:59.638 [info] Open repository: /LocalRun/wenjian.ma/tvm/3rdparty/cutlass
2023-02-19 14:01:59.639 [info] > git config --get commit.template [86ms]
2023-02-19 14:01:59.672 [info] > git for-each-ref --format %(refname) %(objectname) %(*objectname) refs/tags [53ms]
2023-02-19 14:01:59.727 [info] > git status -z -uall [43ms]
2023-02-19 14:01:59.731 [info] > git for-each-ref --sort -committerdate --format %(refname) %(objectname) %(*objectname) [27ms]
2023-02-19 14:01:59.735 [info] > git config --get commit.template [70ms]
2023-02-19 14:01:59.742 [info] > git for-each-ref --format %(refname) %(objectname) %(*objectname) refs/tags [18ms]
2023-02-19 14:01:59.779 [info] > git status -z -uall [28ms]
2023-02-19 14:01:59.784 [info] > git for-each-ref --sort -committerdate --format %(refname) %(objectname) %(*objectname) [20ms]
2023-02-19 14:01:59.790 [info] > git for-each-ref --format %(refname) %(objectname) %(*objectname) refs/tags [13ms]
2023-02-19 14:01:59.815 [info] > git status -z -uall [15ms]
2023-02-19 14:01:59.824 [info] > git for-each-ref --sort -committerdate --format %(refname) %(objectname) %(*objectname) [11ms]
2023-02-19 14:01:59.845 [info] > git check-ignore -v -z --stdin [5ms]
2023-02-19 14:02:47.769 [info] > git check-ignore -v -z --stdin [2ms]
2023-02-19 14:03:08.303 [info] > git for-each-ref --sort -committerdate --format %(refname) %(objectname) %(*objectname) [2ms]
