LSP Notebooks experiment is enabled
LSP Notebooks interactive window support is enabled
Python interpreter path: /usr/bin/python3.7
Starting Pylance language server.
> conda info --json
> /usr/bin/python -I ~/.vscode/extensions/ms-python.python-2023.2.0/pythonFiles/get_output_via_markers.py ~/.vscode/extensions/ms-python.python-2023.2.0/pythonFiles/interpreterInfo.py
> /usr/bin/python2 -I ~/.vscode/extensions/ms-python.python-2023.2.0/pythonFiles/get_output_via_markers.py ~/.vscode/extensions/ms-python.python-2023.2.0/pythonFiles/interpreterInfo.py
[ERROR 2023-2-22 10:16:13.949]: [Error: Command failed: /usr/bin/python2 -I /home/wenjian.ma/.vscode/extensions/ms-python.python-2023.2.0/pythonFiles/get_output_via_markers.py /home/wenjian.ma/.vscode/extensions/ms-python.python-2023.2.0/pythonFiles/interpreterInfo.py
Unknown option: -I
usage: /usr/bin/python2 [option] ... [-c cmd | -m mod | file | -] [arg] ...
Try `python -h' for more information.

	at ChildProcess.exithandler (node:child_process:408:12)
	at ChildProcess.emit (node:events:526:28)
	at maybeClose (node:internal/child_process:1092:16)
	at Socket.<anonymous> (node:internal/child_process:451:11)
	at Socket.emit (node:events:526:28)
	at Pipe.<anonymous> (node:net:687:12)] {
  killed: false,
  code: 2,
  signal: null,
  cmd: '/usr/bin/python2 -I /home/wenjian.ma/.vscode/extensions/ms-python.python-2023.2.0/pythonFiles/get_output_via_markers.py /home/wenjian.ma/.vscode/extensions/ms-python.python-2023.2.0/pythonFiles/interpreterInfo.py'
}
> /usr/bin/python3.5 -I ~/.vscode/extensions/ms-python.python-2023.2.0/pythonFiles/get_output_via_markers.py ~/.vscode/extensions/ms-python.python-2023.2.0/pythonFiles/interpreterInfo.py
> /usr/bin/python3.7 -I ~/.vscode/extensions/ms-python.python-2023.2.0/pythonFiles/get_output_via_markers.py ~/.vscode/extensions/ms-python.python-2023.2.0/pythonFiles/interpreterInfo.py
> /usr/include/python3.5 -I ~/.vscode/extensions/ms-python.python-2023.2.0/pythonFiles/get_output_via_markers.py ~/.vscode/extensions/ms-python.python-2023.2.0/pythonFiles/interpreterInfo.py
> /usr/include/python3.6 -I ~/.vscode/extensions/ms-python.python-2023.2.0/pythonFiles/get_output_via_markers.py ~/.vscode/extensions/ms-python.python-2023.2.0/pythonFiles/interpreterInfo.py
[ERROR 2023-2-22 10:16:14.32]: [Error: Command failed: /usr/include/python3.5 -I /home/wenjian.ma/.vscode/extensions/ms-python.python-2023.2.0/pythonFiles/get_output_via_markers.py /home/wenjian.ma/.vscode/extensions/ms-python.python-2023.2.0/pythonFiles/interpreterInfo.py
/bin/sh: 1: /usr/include/python3.5: Permission denied

	at ChildProcess.exithandler (node:child_process:408:12)
	at ChildProcess.emit (node:events:526:28)
	at maybeClose (node:internal/child_process:1092:16)
	at Socket.<anonymous> (node:internal/child_process:451:11)
	at Socket.emit (node:events:526:28)
	at Pipe.<anonymous> (node:net:687:12)] {
  killed: false,
  code: 126,
  signal: null,
  cmd: '/usr/include/python3.5 -I /home/wenjian.ma/.vscode/extensions/ms-python.python-2023.2.0/pythonFiles/get_output_via_markers.py /home/wenjian.ma/.vscode/extensions/ms-python.python-2023.2.0/pythonFiles/interpreterInfo.py'
}
[ERROR 2023-2-22 10:16:14.33]: [Error: Command failed: /usr/include/python3.6 -I /home/wenjian.ma/.vscode/extensions/ms-python.python-2023.2.0/pythonFiles/get_output_via_markers.py /home/wenjian.ma/.vscode/extensions/ms-python.python-2023.2.0/pythonFiles/interpreterInfo.py
/bin/sh: 1: /usr/include/python3.6: Permission denied

	at ChildProcess.exithandler (node:child_process:408:12)
	at ChildProcess.emit (node:events:526:28)
	at maybeClose (node:internal/child_process:1092:16)
	at Socket.<anonymous> (node:internal/child_process:451:11)
	at Socket.emit (node:events:526:28)
	at Pipe.<anonymous> (node:net:687:12)] {
  killed: false,
  code: 126,
  signal: null,
  cmd: '/usr/include/python3.6 -I /home/wenjian.ma/.vscode/extensions/ms-python.python-2023.2.0/pythonFiles/get_output_via_markers.py /home/wenjian.ma/.vscode/extensions/ms-python.python-2023.2.0/pythonFiles/interpreterInfo.py'
}
> /usr/bin/python2 -I ~/.vscode/extensions/ms-python.python-2023.2.0/pythonFiles/get_output_via_markers.py ~/.vscode/extensions/ms-python.python-2023.2.0/pythonFiles/interpreterInfo.py
[ERROR 2023-2-22 10:16:15.976]: [Error: Command failed: /usr/bin/python2 -I /home/wenjian.ma/.vscode/extensions/ms-python.python-2023.2.0/pythonFiles/get_output_via_markers.py /home/wenjian.ma/.vscode/extensions/ms-python.python-2023.2.0/pythonFiles/interpreterInfo.py
Unknown option: -I
usage: /usr/bin/python2 [option] ... [-c cmd | -m mod | file | -] [arg] ...
Try `python -h' for more information.

	at ChildProcess.exithandler (node:child_process:408:12)
	at ChildProcess.emit (node:events:526:28)
	at maybeClose (node:internal/child_process:1092:16)
	at Socket.<anonymous> (node:internal/child_process:451:11)
	at Socket.emit (node:events:526:28)
	at Pipe.<anonymous> (node:net:687:12)] {
  killed: false,
  code: 2,
  signal: null,
  cmd: '/usr/bin/python2 -I /home/wenjian.ma/.vscode/extensions/ms-python.python-2023.2.0/pythonFiles/get_output_via_markers.py /home/wenjian.ma/.vscode/extensions/ms-python.python-2023.2.0/pythonFiles/interpreterInfo.py'
}
> /usr/include/python3.5 -I ~/.vscode/extensions/ms-python.python-2023.2.0/pythonFiles/get_output_via_markers.py ~/.vscode/extensions/ms-python.python-2023.2.0/pythonFiles/interpreterInfo.py
> /usr/include/python3.6 -I ~/.vscode/extensions/ms-python.python-2023.2.0/pythonFiles/get_output_via_markers.py ~/.vscode/extensions/ms-python.python-2023.2.0/pythonFiles/interpreterInfo.py
[ERROR 2023-2-22 10:16:16.92]: [Error: Command failed: /usr/include/python3.6 -I /home/wenjian.ma/.vscode/extensions/ms-python.python-2023.2.0/pythonFiles/get_output_via_markers.py /home/wenjian.ma/.vscode/extensions/ms-python.python-2023.2.0/pythonFiles/interpreterInfo.py
/bin/sh: 1: /usr/include/python3.6: Permission denied

	at ChildProcess.exithandler (node:child_process:408:12)
	at ChildProcess.emit (node:events:526:28)
	at maybeClose (node:internal/child_process:1092:16)
	at Socket.<anonymous> (node:internal/child_process:451:11)
	at Socket.emit (node:events:526:28)
	at Pipe.<anonymous> (node:net:687:12)] {
  killed: false,
  code: 126,
  signal: null,
  cmd: '/usr/include/python3.6 -I /home/wenjian.ma/.vscode/extensions/ms-python.python-2023.2.0/pythonFiles/get_output_via_markers.py /home/wenjian.ma/.vscode/extensions/ms-python.python-2023.2.0/pythonFiles/interpreterInfo.py'
}
[ERROR 2023-2-22 10:16:16.94]: [Error: Command failed: /usr/include/python3.5 -I /home/wenjian.ma/.vscode/extensions/ms-python.python-2023.2.0/pythonFiles/get_output_via_markers.py /home/wenjian.ma/.vscode/extensions/ms-python.python-2023.2.0/pythonFiles/interpreterInfo.py
/bin/sh: 1: /usr/include/python3.5: Permission denied

	at ChildProcess.exithandler (node:child_process:408:12)
	at ChildProcess.emit (node:events:526:28)
	at maybeClose (node:internal/child_process:1092:16)
	at Socket.<anonymous> (node:internal/child_process:451:11)
	at Socket.emit (node:events:526:28)
	at Pipe.<anonymous> (node:net:687:12)] {
  killed: false,
  code: 126,
  signal: null,
  cmd: '/usr/include/python3.5 -I /home/wenjian.ma/.vscode/extensions/ms-python.python-2023.2.0/pythonFiles/get_output_via_markers.py /home/wenjian.ma/.vscode/extensions/ms-python.python-2023.2.0/pythonFiles/interpreterInfo.py'
}
> -I ~/.vscode/extensions/ms-python.python-2023.2.0/pythonFiles/get_output_via_markers.py ~/.vscode/extensions/ms-python.python-2023.2.0/pythonFiles/interpreterInfo.py
[ERROR 2023-2-22 10:16:16.133]: [Error: Command failed: -I /home/wenjian.ma/.vscode/extensions/ms-python.python-2023.2.0/pythonFiles/get_output_via_markers.py /home/wenjian.ma/.vscode/extensions/ms-python.python-2023.2.0/pythonFiles/interpreterInfo.py
/bin/sh: 0: Illegal option - 

	at ChildProcess.exithandler (node:child_process:408:12)
	at ChildProcess.emit (node:events:526:28)
	at maybeClose (node:internal/child_process:1092:16)
	at Socket.<anonymous> (node:internal/child_process:451:11)
	at Socket.emit (node:events:526:28)
	at Pipe.<anonymous> (node:net:687:12)] {
  killed: false,
  code: 2,
  signal: null,
  cmd: '-I /home/wenjian.ma/.vscode/extensions/ms-python.python-2023.2.0/pythonFiles/get_output_via_markers.py /home/wenjian.ma/.vscode/extensions/ms-python.python-2023.2.0/pythonFiles/interpreterInfo.py'
}
> -I ~/.vscode/extensions/ms-python.python-2023.2.0/pythonFiles/get_output_via_markers.py ~/.vscode/extensions/ms-python.python-2023.2.0/pythonFiles/interpreterInfo.py
[ERROR 2023-2-22 10:16:18.160]: [Error: Command failed: -I /home/wenjian.ma/.vscode/extensions/ms-python.python-2023.2.0/pythonFiles/get_output_via_markers.py /home/wenjian.ma/.vscode/extensions/ms-python.python-2023.2.0/pythonFiles/interpreterInfo.py
/bin/sh: 0: Illegal option - 

	at ChildProcess.exithandler (node:child_process:408:12)
	at ChildProcess.emit (node:events:526:28)
	at maybeClose (node:internal/child_process:1092:16)
	at Socket.<anonymous> (node:internal/child_process:451:11)
	at Socket.emit (node:events:526:28)
	at Pipe.<anonymous> (node:net:687:12)] {
  killed: false,
  code: 2,
  signal: null,
  cmd: '-I /home/wenjian.ma/.vscode/extensions/ms-python.python-2023.2.0/pythonFiles/get_output_via_markers.py /home/wenjian.ma/.vscode/extensions/ms-python.python-2023.2.0/pythonFiles/interpreterInfo.py'
}
