[Info  - 10:14:38 AM] (23792) Pylance language server 2023.2.30 (pyright dec6aa20) starting
[Info  - 10:14:38 AM] (23792) Server root directory: /home/wenjian.ma/.vscode/extensions/ms-python.vscode-pylance-2023.2.30/dist
[Info  - 10:14:38 AM] (23792) Starting service instance "tvm"
[Info  - 10:14:38 AM] (23792) Starting service instance "<default>"
[Info  - 10:14:38 AM] (23792) No configuration file found.
[Info  - 10:14:38 AM] (23792) pyproject.toml file found at /LocalRun/wenjian.ma/tvm.
[Info  - 10:14:38 AM] (23792) Setting pythonPath for service "tvm": "/usr/bin/python3.7"
[Info  - 10:14:38 AM] (23792) Loading pyproject.toml file at /LocalRun/wenjian.ma/tvm/pyproject.toml
[Error - 10:14:38 AM] (23792) Pyproject file "/LocalRun/wenjian.ma/tvm/pyproject.toml" is missing "[tool.pyright]" section.
[Warn  - 10:14:38 AM] (23792) stubPath /LocalRun/wenjian.ma/tvm/typings is not a valid directory.
[Info  - 10:14:38 AM] (23792) Assuming Python version 3.7
[Info  - 10:14:38 AM] (23792) Assuming Python platform Linux
[Info  - 10:14:38 AM] (23792) Searching for source files
[Info  - 10:14:38 AM] (23792) Found 2494 source files
[Info  - 10:14:38 AM] (23792) Background analysis(1) root directory: /home/wenjian.ma/.vscode/extensions/ms-python.vscode-pylance-2023.2.30/dist
[Info  - 10:14:38 AM] (23792) Background analysis(1) started
[Info  - 10:14:38 AM] (23792) Background analysis(2) root directory: /home/wenjian.ma/.vscode/extensions/ms-python.vscode-pylance-2023.2.30/dist
[Info  - 10:14:38 AM] (23792) Background analysis(2) started
[Info  - 10:14:38 AM] (23792) No pyproject.toml file found.
[Info  - 10:14:38 AM] (23792) Setting pythonPath for service "<default>": "/usr/bin/python3.7"
[Warn  - 10:14:38 AM] (23792) stubPath typings is not a valid directory.
[Info  - 10:14:38 AM] (23792) Assuming Python version 3.7
[Info  - 10:14:38 AM] (23792) Assuming Python platform Linux
[Info  - 10:14:38 AM] (23792) Searching for source files
[Info  - 10:14:38 AM] (23792) No source files found.
[Info  - 10:16:15 AM] (23792) [BG(1)] Long operation: analyzing: /LocalRun/wenjian.ma/tvm/tests/python/relay/test_any.py (2189ms)
[Info  - 1:28:31 PM] (23792) Searching for source files
[Info  - 1:28:31 PM] (23792) Found 2495 source files
