Visual Studio Code (1.75.1, undefined, desktop)
Jupyter Extension Version: 2023.1.2010391206.
Python Extension Version: 2023.2.0.
Workspace folder /LocalRun/wenjian.ma/tvm
warn 10:16:13.396: Exception while attempting zmq : /usr/lib/x86_64-linux-gnu/libstdc++.so.6: version `GLIBCXX_3.4.22' not found (required by /home/wenjian.ma/.vscode/extensions/ms-toolsai.jupyter-2023.1.2010391206/out/node_modules/zeromq/prebuilds/linux-x64/electron.napi.glibc.node)
info 10:16:13.583: LSP Notebooks experiment is enabled
info 10:16:13.842: Process Execution: > /usr/bin/python3.7 -c "import jupyter;print('6af208d0-cb9c-427f-b937-ff563e17efdf')"
> /usr/bin/python3.7 -c "import jupyter;print('6af208d0-cb9c-427f-b937-ff563e17efdf')"
info 10:16:13.854: Process Execution: > /usr/bin/python3.7 -c "import notebook;print('6af208d0-cb9c-427f-b937-ff563e17efdf')"
> /usr/bin/python3.7 -c "import notebook;print('6af208d0-cb9c-427f-b937-ff563e17efdf')"
info 10:16:13.867: Process Execution: > /usr/bin/python3.7 -m pip list
> /usr/bin/python3.7 -m pip list
info 10:16:13.912: Process Execution: > /usr/bin/python3.7 -c "import pip;print('6af208d0-cb9c-427f-b937-ff563e17efdf')"
> /usr/bin/python3.7 -c "import pip;print('6af208d0-cb9c-427f-b937-ff563e17efdf')"
error 10:16:13.943: interpreterPackages getPackageInformation, Class name = xl, completed in 293ms, has a falsy return value, Arg 1: {"interpreter":{"id":"/usr/bin/python3.7","sysPrefix":"/usr","displayPath":{"$mid":1,"path":"/usr/bin/python3.7","scheme":"file"},"envName":"","uri":{"$mid":1,"fsPath":"/usr/bin/python3.7","external":"file:///usr/bin/python3.7","path":"/usr/bin/python3.7","scheme":"file"},"displayName":"","envType":"Unknown","version":{"major":3,"minor":7,"patch":10,"raw":"3.7.10 (default, Feb 20 2021, 21:21:24) \n[GCC 5.4.0 20160609]"}}} [Qa [Error]: Module 'pip' not installed.
	at Xa.execModule (/home/wenjian.ma/.vscode/extensions/ms-toolsai.jupyter-2023.1.2010391206/out/extension.node.js:2:1806741)
	at async xl.getPackageInformation (/home/wenjian.ma/.vscode/extensions/ms-toolsai.jupyter-2023.1.2010391206/out/extension.node.js:17:38262)] {
  category: 'notinstalled',
  moduleName: 'pip'
}
info 23:21:03.916: Shutting down notebooks for cafe38d0-6323-470f-81d0-2129bf9a1dd9
info 23:21:03.916: Disposing HostJupyterExecution 6cec4e12-386a-42e8-87c5-db99ab83d76e
info 23:21:03.916: Disposing HostJupyterExecution 6cec4e12-386a-42e8-87c5-db99ab83d76e
