2023-04-10 13:29:29.533 [info] Added views:workbench.panel.markers.view in workbench.panel.markers
2023-04-10 13:29:29.533 [info] Added views:workbench.panel.output in workbench.panel.output
2023-04-10 13:29:29.533 [info] Added views:terminal in terminal
2023-04-10 13:29:29.533 [info] Added views:outline in workbench.view.explorer
2023-04-10 13:29:29.533 [info] Added views:workbench.scm in workbench.view.scm
2023-04-10 13:29:29.533 [info] Added views:workbench.view.search in workbench.view.search
2023-04-10 13:29:29.533 [info] Added views:timeline in workbench.view.explorer
2023-04-10 13:29:29.533 [info] Added views:workbench.explorer.fileView in workbench.view.explorer
2023-04-10 13:29:30.036 [info] Added views:workbench.debug.welcome in workbench.view.debug
2023-04-10 13:29:32.041 [info] Added views:dockerContainers,dockerImages,dockerRegistries,dockerNetworks,dockerVolumes,vscode-docker.views.dockerContexts,vscode-docker.views.help in workbench.view.extension.dockerView
2023-04-10 13:29:32.041 [info] Added views:targetsContainers,devVolumes in workbench.view.remote
2023-04-10 13:29:32.042 [info] Added views:remoteTargets in workbench.view.remote
2023-04-10 13:29:32.668 [info] Added views:workbench.panel.repl.view in workbench.panel.repl
2023-04-10 13:29:34.703 [info] Added views:workbench.view.testing in workbench.view.extension.test
2023-04-10 13:29:37.608 [info] Added views:cmake.outline in workbench.view.extension.cmake__viewContainer
2023-04-10 13:30:10.798 [info] Added views:~remote.helpPanel in workbench.view.remote
2023-04-10 13:30:10.817 [info] Removed views:remoteTargets from workbench.view.remote
2023-04-10 13:32:49.405 [info] Added views:workbench.views.extensions.installed,workbench.views.extensions.popular,extensions.recommendedList in workbench.view.extensions
2023-04-10 13:32:49.412 [info] Removed views:workbench.views.extensions.popular from workbench.view.extensions
2023-04-10 13:32:58.879 [info] Removed views:workbench.view.testing from workbench.view.extension.test
2023-04-10 13:32:59.606 [info] Added views:workbench.panel.markers.view in workbench.panel.markers
2023-04-10 13:32:59.606 [info] Added views:workbench.panel.output in workbench.panel.output
2023-04-10 13:32:59.606 [info] Added views:terminal in terminal
2023-04-10 13:32:59.606 [info] Added views:outline in workbench.view.explorer
2023-04-10 13:32:59.606 [info] Added views:workbench.scm in workbench.view.scm
2023-04-10 13:32:59.606 [info] Added views:workbench.view.search in workbench.view.search
2023-04-10 13:32:59.606 [info] Added views:timeline in workbench.view.explorer
2023-04-10 13:32:59.606 [info] Added views:workbench.explorer.fileView in workbench.view.explorer
2023-04-10 13:32:59.805 [info] Added views:workbench.debug.welcome in workbench.view.debug
2023-04-10 13:33:00.275 [info] Added views:dockerContainers,dockerImages,dockerRegistries,dockerNetworks,dockerVolumes,vscode-docker.views.dockerContexts,vscode-docker.views.help in workbench.view.extension.dockerView
2023-04-10 13:33:00.276 [info] Added views:targetsContainers,devVolumes in workbench.view.remote
2023-04-10 13:33:00.618 [info] Added views:workbench.panel.repl.view in workbench.panel.repl
2023-04-10 13:33:01.486 [info] Added views:workbench.view.testing in workbench.view.extension.test
2023-04-10 13:33:01.602 [info] Added views:workbench.views.extensions.installed,extensions.recommendedList in workbench.view.extensions
2023-04-10 13:33:04.258 [info] Added views:cmake.outline in workbench.view.extension.cmake__viewContainer
2023-04-10 13:34:57.077 [info] Removed views:workbench.view.testing from workbench.view.extension.test
