2023-04-13 19:15:15.415 [info] Extension host with pid 9298 started
2023-04-13 19:15:15.416 [info] Skipping acquiring lock for /home/wenjian.ma/.config/Code/User/workspaceStorage/2a46eb47484222006e9612ce7f5c18c3.
2023-04-13 19:15:15.465 [info] ExtensionService#_doActivateExtension vscode.emmet, startup: false, activationEvent: 'onLanguage'
2023-04-13 19:15:15.587 [info] ExtensionService#_doActivateExtension ms-python.python, startup: false, activationEvent: 'onLanguage:python', root cause: ms-python.isort
2023-04-13 19:15:16.031 [info] ExtensionService#_doActivateExtension ms-toolsai.jupyter, startup: false, activationEvent: 'onLanguage:python'
2023-04-13 19:15:16.190 [info] ExtensionService#_doActivateExtension vscode.github-authentication, startup: false, activationEvent: 'onAuthenticationRequest:github'
2023-04-13 19:15:16.459 [info] ExtensionService#_doActivateExtension vscode.git-base, startup: true, activationEvent: '*', root cause: vscode.git
2023-04-13 19:15:16.558 [info] ExtensionService#_doActivateExtension ms-vscode.cmake-tools, startup: true, activationEvent: 'workspaceContains:CMakeLists.txt'
2023-04-13 19:15:16.674 [info] ExtensionService#_doActivateExtension ms-vscode.cpptools, startup: true, activationEvent: 'workspaceContains:/.vscode/c_cpp_properties.json'
2023-04-13 19:15:17.541 [info] ExtensionService#_doActivateExtension ms-toolsai.jupyter-renderers, startup: false, activationEvent: 'api', root cause: ms-toolsai.jupyter
2023-04-13 19:15:17.545 [info] ExtensionService#_doActivateExtension vscode.git, startup: true, activationEvent: '*'
2023-04-13 19:15:17.625 [info] ExtensionService#_doActivateExtension vscode.github, startup: true, activationEvent: '*'
2023-04-13 19:15:17.672 [info] ExtensionService#_doActivateExtension ms-python.isort, startup: false, activationEvent: 'onLanguage:python'
2023-04-13 19:15:17.682 [info] ExtensionService#_doActivateExtension ms-python.vscode-pylance, startup: false, activationEvent: 'onLanguage:python'
2023-04-13 19:15:17.949 [info] ExtensionService#_doActivateExtension vscode.microsoft-authentication, startup: false, activationEvent: 'onAuthenticationRequest:microsoft'
2023-04-13 19:15:18.620 [warning] [Decorations] CAPPING events from decorations provider vscode.git 2922
2023-04-13 19:15:19.324 [warning] [Decorations] CAPPING events from decorations provider vscode.git 2922
2023-04-13 19:15:19.331 [info] ExtensionService#_doActivateExtension vscode.configuration-editing, startup: false, activationEvent: 'onLanguage:json'
2023-04-13 19:15:19.405 [info] ExtensionService#_doActivateExtension vscode.extension-editing, startup: false, activationEvent: 'onLanguage:json'
2023-04-13 19:15:19.538 [info] ExtensionService#_doActivateExtension vscode.json-language-features, startup: false, activationEvent: 'onLanguage:json'
2023-04-13 19:15:19.733 [info] ExtensionService#_doActivateExtension vscode.npm, startup: false, activationEvent: 'onLanguage:json'
2023-04-13 19:15:19.765 [error] Error: Module 'pip' not installed.
	at Xa.execModule (/home/wenjian.ma/.vscode/extensions/ms-toolsai.jupyter-2023.1.2010391206/out/extension.node.js:2:1806741)
	at async xl.getPackageInformation (/home/wenjian.ma/.vscode/extensions/ms-toolsai.jupyter-2023.1.2010391206/out/extension.node.js:17:38262)
2023-04-13 19:15:20.145 [info] ExtensionService#_doActivateExtension vscode.typescript-language-features, startup: false, activationEvent: 'onLanguage:jsonc'
2023-04-13 19:15:20.235 [info] ExtensionService#_doActivateExtension ms-vscode-remote.remote-containers, startup: false, activationEvent: 'onLanguage:jsonc'
2023-04-13 19:15:20.483 [info] Eager extensions activated
2023-04-13 19:15:20.525 [info] ExtensionService#_doActivateExtension vscode.debug-auto-launch, startup: false, activationEvent: 'onStartupFinished'
2023-04-13 19:15:20.543 [info] ExtensionService#_doActivateExtension vscode.merge-conflict, startup: false, activationEvent: 'onStartupFinished'
2023-04-13 19:15:20.589 [info] ExtensionService#_doActivateExtension ms-vscode-remote.remote-wsl, startup: false, activationEvent: 'onStartupFinished'
2023-04-13 19:15:46.123 [info] ExtensionService#_doActivateExtension ms-vscode.remote-explorer, startup: false, activationEvent: 'onView:remoteTargets'
2023-04-13 19:15:46.195 [info] ExtensionService#_doActivateExtension ms-vscode-remote.remote-ssh, startup: false, activationEvent: 'onCommand:remote-internal.getActiveSshRemote'
2023-04-13 19:15:46.249 [info] ExtensionService#_doActivateExtension ms-vscode.remote-server, startup: false, activationEvent: 'onCommand:remote-tunnels.internal.isAuthenticated'
2023-04-13 19:20:16.712 [info] Extension host terminating: renderer closed the MessagePort
2023-04-13 19:20:16.741 [error] Canceled: Canceled
	at new u (/LocalRun/wenjian.ma/vscode/VSCode-linux-x64/resources/app/out/vs/workbench/api/node/extensionHostProcess.js:96:88070)
	at l.O (/LocalRun/wenjian.ma/vscode/VSCode-linux-x64/resources/app/out/vs/workbench/api/node/extensionHostProcess.js:106:11276)
	at V.<computed>.M.charCodeAt.V.<computed> (/LocalRun/wenjian.ma/vscode/VSCode-linux-x64/resources/app/out/vs/workbench/api/node/extensionHostProcess.js:106:8557)
	at s.g (/LocalRun/wenjian.ma/vscode/VSCode-linux-x64/resources/app/out/vs/workbench/api/node/extensionHostProcess.js:96:107430)
	at s.executeCommand (/LocalRun/wenjian.ma/vscode/VSCode-linux-x64/resources/app/out/vs/workbench/api/node/extensionHostProcess.js:96:106806)
	at w.registerCommand.description (/LocalRun/wenjian.ma/vscode/VSCode-linux-x64/resources/app/out/vs/workbench/api/node/extensionHostProcess.js:96:106099)
	at s.h (/LocalRun/wenjian.ma/vscode/VSCode-linux-x64/resources/app/out/vs/workbench/api/node/extensionHostProcess.js:96:108016)
	at s.g (/LocalRun/wenjian.ma/vscode/VSCode-linux-x64/resources/app/out/vs/workbench/api/node/extensionHostProcess.js:96:106906)
	at s.executeCommand (/LocalRun/wenjian.ma/vscode/VSCode-linux-x64/resources/app/out/vs/workbench/api/node/extensionHostProcess.js:96:106806)
	at Object.executeCommand (/LocalRun/wenjian.ma/vscode/VSCode-linux-x64/resources/app/out/vs/workbench/api/node/extensionHostProcess.js:117:30778)
	at D (/LocalRun/wenjian.ma/vscode/VSCode-linux-x64/resources/app/extensions/git/dist/main.js:2:2055373)
	at f.invoke (/LocalRun/wenjian.ma/vscode/VSCode-linux-x64/resources/app/out/vs/workbench/api/node/extensionHostProcess.js:63:145)
	at g.deliver (/LocalRun/wenjian.ma/vscode/VSCode-linux-x64/resources/app/out/vs/workbench/api/node/extensionHostProcess.js:63:2029)
	at d.fire (/LocalRun/wenjian.ma/vscode/VSCode-linux-x64/resources/app/out/vs/workbench/api/node/extensionHostProcess.js:63:1667)
	at Object.h [as dispose] (/LocalRun/wenjian.ma/vscode/VSCode-linux-x64/resources/app/extensions/git/dist/main.js:2:2070210)
	at /LocalRun/wenjian.ma/vscode/VSCode-linux-x64/resources/app/extensions/git/dist/main.js:2:2074277
	at Array.forEach (<anonymous>)
	at g.dispose (/LocalRun/wenjian.ma/vscode/VSCode-linux-x64/resources/app/extensions/git/dist/main.js:2:2074263)
	at C.<anonymous> (/LocalRun/wenjian.ma/vscode/VSCode-linux-x64/resources/app/out/vs/workbench/api/node/extensionHostProcess.js:94:12431)
	at C.dispose (/LocalRun/wenjian.ma/vscode/VSCode-linux-x64/resources/app/out/vs/workbench/api/node/extensionHostProcess.js:94:12566)
	at C.<anonymous> (/LocalRun/wenjian.ma/vscode/VSCode-linux-x64/resources/app/extensions/git/dist/main.js:2:2057503)
	at C.dispose (/LocalRun/wenjian.ma/vscode/VSCode-linux-x64/resources/app/out/vs/workbench/api/node/extensionHostProcess.js:94:12566)
	at T (/LocalRun/wenjian.ma/vscode/VSCode-linux-x64/resources/app/out/vs/workbench/api/node/extensionHostProcess.js:10:12072)
	at f.X (/LocalRun/wenjian.ma/vscode/VSCode-linux-x64/resources/app/out/vs/workbench/api/node/extensionHostProcess.js:108:11242)
	at /LocalRun/wenjian.ma/vscode/VSCode-linux-x64/resources/app/out/vs/workbench/api/node/extensionHostProcess.js:108:9037
	at Array.map (<anonymous>)
	at f.Q (/LocalRun/wenjian.ma/vscode/VSCode-linux-x64/resources/app/out/vs/workbench/api/node/extensionHostProcess.js:108:9024)
	at f.terminate (/LocalRun/wenjian.ma/vscode/VSCode-linux-x64/resources/app/out/vs/workbench/api/node/extensionHostProcess.js:108:9298)
	at h.terminate (/LocalRun/wenjian.ma/vscode/VSCode-linux-x64/resources/app/out/vs/workbench/api/node/extensionHostProcess.js:112:1397)
	at p (/LocalRun/wenjian.ma/vscode/VSCode-linux-x64/resources/app/out/vs/workbench/api/node/extensionHostProcess.js:122:17851)
	at MessagePortMain.<anonymous> (/LocalRun/wenjian.ma/vscode/VSCode-linux-x64/resources/app/out/vs/workbench/api/node/extensionHostProcess.js:122:13990)
	at MessagePortMain.emit (node:events:526:28)
	at MessagePortMain._internalPort.emit (node:electron/js2c/utility_init:5:364) setContext undefined
2023-04-13 19:20:16.741 [error] Canceled: Canceled
	at new u (/LocalRun/wenjian.ma/vscode/VSCode-linux-x64/resources/app/out/vs/workbench/api/node/extensionHostProcess.js:96:88070)
	at l.O (/LocalRun/wenjian.ma/vscode/VSCode-linux-x64/resources/app/out/vs/workbench/api/node/extensionHostProcess.js:106:11276)
	at V.<computed>.M.charCodeAt.V.<computed> (/LocalRun/wenjian.ma/vscode/VSCode-linux-x64/resources/app/out/vs/workbench/api/node/extensionHostProcess.js:106:8557)
	at s.g (/LocalRun/wenjian.ma/vscode/VSCode-linux-x64/resources/app/out/vs/workbench/api/node/extensionHostProcess.js:96:107430)
	at s.executeCommand (/LocalRun/wenjian.ma/vscode/VSCode-linux-x64/resources/app/out/vs/workbench/api/node/extensionHostProcess.js:96:106806)
	at w.registerCommand.description (/LocalRun/wenjian.ma/vscode/VSCode-linux-x64/resources/app/out/vs/workbench/api/node/extensionHostProcess.js:96:106099)
	at s.h (/LocalRun/wenjian.ma/vscode/VSCode-linux-x64/resources/app/out/vs/workbench/api/node/extensionHostProcess.js:96:108016)
	at s.g (/LocalRun/wenjian.ma/vscode/VSCode-linux-x64/resources/app/out/vs/workbench/api/node/extensionHostProcess.js:96:106906)
	at s.executeCommand (/LocalRun/wenjian.ma/vscode/VSCode-linux-x64/resources/app/out/vs/workbench/api/node/extensionHostProcess.js:96:106806)
	at Object.executeCommand (/LocalRun/wenjian.ma/vscode/VSCode-linux-x64/resources/app/out/vs/workbench/api/node/extensionHostProcess.js:117:30778)
	at D (/LocalRun/wenjian.ma/vscode/VSCode-linux-x64/resources/app/extensions/git/dist/main.js:2:2055373)
	at f.invoke (/LocalRun/wenjian.ma/vscode/VSCode-linux-x64/resources/app/out/vs/workbench/api/node/extensionHostProcess.js:63:145)
	at g.deliver (/LocalRun/wenjian.ma/vscode/VSCode-linux-x64/resources/app/out/vs/workbench/api/node/extensionHostProcess.js:63:2029)
	at d.fire (/LocalRun/wenjian.ma/vscode/VSCode-linux-x64/resources/app/out/vs/workbench/api/node/extensionHostProcess.js:63:1667)
	at Object.h [as dispose] (/LocalRun/wenjian.ma/vscode/VSCode-linux-x64/resources/app/extensions/git/dist/main.js:2:2070210)
	at /LocalRun/wenjian.ma/vscode/VSCode-linux-x64/resources/app/extensions/git/dist/main.js:2:2074277
	at Array.forEach (<anonymous>)
	at g.dispose (/LocalRun/wenjian.ma/vscode/VSCode-linux-x64/resources/app/extensions/git/dist/main.js:2:2074263)
	at C.<anonymous> (/LocalRun/wenjian.ma/vscode/VSCode-linux-x64/resources/app/out/vs/workbench/api/node/extensionHostProcess.js:94:12431)
	at C.dispose (/LocalRun/wenjian.ma/vscode/VSCode-linux-x64/resources/app/out/vs/workbench/api/node/extensionHostProcess.js:94:12566)
	at C.<anonymous> (/LocalRun/wenjian.ma/vscode/VSCode-linux-x64/resources/app/extensions/git/dist/main.js:2:2057503)
	at C.dispose (/LocalRun/wenjian.ma/vscode/VSCode-linux-x64/resources/app/out/vs/workbench/api/node/extensionHostProcess.js:94:12566)
	at T (/LocalRun/wenjian.ma/vscode/VSCode-linux-x64/resources/app/out/vs/workbench/api/node/extensionHostProcess.js:10:12072)
	at f.X (/LocalRun/wenjian.ma/vscode/VSCode-linux-x64/resources/app/out/vs/workbench/api/node/extensionHostProcess.js:108:11242)
	at /LocalRun/wenjian.ma/vscode/VSCode-linux-x64/resources/app/out/vs/workbench/api/node/extensionHostProcess.js:108:9037
	at Array.map (<anonymous>)
	at f.Q (/LocalRun/wenjian.ma/vscode/VSCode-linux-x64/resources/app/out/vs/workbench/api/node/extensionHostProcess.js:108:9024)
	at f.terminate (/LocalRun/wenjian.ma/vscode/VSCode-linux-x64/resources/app/out/vs/workbench/api/node/extensionHostProcess.js:108:9298)
	at h.terminate (/LocalRun/wenjian.ma/vscode/VSCode-linux-x64/resources/app/out/vs/workbench/api/node/extensionHostProcess.js:112:1397)
	at p (/LocalRun/wenjian.ma/vscode/VSCode-linux-x64/resources/app/out/vs/workbench/api/node/extensionHostProcess.js:122:17851)
	at MessagePortMain.<anonymous> (/LocalRun/wenjian.ma/vscode/VSCode-linux-x64/resources/app/out/vs/workbench/api/node/extensionHostProcess.js:122:13990)
	at MessagePortMain.emit (node:events:526:28)
	at MessagePortMain._internalPort.emit (node:electron/js2c/utility_init:5:364) setContext undefined
2023-04-13 19:20:16.741 [error] Canceled: Canceled
	at new u (/LocalRun/wenjian.ma/vscode/VSCode-linux-x64/resources/app/out/vs/workbench/api/node/extensionHostProcess.js:96:88070)
	at l.O (/LocalRun/wenjian.ma/vscode/VSCode-linux-x64/resources/app/out/vs/workbench/api/node/extensionHostProcess.js:106:11276)
	at V.<computed>.M.charCodeAt.V.<computed> (/LocalRun/wenjian.ma/vscode/VSCode-linux-x64/resources/app/out/vs/workbench/api/node/extensionHostProcess.js:106:8557)
	at s.g (/LocalRun/wenjian.ma/vscode/VSCode-linux-x64/resources/app/out/vs/workbench/api/node/extensionHostProcess.js:96:107430)
	at s.executeCommand (/LocalRun/wenjian.ma/vscode/VSCode-linux-x64/resources/app/out/vs/workbench/api/node/extensionHostProcess.js:96:106806)
	at w.registerCommand.description (/LocalRun/wenjian.ma/vscode/VSCode-linux-x64/resources/app/out/vs/workbench/api/node/extensionHostProcess.js:96:106099)
	at s.h (/LocalRun/wenjian.ma/vscode/VSCode-linux-x64/resources/app/out/vs/workbench/api/node/extensionHostProcess.js:96:108016)
	at s.g (/LocalRun/wenjian.ma/vscode/VSCode-linux-x64/resources/app/out/vs/workbench/api/node/extensionHostProcess.js:96:106906)
	at s.executeCommand (/LocalRun/wenjian.ma/vscode/VSCode-linux-x64/resources/app/out/vs/workbench/api/node/extensionHostProcess.js:96:106806)
	at Object.executeCommand (/LocalRun/wenjian.ma/vscode/VSCode-linux-x64/resources/app/out/vs/workbench/api/node/extensionHostProcess.js:117:30778)
	at D (/LocalRun/wenjian.ma/vscode/VSCode-linux-x64/resources/app/extensions/git/dist/main.js:2:2055373)
	at f.invoke (/LocalRun/wenjian.ma/vscode/VSCode-linux-x64/resources/app/out/vs/workbench/api/node/extensionHostProcess.js:63:145)
	at g.deliver (/LocalRun/wenjian.ma/vscode/VSCode-linux-x64/resources/app/out/vs/workbench/api/node/extensionHostProcess.js:63:2029)
	at d.fire (/LocalRun/wenjian.ma/vscode/VSCode-linux-x64/resources/app/out/vs/workbench/api/node/extensionHostProcess.js:63:1667)
	at Object.h [as dispose] (/LocalRun/wenjian.ma/vscode/VSCode-linux-x64/resources/app/extensions/git/dist/main.js:2:2070210)
	at /LocalRun/wenjian.ma/vscode/VSCode-linux-x64/resources/app/extensions/git/dist/main.js:2:2074277
	at Array.forEach (<anonymous>)
	at g.dispose (/LocalRun/wenjian.ma/vscode/VSCode-linux-x64/resources/app/extensions/git/dist/main.js:2:2074263)
	at C.<anonymous> (/LocalRun/wenjian.ma/vscode/VSCode-linux-x64/resources/app/out/vs/workbench/api/node/extensionHostProcess.js:94:12431)
	at C.dispose (/LocalRun/wenjian.ma/vscode/VSCode-linux-x64/resources/app/out/vs/workbench/api/node/extensionHostProcess.js:94:12566)
	at C.<anonymous> (/LocalRun/wenjian.ma/vscode/VSCode-linux-x64/resources/app/extensions/git/dist/main.js:2:2057503)
	at C.dispose (/LocalRun/wenjian.ma/vscode/VSCode-linux-x64/resources/app/out/vs/workbench/api/node/extensionHostProcess.js:94:12566)
	at T (/LocalRun/wenjian.ma/vscode/VSCode-linux-x64/resources/app/out/vs/workbench/api/node/extensionHostProcess.js:10:12072)
	at f.X (/LocalRun/wenjian.ma/vscode/VSCode-linux-x64/resources/app/out/vs/workbench/api/node/extensionHostProcess.js:108:11242)
	at /LocalRun/wenjian.ma/vscode/VSCode-linux-x64/resources/app/out/vs/workbench/api/node/extensionHostProcess.js:108:9037
	at Array.map (<anonymous>)
	at f.Q (/LocalRun/wenjian.ma/vscode/VSCode-linux-x64/resources/app/out/vs/workbench/api/node/extensionHostProcess.js:108:9024)
	at f.terminate (/LocalRun/wenjian.ma/vscode/VSCode-linux-x64/resources/app/out/vs/workbench/api/node/extensionHostProcess.js:108:9298)
	at h.terminate (/LocalRun/wenjian.ma/vscode/VSCode-linux-x64/resources/app/out/vs/workbench/api/node/extensionHostProcess.js:112:1397)
	at p (/LocalRun/wenjian.ma/vscode/VSCode-linux-x64/resources/app/out/vs/workbench/api/node/extensionHostProcess.js:122:17851)
	at MessagePortMain.<anonymous> (/LocalRun/wenjian.ma/vscode/VSCode-linux-x64/resources/app/out/vs/workbench/api/node/extensionHostProcess.js:122:13990)
	at MessagePortMain.emit (node:events:526:28)
	at MessagePortMain._internalPort.emit (node:electron/js2c/utility_init:5:364) setContext undefined
2023-04-13 19:20:16.741 [error] Canceled: Canceled
	at new u (/LocalRun/wenjian.ma/vscode/VSCode-linux-x64/resources/app/out/vs/workbench/api/node/extensionHostProcess.js:96:88070)
	at l.O (/LocalRun/wenjian.ma/vscode/VSCode-linux-x64/resources/app/out/vs/workbench/api/node/extensionHostProcess.js:106:11276)
	at V.<computed>.M.charCodeAt.V.<computed> (/LocalRun/wenjian.ma/vscode/VSCode-linux-x64/resources/app/out/vs/workbench/api/node/extensionHostProcess.js:106:8557)
	at s.g (/LocalRun/wenjian.ma/vscode/VSCode-linux-x64/resources/app/out/vs/workbench/api/node/extensionHostProcess.js:96:107430)
	at s.executeCommand (/LocalRun/wenjian.ma/vscode/VSCode-linux-x64/resources/app/out/vs/workbench/api/node/extensionHostProcess.js:96:106806)
	at w.registerCommand.description (/LocalRun/wenjian.ma/vscode/VSCode-linux-x64/resources/app/out/vs/workbench/api/node/extensionHostProcess.js:96:106099)
	at s.h (/LocalRun/wenjian.ma/vscode/VSCode-linux-x64/resources/app/out/vs/workbench/api/node/extensionHostProcess.js:96:108016)
	at s.g (/LocalRun/wenjian.ma/vscode/VSCode-linux-x64/resources/app/out/vs/workbench/api/node/extensionHostProcess.js:96:106906)
	at s.executeCommand (/LocalRun/wenjian.ma/vscode/VSCode-linux-x64/resources/app/out/vs/workbench/api/node/extensionHostProcess.js:96:106806)
	at Object.executeCommand (/LocalRun/wenjian.ma/vscode/VSCode-linux-x64/resources/app/out/vs/workbench/api/node/extensionHostProcess.js:117:30778)
	at D (/LocalRun/wenjian.ma/vscode/VSCode-linux-x64/resources/app/extensions/git/dist/main.js:2:2055373)
	at f.invoke (/LocalRun/wenjian.ma/vscode/VSCode-linux-x64/resources/app/out/vs/workbench/api/node/extensionHostProcess.js:63:145)
	at g.deliver (/LocalRun/wenjian.ma/vscode/VSCode-linux-x64/resources/app/out/vs/workbench/api/node/extensionHostProcess.js:63:2029)
	at d.fire (/LocalRun/wenjian.ma/vscode/VSCode-linux-x64/resources/app/out/vs/workbench/api/node/extensionHostProcess.js:63:1667)
	at Object.h [as dispose] (/LocalRun/wenjian.ma/vscode/VSCode-linux-x64/resources/app/extensions/git/dist/main.js:2:2070210)
	at /LocalRun/wenjian.ma/vscode/VSCode-linux-x64/resources/app/extensions/git/dist/main.js:2:2074277
	at Array.forEach (<anonymous>)
	at g.dispose (/LocalRun/wenjian.ma/vscode/VSCode-linux-x64/resources/app/extensions/git/dist/main.js:2:2074263)
	at C.<anonymous> (/LocalRun/wenjian.ma/vscode/VSCode-linux-x64/resources/app/out/vs/workbench/api/node/extensionHostProcess.js:94:12431)
	at C.dispose (/LocalRun/wenjian.ma/vscode/VSCode-linux-x64/resources/app/out/vs/workbench/api/node/extensionHostProcess.js:94:12566)
	at C.<anonymous> (/LocalRun/wenjian.ma/vscode/VSCode-linux-x64/resources/app/extensions/git/dist/main.js:2:2057503)
	at C.dispose (/LocalRun/wenjian.ma/vscode/VSCode-linux-x64/resources/app/out/vs/workbench/api/node/extensionHostProcess.js:94:12566)
	at T (/LocalRun/wenjian.ma/vscode/VSCode-linux-x64/resources/app/out/vs/workbench/api/node/extensionHostProcess.js:10:12072)
	at f.X (/LocalRun/wenjian.ma/vscode/VSCode-linux-x64/resources/app/out/vs/workbench/api/node/extensionHostProcess.js:108:11242)
	at /LocalRun/wenjian.ma/vscode/VSCode-linux-x64/resources/app/out/vs/workbench/api/node/extensionHostProcess.js:108:9037
	at Array.map (<anonymous>)
	at f.Q (/LocalRun/wenjian.ma/vscode/VSCode-linux-x64/resources/app/out/vs/workbench/api/node/extensionHostProcess.js:108:9024)
	at f.terminate (/LocalRun/wenjian.ma/vscode/VSCode-linux-x64/resources/app/out/vs/workbench/api/node/extensionHostProcess.js:108:9298)
	at h.terminate (/LocalRun/wenjian.ma/vscode/VSCode-linux-x64/resources/app/out/vs/workbench/api/node/extensionHostProcess.js:112:1397)
	at p (/LocalRun/wenjian.ma/vscode/VSCode-linux-x64/resources/app/out/vs/workbench/api/node/extensionHostProcess.js:122:17851)
	at MessagePortMain.<anonymous> (/LocalRun/wenjian.ma/vscode/VSCode-linux-x64/resources/app/out/vs/workbench/api/node/extensionHostProcess.js:122:13990)
	at MessagePortMain.emit (node:events:526:28)
	at MessagePortMain._internalPort.emit (node:electron/js2c/utility_init:5:364) setContext undefined
2023-04-13 19:20:16.742 [error] Canceled: Canceled
	at new u (/LocalRun/wenjian.ma/vscode/VSCode-linux-x64/resources/app/out/vs/workbench/api/node/extensionHostProcess.js:96:88070)
	at l.O (/LocalRun/wenjian.ma/vscode/VSCode-linux-x64/resources/app/out/vs/workbench/api/node/extensionHostProcess.js:106:11276)
	at V.<computed>.M.charCodeAt.V.<computed> (/LocalRun/wenjian.ma/vscode/VSCode-linux-x64/resources/app/out/vs/workbench/api/node/extensionHostProcess.js:106:8557)
	at s.g (/LocalRun/wenjian.ma/vscode/VSCode-linux-x64/resources/app/out/vs/workbench/api/node/extensionHostProcess.js:96:107430)
	at s.executeCommand (/LocalRun/wenjian.ma/vscode/VSCode-linux-x64/resources/app/out/vs/workbench/api/node/extensionHostProcess.js:96:106806)
	at w.registerCommand.description (/LocalRun/wenjian.ma/vscode/VSCode-linux-x64/resources/app/out/vs/workbench/api/node/extensionHostProcess.js:96:106099)
	at s.h (/LocalRun/wenjian.ma/vscode/VSCode-linux-x64/resources/app/out/vs/workbench/api/node/extensionHostProcess.js:96:108016)
	at s.g (/LocalRun/wenjian.ma/vscode/VSCode-linux-x64/resources/app/out/vs/workbench/api/node/extensionHostProcess.js:96:106906)
	at s.executeCommand (/LocalRun/wenjian.ma/vscode/VSCode-linux-x64/resources/app/out/vs/workbench/api/node/extensionHostProcess.js:96:106806)
	at Object.executeCommand (/LocalRun/wenjian.ma/vscode/VSCode-linux-x64/resources/app/out/vs/workbench/api/node/extensionHostProcess.js:117:30778)
	at D (/LocalRun/wenjian.ma/vscode/VSCode-linux-x64/resources/app/extensions/git/dist/main.js:2:2055373)
	at f.invoke (/LocalRun/wenjian.ma/vscode/VSCode-linux-x64/resources/app/out/vs/workbench/api/node/extensionHostProcess.js:63:145)
	at g.deliver (/LocalRun/wenjian.ma/vscode/VSCode-linux-x64/resources/app/out/vs/workbench/api/node/extensionHostProcess.js:63:2029)
	at d.fire (/LocalRun/wenjian.ma/vscode/VSCode-linux-x64/resources/app/out/vs/workbench/api/node/extensionHostProcess.js:63:1667)
	at Object.h [as dispose] (/LocalRun/wenjian.ma/vscode/VSCode-linux-x64/resources/app/extensions/git/dist/main.js:2:2070210)
	at /LocalRun/wenjian.ma/vscode/VSCode-linux-x64/resources/app/extensions/git/dist/main.js:2:2074277
	at Array.forEach (<anonymous>)
	at g.dispose (/LocalRun/wenjian.ma/vscode/VSCode-linux-x64/resources/app/extensions/git/dist/main.js:2:2074263)
	at C.<anonymous> (/LocalRun/wenjian.ma/vscode/VSCode-linux-x64/resources/app/out/vs/workbench/api/node/extensionHostProcess.js:94:12431)
	at C.dispose (/LocalRun/wenjian.ma/vscode/VSCode-linux-x64/resources/app/out/vs/workbench/api/node/extensionHostProcess.js:94:12566)
	at C.<anonymous> (/LocalRun/wenjian.ma/vscode/VSCode-linux-x64/resources/app/extensions/git/dist/main.js:2:2057503)
	at C.dispose (/LocalRun/wenjian.ma/vscode/VSCode-linux-x64/resources/app/out/vs/workbench/api/node/extensionHostProcess.js:94:12566)
	at T (/LocalRun/wenjian.ma/vscode/VSCode-linux-x64/resources/app/out/vs/workbench/api/node/extensionHostProcess.js:10:12072)
	at f.X (/LocalRun/wenjian.ma/vscode/VSCode-linux-x64/resources/app/out/vs/workbench/api/node/extensionHostProcess.js:108:11242)
	at /LocalRun/wenjian.ma/vscode/VSCode-linux-x64/resources/app/out/vs/workbench/api/node/extensionHostProcess.js:108:9037
	at Array.map (<anonymous>)
	at f.Q (/LocalRun/wenjian.ma/vscode/VSCode-linux-x64/resources/app/out/vs/workbench/api/node/extensionHostProcess.js:108:9024)
	at f.terminate (/LocalRun/wenjian.ma/vscode/VSCode-linux-x64/resources/app/out/vs/workbench/api/node/extensionHostProcess.js:108:9298)
	at h.terminate (/LocalRun/wenjian.ma/vscode/VSCode-linux-x64/resources/app/out/vs/workbench/api/node/extensionHostProcess.js:112:1397)
	at p (/LocalRun/wenjian.ma/vscode/VSCode-linux-x64/resources/app/out/vs/workbench/api/node/extensionHostProcess.js:122:17851)
	at MessagePortMain.<anonymous> (/LocalRun/wenjian.ma/vscode/VSCode-linux-x64/resources/app/out/vs/workbench/api/node/extensionHostProcess.js:122:13990)
	at MessagePortMain.emit (node:events:526:28)
	at MessagePortMain._internalPort.emit (node:electron/js2c/utility_init:5:364) setContext undefined
2023-04-13 19:20:16.742 [error] Canceled: Canceled
	at new u (/LocalRun/wenjian.ma/vscode/VSCode-linux-x64/resources/app/out/vs/workbench/api/node/extensionHostProcess.js:96:88070)
	at l.O (/LocalRun/wenjian.ma/vscode/VSCode-linux-x64/resources/app/out/vs/workbench/api/node/extensionHostProcess.js:106:11276)
	at V.<computed>.M.charCodeAt.V.<computed> (/LocalRun/wenjian.ma/vscode/VSCode-linux-x64/resources/app/out/vs/workbench/api/node/extensionHostProcess.js:106:8557)
	at s.g (/LocalRun/wenjian.ma/vscode/VSCode-linux-x64/resources/app/out/vs/workbench/api/node/extensionHostProcess.js:96:107430)
	at s.executeCommand (/LocalRun/wenjian.ma/vscode/VSCode-linux-x64/resources/app/out/vs/workbench/api/node/extensionHostProcess.js:96:106806)
	at w.registerCommand.description (/LocalRun/wenjian.ma/vscode/VSCode-linux-x64/resources/app/out/vs/workbench/api/node/extensionHostProcess.js:96:106099)
	at s.h (/LocalRun/wenjian.ma/vscode/VSCode-linux-x64/resources/app/out/vs/workbench/api/node/extensionHostProcess.js:96:108016)
	at s.g (/LocalRun/wenjian.ma/vscode/VSCode-linux-x64/resources/app/out/vs/workbench/api/node/extensionHostProcess.js:96:106906)
	at s.executeCommand (/LocalRun/wenjian.ma/vscode/VSCode-linux-x64/resources/app/out/vs/workbench/api/node/extensionHostProcess.js:96:106806)
	at Object.executeCommand (/LocalRun/wenjian.ma/vscode/VSCode-linux-x64/resources/app/out/vs/workbench/api/node/extensionHostProcess.js:117:30778)
	at D (/LocalRun/wenjian.ma/vscode/VSCode-linux-x64/resources/app/extensions/git/dist/main.js:2:2055373)
	at f.invoke (/LocalRun/wenjian.ma/vscode/VSCode-linux-x64/resources/app/out/vs/workbench/api/node/extensionHostProcess.js:63:145)
	at g.deliver (/LocalRun/wenjian.ma/vscode/VSCode-linux-x64/resources/app/out/vs/workbench/api/node/extensionHostProcess.js:63:2029)
	at d.fire (/LocalRun/wenjian.ma/vscode/VSCode-linux-x64/resources/app/out/vs/workbench/api/node/extensionHostProcess.js:63:1667)
	at Object.h [as dispose] (/LocalRun/wenjian.ma/vscode/VSCode-linux-x64/resources/app/extensions/git/dist/main.js:2:2070210)
	at /LocalRun/wenjian.ma/vscode/VSCode-linux-x64/resources/app/extensions/git/dist/main.js:2:2074277
	at Array.forEach (<anonymous>)
	at g.dispose (/LocalRun/wenjian.ma/vscode/VSCode-linux-x64/resources/app/extensions/git/dist/main.js:2:2074263)
	at C.<anonymous> (/LocalRun/wenjian.ma/vscode/VSCode-linux-x64/resources/app/out/vs/workbench/api/node/extensionHostProcess.js:94:12431)
	at C.dispose (/LocalRun/wenjian.ma/vscode/VSCode-linux-x64/resources/app/out/vs/workbench/api/node/extensionHostProcess.js:94:12566)
	at C.<anonymous> (/LocalRun/wenjian.ma/vscode/VSCode-linux-x64/resources/app/extensions/git/dist/main.js:2:2057503)
	at C.dispose (/LocalRun/wenjian.ma/vscode/VSCode-linux-x64/resources/app/out/vs/workbench/api/node/extensionHostProcess.js:94:12566)
	at T (/LocalRun/wenjian.ma/vscode/VSCode-linux-x64/resources/app/out/vs/workbench/api/node/extensionHostProcess.js:10:12072)
	at f.X (/LocalRun/wenjian.ma/vscode/VSCode-linux-x64/resources/app/out/vs/workbench/api/node/extensionHostProcess.js:108:11242)
	at /LocalRun/wenjian.ma/vscode/VSCode-linux-x64/resources/app/out/vs/workbench/api/node/extensionHostProcess.js:108:9037
	at Array.map (<anonymous>)
	at f.Q (/LocalRun/wenjian.ma/vscode/VSCode-linux-x64/resources/app/out/vs/workbench/api/node/extensionHostProcess.js:108:9024)
	at f.terminate (/LocalRun/wenjian.ma/vscode/VSCode-linux-x64/resources/app/out/vs/workbench/api/node/extensionHostProcess.js:108:9298)
	at h.terminate (/LocalRun/wenjian.ma/vscode/VSCode-linux-x64/resources/app/out/vs/workbench/api/node/extensionHostProcess.js:112:1397)
	at p (/LocalRun/wenjian.ma/vscode/VSCode-linux-x64/resources/app/out/vs/workbench/api/node/extensionHostProcess.js:122:17851)
	at MessagePortMain.<anonymous> (/LocalRun/wenjian.ma/vscode/VSCode-linux-x64/resources/app/out/vs/workbench/api/node/extensionHostProcess.js:122:13990)
	at MessagePortMain.emit (node:events:526:28)
	at MessagePortMain._internalPort.emit (node:electron/js2c/utility_init:5:364) setContext undefined
2023-04-13 19:20:16.742 [error] Canceled: Canceled
	at new u (/LocalRun/wenjian.ma/vscode/VSCode-linux-x64/resources/app/out/vs/workbench/api/node/extensionHostProcess.js:96:88070)
	at l.O (/LocalRun/wenjian.ma/vscode/VSCode-linux-x64/resources/app/out/vs/workbench/api/node/extensionHostProcess.js:106:11276)
	at V.<computed>.M.charCodeAt.V.<computed> (/LocalRun/wenjian.ma/vscode/VSCode-linux-x64/resources/app/out/vs/workbench/api/node/extensionHostProcess.js:106:8557)
	at s.g (/LocalRun/wenjian.ma/vscode/VSCode-linux-x64/resources/app/out/vs/workbench/api/node/extensionHostProcess.js:96:107430)
	at s.executeCommand (/LocalRun/wenjian.ma/vscode/VSCode-linux-x64/resources/app/out/vs/workbench/api/node/extensionHostProcess.js:96:106806)
	at w.registerCommand.description (/LocalRun/wenjian.ma/vscode/VSCode-linux-x64/resources/app/out/vs/workbench/api/node/extensionHostProcess.js:96:106099)
	at s.h (/LocalRun/wenjian.ma/vscode/VSCode-linux-x64/resources/app/out/vs/workbench/api/node/extensionHostProcess.js:96:108016)
	at s.g (/LocalRun/wenjian.ma/vscode/VSCode-linux-x64/resources/app/out/vs/workbench/api/node/extensionHostProcess.js:96:106906)
	at s.executeCommand (/LocalRun/wenjian.ma/vscode/VSCode-linux-x64/resources/app/out/vs/workbench/api/node/extensionHostProcess.js:96:106806)
	at Object.executeCommand (/LocalRun/wenjian.ma/vscode/VSCode-linux-x64/resources/app/out/vs/workbench/api/node/extensionHostProcess.js:117:30778)
	at D (/LocalRun/wenjian.ma/vscode/VSCode-linux-x64/resources/app/extensions/git/dist/main.js:2:2055373)
	at f.invoke (/LocalRun/wenjian.ma/vscode/VSCode-linux-x64/resources/app/out/vs/workbench/api/node/extensionHostProcess.js:63:145)
	at g.deliver (/LocalRun/wenjian.ma/vscode/VSCode-linux-x64/resources/app/out/vs/workbench/api/node/extensionHostProcess.js:63:2029)
	at d.fire (/LocalRun/wenjian.ma/vscode/VSCode-linux-x64/resources/app/out/vs/workbench/api/node/extensionHostProcess.js:63:1667)
	at Object.h [as dispose] (/LocalRun/wenjian.ma/vscode/VSCode-linux-x64/resources/app/extensions/git/dist/main.js:2:2070210)
	at /LocalRun/wenjian.ma/vscode/VSCode-linux-x64/resources/app/extensions/git/dist/main.js:2:2074277
	at Array.forEach (<anonymous>)
	at g.dispose (/LocalRun/wenjian.ma/vscode/VSCode-linux-x64/resources/app/extensions/git/dist/main.js:2:2074263)
	at C.<anonymous> (/LocalRun/wenjian.ma/vscode/VSCode-linux-x64/resources/app/out/vs/workbench/api/node/extensionHostProcess.js:94:12431)
	at C.dispose (/LocalRun/wenjian.ma/vscode/VSCode-linux-x64/resources/app/out/vs/workbench/api/node/extensionHostProcess.js:94:12566)
	at C.<anonymous> (/LocalRun/wenjian.ma/vscode/VSCode-linux-x64/resources/app/extensions/git/dist/main.js:2:2057503)
	at C.dispose (/LocalRun/wenjian.ma/vscode/VSCode-linux-x64/resources/app/out/vs/workbench/api/node/extensionHostProcess.js:94:12566)
	at T (/LocalRun/wenjian.ma/vscode/VSCode-linux-x64/resources/app/out/vs/workbench/api/node/extensionHostProcess.js:10:12072)
	at f.X (/LocalRun/wenjian.ma/vscode/VSCode-linux-x64/resources/app/out/vs/workbench/api/node/extensionHostProcess.js:108:11242)
	at /LocalRun/wenjian.ma/vscode/VSCode-linux-x64/resources/app/out/vs/workbench/api/node/extensionHostProcess.js:108:9037
	at Array.map (<anonymous>)
	at f.Q (/LocalRun/wenjian.ma/vscode/VSCode-linux-x64/resources/app/out/vs/workbench/api/node/extensionHostProcess.js:108:9024)
	at f.terminate (/LocalRun/wenjian.ma/vscode/VSCode-linux-x64/resources/app/out/vs/workbench/api/node/extensionHostProcess.js:108:9298)
	at h.terminate (/LocalRun/wenjian.ma/vscode/VSCode-linux-x64/resources/app/out/vs/workbench/api/node/extensionHostProcess.js:112:1397)
	at p (/LocalRun/wenjian.ma/vscode/VSCode-linux-x64/resources/app/out/vs/workbench/api/node/extensionHostProcess.js:122:17851)
	at MessagePortMain.<anonymous> (/LocalRun/wenjian.ma/vscode/VSCode-linux-x64/resources/app/out/vs/workbench/api/node/extensionHostProcess.js:122:13990)
	at MessagePortMain.emit (node:events:526:28)
	at MessagePortMain._internalPort.emit (node:electron/js2c/utility_init:5:364) setContext undefined
2023-04-13 19:20:16.743 [error] Canceled: Canceled
	at new u (/LocalRun/wenjian.ma/vscode/VSCode-linux-x64/resources/app/out/vs/workbench/api/node/extensionHostProcess.js:96:88070)
	at l.O (/LocalRun/wenjian.ma/vscode/VSCode-linux-x64/resources/app/out/vs/workbench/api/node/extensionHostProcess.js:106:11276)
	at V.<computed>.M.charCodeAt.V.<computed> (/LocalRun/wenjian.ma/vscode/VSCode-linux-x64/resources/app/out/vs/workbench/api/node/extensionHostProcess.js:106:8557)
	at s.g (/LocalRun/wenjian.ma/vscode/VSCode-linux-x64/resources/app/out/vs/workbench/api/node/extensionHostProcess.js:96:107430)
	at s.executeCommand (/LocalRun/wenjian.ma/vscode/VSCode-linux-x64/resources/app/out/vs/workbench/api/node/extensionHostProcess.js:96:106806)
	at w.registerCommand.description (/LocalRun/wenjian.ma/vscode/VSCode-linux-x64/resources/app/out/vs/workbench/api/node/extensionHostProcess.js:96:106099)
	at s.h (/LocalRun/wenjian.ma/vscode/VSCode-linux-x64/resources/app/out/vs/workbench/api/node/extensionHostProcess.js:96:108016)
	at s.g (/LocalRun/wenjian.ma/vscode/VSCode-linux-x64/resources/app/out/vs/workbench/api/node/extensionHostProcess.js:96:106906)
	at s.executeCommand (/LocalRun/wenjian.ma/vscode/VSCode-linux-x64/resources/app/out/vs/workbench/api/node/extensionHostProcess.js:96:106806)
	at Object.executeCommand (/LocalRun/wenjian.ma/vscode/VSCode-linux-x64/resources/app/out/vs/workbench/api/node/extensionHostProcess.js:117:30778)
	at t.shutdown (/home/wenjian.ma/.vscode/extensions/ms-vscode-remote.remote-ssh-0.100.0/out/extension.js:1:646617)
	at e.deactivate (/home/wenjian.ma/.vscode/extensions/ms-vscode-remote.remote-ssh-0.100.0/out/extension.js:1:723630)
	at f.X (/LocalRun/wenjian.ma/vscode/VSCode-linux-x64/resources/app/out/vs/workbench/api/node/extensionHostProcess.js:108:11042)
	at /LocalRun/wenjian.ma/vscode/VSCode-linux-x64/resources/app/out/vs/workbench/api/node/extensionHostProcess.js:108:9037
	at Array.map (<anonymous>)
	at f.Q (/LocalRun/wenjian.ma/vscode/VSCode-linux-x64/resources/app/out/vs/workbench/api/node/extensionHostProcess.js:108:9024)
	at f.terminate (/LocalRun/wenjian.ma/vscode/VSCode-linux-x64/resources/app/out/vs/workbench/api/node/extensionHostProcess.js:108:9298)
	at h.terminate (/LocalRun/wenjian.ma/vscode/VSCode-linux-x64/resources/app/out/vs/workbench/api/node/extensionHostProcess.js:112:1397)
	at p (/LocalRun/wenjian.ma/vscode/VSCode-linux-x64/resources/app/out/vs/workbench/api/node/extensionHostProcess.js:122:17851)
	at MessagePortMain.<anonymous> (/LocalRun/wenjian.ma/vscode/VSCode-linux-x64/resources/app/out/vs/workbench/api/node/extensionHostProcess.js:122:13990)
	at MessagePortMain.emit (node:events:526:28)
	at MessagePortMain._internalPort.emit (node:electron/js2c/utility_init:5:364) setContext undefined
2023-04-13 19:20:16.772 [info] Extension host with pid 9298 exiting with code 0
