[Info  - 1:29:42 PM] (25110) Pylance language server 2023.3.30 (pyright 68a8e98a) starting
[Info  - 1:29:42 PM] (25110) Server root directory: /home/wenjian.ma/.vscode/extensions/ms-python.vscode-pylance-2023.3.30/dist
[Info  - 1:29:42 PM] (25110) Starting service instance "tvm"
[Info  - 1:29:42 PM] (25110) Auto-indent enabled
[Info  - 1:29:42 PM] (25110) No configuration file found.
[Info  - 1:29:42 PM] (25110) pyproject.toml file found at /LocalRun/wenjian.ma/tvm.
[Info  - 1:29:42 PM] (25110) Setting pythonPath for service "tvm": "/usr/bin/python3.7"
[Info  - 1:29:42 PM] (25110) Loading pyproject.toml file at /LocalRun/wenjian.ma/tvm/pyproject.toml
[Error - 1:29:42 PM] (25110) Pyproject file "/LocalRun/wenjian.ma/tvm/pyproject.toml" is missing "[tool.pyright]" section.
[Warn  - 1:29:42 PM] (25110) stubPath /LocalRun/wenjian.ma/tvm/typings is not a valid directory.
[Info  - 1:29:42 PM] (25110) Assuming Python version 3.7
[Info  - 1:29:42 PM] (25110) Assuming Python platform Linux
[Info  - 1:29:42 PM] (25110) Searching for source files
[Info  - 1:29:43 PM] (25110) Found 2007 source files
[Info  - 1:29:43 PM] (25110) Background analysis(1) root directory: /home/wenjian.ma/.vscode/extensions/ms-python.vscode-pylance-2023.3.30/dist
[Info  - 1:29:43 PM] (25110) Background analysis(1) started
[Info  - 1:29:44 PM] (25110) Indexer background runner(2) root directory: /home/wenjian.ma/.vscode/extensions/ms-python.vscode-pylance-2023.3.30/dist (index)
[Info  - 1:29:44 PM] (25110) Indexing(2) started
[Info  - 1:29:44 PM] (25110) scanned(2) 98 files over 1 exec env
[Info  - 1:29:46 PM] (25110) indexed(2) 45 files over 1 exec env
[Info  - 1:29:46 PM] (25110) Indexing finished(2).
[Info  - 1:29:46 PM] (25110) [BG(1)] Long operation: getSemanticTokens full at /LocalRun/wenjian.ma/tvm/tests/python/relay/test_any.py (2794ms)
[Info  - 1:29:52 PM] (25110) Indexer background runner(3) root directory: /home/wenjian.ma/.vscode/extensions/ms-python.vscode-pylance-2023.3.30/dist (refresh)
[Info  - 1:29:52 PM] (25110) Indexing(3) started
[Info  - 1:29:53 PM] (25110) scanned(3) 98 files over 1 exec env
[Info  - 1:29:54 PM] (25110) indexed(3) 45 files over 1 exec env
[Info  - 1:29:54 PM] (25110) Indexing finished(3).
